[2026-01-16T18:42:25.162+0000] {processor.py:161} INFO - Started process (PID=168) to work on /opt/airflow/dags/ingest.py
[2026-01-16T18:42:25.164+0000] {processor.py:830} INFO - Processing file /opt/airflow/dags/ingest.py for tasks to queue
[2026-01-16T18:42:25.168+0000] {logging_mixin.py:188} INFO - [2026-01-16T18:42:25.167+0000] {dagbag.py:545} INFO - Filling up the DagBag from /opt/airflow/dags/ingest.py
[2026-01-16T18:42:25.219+0000] {processor.py:840} INFO - DAG(s) 'postgres_insert' retrieved from /opt/airflow/dags/ingest.py
[2026-01-16T18:42:25.278+0000] {logging_mixin.py:188} INFO - [2026-01-16T18:42:25.277+0000] {dag.py:3089} INFO - Sync 1 DAGs
[2026-01-16T18:42:25.302+0000] {logging_mixin.py:188} INFO - [2026-01-16T18:42:25.301+0000] {dag.py:3947} INFO - Setting next_dagrun for postgres_insert to None, run_after=None
[2026-01-16T18:42:25.333+0000] {processor.py:183} INFO - Processing /opt/airflow/dags/ingest.py took 0.183 seconds
[2026-01-16T18:42:55.584+0000] {processor.py:161} INFO - Started process (PID=178) to work on /opt/airflow/dags/ingest.py
[2026-01-16T18:42:55.587+0000] {processor.py:830} INFO - Processing file /opt/airflow/dags/ingest.py for tasks to queue
[2026-01-16T18:42:55.590+0000] {logging_mixin.py:188} INFO - [2026-01-16T18:42:55.589+0000] {dagbag.py:545} INFO - Filling up the DagBag from /opt/airflow/dags/ingest.py
[2026-01-16T18:42:55.637+0000] {processor.py:840} INFO - DAG(s) 'postgres_insert' retrieved from /opt/airflow/dags/ingest.py
[2026-01-16T18:42:55.997+0000] {logging_mixin.py:188} INFO - [2026-01-16T18:42:55.997+0000] {dag.py:3089} INFO - Sync 1 DAGs
[2026-01-16T18:42:56.017+0000] {logging_mixin.py:188} INFO - [2026-01-16T18:42:56.017+0000] {dag.py:3947} INFO - Setting next_dagrun for postgres_insert to None, run_after=None
[2026-01-16T18:42:56.054+0000] {processor.py:183} INFO - Processing /opt/airflow/dags/ingest.py took 0.483 seconds
[2026-01-16T18:43:26.432+0000] {processor.py:161} INFO - Started process (PID=190) to work on /opt/airflow/dags/ingest.py
[2026-01-16T18:43:26.434+0000] {processor.py:830} INFO - Processing file /opt/airflow/dags/ingest.py for tasks to queue
[2026-01-16T18:43:26.439+0000] {logging_mixin.py:188} INFO - [2026-01-16T18:43:26.438+0000] {dagbag.py:545} INFO - Filling up the DagBag from /opt/airflow/dags/ingest.py
[2026-01-16T18:43:26.482+0000] {processor.py:840} INFO - DAG(s) 'postgres_insert' retrieved from /opt/airflow/dags/ingest.py
[2026-01-16T18:43:26.519+0000] {logging_mixin.py:188} INFO - [2026-01-16T18:43:26.519+0000] {dag.py:3089} INFO - Sync 1 DAGs
[2026-01-16T18:43:26.539+0000] {logging_mixin.py:188} INFO - [2026-01-16T18:43:26.539+0000] {dag.py:3947} INFO - Setting next_dagrun for postgres_insert to None, run_after=None
[2026-01-16T18:43:26.566+0000] {processor.py:183} INFO - Processing /opt/airflow/dags/ingest.py took 0.147 seconds
[2026-01-16T18:43:57.011+0000] {processor.py:161} INFO - Started process (PID=200) to work on /opt/airflow/dags/ingest.py
[2026-01-16T18:43:57.013+0000] {processor.py:830} INFO - Processing file /opt/airflow/dags/ingest.py for tasks to queue
[2026-01-16T18:43:57.019+0000] {logging_mixin.py:188} INFO - [2026-01-16T18:43:57.018+0000] {dagbag.py:545} INFO - Filling up the DagBag from /opt/airflow/dags/ingest.py
[2026-01-16T18:43:57.058+0000] {processor.py:840} INFO - DAG(s) 'postgres_insert' retrieved from /opt/airflow/dags/ingest.py
[2026-01-16T18:43:57.102+0000] {logging_mixin.py:188} INFO - [2026-01-16T18:43:57.101+0000] {dag.py:3089} INFO - Sync 1 DAGs
[2026-01-16T18:43:57.126+0000] {logging_mixin.py:188} INFO - [2026-01-16T18:43:57.126+0000] {dag.py:3947} INFO - Setting next_dagrun for postgres_insert to None, run_after=None
[2026-01-16T18:43:57.157+0000] {processor.py:183} INFO - Processing /opt/airflow/dags/ingest.py took 0.160 seconds
[2026-01-16T18:44:27.445+0000] {processor.py:161} INFO - Started process (PID=210) to work on /opt/airflow/dags/ingest.py
[2026-01-16T18:44:27.446+0000] {processor.py:830} INFO - Processing file /opt/airflow/dags/ingest.py for tasks to queue
[2026-01-16T18:44:27.451+0000] {logging_mixin.py:188} INFO - [2026-01-16T18:44:27.450+0000] {dagbag.py:545} INFO - Filling up the DagBag from /opt/airflow/dags/ingest.py
[2026-01-16T18:44:27.495+0000] {processor.py:840} INFO - DAG(s) 'postgres_insert' retrieved from /opt/airflow/dags/ingest.py
[2026-01-16T18:44:27.541+0000] {logging_mixin.py:188} INFO - [2026-01-16T18:44:27.540+0000] {dag.py:3089} INFO - Sync 1 DAGs
[2026-01-16T18:44:27.566+0000] {logging_mixin.py:188} INFO - [2026-01-16T18:44:27.565+0000] {dag.py:3947} INFO - Setting next_dagrun for postgres_insert to None, run_after=None
[2026-01-16T18:44:27.607+0000] {processor.py:183} INFO - Processing /opt/airflow/dags/ingest.py took 0.172 seconds
[2026-01-16T18:44:57.903+0000] {processor.py:161} INFO - Started process (PID=220) to work on /opt/airflow/dags/ingest.py
[2026-01-16T18:44:57.905+0000] {processor.py:830} INFO - Processing file /opt/airflow/dags/ingest.py for tasks to queue
[2026-01-16T18:44:57.909+0000] {logging_mixin.py:188} INFO - [2026-01-16T18:44:57.909+0000] {dagbag.py:545} INFO - Filling up the DagBag from /opt/airflow/dags/ingest.py
[2026-01-16T18:44:57.948+0000] {processor.py:840} INFO - DAG(s) 'postgres_insert' retrieved from /opt/airflow/dags/ingest.py
[2026-01-16T18:44:57.989+0000] {logging_mixin.py:188} INFO - [2026-01-16T18:44:57.988+0000] {dag.py:3089} INFO - Sync 1 DAGs
[2026-01-16T18:44:58.008+0000] {logging_mixin.py:188} INFO - [2026-01-16T18:44:58.008+0000] {dag.py:3947} INFO - Setting next_dagrun for postgres_insert to None, run_after=None
[2026-01-16T18:44:58.034+0000] {processor.py:183} INFO - Processing /opt/airflow/dags/ingest.py took 0.143 seconds
[2026-01-16T18:45:28.357+0000] {processor.py:161} INFO - Started process (PID=230) to work on /opt/airflow/dags/ingest.py
[2026-01-16T18:45:28.360+0000] {processor.py:830} INFO - Processing file /opt/airflow/dags/ingest.py for tasks to queue
[2026-01-16T18:45:28.364+0000] {logging_mixin.py:188} INFO - [2026-01-16T18:45:28.363+0000] {dagbag.py:545} INFO - Filling up the DagBag from /opt/airflow/dags/ingest.py
[2026-01-16T18:45:28.409+0000] {processor.py:840} INFO - DAG(s) 'postgres_insert' retrieved from /opt/airflow/dags/ingest.py
[2026-01-16T18:45:28.457+0000] {logging_mixin.py:188} INFO - [2026-01-16T18:45:28.457+0000] {dag.py:3089} INFO - Sync 1 DAGs
[2026-01-16T18:45:28.478+0000] {logging_mixin.py:188} INFO - [2026-01-16T18:45:28.478+0000] {dag.py:3947} INFO - Setting next_dagrun for postgres_insert to None, run_after=None
[2026-01-16T18:45:28.512+0000] {processor.py:183} INFO - Processing /opt/airflow/dags/ingest.py took 0.166 seconds
[2026-01-16T18:45:58.795+0000] {processor.py:161} INFO - Started process (PID=240) to work on /opt/airflow/dags/ingest.py
[2026-01-16T18:45:58.797+0000] {processor.py:830} INFO - Processing file /opt/airflow/dags/ingest.py for tasks to queue
[2026-01-16T18:45:58.801+0000] {logging_mixin.py:188} INFO - [2026-01-16T18:45:58.800+0000] {dagbag.py:545} INFO - Filling up the DagBag from /opt/airflow/dags/ingest.py
[2026-01-16T18:45:58.841+0000] {processor.py:840} INFO - DAG(s) 'postgres_insert' retrieved from /opt/airflow/dags/ingest.py
[2026-01-16T18:45:58.881+0000] {logging_mixin.py:188} INFO - [2026-01-16T18:45:58.880+0000] {dag.py:3089} INFO - Sync 1 DAGs
[2026-01-16T18:45:58.901+0000] {logging_mixin.py:188} INFO - [2026-01-16T18:45:58.901+0000] {dag.py:3947} INFO - Setting next_dagrun for postgres_insert to None, run_after=None
[2026-01-16T18:45:58.930+0000] {processor.py:183} INFO - Processing /opt/airflow/dags/ingest.py took 0.144 seconds
[2026-01-16T18:46:29.297+0000] {processor.py:161} INFO - Started process (PID=250) to work on /opt/airflow/dags/ingest.py
[2026-01-16T18:46:29.299+0000] {processor.py:830} INFO - Processing file /opt/airflow/dags/ingest.py for tasks to queue
[2026-01-16T18:46:29.302+0000] {logging_mixin.py:188} INFO - [2026-01-16T18:46:29.302+0000] {dagbag.py:545} INFO - Filling up the DagBag from /opt/airflow/dags/ingest.py
[2026-01-16T18:46:29.344+0000] {processor.py:840} INFO - DAG(s) 'postgres_insert' retrieved from /opt/airflow/dags/ingest.py
[2026-01-16T18:46:29.387+0000] {logging_mixin.py:188} INFO - [2026-01-16T18:46:29.386+0000] {dag.py:3089} INFO - Sync 1 DAGs
[2026-01-16T18:46:29.409+0000] {logging_mixin.py:188} INFO - [2026-01-16T18:46:29.408+0000] {dag.py:3947} INFO - Setting next_dagrun for postgres_insert to None, run_after=None
[2026-01-16T18:46:29.435+0000] {processor.py:183} INFO - Processing /opt/airflow/dags/ingest.py took 0.148 seconds
[2026-01-16T18:46:59.643+0000] {processor.py:161} INFO - Started process (PID=260) to work on /opt/airflow/dags/ingest.py
[2026-01-16T18:46:59.644+0000] {processor.py:830} INFO - Processing file /opt/airflow/dags/ingest.py for tasks to queue
[2026-01-16T18:46:59.647+0000] {logging_mixin.py:188} INFO - [2026-01-16T18:46:59.647+0000] {dagbag.py:545} INFO - Filling up the DagBag from /opt/airflow/dags/ingest.py
[2026-01-16T18:46:59.679+0000] {processor.py:840} INFO - DAG(s) 'postgres_insert' retrieved from /opt/airflow/dags/ingest.py
[2026-01-16T18:46:59.716+0000] {logging_mixin.py:188} INFO - [2026-01-16T18:46:59.715+0000] {dag.py:3089} INFO - Sync 1 DAGs
[2026-01-16T18:46:59.736+0000] {logging_mixin.py:188} INFO - [2026-01-16T18:46:59.735+0000] {dag.py:3947} INFO - Setting next_dagrun for postgres_insert to None, run_after=None
[2026-01-16T18:46:59.764+0000] {processor.py:183} INFO - Processing /opt/airflow/dags/ingest.py took 0.132 seconds
[2026-01-16T18:47:30.304+0000] {processor.py:161} INFO - Started process (PID=270) to work on /opt/airflow/dags/ingest.py
[2026-01-16T18:47:30.307+0000] {processor.py:830} INFO - Processing file /opt/airflow/dags/ingest.py for tasks to queue
[2026-01-16T18:47:30.311+0000] {logging_mixin.py:188} INFO - [2026-01-16T18:47:30.310+0000] {dagbag.py:545} INFO - Filling up the DagBag from /opt/airflow/dags/ingest.py
[2026-01-16T18:47:30.357+0000] {processor.py:840} INFO - DAG(s) 'postgres_insert' retrieved from /opt/airflow/dags/ingest.py
[2026-01-16T18:47:30.400+0000] {logging_mixin.py:188} INFO - [2026-01-16T18:47:30.399+0000] {dag.py:3089} INFO - Sync 1 DAGs
[2026-01-16T18:47:30.425+0000] {logging_mixin.py:188} INFO - [2026-01-16T18:47:30.425+0000] {dag.py:3947} INFO - Setting next_dagrun for postgres_insert to None, run_after=None
[2026-01-16T18:47:30.459+0000] {processor.py:183} INFO - Processing /opt/airflow/dags/ingest.py took 0.164 seconds
[2026-01-16T18:48:00.693+0000] {processor.py:161} INFO - Started process (PID=280) to work on /opt/airflow/dags/ingest.py
[2026-01-16T18:48:00.695+0000] {processor.py:830} INFO - Processing file /opt/airflow/dags/ingest.py for tasks to queue
[2026-01-16T18:48:00.698+0000] {logging_mixin.py:188} INFO - [2026-01-16T18:48:00.697+0000] {dagbag.py:545} INFO - Filling up the DagBag from /opt/airflow/dags/ingest.py
[2026-01-16T18:48:00.753+0000] {processor.py:840} INFO - DAG(s) 'postgres_insert' retrieved from /opt/airflow/dags/ingest.py
[2026-01-16T18:48:00.837+0000] {logging_mixin.py:188} INFO - [2026-01-16T18:48:00.837+0000] {dag.py:3089} INFO - Sync 1 DAGs
[2026-01-16T18:48:00.902+0000] {logging_mixin.py:188} INFO - [2026-01-16T18:48:00.901+0000] {dag.py:3947} INFO - Setting next_dagrun for postgres_insert to None, run_after=None
[2026-01-16T18:48:01.004+0000] {processor.py:183} INFO - Processing /opt/airflow/dags/ingest.py took 0.323 seconds
[2026-01-16T18:48:31.186+0000] {processor.py:161} INFO - Started process (PID=290) to work on /opt/airflow/dags/ingest.py
[2026-01-16T18:48:31.188+0000] {processor.py:830} INFO - Processing file /opt/airflow/dags/ingest.py for tasks to queue
[2026-01-16T18:48:31.191+0000] {logging_mixin.py:188} INFO - [2026-01-16T18:48:31.191+0000] {dagbag.py:545} INFO - Filling up the DagBag from /opt/airflow/dags/ingest.py
[2026-01-16T18:48:31.228+0000] {processor.py:840} INFO - DAG(s) 'postgres_insert' retrieved from /opt/airflow/dags/ingest.py
[2026-01-16T18:48:31.268+0000] {logging_mixin.py:188} INFO - [2026-01-16T18:48:31.267+0000] {dag.py:3089} INFO - Sync 1 DAGs
[2026-01-16T18:48:31.289+0000] {logging_mixin.py:188} INFO - [2026-01-16T18:48:31.289+0000] {dag.py:3947} INFO - Setting next_dagrun for postgres_insert to None, run_after=None
[2026-01-16T18:48:31.322+0000] {processor.py:183} INFO - Processing /opt/airflow/dags/ingest.py took 0.146 seconds
[2026-01-16T18:49:01.600+0000] {processor.py:161} INFO - Started process (PID=300) to work on /opt/airflow/dags/ingest.py
[2026-01-16T18:49:01.602+0000] {processor.py:830} INFO - Processing file /opt/airflow/dags/ingest.py for tasks to queue
[2026-01-16T18:49:01.607+0000] {logging_mixin.py:188} INFO - [2026-01-16T18:49:01.606+0000] {dagbag.py:545} INFO - Filling up the DagBag from /opt/airflow/dags/ingest.py
[2026-01-16T18:49:01.655+0000] {processor.py:840} INFO - DAG(s) 'postgres_insert' retrieved from /opt/airflow/dags/ingest.py
[2026-01-16T18:49:01.708+0000] {logging_mixin.py:188} INFO - [2026-01-16T18:49:01.707+0000] {dag.py:3089} INFO - Sync 1 DAGs
[2026-01-16T18:49:01.734+0000] {logging_mixin.py:188} INFO - [2026-01-16T18:49:01.734+0000] {dag.py:3947} INFO - Setting next_dagrun for postgres_insert to None, run_after=None
[2026-01-16T18:49:01.774+0000] {processor.py:183} INFO - Processing /opt/airflow/dags/ingest.py took 0.186 seconds
[2026-01-16T18:49:32.172+0000] {processor.py:161} INFO - Started process (PID=310) to work on /opt/airflow/dags/ingest.py
[2026-01-16T18:49:32.174+0000] {processor.py:830} INFO - Processing file /opt/airflow/dags/ingest.py for tasks to queue
[2026-01-16T18:49:32.178+0000] {logging_mixin.py:188} INFO - [2026-01-16T18:49:32.178+0000] {dagbag.py:545} INFO - Filling up the DagBag from /opt/airflow/dags/ingest.py
[2026-01-16T18:49:32.224+0000] {processor.py:840} INFO - DAG(s) 'postgres_insert' retrieved from /opt/airflow/dags/ingest.py
[2026-01-16T18:49:32.276+0000] {logging_mixin.py:188} INFO - [2026-01-16T18:49:32.275+0000] {dag.py:3089} INFO - Sync 1 DAGs
[2026-01-16T18:49:32.305+0000] {logging_mixin.py:188} INFO - [2026-01-16T18:49:32.305+0000] {dag.py:3947} INFO - Setting next_dagrun for postgres_insert to None, run_after=None
[2026-01-16T18:49:32.339+0000] {processor.py:183} INFO - Processing /opt/airflow/dags/ingest.py took 0.179 seconds
[2026-01-16T18:50:02.600+0000] {processor.py:161} INFO - Started process (PID=320) to work on /opt/airflow/dags/ingest.py
[2026-01-16T18:50:02.603+0000] {processor.py:830} INFO - Processing file /opt/airflow/dags/ingest.py for tasks to queue
[2026-01-16T18:50:02.607+0000] {logging_mixin.py:188} INFO - [2026-01-16T18:50:02.606+0000] {dagbag.py:545} INFO - Filling up the DagBag from /opt/airflow/dags/ingest.py
[2026-01-16T18:50:02.652+0000] {processor.py:840} INFO - DAG(s) 'postgres_insert' retrieved from /opt/airflow/dags/ingest.py
[2026-01-16T18:50:02.694+0000] {logging_mixin.py:188} INFO - [2026-01-16T18:50:02.694+0000] {dag.py:3089} INFO - Sync 1 DAGs
[2026-01-16T18:50:02.721+0000] {logging_mixin.py:188} INFO - [2026-01-16T18:50:02.721+0000] {dag.py:3947} INFO - Setting next_dagrun for postgres_insert to None, run_after=None
[2026-01-16T18:50:02.756+0000] {processor.py:183} INFO - Processing /opt/airflow/dags/ingest.py took 0.165 seconds
[2026-01-16T18:50:33.152+0000] {processor.py:161} INFO - Started process (PID=330) to work on /opt/airflow/dags/ingest.py
[2026-01-16T18:50:33.154+0000] {processor.py:830} INFO - Processing file /opt/airflow/dags/ingest.py for tasks to queue
[2026-01-16T18:50:33.158+0000] {logging_mixin.py:188} INFO - [2026-01-16T18:50:33.157+0000] {dagbag.py:545} INFO - Filling up the DagBag from /opt/airflow/dags/ingest.py
[2026-01-16T18:50:33.200+0000] {processor.py:840} INFO - DAG(s) 'postgres_insert' retrieved from /opt/airflow/dags/ingest.py
[2026-01-16T18:50:33.239+0000] {logging_mixin.py:188} INFO - [2026-01-16T18:50:33.239+0000] {dag.py:3089} INFO - Sync 1 DAGs
[2026-01-16T18:50:33.256+0000] {logging_mixin.py:188} INFO - [2026-01-16T18:50:33.256+0000] {dag.py:3947} INFO - Setting next_dagrun for postgres_insert to None, run_after=None
[2026-01-16T18:50:33.283+0000] {processor.py:183} INFO - Processing /opt/airflow/dags/ingest.py took 0.145 seconds
[2026-01-16T18:51:03.743+0000] {processor.py:161} INFO - Started process (PID=340) to work on /opt/airflow/dags/ingest.py
[2026-01-16T18:51:03.745+0000] {processor.py:830} INFO - Processing file /opt/airflow/dags/ingest.py for tasks to queue
[2026-01-16T18:51:03.748+0000] {logging_mixin.py:188} INFO - [2026-01-16T18:51:03.748+0000] {dagbag.py:545} INFO - Filling up the DagBag from /opt/airflow/dags/ingest.py
[2026-01-16T18:51:03.797+0000] {processor.py:840} INFO - DAG(s) 'postgres_insert' retrieved from /opt/airflow/dags/ingest.py
[2026-01-16T18:51:03.849+0000] {logging_mixin.py:188} INFO - [2026-01-16T18:51:03.848+0000] {dag.py:3089} INFO - Sync 1 DAGs
[2026-01-16T18:51:03.874+0000] {logging_mixin.py:188} INFO - [2026-01-16T18:51:03.873+0000] {dag.py:3947} INFO - Setting next_dagrun for postgres_insert to None, run_after=None
[2026-01-16T18:51:03.911+0000] {processor.py:183} INFO - Processing /opt/airflow/dags/ingest.py took 0.178 seconds
[2026-01-16T18:52:17.444+0000] {processor.py:161} INFO - Started process (PID=168) to work on /opt/airflow/dags/ingest.py
[2026-01-16T18:52:17.446+0000] {processor.py:830} INFO - Processing file /opt/airflow/dags/ingest.py for tasks to queue
[2026-01-16T18:52:17.451+0000] {logging_mixin.py:188} INFO - [2026-01-16T18:52:17.450+0000] {dagbag.py:545} INFO - Filling up the DagBag from /opt/airflow/dags/ingest.py
[2026-01-16T18:52:17.507+0000] {processor.py:840} INFO - DAG(s) 'postgres_insert' retrieved from /opt/airflow/dags/ingest.py
[2026-01-16T18:52:17.567+0000] {logging_mixin.py:188} INFO - [2026-01-16T18:52:17.566+0000] {dag.py:3089} INFO - Sync 1 DAGs
[2026-01-16T18:52:17.588+0000] {logging_mixin.py:188} INFO - [2026-01-16T18:52:17.588+0000] {dag.py:3947} INFO - Setting next_dagrun for postgres_insert to None, run_after=None
[2026-01-16T18:52:17.624+0000] {processor.py:183} INFO - Processing /opt/airflow/dags/ingest.py took 0.191 seconds
[2026-01-16T18:52:47.839+0000] {processor.py:161} INFO - Started process (PID=178) to work on /opt/airflow/dags/ingest.py
[2026-01-16T18:52:47.841+0000] {processor.py:830} INFO - Processing file /opt/airflow/dags/ingest.py for tasks to queue
[2026-01-16T18:52:47.844+0000] {logging_mixin.py:188} INFO - [2026-01-16T18:52:47.844+0000] {dagbag.py:545} INFO - Filling up the DagBag from /opt/airflow/dags/ingest.py
[2026-01-16T18:52:47.883+0000] {processor.py:840} INFO - DAG(s) 'postgres_insert' retrieved from /opt/airflow/dags/ingest.py
[2026-01-16T18:52:48.200+0000] {logging_mixin.py:188} INFO - [2026-01-16T18:52:48.199+0000] {dag.py:3089} INFO - Sync 1 DAGs
[2026-01-16T18:52:48.215+0000] {logging_mixin.py:188} INFO - [2026-01-16T18:52:48.214+0000] {dag.py:3947} INFO - Setting next_dagrun for postgres_insert to None, run_after=None
[2026-01-16T18:52:48.242+0000] {processor.py:183} INFO - Processing /opt/airflow/dags/ingest.py took 0.419 seconds
[2026-01-16T18:53:18.599+0000] {processor.py:161} INFO - Started process (PID=188) to work on /opt/airflow/dags/ingest.py
[2026-01-16T18:53:18.601+0000] {processor.py:830} INFO - Processing file /opt/airflow/dags/ingest.py for tasks to queue
[2026-01-16T18:53:18.606+0000] {logging_mixin.py:188} INFO - [2026-01-16T18:53:18.605+0000] {dagbag.py:545} INFO - Filling up the DagBag from /opt/airflow/dags/ingest.py
[2026-01-16T18:53:18.651+0000] {processor.py:840} INFO - DAG(s) 'postgres_insert' retrieved from /opt/airflow/dags/ingest.py
[2026-01-16T18:53:18.688+0000] {logging_mixin.py:188} INFO - [2026-01-16T18:53:18.687+0000] {dag.py:3089} INFO - Sync 1 DAGs
[2026-01-16T18:53:18.704+0000] {logging_mixin.py:188} INFO - [2026-01-16T18:53:18.704+0000] {dag.py:3947} INFO - Setting next_dagrun for postgres_insert to None, run_after=None
[2026-01-16T18:53:18.730+0000] {processor.py:183} INFO - Processing /opt/airflow/dags/ingest.py took 0.154 seconds
[2026-01-16T18:53:49.002+0000] {processor.py:161} INFO - Started process (PID=198) to work on /opt/airflow/dags/ingest.py
[2026-01-16T18:53:49.004+0000] {processor.py:830} INFO - Processing file /opt/airflow/dags/ingest.py for tasks to queue
[2026-01-16T18:53:49.008+0000] {logging_mixin.py:188} INFO - [2026-01-16T18:53:49.008+0000] {dagbag.py:545} INFO - Filling up the DagBag from /opt/airflow/dags/ingest.py
[2026-01-16T18:53:49.046+0000] {processor.py:840} INFO - DAG(s) 'postgres_insert' retrieved from /opt/airflow/dags/ingest.py
[2026-01-16T18:53:49.085+0000] {logging_mixin.py:188} INFO - [2026-01-16T18:53:49.085+0000] {dag.py:3089} INFO - Sync 1 DAGs
[2026-01-16T18:53:49.105+0000] {logging_mixin.py:188} INFO - [2026-01-16T18:53:49.105+0000] {dag.py:3947} INFO - Setting next_dagrun for postgres_insert to None, run_after=None
[2026-01-16T18:53:49.138+0000] {processor.py:183} INFO - Processing /opt/airflow/dags/ingest.py took 0.144 seconds
[2026-01-16T18:54:19.565+0000] {processor.py:161} INFO - Started process (PID=208) to work on /opt/airflow/dags/ingest.py
[2026-01-16T18:54:19.567+0000] {processor.py:830} INFO - Processing file /opt/airflow/dags/ingest.py for tasks to queue
[2026-01-16T18:54:19.571+0000] {logging_mixin.py:188} INFO - [2026-01-16T18:54:19.570+0000] {dagbag.py:545} INFO - Filling up the DagBag from /opt/airflow/dags/ingest.py
[2026-01-16T18:54:19.619+0000] {processor.py:840} INFO - DAG(s) 'postgres_insert' retrieved from /opt/airflow/dags/ingest.py
[2026-01-16T18:54:19.662+0000] {logging_mixin.py:188} INFO - [2026-01-16T18:54:19.662+0000] {dag.py:3089} INFO - Sync 1 DAGs
[2026-01-16T18:54:19.684+0000] {logging_mixin.py:188} INFO - [2026-01-16T18:54:19.684+0000] {dag.py:3947} INFO - Setting next_dagrun for postgres_insert to None, run_after=None
[2026-01-16T18:54:19.715+0000] {processor.py:183} INFO - Processing /opt/airflow/dags/ingest.py took 0.161 seconds
[2026-01-16T18:54:50.134+0000] {processor.py:161} INFO - Started process (PID=218) to work on /opt/airflow/dags/ingest.py
[2026-01-16T18:54:50.137+0000] {processor.py:830} INFO - Processing file /opt/airflow/dags/ingest.py for tasks to queue
[2026-01-16T18:54:50.143+0000] {logging_mixin.py:188} INFO - [2026-01-16T18:54:50.143+0000] {dagbag.py:545} INFO - Filling up the DagBag from /opt/airflow/dags/ingest.py
[2026-01-16T18:54:50.191+0000] {processor.py:840} INFO - DAG(s) 'postgres_insert' retrieved from /opt/airflow/dags/ingest.py
[2026-01-16T18:54:50.241+0000] {logging_mixin.py:188} INFO - [2026-01-16T18:54:50.241+0000] {dag.py:3089} INFO - Sync 1 DAGs
[2026-01-16T18:54:50.268+0000] {logging_mixin.py:188} INFO - [2026-01-16T18:54:50.267+0000] {dag.py:3947} INFO - Setting next_dagrun for postgres_insert to None, run_after=None
[2026-01-16T18:54:50.303+0000] {processor.py:183} INFO - Processing /opt/airflow/dags/ingest.py took 0.185 seconds
[2026-01-16T18:55:20.554+0000] {processor.py:161} INFO - Started process (PID=230) to work on /opt/airflow/dags/ingest.py
[2026-01-16T18:55:20.557+0000] {processor.py:830} INFO - Processing file /opt/airflow/dags/ingest.py for tasks to queue
[2026-01-16T18:55:20.562+0000] {logging_mixin.py:188} INFO - [2026-01-16T18:55:20.561+0000] {dagbag.py:545} INFO - Filling up the DagBag from /opt/airflow/dags/ingest.py
[2026-01-16T18:55:20.611+0000] {processor.py:840} INFO - DAG(s) 'postgres_insert' retrieved from /opt/airflow/dags/ingest.py
[2026-01-16T18:55:20.656+0000] {logging_mixin.py:188} INFO - [2026-01-16T18:55:20.655+0000] {dag.py:3089} INFO - Sync 1 DAGs
[2026-01-16T18:55:20.675+0000] {logging_mixin.py:188} INFO - [2026-01-16T18:55:20.674+0000] {dag.py:3947} INFO - Setting next_dagrun for postgres_insert to None, run_after=None
[2026-01-16T18:55:20.704+0000] {processor.py:183} INFO - Processing /opt/airflow/dags/ingest.py took 0.162 seconds
[2026-01-16T18:55:51.037+0000] {processor.py:161} INFO - Started process (PID=240) to work on /opt/airflow/dags/ingest.py
[2026-01-16T18:55:51.040+0000] {processor.py:830} INFO - Processing file /opt/airflow/dags/ingest.py for tasks to queue
[2026-01-16T18:55:51.045+0000] {logging_mixin.py:188} INFO - [2026-01-16T18:55:51.044+0000] {dagbag.py:545} INFO - Filling up the DagBag from /opt/airflow/dags/ingest.py
[2026-01-16T18:55:51.086+0000] {processor.py:840} INFO - DAG(s) 'postgres_insert' retrieved from /opt/airflow/dags/ingest.py
[2026-01-16T18:55:51.139+0000] {logging_mixin.py:188} INFO - [2026-01-16T18:55:51.139+0000] {dag.py:3089} INFO - Sync 1 DAGs
[2026-01-16T18:55:51.159+0000] {logging_mixin.py:188} INFO - [2026-01-16T18:55:51.158+0000] {dag.py:3947} INFO - Setting next_dagrun for postgres_insert to None, run_after=None
[2026-01-16T18:55:51.191+0000] {processor.py:183} INFO - Processing /opt/airflow/dags/ingest.py took 0.167 seconds
[2026-01-16T18:56:21.466+0000] {processor.py:161} INFO - Started process (PID=250) to work on /opt/airflow/dags/ingest.py
[2026-01-16T18:56:21.469+0000] {processor.py:830} INFO - Processing file /opt/airflow/dags/ingest.py for tasks to queue
[2026-01-16T18:56:21.472+0000] {logging_mixin.py:188} INFO - [2026-01-16T18:56:21.472+0000] {dagbag.py:545} INFO - Filling up the DagBag from /opt/airflow/dags/ingest.py
[2026-01-16T18:56:21.549+0000] {processor.py:840} INFO - DAG(s) 'postgres_insert' retrieved from /opt/airflow/dags/ingest.py
[2026-01-16T18:56:21.613+0000] {logging_mixin.py:188} INFO - [2026-01-16T18:56:21.613+0000] {dag.py:3089} INFO - Sync 1 DAGs
[2026-01-16T18:56:21.644+0000] {logging_mixin.py:188} INFO - [2026-01-16T18:56:21.643+0000] {dag.py:3947} INFO - Setting next_dagrun for postgres_insert to None, run_after=None
[2026-01-16T18:56:21.684+0000] {processor.py:183} INFO - Processing /opt/airflow/dags/ingest.py took 0.237 seconds
