[2026-01-16T18:42:25.168+0000] {processor.py:161} INFO - Started process (PID=171) to work on /opt/airflow/dags/select_ingest.py
[2026-01-16T18:42:25.170+0000] {processor.py:830} INFO - Processing file /opt/airflow/dags/select_ingest.py for tasks to queue
[2026-01-16T18:42:25.174+0000] {logging_mixin.py:188} INFO - [2026-01-16T18:42:25.173+0000] {dagbag.py:545} INFO - Filling up the DagBag from /opt/airflow/dags/select_ingest.py
[2026-01-16T18:42:25.220+0000] {processor.py:840} INFO - DAG(s) 'postgres_select' retrieved from /opt/airflow/dags/select_ingest.py
[2026-01-16T18:42:25.277+0000] {logging_mixin.py:188} INFO - [2026-01-16T18:42:25.277+0000] {dag.py:3089} INFO - Sync 1 DAGs
[2026-01-16T18:42:25.302+0000] {logging_mixin.py:188} INFO - [2026-01-16T18:42:25.301+0000] {dag.py:3947} INFO - Setting next_dagrun for postgres_select to None, run_after=None
[2026-01-16T18:42:25.333+0000] {processor.py:183} INFO - Processing /opt/airflow/dags/select_ingest.py took 0.176 seconds
[2026-01-16T18:42:55.595+0000] {processor.py:161} INFO - Started process (PID=181) to work on /opt/airflow/dags/select_ingest.py
[2026-01-16T18:42:55.597+0000] {processor.py:830} INFO - Processing file /opt/airflow/dags/select_ingest.py for tasks to queue
[2026-01-16T18:42:55.601+0000] {logging_mixin.py:188} INFO - [2026-01-16T18:42:55.600+0000] {dagbag.py:545} INFO - Filling up the DagBag from /opt/airflow/dags/select_ingest.py
[2026-01-16T18:42:55.640+0000] {processor.py:840} INFO - DAG(s) 'postgres_select' retrieved from /opt/airflow/dags/select_ingest.py
[2026-01-16T18:42:55.999+0000] {logging_mixin.py:188} INFO - [2026-01-16T18:42:55.999+0000] {dag.py:3089} INFO - Sync 1 DAGs
[2026-01-16T18:42:56.016+0000] {logging_mixin.py:188} INFO - [2026-01-16T18:42:56.016+0000] {dag.py:3947} INFO - Setting next_dagrun for postgres_select to None, run_after=None
[2026-01-16T18:42:56.054+0000] {processor.py:183} INFO - Processing /opt/airflow/dags/select_ingest.py took 0.470 seconds
[2026-01-16T18:43:26.448+0000] {processor.py:161} INFO - Started process (PID=193) to work on /opt/airflow/dags/select_ingest.py
[2026-01-16T18:43:26.450+0000] {processor.py:830} INFO - Processing file /opt/airflow/dags/select_ingest.py for tasks to queue
[2026-01-16T18:43:26.454+0000] {logging_mixin.py:188} INFO - [2026-01-16T18:43:26.453+0000] {dagbag.py:545} INFO - Filling up the DagBag from /opt/airflow/dags/select_ingest.py
[2026-01-16T18:43:26.495+0000] {processor.py:840} INFO - DAG(s) 'postgres_select' retrieved from /opt/airflow/dags/select_ingest.py
[2026-01-16T18:43:26.534+0000] {logging_mixin.py:188} INFO - [2026-01-16T18:43:26.533+0000] {dag.py:3089} INFO - Sync 1 DAGs
[2026-01-16T18:43:26.555+0000] {logging_mixin.py:188} INFO - [2026-01-16T18:43:26.555+0000] {dag.py:3947} INFO - Setting next_dagrun for postgres_select to None, run_after=None
[2026-01-16T18:43:26.586+0000] {processor.py:183} INFO - Processing /opt/airflow/dags/select_ingest.py took 0.151 seconds
[2026-01-16T18:43:57.016+0000] {processor.py:161} INFO - Started process (PID=203) to work on /opt/airflow/dags/select_ingest.py
[2026-01-16T18:43:57.018+0000] {processor.py:830} INFO - Processing file /opt/airflow/dags/select_ingest.py for tasks to queue
[2026-01-16T18:43:57.022+0000] {logging_mixin.py:188} INFO - [2026-01-16T18:43:57.022+0000] {dagbag.py:545} INFO - Filling up the DagBag from /opt/airflow/dags/select_ingest.py
[2026-01-16T18:43:57.059+0000] {processor.py:840} INFO - DAG(s) 'postgres_select' retrieved from /opt/airflow/dags/select_ingest.py
[2026-01-16T18:43:57.102+0000] {logging_mixin.py:188} INFO - [2026-01-16T18:43:57.102+0000] {dag.py:3089} INFO - Sync 1 DAGs
[2026-01-16T18:43:57.129+0000] {logging_mixin.py:188} INFO - [2026-01-16T18:43:57.129+0000] {dag.py:3947} INFO - Setting next_dagrun for postgres_select to None, run_after=None
[2026-01-16T18:43:57.160+0000] {processor.py:183} INFO - Processing /opt/airflow/dags/select_ingest.py took 0.155 seconds
[2026-01-16T18:44:27.457+0000] {processor.py:161} INFO - Started process (PID=213) to work on /opt/airflow/dags/select_ingest.py
[2026-01-16T18:44:27.459+0000] {processor.py:830} INFO - Processing file /opt/airflow/dags/select_ingest.py for tasks to queue
[2026-01-16T18:44:27.462+0000] {logging_mixin.py:188} INFO - [2026-01-16T18:44:27.462+0000] {dagbag.py:545} INFO - Filling up the DagBag from /opt/airflow/dags/select_ingest.py
[2026-01-16T18:44:27.507+0000] {processor.py:840} INFO - DAG(s) 'postgres_select' retrieved from /opt/airflow/dags/select_ingest.py
[2026-01-16T18:44:27.547+0000] {logging_mixin.py:188} INFO - [2026-01-16T18:44:27.546+0000] {dag.py:3089} INFO - Sync 1 DAGs
[2026-01-16T18:44:27.571+0000] {logging_mixin.py:188} INFO - [2026-01-16T18:44:27.571+0000] {dag.py:3947} INFO - Setting next_dagrun for postgres_select to None, run_after=None
[2026-01-16T18:44:27.606+0000] {processor.py:183} INFO - Processing /opt/airflow/dags/select_ingest.py took 0.159 seconds
[2026-01-16T18:44:57.911+0000] {processor.py:161} INFO - Started process (PID=223) to work on /opt/airflow/dags/select_ingest.py
[2026-01-16T18:44:57.912+0000] {processor.py:830} INFO - Processing file /opt/airflow/dags/select_ingest.py for tasks to queue
[2026-01-16T18:44:57.919+0000] {logging_mixin.py:188} INFO - [2026-01-16T18:44:57.918+0000] {dagbag.py:545} INFO - Filling up the DagBag from /opt/airflow/dags/select_ingest.py
[2026-01-16T18:44:57.951+0000] {processor.py:840} INFO - DAG(s) 'postgres_select' retrieved from /opt/airflow/dags/select_ingest.py
[2026-01-16T18:44:57.989+0000] {logging_mixin.py:188} INFO - [2026-01-16T18:44:57.988+0000] {dag.py:3089} INFO - Sync 1 DAGs
[2026-01-16T18:44:58.008+0000] {logging_mixin.py:188} INFO - [2026-01-16T18:44:58.008+0000] {dag.py:3947} INFO - Setting next_dagrun for postgres_select to None, run_after=None
[2026-01-16T18:44:58.034+0000] {processor.py:183} INFO - Processing /opt/airflow/dags/select_ingest.py took 0.135 seconds
[2026-01-16T18:45:28.364+0000] {processor.py:161} INFO - Started process (PID=233) to work on /opt/airflow/dags/select_ingest.py
[2026-01-16T18:45:28.367+0000] {processor.py:830} INFO - Processing file /opt/airflow/dags/select_ingest.py for tasks to queue
[2026-01-16T18:45:28.372+0000] {logging_mixin.py:188} INFO - [2026-01-16T18:45:28.371+0000] {dagbag.py:545} INFO - Filling up the DagBag from /opt/airflow/dags/select_ingest.py
[2026-01-16T18:45:28.417+0000] {processor.py:840} INFO - DAG(s) 'postgres_select' retrieved from /opt/airflow/dags/select_ingest.py
[2026-01-16T18:45:28.456+0000] {logging_mixin.py:188} INFO - [2026-01-16T18:45:28.455+0000] {dag.py:3089} INFO - Sync 1 DAGs
[2026-01-16T18:45:28.478+0000] {logging_mixin.py:188} INFO - [2026-01-16T18:45:28.478+0000] {dag.py:3947} INFO - Setting next_dagrun for postgres_select to None, run_after=None
[2026-01-16T18:45:28.511+0000] {processor.py:183} INFO - Processing /opt/airflow/dags/select_ingest.py took 0.156 seconds
[2026-01-16T18:45:58.804+0000] {processor.py:161} INFO - Started process (PID=243) to work on /opt/airflow/dags/select_ingest.py
[2026-01-16T18:45:58.806+0000] {processor.py:830} INFO - Processing file /opt/airflow/dags/select_ingest.py for tasks to queue
[2026-01-16T18:45:58.811+0000] {logging_mixin.py:188} INFO - [2026-01-16T18:45:58.810+0000] {dagbag.py:545} INFO - Filling up the DagBag from /opt/airflow/dags/select_ingest.py
[2026-01-16T18:45:58.848+0000] {processor.py:840} INFO - DAG(s) 'postgres_select' retrieved from /opt/airflow/dags/select_ingest.py
[2026-01-16T18:45:58.885+0000] {logging_mixin.py:188} INFO - [2026-01-16T18:45:58.884+0000] {dag.py:3089} INFO - Sync 1 DAGs
[2026-01-16T18:45:58.904+0000] {logging_mixin.py:188} INFO - [2026-01-16T18:45:58.904+0000] {dag.py:3947} INFO - Setting next_dagrun for postgres_select to None, run_after=None
[2026-01-16T18:45:58.933+0000] {processor.py:183} INFO - Processing /opt/airflow/dags/select_ingest.py took 0.138 seconds
[2026-01-16T18:46:29.302+0000] {processor.py:161} INFO - Started process (PID=253) to work on /opt/airflow/dags/select_ingest.py
[2026-01-16T18:46:29.303+0000] {processor.py:830} INFO - Processing file /opt/airflow/dags/select_ingest.py for tasks to queue
[2026-01-16T18:46:29.307+0000] {logging_mixin.py:188} INFO - [2026-01-16T18:46:29.307+0000] {dagbag.py:545} INFO - Filling up the DagBag from /opt/airflow/dags/select_ingest.py
[2026-01-16T18:46:29.344+0000] {processor.py:840} INFO - DAG(s) 'postgres_select' retrieved from /opt/airflow/dags/select_ingest.py
[2026-01-16T18:46:29.386+0000] {logging_mixin.py:188} INFO - [2026-01-16T18:46:29.385+0000] {dag.py:3089} INFO - Sync 1 DAGs
[2026-01-16T18:46:29.409+0000] {logging_mixin.py:188} INFO - [2026-01-16T18:46:29.409+0000] {dag.py:3947} INFO - Setting next_dagrun for postgres_select to None, run_after=None
[2026-01-16T18:46:29.435+0000] {processor.py:183} INFO - Processing /opt/airflow/dags/select_ingest.py took 0.141 seconds
[2026-01-16T18:46:59.656+0000] {processor.py:161} INFO - Started process (PID=263) to work on /opt/airflow/dags/select_ingest.py
[2026-01-16T18:46:59.658+0000] {processor.py:830} INFO - Processing file /opt/airflow/dags/select_ingest.py for tasks to queue
[2026-01-16T18:46:59.660+0000] {logging_mixin.py:188} INFO - [2026-01-16T18:46:59.660+0000] {dagbag.py:545} INFO - Filling up the DagBag from /opt/airflow/dags/select_ingest.py
[2026-01-16T18:46:59.691+0000] {processor.py:840} INFO - DAG(s) 'postgres_select' retrieved from /opt/airflow/dags/select_ingest.py
[2026-01-16T18:46:59.727+0000] {logging_mixin.py:188} INFO - [2026-01-16T18:46:59.727+0000] {dag.py:3089} INFO - Sync 1 DAGs
[2026-01-16T18:46:59.746+0000] {logging_mixin.py:188} INFO - [2026-01-16T18:46:59.745+0000] {dag.py:3947} INFO - Setting next_dagrun for postgres_select to None, run_after=None
[2026-01-16T18:46:59.774+0000] {processor.py:183} INFO - Processing /opt/airflow/dags/select_ingest.py took 0.127 seconds
[2026-01-16T18:47:30.322+0000] {processor.py:161} INFO - Started process (PID=273) to work on /opt/airflow/dags/select_ingest.py
[2026-01-16T18:47:30.324+0000] {processor.py:830} INFO - Processing file /opt/airflow/dags/select_ingest.py for tasks to queue
[2026-01-16T18:47:30.327+0000] {logging_mixin.py:188} INFO - [2026-01-16T18:47:30.327+0000] {dagbag.py:545} INFO - Filling up the DagBag from /opt/airflow/dags/select_ingest.py
[2026-01-16T18:47:30.365+0000] {processor.py:840} INFO - DAG(s) 'postgres_select' retrieved from /opt/airflow/dags/select_ingest.py
[2026-01-16T18:47:30.403+0000] {logging_mixin.py:188} INFO - [2026-01-16T18:47:30.403+0000] {dag.py:3089} INFO - Sync 1 DAGs
[2026-01-16T18:47:30.426+0000] {logging_mixin.py:188} INFO - [2026-01-16T18:47:30.426+0000] {dag.py:3947} INFO - Setting next_dagrun for postgres_select to None, run_after=None
[2026-01-16T18:47:30.458+0000] {processor.py:183} INFO - Processing /opt/airflow/dags/select_ingest.py took 0.147 seconds
[2026-01-16T18:48:00.703+0000] {processor.py:161} INFO - Started process (PID=283) to work on /opt/airflow/dags/select_ingest.py
[2026-01-16T18:48:00.706+0000] {processor.py:830} INFO - Processing file /opt/airflow/dags/select_ingest.py for tasks to queue
[2026-01-16T18:48:00.710+0000] {logging_mixin.py:188} INFO - [2026-01-16T18:48:00.710+0000] {dagbag.py:545} INFO - Filling up the DagBag from /opt/airflow/dags/select_ingest.py
[2026-01-16T18:48:00.765+0000] {processor.py:840} INFO - DAG(s) 'postgres_select' retrieved from /opt/airflow/dags/select_ingest.py
[2026-01-16T18:48:00.835+0000] {logging_mixin.py:188} INFO - [2026-01-16T18:48:00.835+0000] {dag.py:3089} INFO - Sync 1 DAGs
[2026-01-16T18:48:00.894+0000] {logging_mixin.py:188} INFO - [2026-01-16T18:48:00.894+0000] {dag.py:3947} INFO - Setting next_dagrun for postgres_select to None, run_after=None
[2026-01-16T18:48:00.999+0000] {processor.py:183} INFO - Processing /opt/airflow/dags/select_ingest.py took 0.305 seconds
[2026-01-16T18:48:31.194+0000] {processor.py:161} INFO - Started process (PID=293) to work on /opt/airflow/dags/select_ingest.py
[2026-01-16T18:48:31.195+0000] {processor.py:830} INFO - Processing file /opt/airflow/dags/select_ingest.py for tasks to queue
[2026-01-16T18:48:31.198+0000] {logging_mixin.py:188} INFO - [2026-01-16T18:48:31.198+0000] {dagbag.py:545} INFO - Filling up the DagBag from /opt/airflow/dags/select_ingest.py
[2026-01-16T18:48:31.230+0000] {processor.py:840} INFO - DAG(s) 'postgres_select' retrieved from /opt/airflow/dags/select_ingest.py
[2026-01-16T18:48:31.268+0000] {logging_mixin.py:188} INFO - [2026-01-16T18:48:31.267+0000] {dag.py:3089} INFO - Sync 1 DAGs
[2026-01-16T18:48:31.288+0000] {logging_mixin.py:188} INFO - [2026-01-16T18:48:31.288+0000] {dag.py:3947} INFO - Setting next_dagrun for postgres_select to None, run_after=None
[2026-01-16T18:48:31.324+0000] {processor.py:183} INFO - Processing /opt/airflow/dags/select_ingest.py took 0.138 seconds
[2026-01-16T18:49:01.610+0000] {processor.py:161} INFO - Started process (PID=303) to work on /opt/airflow/dags/select_ingest.py
[2026-01-16T18:49:01.611+0000] {processor.py:830} INFO - Processing file /opt/airflow/dags/select_ingest.py for tasks to queue
[2026-01-16T18:49:01.616+0000] {logging_mixin.py:188} INFO - [2026-01-16T18:49:01.615+0000] {dagbag.py:545} INFO - Filling up the DagBag from /opt/airflow/dags/select_ingest.py
[2026-01-16T18:49:01.665+0000] {processor.py:840} INFO - DAG(s) 'postgres_select' retrieved from /opt/airflow/dags/select_ingest.py
[2026-01-16T18:49:01.719+0000] {logging_mixin.py:188} INFO - [2026-01-16T18:49:01.719+0000] {dag.py:3089} INFO - Sync 1 DAGs
[2026-01-16T18:49:01.747+0000] {logging_mixin.py:188} INFO - [2026-01-16T18:49:01.746+0000] {dag.py:3947} INFO - Setting next_dagrun for postgres_select to None, run_after=None
[2026-01-16T18:49:01.785+0000] {processor.py:183} INFO - Processing /opt/airflow/dags/select_ingest.py took 0.184 seconds
[2026-01-16T18:49:32.183+0000] {processor.py:161} INFO - Started process (PID=313) to work on /opt/airflow/dags/select_ingest.py
[2026-01-16T18:49:32.185+0000] {processor.py:830} INFO - Processing file /opt/airflow/dags/select_ingest.py for tasks to queue
[2026-01-16T18:49:32.190+0000] {logging_mixin.py:188} INFO - [2026-01-16T18:49:32.190+0000] {dagbag.py:545} INFO - Filling up the DagBag from /opt/airflow/dags/select_ingest.py
[2026-01-16T18:49:32.232+0000] {processor.py:840} INFO - DAG(s) 'postgres_select' retrieved from /opt/airflow/dags/select_ingest.py
[2026-01-16T18:49:32.275+0000] {logging_mixin.py:188} INFO - [2026-01-16T18:49:32.274+0000] {dag.py:3089} INFO - Sync 1 DAGs
[2026-01-16T18:49:32.302+0000] {logging_mixin.py:188} INFO - [2026-01-16T18:49:32.302+0000] {dag.py:3947} INFO - Setting next_dagrun for postgres_select to None, run_after=None
[2026-01-16T18:49:32.339+0000] {processor.py:183} INFO - Processing /opt/airflow/dags/select_ingest.py took 0.169 seconds
[2026-01-16T18:50:02.611+0000] {processor.py:161} INFO - Started process (PID=323) to work on /opt/airflow/dags/select_ingest.py
[2026-01-16T18:50:02.614+0000] {processor.py:830} INFO - Processing file /opt/airflow/dags/select_ingest.py for tasks to queue
[2026-01-16T18:50:02.618+0000] {logging_mixin.py:188} INFO - [2026-01-16T18:50:02.617+0000] {dagbag.py:545} INFO - Filling up the DagBag from /opt/airflow/dags/select_ingest.py
[2026-01-16T18:50:02.660+0000] {processor.py:840} INFO - DAG(s) 'postgres_select' retrieved from /opt/airflow/dags/select_ingest.py
[2026-01-16T18:50:02.705+0000] {logging_mixin.py:188} INFO - [2026-01-16T18:50:02.705+0000] {dag.py:3089} INFO - Sync 1 DAGs
[2026-01-16T18:50:02.730+0000] {logging_mixin.py:188} INFO - [2026-01-16T18:50:02.730+0000] {dag.py:3947} INFO - Setting next_dagrun for postgres_select to None, run_after=None
[2026-01-16T18:50:02.764+0000] {processor.py:183} INFO - Processing /opt/airflow/dags/select_ingest.py took 0.163 seconds
[2026-01-16T18:50:33.160+0000] {processor.py:161} INFO - Started process (PID=333) to work on /opt/airflow/dags/select_ingest.py
[2026-01-16T18:50:33.161+0000] {processor.py:830} INFO - Processing file /opt/airflow/dags/select_ingest.py for tasks to queue
[2026-01-16T18:50:33.165+0000] {logging_mixin.py:188} INFO - [2026-01-16T18:50:33.164+0000] {dagbag.py:545} INFO - Filling up the DagBag from /opt/airflow/dags/select_ingest.py
[2026-01-16T18:50:33.204+0000] {processor.py:840} INFO - DAG(s) 'postgres_select' retrieved from /opt/airflow/dags/select_ingest.py
[2026-01-16T18:50:33.239+0000] {logging_mixin.py:188} INFO - [2026-01-16T18:50:33.239+0000] {dag.py:3089} INFO - Sync 1 DAGs
[2026-01-16T18:50:33.256+0000] {logging_mixin.py:188} INFO - [2026-01-16T18:50:33.256+0000] {dag.py:3947} INFO - Setting next_dagrun for postgres_select to None, run_after=None
[2026-01-16T18:50:33.283+0000] {processor.py:183} INFO - Processing /opt/airflow/dags/select_ingest.py took 0.136 seconds
[2026-01-16T18:51:03.758+0000] {processor.py:161} INFO - Started process (PID=343) to work on /opt/airflow/dags/select_ingest.py
[2026-01-16T18:51:03.759+0000] {processor.py:830} INFO - Processing file /opt/airflow/dags/select_ingest.py for tasks to queue
[2026-01-16T18:51:03.763+0000] {logging_mixin.py:188} INFO - [2026-01-16T18:51:03.762+0000] {dagbag.py:545} INFO - Filling up the DagBag from /opt/airflow/dags/select_ingest.py
[2026-01-16T18:51:03.805+0000] {processor.py:840} INFO - DAG(s) 'postgres_select' retrieved from /opt/airflow/dags/select_ingest.py
[2026-01-16T18:51:03.847+0000] {logging_mixin.py:188} INFO - [2026-01-16T18:51:03.847+0000] {dag.py:3089} INFO - Sync 1 DAGs
[2026-01-16T18:51:03.870+0000] {logging_mixin.py:188} INFO - [2026-01-16T18:51:03.869+0000] {dag.py:3947} INFO - Setting next_dagrun for postgres_select to None, run_after=None
[2026-01-16T18:51:03.906+0000] {processor.py:183} INFO - Processing /opt/airflow/dags/select_ingest.py took 0.157 seconds
[2026-01-16T18:52:17.457+0000] {processor.py:161} INFO - Started process (PID=171) to work on /opt/airflow/dags/select_ingest.py
[2026-01-16T18:52:17.459+0000] {processor.py:830} INFO - Processing file /opt/airflow/dags/select_ingest.py for tasks to queue
[2026-01-16T18:52:17.463+0000] {logging_mixin.py:188} INFO - [2026-01-16T18:52:17.462+0000] {dagbag.py:545} INFO - Filling up the DagBag from /opt/airflow/dags/select_ingest.py
[2026-01-16T18:52:17.507+0000] {processor.py:840} INFO - DAG(s) 'postgres_select' retrieved from /opt/airflow/dags/select_ingest.py
[2026-01-16T18:52:17.566+0000] {logging_mixin.py:188} INFO - [2026-01-16T18:52:17.566+0000] {dag.py:3089} INFO - Sync 1 DAGs
[2026-01-16T18:52:17.590+0000] {logging_mixin.py:188} INFO - [2026-01-16T18:52:17.590+0000] {dag.py:3947} INFO - Setting next_dagrun for postgres_select to None, run_after=None
[2026-01-16T18:52:17.626+0000] {processor.py:183} INFO - Processing /opt/airflow/dags/select_ingest.py took 0.180 seconds
[2026-01-16T18:52:47.848+0000] {processor.py:161} INFO - Started process (PID=181) to work on /opt/airflow/dags/select_ingest.py
[2026-01-16T18:52:47.849+0000] {processor.py:830} INFO - Processing file /opt/airflow/dags/select_ingest.py for tasks to queue
[2026-01-16T18:52:47.852+0000] {logging_mixin.py:188} INFO - [2026-01-16T18:52:47.851+0000] {dagbag.py:545} INFO - Filling up the DagBag from /opt/airflow/dags/select_ingest.py
[2026-01-16T18:52:47.893+0000] {processor.py:840} INFO - DAG(s) 'postgres_select' retrieved from /opt/airflow/dags/select_ingest.py
[2026-01-16T18:52:48.200+0000] {logging_mixin.py:188} INFO - [2026-01-16T18:52:48.199+0000] {dag.py:3089} INFO - Sync 1 DAGs
[2026-01-16T18:52:48.215+0000] {logging_mixin.py:188} INFO - [2026-01-16T18:52:48.214+0000] {dag.py:3947} INFO - Setting next_dagrun for postgres_select to None, run_after=None
[2026-01-16T18:52:48.247+0000] {processor.py:183} INFO - Processing /opt/airflow/dags/select_ingest.py took 0.412 seconds
[2026-01-16T18:53:18.602+0000] {processor.py:161} INFO - Started process (PID=191) to work on /opt/airflow/dags/select_ingest.py
[2026-01-16T18:53:18.605+0000] {processor.py:830} INFO - Processing file /opt/airflow/dags/select_ingest.py for tasks to queue
[2026-01-16T18:53:18.611+0000] {logging_mixin.py:188} INFO - [2026-01-16T18:53:18.610+0000] {dagbag.py:545} INFO - Filling up the DagBag from /opt/airflow/dags/select_ingest.py
[2026-01-16T18:53:18.651+0000] {processor.py:840} INFO - DAG(s) 'postgres_select' retrieved from /opt/airflow/dags/select_ingest.py
[2026-01-16T18:53:18.687+0000] {logging_mixin.py:188} INFO - [2026-01-16T18:53:18.687+0000] {dag.py:3089} INFO - Sync 1 DAGs
[2026-01-16T18:53:18.704+0000] {logging_mixin.py:188} INFO - [2026-01-16T18:53:18.704+0000] {dag.py:3947} INFO - Setting next_dagrun for postgres_select to None, run_after=None
[2026-01-16T18:53:18.730+0000] {processor.py:183} INFO - Processing /opt/airflow/dags/select_ingest.py took 0.143 seconds
[2026-01-16T18:53:49.017+0000] {processor.py:161} INFO - Started process (PID=201) to work on /opt/airflow/dags/select_ingest.py
[2026-01-16T18:53:49.019+0000] {processor.py:830} INFO - Processing file /opt/airflow/dags/select_ingest.py for tasks to queue
[2026-01-16T18:53:49.023+0000] {logging_mixin.py:188} INFO - [2026-01-16T18:53:49.022+0000] {dagbag.py:545} INFO - Filling up the DagBag from /opt/airflow/dags/select_ingest.py
[2026-01-16T18:53:49.062+0000] {processor.py:840} INFO - DAG(s) 'postgres_select' retrieved from /opt/airflow/dags/select_ingest.py
[2026-01-16T18:53:49.098+0000] {logging_mixin.py:188} INFO - [2026-01-16T18:53:49.098+0000] {dag.py:3089} INFO - Sync 1 DAGs
[2026-01-16T18:53:49.120+0000] {logging_mixin.py:188} INFO - [2026-01-16T18:53:49.119+0000] {dag.py:3947} INFO - Setting next_dagrun for postgres_select to None, run_after=None
[2026-01-16T18:53:49.148+0000] {processor.py:183} INFO - Processing /opt/airflow/dags/select_ingest.py took 0.140 seconds
[2026-01-16T18:54:19.580+0000] {processor.py:161} INFO - Started process (PID=211) to work on /opt/airflow/dags/select_ingest.py
[2026-01-16T18:54:19.582+0000] {processor.py:830} INFO - Processing file /opt/airflow/dags/select_ingest.py for tasks to queue
[2026-01-16T18:54:19.585+0000] {logging_mixin.py:188} INFO - [2026-01-16T18:54:19.585+0000] {dagbag.py:545} INFO - Filling up the DagBag from /opt/airflow/dags/select_ingest.py
[2026-01-16T18:54:19.635+0000] {processor.py:840} INFO - DAG(s) 'postgres_select' retrieved from /opt/airflow/dags/select_ingest.py
[2026-01-16T18:54:19.675+0000] {logging_mixin.py:188} INFO - [2026-01-16T18:54:19.675+0000] {dag.py:3089} INFO - Sync 1 DAGs
[2026-01-16T18:54:19.698+0000] {logging_mixin.py:188} INFO - [2026-01-16T18:54:19.697+0000] {dag.py:3947} INFO - Setting next_dagrun for postgres_select to None, run_after=None
[2026-01-16T18:54:19.724+0000] {processor.py:183} INFO - Processing /opt/airflow/dags/select_ingest.py took 0.152 seconds
[2026-01-16T18:54:50.144+0000] {processor.py:161} INFO - Started process (PID=221) to work on /opt/airflow/dags/select_ingest.py
[2026-01-16T18:54:50.147+0000] {processor.py:830} INFO - Processing file /opt/airflow/dags/select_ingest.py for tasks to queue
[2026-01-16T18:54:50.150+0000] {logging_mixin.py:188} INFO - [2026-01-16T18:54:50.150+0000] {dagbag.py:545} INFO - Filling up the DagBag from /opt/airflow/dags/select_ingest.py
[2026-01-16T18:54:50.191+0000] {processor.py:840} INFO - DAG(s) 'postgres_select' retrieved from /opt/airflow/dags/select_ingest.py
[2026-01-16T18:54:50.239+0000] {logging_mixin.py:188} INFO - [2026-01-16T18:54:50.238+0000] {dag.py:3089} INFO - Sync 1 DAGs
[2026-01-16T18:54:50.264+0000] {logging_mixin.py:188} INFO - [2026-01-16T18:54:50.264+0000] {dag.py:3947} INFO - Setting next_dagrun for postgres_select to None, run_after=None
[2026-01-16T18:54:50.300+0000] {processor.py:183} INFO - Processing /opt/airflow/dags/select_ingest.py took 0.171 seconds
[2026-01-16T18:55:20.564+0000] {processor.py:161} INFO - Started process (PID=233) to work on /opt/airflow/dags/select_ingest.py
[2026-01-16T18:55:20.566+0000] {processor.py:830} INFO - Processing file /opt/airflow/dags/select_ingest.py for tasks to queue
[2026-01-16T18:55:20.571+0000] {logging_mixin.py:188} INFO - [2026-01-16T18:55:20.570+0000] {dagbag.py:545} INFO - Filling up the DagBag from /opt/airflow/dags/select_ingest.py
[2026-01-16T18:55:20.617+0000] {processor.py:840} INFO - DAG(s) 'postgres_select' retrieved from /opt/airflow/dags/select_ingest.py
[2026-01-16T18:55:20.656+0000] {logging_mixin.py:188} INFO - [2026-01-16T18:55:20.655+0000] {dag.py:3089} INFO - Sync 1 DAGs
[2026-01-16T18:55:20.673+0000] {logging_mixin.py:188} INFO - [2026-01-16T18:55:20.673+0000] {dag.py:3947} INFO - Setting next_dagrun for postgres_select to None, run_after=None
[2026-01-16T18:55:20.703+0000] {processor.py:183} INFO - Processing /opt/airflow/dags/select_ingest.py took 0.151 seconds
[2026-01-16T18:55:51.048+0000] {processor.py:161} INFO - Started process (PID=243) to work on /opt/airflow/dags/select_ingest.py
[2026-01-16T18:55:51.051+0000] {processor.py:830} INFO - Processing file /opt/airflow/dags/select_ingest.py for tasks to queue
[2026-01-16T18:55:51.055+0000] {logging_mixin.py:188} INFO - [2026-01-16T18:55:51.055+0000] {dagbag.py:545} INFO - Filling up the DagBag from /opt/airflow/dags/select_ingest.py
[2026-01-16T18:55:51.092+0000] {processor.py:840} INFO - DAG(s) 'postgres_select' retrieved from /opt/airflow/dags/select_ingest.py
[2026-01-16T18:55:51.143+0000] {logging_mixin.py:188} INFO - [2026-01-16T18:55:51.142+0000] {dag.py:3089} INFO - Sync 1 DAGs
[2026-01-16T18:55:51.163+0000] {logging_mixin.py:188} INFO - [2026-01-16T18:55:51.163+0000] {dag.py:3947} INFO - Setting next_dagrun for postgres_select to None, run_after=None
[2026-01-16T18:55:51.192+0000] {processor.py:183} INFO - Processing /opt/airflow/dags/select_ingest.py took 0.155 seconds
[2026-01-16T18:56:21.471+0000] {processor.py:161} INFO - Started process (PID=253) to work on /opt/airflow/dags/select_ingest.py
[2026-01-16T18:56:21.473+0000] {processor.py:830} INFO - Processing file /opt/airflow/dags/select_ingest.py for tasks to queue
[2026-01-16T18:56:21.477+0000] {logging_mixin.py:188} INFO - [2026-01-16T18:56:21.476+0000] {dagbag.py:545} INFO - Filling up the DagBag from /opt/airflow/dags/select_ingest.py
[2026-01-16T18:56:21.521+0000] {processor.py:840} INFO - DAG(s) 'postgres_select' retrieved from /opt/airflow/dags/select_ingest.py
[2026-01-16T18:56:21.586+0000] {logging_mixin.py:188} INFO - [2026-01-16T18:56:21.585+0000] {dag.py:3089} INFO - Sync 1 DAGs
[2026-01-16T18:56:21.618+0000] {logging_mixin.py:188} INFO - [2026-01-16T18:56:21.617+0000] {dag.py:3947} INFO - Setting next_dagrun for postgres_select to None, run_after=None
[2026-01-16T18:56:21.659+0000] {processor.py:183} INFO - Processing /opt/airflow/dags/select_ingest.py took 0.207 seconds
