[2026-01-17T04:27:12.270+0000] {local_task_job_runner.py:120} INFO - ::group::Pre task execution logs
[2026-01-17T04:27:12.299+0000] {taskinstance.py:2076} INFO - Dependencies all met for dep_context=non-requeueable deps ti=<TaskInstance: postgres_select.select_data manual__2026-01-17T04:27:11.360219+00:00 [queued]>
[2026-01-17T04:27:12.307+0000] {taskinstance.py:2076} INFO - Dependencies all met for dep_context=requeueable deps ti=<TaskInstance: postgres_select.select_data manual__2026-01-17T04:27:11.360219+00:00 [queued]>
[2026-01-17T04:27:12.308+0000] {taskinstance.py:2306} INFO - Starting attempt 1 of 1
[2026-01-17T04:27:12.321+0000] {taskinstance.py:2330} INFO - Executing <Task(PostgresOperator): select_data> on 2026-01-17 04:27:11.360219+00:00
[2026-01-17T04:27:12.329+0000] {logging_mixin.py:188} WARNING - /home/***/.local/lib/python3.12/site-packages/***/task/task_runner/standard_task_runner.py:62 DeprecationWarning: This process (pid=432) is multi-threaded, use of fork() may lead to deadlocks in the child.
[2026-01-17T04:27:12.328+0000] {standard_task_runner.py:90} INFO - Running: ['***', 'tasks', 'run', 'postgres_select', 'select_data', 'manual__2026-01-17T04:27:11.360219+00:00', '--job-id', '52', '--raw', '--subdir', 'DAGS_FOLDER/select_ingest.py', '--cfg-path', '/tmp/tmpok0vtyw5']
[2026-01-17T04:27:12.330+0000] {standard_task_runner.py:64} INFO - Started process 433 to run task
[2026-01-17T04:27:12.330+0000] {standard_task_runner.py:91} INFO - Job 52: Subtask select_data
[2026-01-17T04:27:12.405+0000] {task_command.py:426} INFO - Running <TaskInstance: postgres_select.select_data manual__2026-01-17T04:27:11.360219+00:00 [running]> on host 6fa7644da444
[2026-01-17T04:27:12.484+0000] {taskinstance.py:2648} INFO - Exporting env vars: AIRFLOW_CTX_DAG_OWNER='***' AIRFLOW_CTX_DAG_ID='postgres_select' AIRFLOW_CTX_TASK_ID='select_data' AIRFLOW_CTX_EXECUTION_DATE='2026-01-17T04:27:11.360219+00:00' AIRFLOW_CTX_TRY_NUMBER='1' AIRFLOW_CTX_DAG_RUN_ID='manual__2026-01-17T04:27:11.360219+00:00'
[2026-01-17T04:27:12.486+0000] {taskinstance.py:430} INFO - ::endgroup::
[2026-01-17T04:27:12.500+0000] {sql.py:282} INFO - Executing: 
            select * from staging_users
        
[2026-01-17T04:27:12.511+0000] {base.py:84} INFO - Using connection ID 'postgres_ingest' for task execution.
[2026-01-17T04:27:12.521+0000] {base.py:84} INFO - Using connection ID 'postgres_ingest' for task execution.
[2026-01-17T04:27:12.527+0000] {sql.py:495} INFO - Running statement: 
            select * from staging_users
        , parameters: None
[2026-01-17T04:27:12.529+0000] {sql.py:504} INFO - Rows affected: 2
[2026-01-17T04:27:12.530+0000] {taskinstance.py:441} INFO - ::group::Post task execution logs
[2026-01-17T04:27:12.552+0000] {taskinstance.py:1206} INFO - Marking task as SUCCESS. dag_id=postgres_select, task_id=select_data, run_id=manual__2026-01-17T04:27:11.360219+00:00, execution_date=20260117T042711, start_date=20260117T042712, end_date=20260117T042712
[2026-01-17T04:27:12.585+0000] {local_task_job_runner.py:243} INFO - Task exited with return code 0
[2026-01-17T04:27:12.604+0000] {taskinstance.py:3503} INFO - 0 downstream tasks scheduled from follow-on schedule check
[2026-01-17T04:27:12.607+0000] {local_task_job_runner.py:222} INFO - ::endgroup::
