[2026-01-15T18:50:06.251+0000] {local_task_job_runner.py:120} INFO - ::group::Pre task execution logs
[2026-01-15T18:50:06.280+0000] {taskinstance.py:2076} INFO - Dependencies all met for dep_context=non-requeueable deps ti=<TaskInstance: dag_a.branching_logic manual__2026-01-15T18:50:03.865649+00:00 [queued]>
[2026-01-15T18:50:06.288+0000] {taskinstance.py:2076} INFO - Dependencies all met for dep_context=requeueable deps ti=<TaskInstance: dag_a.branching_logic manual__2026-01-15T18:50:03.865649+00:00 [queued]>
[2026-01-15T18:50:06.289+0000] {taskinstance.py:2306} INFO - Starting attempt 1 of 1
[2026-01-15T18:50:06.299+0000] {taskinstance.py:2330} INFO - Executing <Task(BranchPythonOperator): branching_logic> on 2026-01-15 18:50:03.865649+00:00
[2026-01-15T18:50:06.307+0000] {standard_task_runner.py:90} INFO - Running: ['***', 'tasks', 'run', 'dag_a', 'branching_logic', 'manual__2026-01-15T18:50:03.865649+00:00', '--job-id', '25', '--raw', '--subdir', 'DAGS_FOLDER/first-dag.py', '--cfg-path', '/tmp/tmpw5i9t6de']
[2026-01-15T18:50:06.309+0000] {standard_task_runner.py:91} INFO - Job 25: Subtask branching_logic
[2026-01-15T18:50:06.312+0000] {logging_mixin.py:188} WARNING - /home/***/.local/lib/python3.12/site-packages/***/task/task_runner/standard_task_runner.py:62 DeprecationWarning: This process (pid=416) is multi-threaded, use of fork() may lead to deadlocks in the child.
[2026-01-15T18:50:06.313+0000] {standard_task_runner.py:64} INFO - Started process 417 to run task
[2026-01-15T18:50:06.378+0000] {task_command.py:426} INFO - Running <TaskInstance: dag_a.branching_logic manual__2026-01-15T18:50:03.865649+00:00 [running]> on host 486b64c77b56
[2026-01-15T18:50:06.456+0000] {taskinstance.py:2648} INFO - Exporting env vars: AIRFLOW_CTX_DAG_OWNER='***' AIRFLOW_CTX_DAG_ID='dag_a' AIRFLOW_CTX_TASK_ID='branching_logic' AIRFLOW_CTX_EXECUTION_DATE='2026-01-15T18:50:03.865649+00:00' AIRFLOW_CTX_TRY_NUMBER='1' AIRFLOW_CTX_DAG_RUN_ID='manual__2026-01-15T18:50:03.865649+00:00'
[2026-01-15T18:50:06.457+0000] {taskinstance.py:430} INFO - ::endgroup::
[2026-01-15T18:50:06.467+0000] {baseoperator.py:400} WARNING - BranchPythonOperator.execute cannot be called outside TaskInstance!
[2026-01-15T18:50:06.468+0000] {python.py:237} INFO - Done. Returned value was: trigger_dag_b_task
[2026-01-15T18:50:06.469+0000] {branch.py:36} INFO - Branch into trigger_dag_b_task
[2026-01-15T18:50:06.469+0000] {skipmixin.py:178} INFO - Following branch trigger_dag_b_task
[2026-01-15T18:50:06.490+0000] {skipmixin.py:246} INFO - Skipping tasks [('skip_trigger', -1)]
[2026-01-15T18:50:06.514+0000] {taskinstance.py:441} INFO - ::group::Post task execution logs
[2026-01-15T18:50:06.534+0000] {taskinstance.py:1206} INFO - Marking task as SUCCESS. dag_id=dag_a, task_id=branching_logic, run_id=manual__2026-01-15T18:50:03.865649+00:00, execution_date=20260115T185003, start_date=20260115T185006, end_date=20260115T185006
[2026-01-15T18:50:06.568+0000] {local_task_job_runner.py:243} INFO - Task exited with return code 0
[2026-01-15T18:50:06.591+0000] {taskinstance.py:3503} INFO - 1 downstream tasks scheduled from follow-on schedule check
[2026-01-15T18:50:06.594+0000] {local_task_job_runner.py:222} INFO - ::endgroup::
