[2026-01-17T07:59:01.066+0000] {local_task_job_runner.py:120} INFO - ::group::Pre task execution logs
[2026-01-17T07:59:01.117+0000] {taskinstance.py:2076} INFO - Dependencies all met for dep_context=non-requeueable deps ti=<TaskInstance: master_dag_loop.check_and_trigger_job scheduled__2026-01-17T07:58:00+00:00 [queued]>
[2026-01-17T07:59:01.130+0000] {taskinstance.py:2076} INFO - Dependencies all met for dep_context=requeueable deps ti=<TaskInstance: master_dag_loop.check_and_trigger_job scheduled__2026-01-17T07:58:00+00:00 [queued]>
[2026-01-17T07:59:01.132+0000] {taskinstance.py:2306} INFO - Starting attempt 1 of 1
[2026-01-17T07:59:01.150+0000] {taskinstance.py:2330} INFO - Executing <Task(PythonOperator): check_and_trigger_job> on 2026-01-17 07:58:00+00:00
[2026-01-17T07:59:01.161+0000] {standard_task_runner.py:90} INFO - Running: ['***', 'tasks', 'run', 'master_dag_loop', 'check_and_trigger_job', 'scheduled__2026-01-17T07:58:00+00:00', '--job-id', '65', '--raw', '--subdir', 'DAGS_FOLDER/MasterDagLoop.py', '--cfg-path', '/tmp/tmp2_dcycpx']
[2026-01-17T07:59:01.166+0000] {logging_mixin.py:188} WARNING - /home/***/.local/lib/python3.12/site-packages/***/task/task_runner/standard_task_runner.py:62 DeprecationWarning: This process (pid=1918) is multi-threaded, use of fork() may lead to deadlocks in the child.
[2026-01-17T07:59:01.166+0000] {standard_task_runner.py:91} INFO - Job 65: Subtask check_and_trigger_job
[2026-01-17T07:59:01.167+0000] {standard_task_runner.py:64} INFO - Started process 1919 to run task
[2026-01-17T07:59:01.265+0000] {task_command.py:426} INFO - Running <TaskInstance: master_dag_loop.check_and_trigger_job scheduled__2026-01-17T07:58:00+00:00 [running]> on host 6fa7644da444
[2026-01-17T07:59:01.401+0000] {taskinstance.py:2648} INFO - Exporting env vars: AIRFLOW_CTX_DAG_OWNER='***' AIRFLOW_CTX_DAG_ID='master_dag_loop' AIRFLOW_CTX_TASK_ID='check_and_trigger_job' AIRFLOW_CTX_EXECUTION_DATE='2026-01-17T07:58:00+00:00' AIRFLOW_CTX_TRY_NUMBER='1' AIRFLOW_CTX_DAG_RUN_ID='scheduled__2026-01-17T07:58:00+00:00'
[2026-01-17T07:59:01.403+0000] {taskinstance.py:430} INFO - ::endgroup::
[2026-01-17T07:59:01.435+0000] {base.py:84} INFO - Using connection ID 'postgres_con' for task execution.
[2026-01-17T07:59:01.443+0000] {sql.py:495} INFO - Running statement: 
    SELECT job_id, dag_id 
    FROM job_control_queue 
    WHERE is_ready = TRUE 
    ORDER BY job_id ASC
    LIMIT 1
    , parameters: None
[2026-01-17T07:59:01.445+0000] {sql.py:504} INFO - Rows affected: 1
[2026-01-17T07:59:01.447+0000] {logging_mixin.py:188} INFO - Triggering job 2 for DAG select2
[2026-01-17T07:59:01.457+0000] {base.py:84} INFO - Using connection ID 'postgres_con' for task execution.
[2026-01-17T07:59:01.465+0000] {sql.py:495} INFO - Running statement: UPDATE job_control_queue SET is_ready = FALSE WHERE job_id = 2, parameters: None
[2026-01-17T07:59:01.467+0000] {sql.py:504} INFO - Rows affected: 1
[2026-01-17T07:59:01.470+0000] {baseoperator.py:400} WARNING - TriggerDagRunOperator.execute cannot be called outside TaskInstance!
[2026-01-17T07:59:01.565+0000] {trigger_dagrun.py:226} INFO - Waiting for select2 on 2026-01-17 07:59:01.471606+00:00 to become allowed state ['success'] ...
[2026-01-17T08:00:01.592+0000] {trigger_dagrun.py:239} INFO - select2 finished with allowed state success
[2026-01-17T08:00:01.606+0000] {base.py:84} INFO - Using connection ID 'postgres_con' for task execution.
[2026-01-17T08:00:01.615+0000] {sql.py:495} INFO - Running statement: UPDATE job_control_queue SET last_triggered = NOW() WHERE job_id = 2, parameters: None
[2026-01-17T08:00:01.618+0000] {sql.py:504} INFO - Rows affected: 1
[2026-01-17T08:00:01.621+0000] {python.py:237} INFO - Done. Returned value was: None
[2026-01-17T08:00:01.623+0000] {taskinstance.py:441} INFO - ::group::Post task execution logs
[2026-01-17T08:00:01.637+0000] {taskinstance.py:1206} INFO - Marking task as SUCCESS. dag_id=master_dag_loop, task_id=check_and_trigger_job, run_id=scheduled__2026-01-17T07:58:00+00:00, execution_date=20260117T075800, start_date=20260117T075901, end_date=20260117T080001
[2026-01-17T08:00:01.679+0000] {local_task_job_runner.py:243} INFO - Task exited with return code 0
[2026-01-17T08:00:01.706+0000] {taskinstance.py:3503} INFO - 0 downstream tasks scheduled from follow-on schedule check
[2026-01-17T08:00:01.710+0000] {local_task_job_runner.py:222} INFO - ::endgroup::
