[2026-01-16T18:43:14.798+0000] {local_task_job_runner.py:120} INFO - ::group::Pre task execution logs
[2026-01-16T18:43:14.847+0000] {taskinstance.py:2076} INFO - Dependencies all met for dep_context=non-requeueable deps ti=<TaskInstance: postgres_insert.create_table manual__2026-01-16T18:43:12.431885+00:00 [queued]>
[2026-01-16T18:43:14.860+0000] {taskinstance.py:2076} INFO - Dependencies all met for dep_context=requeueable deps ti=<TaskInstance: postgres_insert.create_table manual__2026-01-16T18:43:12.431885+00:00 [queued]>
[2026-01-16T18:43:14.863+0000] {taskinstance.py:2306} INFO - Starting attempt 1 of 1
[2026-01-16T18:43:14.880+0000] {taskinstance.py:2330} INFO - Executing <Task(PostgresOperator): create_table> on 2026-01-16 18:43:12.431885+00:00
[2026-01-16T18:43:14.894+0000] {standard_task_runner.py:90} INFO - Running: ['***', 'tasks', 'run', 'postgres_insert', 'create_table', 'manual__2026-01-16T18:43:12.431885+00:00', '--job-id', '41', '--raw', '--subdir', 'DAGS_FOLDER/ingest.py', '--cfg-path', '/tmp/tmp9moa2nfl']
[2026-01-16T18:43:14.900+0000] {standard_task_runner.py:91} INFO - Job 41: Subtask create_table
[2026-01-16T18:43:14.900+0000] {logging_mixin.py:188} WARNING - /home/***/.local/lib/python3.12/site-packages/***/task/task_runner/standard_task_runner.py:62 DeprecationWarning: This process (pid=188) is multi-threaded, use of fork() may lead to deadlocks in the child.
[2026-01-16T18:43:14.901+0000] {standard_task_runner.py:64} INFO - Started process 189 to run task
[2026-01-16T18:43:15.006+0000] {task_command.py:426} INFO - Running <TaskInstance: postgres_insert.create_table manual__2026-01-16T18:43:12.431885+00:00 [running]> on host 1dc616c26009
[2026-01-16T18:43:15.143+0000] {taskinstance.py:2648} INFO - Exporting env vars: AIRFLOW_CTX_DAG_OWNER='***' AIRFLOW_CTX_DAG_ID='postgres_insert' AIRFLOW_CTX_TASK_ID='create_table' AIRFLOW_CTX_EXECUTION_DATE='2026-01-16T18:43:12.431885+00:00' AIRFLOW_CTX_TRY_NUMBER='1' AIRFLOW_CTX_DAG_RUN_ID='manual__2026-01-16T18:43:12.431885+00:00'
[2026-01-16T18:43:15.145+0000] {taskinstance.py:430} INFO - ::endgroup::
[2026-01-16T18:43:15.214+0000] {sql.py:282} INFO - Executing: 
            CREATE TABLE IF NOT EXISTS staging_users (
                id SERIAL PRIMARY KEY,
                name VARCHAR(50),
                created_at TIMESTAMP DEFAULT CURRENT_TIMESTAMP
            );
        
[2026-01-16T18:43:15.229+0000] {taskinstance.py:441} INFO - ::group::Post task execution logs
[2026-01-16T18:43:15.242+0000] {taskinstance.py:2905} ERROR - Task failed with exception
Traceback (most recent call last):
  File "/home/airflow/.local/lib/python3.12/site-packages/airflow/models/taskinstance.py", line 465, in _execute_task
    result = _execute_callable(context=context, **execute_callable_kwargs)
             ^^^^^^^^^^^^^^^^^^^^^^^^^^^^^^^^^^^^^^^^^^^^^^^^^^^^^^^^^^^^^
  File "/home/airflow/.local/lib/python3.12/site-packages/airflow/models/taskinstance.py", line 432, in _execute_callable
    return execute_callable(context=context, **execute_callable_kwargs)
           ^^^^^^^^^^^^^^^^^^^^^^^^^^^^^^^^^^^^^^^^^^^^^^^^^^^^^^^^^^^^
  File "/home/airflow/.local/lib/python3.12/site-packages/airflow/models/baseoperator.py", line 401, in wrapper
    return func(self, *args, **kwargs)
           ^^^^^^^^^^^^^^^^^^^^^^^^^^^
  File "/home/airflow/.local/lib/python3.12/site-packages/airflow/providers/common/sql/operators/sql.py", line 283, in execute
    hook = self.get_db_hook()
           ^^^^^^^^^^^^^^^^^^
  File "/home/airflow/.local/lib/python3.12/site-packages/airflow/providers/common/sql/operators/sql.py", line 194, in get_db_hook
    return self._hook
           ^^^^^^^^^^
  File "/usr/local/lib/python3.12/functools.py", line 995, in __get__
    val = self.func(instance)
          ^^^^^^^^^^^^^^^^^^^
  File "/home/airflow/.local/lib/python3.12/site-packages/airflow/providers/common/sql/operators/sql.py", line 153, in _hook
    conn = BaseHook.get_connection(conn_id)
           ^^^^^^^^^^^^^^^^^^^^^^^^^^^^^^^^
  File "/home/airflow/.local/lib/python3.12/site-packages/airflow/hooks/base.py", line 83, in get_connection
    conn = Connection.get_connection_from_secrets(conn_id)
           ^^^^^^^^^^^^^^^^^^^^^^^^^^^^^^^^^^^^^^^^^^^^^^^
  File "/home/airflow/.local/lib/python3.12/site-packages/airflow/models/connection.py", line 519, in get_connection_from_secrets
    raise AirflowNotFoundException(f"The conn_id `{conn_id}` isn't defined")
airflow.exceptions.AirflowNotFoundException: The conn_id `postgres_ingest` isn't defined
[2026-01-16T18:43:15.249+0000] {taskinstance.py:1206} INFO - Marking task as FAILED. dag_id=postgres_insert, task_id=create_table, run_id=manual__2026-01-16T18:43:12.431885+00:00, execution_date=20260116T184312, start_date=20260116T184314, end_date=20260116T184315
[2026-01-16T18:43:15.269+0000] {standard_task_runner.py:110} ERROR - Failed to execute job 41 for task create_table (The conn_id `postgres_ingest` isn't defined; 189)
[2026-01-16T18:43:15.277+0000] {local_task_job_runner.py:243} INFO - Task exited with return code 1
[2026-01-16T18:43:15.296+0000] {logging_mixin.py:188} WARNING - /home/***/.local/lib/python3.12/site-packages/***/models/baseoperator.py:1297 AirflowProviderDeprecationWarning: Call to deprecated class PostgresOperator. (Please use `***.providers.common.sql.operators.sql.SQLExecuteQueryOperator`.Also, you can provide `hook_params={'schema': <database>}`.)
[2026-01-16T18:43:15.311+0000] {taskinstance.py:3503} INFO - 0 downstream tasks scheduled from follow-on schedule check
[2026-01-16T18:43:15.317+0000] {local_task_job_runner.py:222} INFO - ::endgroup::
