[2026-01-17T07:55:01.333+0000] {local_task_job_runner.py:120} INFO - ::group::Pre task execution logs
[2026-01-17T07:55:01.378+0000] {taskinstance.py:2076} INFO - Dependencies all met for dep_context=non-requeueable deps ti=<TaskInstance: master_dag_loop.check_and_trigger_job scheduled__2026-01-17T07:54:00+00:00 [queued]>
[2026-01-17T07:55:01.388+0000] {taskinstance.py:2076} INFO - Dependencies all met for dep_context=requeueable deps ti=<TaskInstance: master_dag_loop.check_and_trigger_job scheduled__2026-01-17T07:54:00+00:00 [queued]>
[2026-01-17T07:55:01.391+0000] {taskinstance.py:2306} INFO - Starting attempt 1 of 1
[2026-01-17T07:55:01.406+0000] {taskinstance.py:2330} INFO - Executing <Task(PythonOperator): check_and_trigger_job> on 2026-01-17 07:54:00+00:00
[2026-01-17T07:55:01.420+0000] {standard_task_runner.py:90} INFO - Running: ['***', 'tasks', 'run', 'master_dag_loop', 'check_and_trigger_job', 'scheduled__2026-01-17T07:54:00+00:00', '--job-id', '59', '--raw', '--subdir', 'DAGS_FOLDER/MasterDagLoop.py', '--cfg-path', '/tmp/tmpiqkp7ow0']
[2026-01-17T07:55:01.425+0000] {standard_task_runner.py:91} INFO - Job 59: Subtask check_and_trigger_job
[2026-01-17T07:55:01.425+0000] {logging_mixin.py:188} WARNING - /home/***/.local/lib/python3.12/site-packages/***/task/task_runner/standard_task_runner.py:62 DeprecationWarning: This process (pid=1801) is multi-threaded, use of fork() may lead to deadlocks in the child.
[2026-01-17T07:55:01.426+0000] {standard_task_runner.py:64} INFO - Started process 1802 to run task
[2026-01-17T07:55:01.516+0000] {task_command.py:426} INFO - Running <TaskInstance: master_dag_loop.check_and_trigger_job scheduled__2026-01-17T07:54:00+00:00 [running]> on host 6fa7644da444
[2026-01-17T07:55:01.638+0000] {taskinstance.py:2648} INFO - Exporting env vars: AIRFLOW_CTX_DAG_OWNER='***' AIRFLOW_CTX_DAG_ID='master_dag_loop' AIRFLOW_CTX_TASK_ID='check_and_trigger_job' AIRFLOW_CTX_EXECUTION_DATE='2026-01-17T07:54:00+00:00' AIRFLOW_CTX_TRY_NUMBER='1' AIRFLOW_CTX_DAG_RUN_ID='scheduled__2026-01-17T07:54:00+00:00'
[2026-01-17T07:55:01.641+0000] {taskinstance.py:430} INFO - ::endgroup::
[2026-01-17T07:55:01.669+0000] {base.py:84} INFO - Using connection ID 'postgres_con' for task execution.
[2026-01-17T07:55:01.677+0000] {sql.py:495} INFO - Running statement: 
    SELECT job_id, dag_id 
    FROM job_control_queue 
    WHERE is_ready = TRUE 
    ORDER BY job_id ASC
    LIMIT 1
    , parameters: None
[2026-01-17T07:55:01.680+0000] {sql.py:504} INFO - Rows affected: 0
[2026-01-17T07:55:01.682+0000] {logging_mixin.py:188} INFO - No jobs ready to run.
[2026-01-17T07:55:01.684+0000] {python.py:237} INFO - Done. Returned value was: None
[2026-01-17T07:55:01.685+0000] {taskinstance.py:441} INFO - ::group::Post task execution logs
[2026-01-17T07:55:01.697+0000] {taskinstance.py:1206} INFO - Marking task as SUCCESS. dag_id=master_dag_loop, task_id=check_and_trigger_job, run_id=scheduled__2026-01-17T07:54:00+00:00, execution_date=20260117T075400, start_date=20260117T075501, end_date=20260117T075501
[2026-01-17T07:55:01.722+0000] {local_task_job_runner.py:243} INFO - Task exited with return code 0
[2026-01-17T07:55:01.743+0000] {taskinstance.py:3503} INFO - 0 downstream tasks scheduled from follow-on schedule check
[2026-01-17T07:55:01.745+0000] {local_task_job_runner.py:222} INFO - ::endgroup::
