[2026-01-08T18:50:09.206+0000] {processor.py:161} INFO - Started process (PID=168) to work on /opt/airflow/dags/first-dag.py
[2026-01-08T18:50:09.207+0000] {processor.py:830} INFO - Processing file /opt/airflow/dags/first-dag.py for tasks to queue
[2026-01-08T18:50:09.210+0000] {logging_mixin.py:188} INFO - [2026-01-08T18:50:09.209+0000] {dagbag.py:545} INFO - Filling up the DagBag from /opt/airflow/dags/first-dag.py
[2026-01-08T18:50:09.241+0000] {processor.py:840} INFO - DAG(s) 'first_dag' retrieved from /opt/airflow/dags/first-dag.py
[2026-01-08T18:50:09.274+0000] {logging_mixin.py:188} INFO - [2026-01-08T18:50:09.274+0000] {dag.py:3089} INFO - Sync 1 DAGs
[2026-01-08T18:50:09.293+0000] {logging_mixin.py:188} INFO - [2026-01-08T18:50:09.293+0000] {dag.py:3947} INFO - Setting next_dagrun for first_dag to None, run_after=None
[2026-01-08T18:50:09.317+0000] {processor.py:183} INFO - Processing /opt/airflow/dags/first-dag.py took 0.117 seconds
[2026-01-08T18:50:39.536+0000] {processor.py:161} INFO - Started process (PID=173) to work on /opt/airflow/dags/first-dag.py
[2026-01-08T18:50:39.538+0000] {processor.py:830} INFO - Processing file /opt/airflow/dags/first-dag.py for tasks to queue
[2026-01-08T18:50:39.542+0000] {logging_mixin.py:188} INFO - [2026-01-08T18:50:39.541+0000] {dagbag.py:545} INFO - Filling up the DagBag from /opt/airflow/dags/first-dag.py
[2026-01-08T18:50:39.595+0000] {processor.py:840} INFO - DAG(s) 'first_dag' retrieved from /opt/airflow/dags/first-dag.py
[2026-01-08T18:50:40.034+0000] {logging_mixin.py:188} INFO - [2026-01-08T18:50:40.033+0000] {dag.py:3089} INFO - Sync 1 DAGs
[2026-01-08T18:50:40.061+0000] {logging_mixin.py:188} INFO - [2026-01-08T18:50:40.060+0000] {dag.py:3947} INFO - Setting next_dagrun for first_dag to None, run_after=None
[2026-01-08T18:50:40.099+0000] {processor.py:183} INFO - Processing /opt/airflow/dags/first-dag.py took 0.576 seconds
[2026-01-08T18:51:10.484+0000] {processor.py:161} INFO - Started process (PID=178) to work on /opt/airflow/dags/first-dag.py
[2026-01-08T18:51:10.486+0000] {processor.py:830} INFO - Processing file /opt/airflow/dags/first-dag.py for tasks to queue
[2026-01-08T18:51:10.489+0000] {logging_mixin.py:188} INFO - [2026-01-08T18:51:10.488+0000] {dagbag.py:545} INFO - Filling up the DagBag from /opt/airflow/dags/first-dag.py
[2026-01-08T18:51:10.516+0000] {processor.py:840} INFO - DAG(s) 'first_dag' retrieved from /opt/airflow/dags/first-dag.py
[2026-01-08T18:51:10.562+0000] {logging_mixin.py:188} INFO - [2026-01-08T18:51:10.562+0000] {dag.py:3089} INFO - Sync 1 DAGs
[2026-01-08T18:51:10.580+0000] {logging_mixin.py:188} INFO - [2026-01-08T18:51:10.579+0000] {dag.py:3947} INFO - Setting next_dagrun for first_dag to None, run_after=None
[2026-01-08T18:51:10.609+0000] {processor.py:183} INFO - Processing /opt/airflow/dags/first-dag.py took 0.140 seconds
[2026-01-08T18:51:40.856+0000] {processor.py:161} INFO - Started process (PID=183) to work on /opt/airflow/dags/first-dag.py
[2026-01-08T18:51:40.858+0000] {processor.py:830} INFO - Processing file /opt/airflow/dags/first-dag.py for tasks to queue
[2026-01-08T18:51:40.862+0000] {logging_mixin.py:188} INFO - [2026-01-08T18:51:40.861+0000] {dagbag.py:545} INFO - Filling up the DagBag from /opt/airflow/dags/first-dag.py
[2026-01-08T18:51:40.908+0000] {processor.py:840} INFO - DAG(s) 'first_dag' retrieved from /opt/airflow/dags/first-dag.py
[2026-01-08T18:51:40.972+0000] {logging_mixin.py:188} INFO - [2026-01-08T18:51:40.972+0000] {dag.py:3089} INFO - Sync 1 DAGs
[2026-01-08T18:51:40.994+0000] {logging_mixin.py:188} INFO - [2026-01-08T18:51:40.994+0000] {dag.py:3947} INFO - Setting next_dagrun for first_dag to None, run_after=None
[2026-01-08T18:51:41.034+0000] {processor.py:183} INFO - Processing /opt/airflow/dags/first-dag.py took 0.189 seconds
[2026-01-08T18:52:11.203+0000] {processor.py:161} INFO - Started process (PID=188) to work on /opt/airflow/dags/first-dag.py
[2026-01-08T18:52:11.205+0000] {processor.py:830} INFO - Processing file /opt/airflow/dags/first-dag.py for tasks to queue
[2026-01-08T18:52:11.209+0000] {logging_mixin.py:188} INFO - [2026-01-08T18:52:11.208+0000] {dagbag.py:545} INFO - Filling up the DagBag from /opt/airflow/dags/first-dag.py
[2026-01-08T18:52:11.251+0000] {processor.py:840} INFO - DAG(s) 'first_dag' retrieved from /opt/airflow/dags/first-dag.py
[2026-01-08T18:52:11.296+0000] {logging_mixin.py:188} INFO - [2026-01-08T18:52:11.296+0000] {dag.py:3089} INFO - Sync 1 DAGs
[2026-01-08T18:52:11.314+0000] {logging_mixin.py:188} INFO - [2026-01-08T18:52:11.314+0000] {dag.py:3947} INFO - Setting next_dagrun for first_dag to None, run_after=None
[2026-01-08T18:52:11.340+0000] {processor.py:183} INFO - Processing /opt/airflow/dags/first-dag.py took 0.148 seconds
[2026-01-08T18:52:41.602+0000] {processor.py:161} INFO - Started process (PID=193) to work on /opt/airflow/dags/first-dag.py
[2026-01-08T18:52:41.604+0000] {processor.py:830} INFO - Processing file /opt/airflow/dags/first-dag.py for tasks to queue
[2026-01-08T18:52:41.608+0000] {logging_mixin.py:188} INFO - [2026-01-08T18:52:41.607+0000] {dagbag.py:545} INFO - Filling up the DagBag from /opt/airflow/dags/first-dag.py
[2026-01-08T18:52:41.644+0000] {processor.py:840} INFO - DAG(s) 'first_dag' retrieved from /opt/airflow/dags/first-dag.py
[2026-01-08T18:52:41.710+0000] {logging_mixin.py:188} INFO - [2026-01-08T18:52:41.709+0000] {dag.py:3089} INFO - Sync 1 DAGs
[2026-01-08T18:52:41.730+0000] {logging_mixin.py:188} INFO - [2026-01-08T18:52:41.729+0000] {dag.py:3947} INFO - Setting next_dagrun for first_dag to None, run_after=None
[2026-01-08T18:52:41.760+0000] {processor.py:183} INFO - Processing /opt/airflow/dags/first-dag.py took 0.169 seconds
[2026-01-08T18:53:11.952+0000] {processor.py:161} INFO - Started process (PID=198) to work on /opt/airflow/dags/first-dag.py
[2026-01-08T18:53:11.954+0000] {processor.py:830} INFO - Processing file /opt/airflow/dags/first-dag.py for tasks to queue
[2026-01-08T18:53:11.958+0000] {logging_mixin.py:188} INFO - [2026-01-08T18:53:11.958+0000] {dagbag.py:545} INFO - Filling up the DagBag from /opt/airflow/dags/first-dag.py
[2026-01-08T18:53:12.007+0000] {processor.py:840} INFO - DAG(s) 'first_dag' retrieved from /opt/airflow/dags/first-dag.py
[2026-01-08T18:53:12.055+0000] {logging_mixin.py:188} INFO - [2026-01-08T18:53:12.055+0000] {dag.py:3089} INFO - Sync 1 DAGs
[2026-01-08T18:53:12.074+0000] {logging_mixin.py:188} INFO - [2026-01-08T18:53:12.074+0000] {dag.py:3947} INFO - Setting next_dagrun for first_dag to None, run_after=None
[2026-01-08T18:53:12.110+0000] {processor.py:183} INFO - Processing /opt/airflow/dags/first-dag.py took 0.168 seconds
[2026-01-08T18:53:42.357+0000] {processor.py:161} INFO - Started process (PID=203) to work on /opt/airflow/dags/first-dag.py
[2026-01-08T18:53:42.361+0000] {processor.py:830} INFO - Processing file /opt/airflow/dags/first-dag.py for tasks to queue
[2026-01-08T18:53:42.364+0000] {logging_mixin.py:188} INFO - [2026-01-08T18:53:42.364+0000] {dagbag.py:545} INFO - Filling up the DagBag from /opt/airflow/dags/first-dag.py
[2026-01-08T18:53:42.409+0000] {processor.py:840} INFO - DAG(s) 'first_dag' retrieved from /opt/airflow/dags/first-dag.py
[2026-01-08T18:53:42.464+0000] {logging_mixin.py:188} INFO - [2026-01-08T18:53:42.464+0000] {dag.py:3089} INFO - Sync 1 DAGs
[2026-01-08T18:53:42.488+0000] {logging_mixin.py:188} INFO - [2026-01-08T18:53:42.487+0000] {dag.py:3947} INFO - Setting next_dagrun for first_dag to None, run_after=None
[2026-01-08T18:53:42.528+0000] {processor.py:183} INFO - Processing /opt/airflow/dags/first-dag.py took 0.180 seconds
[2026-01-08T18:54:12.734+0000] {processor.py:161} INFO - Started process (PID=208) to work on /opt/airflow/dags/first-dag.py
[2026-01-08T18:54:12.739+0000] {processor.py:830} INFO - Processing file /opt/airflow/dags/first-dag.py for tasks to queue
[2026-01-08T18:54:12.744+0000] {logging_mixin.py:188} INFO - [2026-01-08T18:54:12.743+0000] {dagbag.py:545} INFO - Filling up the DagBag from /opt/airflow/dags/first-dag.py
[2026-01-08T18:54:12.785+0000] {processor.py:840} INFO - DAG(s) 'first_dag' retrieved from /opt/airflow/dags/first-dag.py
[2026-01-08T18:54:12.829+0000] {logging_mixin.py:188} INFO - [2026-01-08T18:54:12.829+0000] {dag.py:3089} INFO - Sync 1 DAGs
[2026-01-08T18:54:12.848+0000] {logging_mixin.py:188} INFO - [2026-01-08T18:54:12.847+0000] {dag.py:3947} INFO - Setting next_dagrun for first_dag to None, run_after=None
[2026-01-08T18:54:12.880+0000] {processor.py:183} INFO - Processing /opt/airflow/dags/first-dag.py took 0.160 seconds
[2026-01-08T18:54:43.133+0000] {processor.py:161} INFO - Started process (PID=213) to work on /opt/airflow/dags/first-dag.py
[2026-01-08T18:54:43.135+0000] {processor.py:830} INFO - Processing file /opt/airflow/dags/first-dag.py for tasks to queue
[2026-01-08T18:54:43.139+0000] {logging_mixin.py:188} INFO - [2026-01-08T18:54:43.138+0000] {dagbag.py:545} INFO - Filling up the DagBag from /opt/airflow/dags/first-dag.py
[2026-01-08T18:54:43.179+0000] {processor.py:840} INFO - DAG(s) 'first_dag' retrieved from /opt/airflow/dags/first-dag.py
[2026-01-08T18:54:43.233+0000] {logging_mixin.py:188} INFO - [2026-01-08T18:54:43.232+0000] {dag.py:3089} INFO - Sync 1 DAGs
[2026-01-08T18:54:43.257+0000] {logging_mixin.py:188} INFO - [2026-01-08T18:54:43.257+0000] {dag.py:3947} INFO - Setting next_dagrun for first_dag to None, run_after=None
[2026-01-08T18:54:43.296+0000] {processor.py:183} INFO - Processing /opt/airflow/dags/first-dag.py took 0.173 seconds
[2026-01-08T18:55:13.660+0000] {processor.py:161} INFO - Started process (PID=223) to work on /opt/airflow/dags/first-dag.py
[2026-01-08T18:55:13.662+0000] {processor.py:830} INFO - Processing file /opt/airflow/dags/first-dag.py for tasks to queue
[2026-01-08T18:55:13.667+0000] {logging_mixin.py:188} INFO - [2026-01-08T18:55:13.666+0000] {dagbag.py:545} INFO - Filling up the DagBag from /opt/airflow/dags/first-dag.py
[2026-01-08T18:55:13.702+0000] {processor.py:840} INFO - DAG(s) 'first_dag' retrieved from /opt/airflow/dags/first-dag.py
[2026-01-08T18:55:13.745+0000] {logging_mixin.py:188} INFO - [2026-01-08T18:55:13.745+0000] {dag.py:3089} INFO - Sync 1 DAGs
[2026-01-08T18:55:13.775+0000] {logging_mixin.py:188} INFO - [2026-01-08T18:55:13.775+0000] {dag.py:3947} INFO - Setting next_dagrun for first_dag to None, run_after=None
[2026-01-08T18:55:13.816+0000] {processor.py:183} INFO - Processing /opt/airflow/dags/first-dag.py took 0.169 seconds
[2026-01-08T18:55:44.214+0000] {processor.py:161} INFO - Started process (PID=233) to work on /opt/airflow/dags/first-dag.py
[2026-01-08T18:55:44.215+0000] {processor.py:830} INFO - Processing file /opt/airflow/dags/first-dag.py for tasks to queue
[2026-01-08T18:55:44.219+0000] {logging_mixin.py:188} INFO - [2026-01-08T18:55:44.218+0000] {dagbag.py:545} INFO - Filling up the DagBag from /opt/airflow/dags/first-dag.py
[2026-01-08T18:55:44.244+0000] {processor.py:840} INFO - DAG(s) 'first_dag' retrieved from /opt/airflow/dags/first-dag.py
[2026-01-08T18:55:44.280+0000] {logging_mixin.py:188} INFO - [2026-01-08T18:55:44.279+0000] {dag.py:3089} INFO - Sync 1 DAGs
[2026-01-08T18:55:44.301+0000] {logging_mixin.py:188} INFO - [2026-01-08T18:55:44.301+0000] {dag.py:3947} INFO - Setting next_dagrun for first_dag to None, run_after=None
[2026-01-08T18:55:44.343+0000] {processor.py:183} INFO - Processing /opt/airflow/dags/first-dag.py took 0.137 seconds
[2026-01-08T18:56:14.791+0000] {processor.py:161} INFO - Started process (PID=243) to work on /opt/airflow/dags/first-dag.py
[2026-01-08T18:56:14.793+0000] {processor.py:830} INFO - Processing file /opt/airflow/dags/first-dag.py for tasks to queue
[2026-01-08T18:56:14.796+0000] {logging_mixin.py:188} INFO - [2026-01-08T18:56:14.796+0000] {dagbag.py:545} INFO - Filling up the DagBag from /opt/airflow/dags/first-dag.py
[2026-01-08T18:56:14.837+0000] {processor.py:840} INFO - DAG(s) 'first_dag' retrieved from /opt/airflow/dags/first-dag.py
[2026-01-08T18:56:14.879+0000] {logging_mixin.py:188} INFO - [2026-01-08T18:56:14.878+0000] {dag.py:3089} INFO - Sync 1 DAGs
[2026-01-08T18:56:14.898+0000] {logging_mixin.py:188} INFO - [2026-01-08T18:56:14.898+0000] {dag.py:3947} INFO - Setting next_dagrun for first_dag to None, run_after=None
[2026-01-08T18:56:14.936+0000] {processor.py:183} INFO - Processing /opt/airflow/dags/first-dag.py took 0.154 seconds
[2026-01-08T18:56:45.316+0000] {processor.py:161} INFO - Started process (PID=253) to work on /opt/airflow/dags/first-dag.py
[2026-01-08T18:56:45.318+0000] {processor.py:830} INFO - Processing file /opt/airflow/dags/first-dag.py for tasks to queue
[2026-01-08T18:56:45.322+0000] {logging_mixin.py:188} INFO - [2026-01-08T18:56:45.321+0000] {dagbag.py:545} INFO - Filling up the DagBag from /opt/airflow/dags/first-dag.py
[2026-01-08T18:56:45.352+0000] {processor.py:840} INFO - DAG(s) 'first_dag' retrieved from /opt/airflow/dags/first-dag.py
[2026-01-08T18:56:45.397+0000] {logging_mixin.py:188} INFO - [2026-01-08T18:56:45.396+0000] {dag.py:3089} INFO - Sync 1 DAGs
[2026-01-08T18:56:45.422+0000] {logging_mixin.py:188} INFO - [2026-01-08T18:56:45.422+0000] {dag.py:3947} INFO - Setting next_dagrun for first_dag to None, run_after=None
[2026-01-08T18:56:45.455+0000] {processor.py:183} INFO - Processing /opt/airflow/dags/first-dag.py took 0.149 seconds
[2026-01-08T18:57:15.874+0000] {processor.py:161} INFO - Started process (PID=263) to work on /opt/airflow/dags/first-dag.py
[2026-01-08T18:57:15.876+0000] {processor.py:830} INFO - Processing file /opt/airflow/dags/first-dag.py for tasks to queue
[2026-01-08T18:57:15.879+0000] {logging_mixin.py:188} INFO - [2026-01-08T18:57:15.878+0000] {dagbag.py:545} INFO - Filling up the DagBag from /opt/airflow/dags/first-dag.py
[2026-01-08T18:57:15.922+0000] {processor.py:840} INFO - DAG(s) 'first_dag' retrieved from /opt/airflow/dags/first-dag.py
[2026-01-08T18:57:15.975+0000] {logging_mixin.py:188} INFO - [2026-01-08T18:57:15.975+0000] {dag.py:3089} INFO - Sync 1 DAGs
[2026-01-08T18:57:16.000+0000] {logging_mixin.py:188} INFO - [2026-01-08T18:57:15.999+0000] {dag.py:3947} INFO - Setting next_dagrun for first_dag to None, run_after=None
[2026-01-08T18:57:16.033+0000] {processor.py:183} INFO - Processing /opt/airflow/dags/first-dag.py took 0.169 seconds
[2026-01-08T18:57:46.435+0000] {processor.py:161} INFO - Started process (PID=273) to work on /opt/airflow/dags/first-dag.py
[2026-01-08T18:57:46.436+0000] {processor.py:830} INFO - Processing file /opt/airflow/dags/first-dag.py for tasks to queue
[2026-01-08T18:57:46.439+0000] {logging_mixin.py:188} INFO - [2026-01-08T18:57:46.438+0000] {dagbag.py:545} INFO - Filling up the DagBag from /opt/airflow/dags/first-dag.py
[2026-01-08T18:57:46.461+0000] {processor.py:840} INFO - DAG(s) 'first_dag' retrieved from /opt/airflow/dags/first-dag.py
[2026-01-08T18:57:46.493+0000] {logging_mixin.py:188} INFO - [2026-01-08T18:57:46.492+0000] {dag.py:3089} INFO - Sync 1 DAGs
[2026-01-08T18:57:46.509+0000] {logging_mixin.py:188} INFO - [2026-01-08T18:57:46.509+0000] {dag.py:3947} INFO - Setting next_dagrun for first_dag to None, run_after=None
[2026-01-08T18:57:46.549+0000] {processor.py:183} INFO - Processing /opt/airflow/dags/first-dag.py took 0.121 seconds
[2026-01-08T18:58:17.014+0000] {processor.py:161} INFO - Started process (PID=283) to work on /opt/airflow/dags/first-dag.py
[2026-01-08T18:58:17.016+0000] {processor.py:830} INFO - Processing file /opt/airflow/dags/first-dag.py for tasks to queue
[2026-01-08T18:58:17.020+0000] {logging_mixin.py:188} INFO - [2026-01-08T18:58:17.019+0000] {dagbag.py:545} INFO - Filling up the DagBag from /opt/airflow/dags/first-dag.py
[2026-01-08T18:58:17.062+0000] {processor.py:840} INFO - DAG(s) 'first_dag' retrieved from /opt/airflow/dags/first-dag.py
[2026-01-08T18:58:17.113+0000] {logging_mixin.py:188} INFO - [2026-01-08T18:58:17.112+0000] {dag.py:3089} INFO - Sync 1 DAGs
[2026-01-08T18:58:17.146+0000] {logging_mixin.py:188} INFO - [2026-01-08T18:58:17.145+0000] {dag.py:3947} INFO - Setting next_dagrun for first_dag to None, run_after=None
[2026-01-08T18:58:17.185+0000] {processor.py:183} INFO - Processing /opt/airflow/dags/first-dag.py took 0.183 seconds
[2026-01-08T18:58:47.613+0000] {processor.py:161} INFO - Started process (PID=293) to work on /opt/airflow/dags/first-dag.py
[2026-01-08T18:58:47.615+0000] {processor.py:830} INFO - Processing file /opt/airflow/dags/first-dag.py for tasks to queue
[2026-01-08T18:58:47.619+0000] {logging_mixin.py:188} INFO - [2026-01-08T18:58:47.618+0000] {dagbag.py:545} INFO - Filling up the DagBag from /opt/airflow/dags/first-dag.py
[2026-01-08T18:58:47.653+0000] {processor.py:840} INFO - DAG(s) 'first_dag' retrieved from /opt/airflow/dags/first-dag.py
[2026-01-08T18:58:47.706+0000] {logging_mixin.py:188} INFO - [2026-01-08T18:58:47.705+0000] {dag.py:3089} INFO - Sync 1 DAGs
[2026-01-08T18:58:47.732+0000] {logging_mixin.py:188} INFO - [2026-01-08T18:58:47.732+0000] {dag.py:3947} INFO - Setting next_dagrun for first_dag to None, run_after=None
[2026-01-08T18:58:47.781+0000] {processor.py:183} INFO - Processing /opt/airflow/dags/first-dag.py took 0.179 seconds
[2026-01-08T18:59:18.215+0000] {processor.py:161} INFO - Started process (PID=303) to work on /opt/airflow/dags/first-dag.py
[2026-01-08T18:59:18.217+0000] {processor.py:830} INFO - Processing file /opt/airflow/dags/first-dag.py for tasks to queue
[2026-01-08T18:59:18.219+0000] {logging_mixin.py:188} INFO - [2026-01-08T18:59:18.219+0000] {dagbag.py:545} INFO - Filling up the DagBag from /opt/airflow/dags/first-dag.py
[2026-01-08T18:59:18.262+0000] {processor.py:840} INFO - DAG(s) 'first_dag' retrieved from /opt/airflow/dags/first-dag.py
[2026-01-08T18:59:18.301+0000] {logging_mixin.py:188} INFO - [2026-01-08T18:59:18.301+0000] {dag.py:3089} INFO - Sync 1 DAGs
[2026-01-08T18:59:18.322+0000] {logging_mixin.py:188} INFO - [2026-01-08T18:59:18.322+0000] {dag.py:3947} INFO - Setting next_dagrun for first_dag to None, run_after=None
[2026-01-08T18:59:18.357+0000] {processor.py:183} INFO - Processing /opt/airflow/dags/first-dag.py took 0.153 seconds
[2026-01-08T18:59:29.385+0000] {processor.py:161} INFO - Started process (PID=308) to work on /opt/airflow/dags/first-dag.py
[2026-01-08T18:59:29.387+0000] {processor.py:830} INFO - Processing file /opt/airflow/dags/first-dag.py for tasks to queue
[2026-01-08T18:59:29.389+0000] {logging_mixin.py:188} INFO - [2026-01-08T18:59:29.389+0000] {dagbag.py:545} INFO - Filling up the DagBag from /opt/airflow/dags/first-dag.py
[2026-01-08T18:59:29.426+0000] {processor.py:840} INFO - DAG(s) 'first_dag' retrieved from /opt/airflow/dags/first-dag.py
[2026-01-08T18:59:29.584+0000] {logging_mixin.py:188} INFO - [2026-01-08T18:59:29.584+0000] {dag.py:3089} INFO - Sync 1 DAGs
[2026-01-08T18:59:29.600+0000] {logging_mixin.py:188} INFO - [2026-01-08T18:59:29.599+0000] {dag.py:3947} INFO - Setting next_dagrun for first_dag to None, run_after=None
[2026-01-08T18:59:29.646+0000] {processor.py:183} INFO - Processing /opt/airflow/dags/first-dag.py took 0.269 seconds
[2026-01-08T19:00:00.066+0000] {processor.py:161} INFO - Started process (PID=318) to work on /opt/airflow/dags/first-dag.py
[2026-01-08T19:00:00.068+0000] {processor.py:830} INFO - Processing file /opt/airflow/dags/first-dag.py for tasks to queue
[2026-01-08T19:00:00.071+0000] {logging_mixin.py:188} INFO - [2026-01-08T19:00:00.071+0000] {dagbag.py:545} INFO - Filling up the DagBag from /opt/airflow/dags/first-dag.py
[2026-01-08T19:00:00.111+0000] {processor.py:840} INFO - DAG(s) 'first_dag' retrieved from /opt/airflow/dags/first-dag.py
[2026-01-08T19:00:00.153+0000] {logging_mixin.py:188} INFO - [2026-01-08T19:00:00.153+0000] {dag.py:3089} INFO - Sync 1 DAGs
[2026-01-08T19:00:00.177+0000] {logging_mixin.py:188} INFO - [2026-01-08T19:00:00.175+0000] {dag.py:3947} INFO - Setting next_dagrun for first_dag to None, run_after=None
[2026-01-08T19:00:00.214+0000] {processor.py:183} INFO - Processing /opt/airflow/dags/first-dag.py took 0.157 seconds
[2026-01-08T19:00:30.813+0000] {processor.py:161} INFO - Started process (PID=333) to work on /opt/airflow/dags/first-dag.py
[2026-01-08T19:00:30.814+0000] {processor.py:830} INFO - Processing file /opt/airflow/dags/first-dag.py for tasks to queue
[2026-01-08T19:00:30.817+0000] {logging_mixin.py:188} INFO - [2026-01-08T19:00:30.817+0000] {dagbag.py:545} INFO - Filling up the DagBag from /opt/airflow/dags/first-dag.py
[2026-01-08T19:00:30.855+0000] {processor.py:840} INFO - DAG(s) 'first_dag' retrieved from /opt/airflow/dags/first-dag.py
[2026-01-08T19:00:30.888+0000] {logging_mixin.py:188} INFO - [2026-01-08T19:00:30.888+0000] {dag.py:3089} INFO - Sync 1 DAGs
[2026-01-08T19:00:30.906+0000] {logging_mixin.py:188} INFO - [2026-01-08T19:00:30.906+0000] {dag.py:3947} INFO - Setting next_dagrun for first_dag to None, run_after=None
[2026-01-08T19:00:30.938+0000] {processor.py:183} INFO - Processing /opt/airflow/dags/first-dag.py took 0.133 seconds
[2026-01-08T19:01:01.505+0000] {processor.py:161} INFO - Started process (PID=343) to work on /opt/airflow/dags/first-dag.py
[2026-01-08T19:01:01.507+0000] {processor.py:830} INFO - Processing file /opt/airflow/dags/first-dag.py for tasks to queue
[2026-01-08T19:01:01.511+0000] {logging_mixin.py:188} INFO - [2026-01-08T19:01:01.510+0000] {dagbag.py:545} INFO - Filling up the DagBag from /opt/airflow/dags/first-dag.py
[2026-01-08T19:01:01.544+0000] {processor.py:840} INFO - DAG(s) 'first_dag' retrieved from /opt/airflow/dags/first-dag.py
[2026-01-08T19:01:01.579+0000] {logging_mixin.py:188} INFO - [2026-01-08T19:01:01.579+0000] {dag.py:3089} INFO - Sync 1 DAGs
[2026-01-08T19:01:01.600+0000] {logging_mixin.py:188} INFO - [2026-01-08T19:01:01.599+0000] {dag.py:3947} INFO - Setting next_dagrun for first_dag to None, run_after=None
[2026-01-08T19:01:01.629+0000] {processor.py:183} INFO - Processing /opt/airflow/dags/first-dag.py took 0.132 seconds
[2026-01-08T19:01:32.067+0000] {processor.py:161} INFO - Started process (PID=353) to work on /opt/airflow/dags/first-dag.py
[2026-01-08T19:01:32.069+0000] {processor.py:830} INFO - Processing file /opt/airflow/dags/first-dag.py for tasks to queue
[2026-01-08T19:01:32.072+0000] {logging_mixin.py:188} INFO - [2026-01-08T19:01:32.071+0000] {dagbag.py:545} INFO - Filling up the DagBag from /opt/airflow/dags/first-dag.py
[2026-01-08T19:01:32.118+0000] {processor.py:840} INFO - DAG(s) 'first_dag' retrieved from /opt/airflow/dags/first-dag.py
[2026-01-08T19:01:32.160+0000] {logging_mixin.py:188} INFO - [2026-01-08T19:01:32.160+0000] {dag.py:3089} INFO - Sync 1 DAGs
[2026-01-08T19:01:32.181+0000] {logging_mixin.py:188} INFO - [2026-01-08T19:01:32.181+0000] {dag.py:3947} INFO - Setting next_dagrun for first_dag to None, run_after=None
[2026-01-08T19:01:32.221+0000] {processor.py:183} INFO - Processing /opt/airflow/dags/first-dag.py took 0.163 seconds
[2026-01-08T19:02:02.816+0000] {processor.py:161} INFO - Started process (PID=363) to work on /opt/airflow/dags/first-dag.py
[2026-01-08T19:02:02.817+0000] {processor.py:830} INFO - Processing file /opt/airflow/dags/first-dag.py for tasks to queue
[2026-01-08T19:02:02.821+0000] {logging_mixin.py:188} INFO - [2026-01-08T19:02:02.820+0000] {dagbag.py:545} INFO - Filling up the DagBag from /opt/airflow/dags/first-dag.py
[2026-01-08T19:02:02.860+0000] {processor.py:840} INFO - DAG(s) 'first_dag' retrieved from /opt/airflow/dags/first-dag.py
[2026-01-08T19:02:02.895+0000] {logging_mixin.py:188} INFO - [2026-01-08T19:02:02.895+0000] {dag.py:3089} INFO - Sync 1 DAGs
[2026-01-08T19:02:02.917+0000] {logging_mixin.py:188} INFO - [2026-01-08T19:02:02.916+0000] {dag.py:3947} INFO - Setting next_dagrun for first_dag to None, run_after=None
[2026-01-08T19:02:02.950+0000] {processor.py:183} INFO - Processing /opt/airflow/dags/first-dag.py took 0.144 seconds
[2026-01-08T19:02:33.386+0000] {processor.py:161} INFO - Started process (PID=373) to work on /opt/airflow/dags/first-dag.py
[2026-01-08T19:02:33.388+0000] {processor.py:830} INFO - Processing file /opt/airflow/dags/first-dag.py for tasks to queue
[2026-01-08T19:02:33.390+0000] {logging_mixin.py:188} INFO - [2026-01-08T19:02:33.390+0000] {dagbag.py:545} INFO - Filling up the DagBag from /opt/airflow/dags/first-dag.py
[2026-01-08T19:02:33.431+0000] {processor.py:840} INFO - DAG(s) 'first_dag' retrieved from /opt/airflow/dags/first-dag.py
[2026-01-08T19:02:33.466+0000] {logging_mixin.py:188} INFO - [2026-01-08T19:02:33.465+0000] {dag.py:3089} INFO - Sync 1 DAGs
[2026-01-08T19:02:33.495+0000] {logging_mixin.py:188} INFO - [2026-01-08T19:02:33.495+0000] {dag.py:3947} INFO - Setting next_dagrun for first_dag to None, run_after=None
[2026-01-08T19:02:33.524+0000] {processor.py:183} INFO - Processing /opt/airflow/dags/first-dag.py took 0.145 seconds
[2026-01-08T19:03:03.957+0000] {processor.py:161} INFO - Started process (PID=383) to work on /opt/airflow/dags/first-dag.py
[2026-01-08T19:03:03.959+0000] {processor.py:830} INFO - Processing file /opt/airflow/dags/first-dag.py for tasks to queue
[2026-01-08T19:03:03.961+0000] {logging_mixin.py:188} INFO - [2026-01-08T19:03:03.961+0000] {dagbag.py:545} INFO - Filling up the DagBag from /opt/airflow/dags/first-dag.py
[2026-01-08T19:03:04.008+0000] {processor.py:840} INFO - DAG(s) 'first_dag' retrieved from /opt/airflow/dags/first-dag.py
[2026-01-08T19:03:04.053+0000] {logging_mixin.py:188} INFO - [2026-01-08T19:03:04.052+0000] {dag.py:3089} INFO - Sync 1 DAGs
[2026-01-08T19:03:04.075+0000] {logging_mixin.py:188} INFO - [2026-01-08T19:03:04.075+0000] {dag.py:3947} INFO - Setting next_dagrun for first_dag to None, run_after=None
[2026-01-08T19:03:04.114+0000] {processor.py:183} INFO - Processing /opt/airflow/dags/first-dag.py took 0.167 seconds
[2026-01-08T19:03:34.505+0000] {processor.py:161} INFO - Started process (PID=393) to work on /opt/airflow/dags/first-dag.py
[2026-01-08T19:03:34.507+0000] {processor.py:830} INFO - Processing file /opt/airflow/dags/first-dag.py for tasks to queue
[2026-01-08T19:03:34.510+0000] {logging_mixin.py:188} INFO - [2026-01-08T19:03:34.509+0000] {dagbag.py:545} INFO - Filling up the DagBag from /opt/airflow/dags/first-dag.py
[2026-01-08T19:03:34.537+0000] {processor.py:840} INFO - DAG(s) 'first_dag' retrieved from /opt/airflow/dags/first-dag.py
[2026-01-08T19:03:34.597+0000] {logging_mixin.py:188} INFO - [2026-01-08T19:03:34.596+0000] {dag.py:3089} INFO - Sync 1 DAGs
[2026-01-08T19:03:34.623+0000] {logging_mixin.py:188} INFO - [2026-01-08T19:03:34.623+0000] {dag.py:3947} INFO - Setting next_dagrun for first_dag to None, run_after=None
[2026-01-08T19:03:34.650+0000] {processor.py:183} INFO - Processing /opt/airflow/dags/first-dag.py took 0.154 seconds
[2026-01-08T19:04:05.048+0000] {processor.py:161} INFO - Started process (PID=405) to work on /opt/airflow/dags/first-dag.py
[2026-01-08T19:04:05.050+0000] {processor.py:830} INFO - Processing file /opt/airflow/dags/first-dag.py for tasks to queue
[2026-01-08T19:04:05.054+0000] {logging_mixin.py:188} INFO - [2026-01-08T19:04:05.054+0000] {dagbag.py:545} INFO - Filling up the DagBag from /opt/airflow/dags/first-dag.py
[2026-01-08T19:04:05.092+0000] {processor.py:840} INFO - DAG(s) 'first_dag' retrieved from /opt/airflow/dags/first-dag.py
[2026-01-08T19:04:05.124+0000] {logging_mixin.py:188} INFO - [2026-01-08T19:04:05.124+0000] {dag.py:3089} INFO - Sync 1 DAGs
[2026-01-08T19:04:05.143+0000] {logging_mixin.py:188} INFO - [2026-01-08T19:04:05.143+0000] {dag.py:3947} INFO - Setting next_dagrun for first_dag to None, run_after=None
[2026-01-08T19:04:05.176+0000] {processor.py:183} INFO - Processing /opt/airflow/dags/first-dag.py took 0.138 seconds
[2026-01-08T19:04:35.598+0000] {processor.py:161} INFO - Started process (PID=415) to work on /opt/airflow/dags/first-dag.py
[2026-01-08T19:04:35.600+0000] {processor.py:830} INFO - Processing file /opt/airflow/dags/first-dag.py for tasks to queue
[2026-01-08T19:04:35.605+0000] {logging_mixin.py:188} INFO - [2026-01-08T19:04:35.604+0000] {dagbag.py:545} INFO - Filling up the DagBag from /opt/airflow/dags/first-dag.py
[2026-01-08T19:04:35.648+0000] {processor.py:840} INFO - DAG(s) 'first_dag' retrieved from /opt/airflow/dags/first-dag.py
[2026-01-08T19:04:35.686+0000] {logging_mixin.py:188} INFO - [2026-01-08T19:04:35.685+0000] {dag.py:3089} INFO - Sync 1 DAGs
[2026-01-08T19:04:35.705+0000] {logging_mixin.py:188} INFO - [2026-01-08T19:04:35.704+0000] {dag.py:3947} INFO - Setting next_dagrun for first_dag to None, run_after=None
[2026-01-08T19:04:35.738+0000] {processor.py:183} INFO - Processing /opt/airflow/dags/first-dag.py took 0.151 seconds
[2026-01-08T19:05:06.175+0000] {processor.py:161} INFO - Started process (PID=427) to work on /opt/airflow/dags/first-dag.py
[2026-01-08T19:05:06.177+0000] {processor.py:830} INFO - Processing file /opt/airflow/dags/first-dag.py for tasks to queue
[2026-01-08T19:05:06.182+0000] {logging_mixin.py:188} INFO - [2026-01-08T19:05:06.181+0000] {dagbag.py:545} INFO - Filling up the DagBag from /opt/airflow/dags/first-dag.py
[2026-01-08T19:05:06.232+0000] {processor.py:840} INFO - DAG(s) 'first_dag' retrieved from /opt/airflow/dags/first-dag.py
[2026-01-08T19:05:06.268+0000] {logging_mixin.py:188} INFO - [2026-01-08T19:05:06.267+0000] {dag.py:3089} INFO - Sync 1 DAGs
[2026-01-08T19:05:06.287+0000] {logging_mixin.py:188} INFO - [2026-01-08T19:05:06.286+0000] {dag.py:3947} INFO - Setting next_dagrun for first_dag to None, run_after=None
[2026-01-08T19:05:06.321+0000] {processor.py:183} INFO - Processing /opt/airflow/dags/first-dag.py took 0.156 seconds
[2026-01-08T19:05:36.829+0000] {processor.py:161} INFO - Started process (PID=439) to work on /opt/airflow/dags/first-dag.py
[2026-01-08T19:05:36.830+0000] {processor.py:830} INFO - Processing file /opt/airflow/dags/first-dag.py for tasks to queue
[2026-01-08T19:05:36.834+0000] {logging_mixin.py:188} INFO - [2026-01-08T19:05:36.833+0000] {dagbag.py:545} INFO - Filling up the DagBag from /opt/airflow/dags/first-dag.py
[2026-01-08T19:05:36.867+0000] {processor.py:840} INFO - DAG(s) 'first_dag' retrieved from /opt/airflow/dags/first-dag.py
[2026-01-08T19:05:36.899+0000] {logging_mixin.py:188} INFO - [2026-01-08T19:05:36.898+0000] {dag.py:3089} INFO - Sync 1 DAGs
[2026-01-08T19:05:36.918+0000] {logging_mixin.py:188} INFO - [2026-01-08T19:05:36.918+0000] {dag.py:3947} INFO - Setting next_dagrun for first_dag to None, run_after=None
[2026-01-08T19:05:36.951+0000] {processor.py:183} INFO - Processing /opt/airflow/dags/first-dag.py took 0.131 seconds
[2026-01-08T19:06:07.473+0000] {processor.py:161} INFO - Started process (PID=449) to work on /opt/airflow/dags/first-dag.py
[2026-01-08T19:06:07.475+0000] {processor.py:830} INFO - Processing file /opt/airflow/dags/first-dag.py for tasks to queue
[2026-01-08T19:06:07.478+0000] {logging_mixin.py:188} INFO - [2026-01-08T19:06:07.478+0000] {dagbag.py:545} INFO - Filling up the DagBag from /opt/airflow/dags/first-dag.py
[2026-01-08T19:06:07.507+0000] {processor.py:840} INFO - DAG(s) 'first_dag' retrieved from /opt/airflow/dags/first-dag.py
[2026-01-08T19:06:07.541+0000] {logging_mixin.py:188} INFO - [2026-01-08T19:06:07.541+0000] {dag.py:3089} INFO - Sync 1 DAGs
[2026-01-08T19:06:07.562+0000] {logging_mixin.py:188} INFO - [2026-01-08T19:06:07.562+0000] {dag.py:3947} INFO - Setting next_dagrun for first_dag to None, run_after=None
[2026-01-08T19:06:07.591+0000] {processor.py:183} INFO - Processing /opt/airflow/dags/first-dag.py took 0.138 seconds
[2026-01-08T19:06:38.028+0000] {processor.py:161} INFO - Started process (PID=459) to work on /opt/airflow/dags/first-dag.py
[2026-01-08T19:06:38.032+0000] {processor.py:830} INFO - Processing file /opt/airflow/dags/first-dag.py for tasks to queue
[2026-01-08T19:06:38.037+0000] {logging_mixin.py:188} INFO - [2026-01-08T19:06:38.036+0000] {dagbag.py:545} INFO - Filling up the DagBag from /opt/airflow/dags/first-dag.py
[2026-01-08T19:06:38.076+0000] {processor.py:840} INFO - DAG(s) 'first_dag' retrieved from /opt/airflow/dags/first-dag.py
[2026-01-08T19:06:38.110+0000] {logging_mixin.py:188} INFO - [2026-01-08T19:06:38.110+0000] {dag.py:3089} INFO - Sync 1 DAGs
[2026-01-08T19:06:38.131+0000] {logging_mixin.py:188} INFO - [2026-01-08T19:06:38.130+0000] {dag.py:3947} INFO - Setting next_dagrun for first_dag to None, run_after=None
[2026-01-08T19:06:38.162+0000] {processor.py:183} INFO - Processing /opt/airflow/dags/first-dag.py took 0.143 seconds
[2026-01-08T19:07:08.623+0000] {processor.py:161} INFO - Started process (PID=469) to work on /opt/airflow/dags/first-dag.py
[2026-01-08T19:07:08.626+0000] {processor.py:830} INFO - Processing file /opt/airflow/dags/first-dag.py for tasks to queue
[2026-01-08T19:07:08.629+0000] {logging_mixin.py:188} INFO - [2026-01-08T19:07:08.628+0000] {dagbag.py:545} INFO - Filling up the DagBag from /opt/airflow/dags/first-dag.py
[2026-01-08T19:07:08.672+0000] {processor.py:840} INFO - DAG(s) 'first_dag' retrieved from /opt/airflow/dags/first-dag.py
[2026-01-08T19:07:08.709+0000] {logging_mixin.py:188} INFO - [2026-01-08T19:07:08.709+0000] {dag.py:3089} INFO - Sync 1 DAGs
[2026-01-08T19:07:08.728+0000] {logging_mixin.py:188} INFO - [2026-01-08T19:07:08.728+0000] {dag.py:3947} INFO - Setting next_dagrun for first_dag to None, run_after=None
[2026-01-08T19:07:08.761+0000] {processor.py:183} INFO - Processing /opt/airflow/dags/first-dag.py took 0.148 seconds
[2026-01-08T19:07:39.190+0000] {processor.py:161} INFO - Started process (PID=479) to work on /opt/airflow/dags/first-dag.py
[2026-01-08T19:07:39.193+0000] {processor.py:830} INFO - Processing file /opt/airflow/dags/first-dag.py for tasks to queue
[2026-01-08T19:07:39.197+0000] {logging_mixin.py:188} INFO - [2026-01-08T19:07:39.196+0000] {dagbag.py:545} INFO - Filling up the DagBag from /opt/airflow/dags/first-dag.py
[2026-01-08T19:07:39.224+0000] {processor.py:840} INFO - DAG(s) 'first_dag' retrieved from /opt/airflow/dags/first-dag.py
[2026-01-08T19:07:39.257+0000] {logging_mixin.py:188} INFO - [2026-01-08T19:07:39.257+0000] {dag.py:3089} INFO - Sync 1 DAGs
[2026-01-08T19:07:39.276+0000] {logging_mixin.py:188} INFO - [2026-01-08T19:07:39.276+0000] {dag.py:3947} INFO - Setting next_dagrun for first_dag to None, run_after=None
[2026-01-08T19:07:39.308+0000] {processor.py:183} INFO - Processing /opt/airflow/dags/first-dag.py took 0.128 seconds
[2026-01-08T19:08:09.722+0000] {processor.py:161} INFO - Started process (PID=489) to work on /opt/airflow/dags/first-dag.py
[2026-01-08T19:08:09.724+0000] {processor.py:830} INFO - Processing file /opt/airflow/dags/first-dag.py for tasks to queue
[2026-01-08T19:08:09.727+0000] {logging_mixin.py:188} INFO - [2026-01-08T19:08:09.727+0000] {dagbag.py:545} INFO - Filling up the DagBag from /opt/airflow/dags/first-dag.py
[2026-01-08T19:08:09.774+0000] {processor.py:840} INFO - DAG(s) 'first_dag' retrieved from /opt/airflow/dags/first-dag.py
[2026-01-08T19:08:09.812+0000] {logging_mixin.py:188} INFO - [2026-01-08T19:08:09.812+0000] {dag.py:3089} INFO - Sync 1 DAGs
[2026-01-08T19:08:09.835+0000] {logging_mixin.py:188} INFO - [2026-01-08T19:08:09.835+0000] {dag.py:3947} INFO - Setting next_dagrun for first_dag to None, run_after=None
[2026-01-08T19:08:09.876+0000] {processor.py:183} INFO - Processing /opt/airflow/dags/first-dag.py took 0.163 seconds
[2026-01-08T19:08:40.284+0000] {processor.py:161} INFO - Started process (PID=499) to work on /opt/airflow/dags/first-dag.py
[2026-01-08T19:08:40.286+0000] {processor.py:830} INFO - Processing file /opt/airflow/dags/first-dag.py for tasks to queue
[2026-01-08T19:08:40.289+0000] {logging_mixin.py:188} INFO - [2026-01-08T19:08:40.289+0000] {dagbag.py:545} INFO - Filling up the DagBag from /opt/airflow/dags/first-dag.py
[2026-01-08T19:08:40.332+0000] {processor.py:840} INFO - DAG(s) 'first_dag' retrieved from /opt/airflow/dags/first-dag.py
[2026-01-08T19:08:40.365+0000] {logging_mixin.py:188} INFO - [2026-01-08T19:08:40.365+0000] {dag.py:3089} INFO - Sync 1 DAGs
[2026-01-08T19:08:40.383+0000] {logging_mixin.py:188} INFO - [2026-01-08T19:08:40.383+0000] {dag.py:3947} INFO - Setting next_dagrun for first_dag to None, run_after=None
[2026-01-08T19:08:40.417+0000] {processor.py:183} INFO - Processing /opt/airflow/dags/first-dag.py took 0.140 seconds
[2026-01-08T19:09:10.821+0000] {processor.py:161} INFO - Started process (PID=509) to work on /opt/airflow/dags/first-dag.py
[2026-01-08T19:09:10.823+0000] {processor.py:830} INFO - Processing file /opt/airflow/dags/first-dag.py for tasks to queue
[2026-01-08T19:09:10.826+0000] {logging_mixin.py:188} INFO - [2026-01-08T19:09:10.826+0000] {dagbag.py:545} INFO - Filling up the DagBag from /opt/airflow/dags/first-dag.py
[2026-01-08T19:09:10.860+0000] {processor.py:840} INFO - DAG(s) 'first_dag' retrieved from /opt/airflow/dags/first-dag.py
[2026-01-08T19:09:10.898+0000] {logging_mixin.py:188} INFO - [2026-01-08T19:09:10.898+0000] {dag.py:3089} INFO - Sync 1 DAGs
[2026-01-08T19:09:10.922+0000] {logging_mixin.py:188} INFO - [2026-01-08T19:09:10.921+0000] {dag.py:3947} INFO - Setting next_dagrun for first_dag to None, run_after=None
[2026-01-08T19:09:10.954+0000] {processor.py:183} INFO - Processing /opt/airflow/dags/first-dag.py took 0.144 seconds
[2026-01-08T19:09:41.370+0000] {processor.py:161} INFO - Started process (PID=519) to work on /opt/airflow/dags/first-dag.py
[2026-01-08T19:09:41.372+0000] {processor.py:830} INFO - Processing file /opt/airflow/dags/first-dag.py for tasks to queue
[2026-01-08T19:09:41.375+0000] {logging_mixin.py:188} INFO - [2026-01-08T19:09:41.374+0000] {dagbag.py:545} INFO - Filling up the DagBag from /opt/airflow/dags/first-dag.py
[2026-01-08T19:09:41.418+0000] {processor.py:840} INFO - DAG(s) 'first_dag' retrieved from /opt/airflow/dags/first-dag.py
[2026-01-08T19:09:41.460+0000] {logging_mixin.py:188} INFO - [2026-01-08T19:09:41.460+0000] {dag.py:3089} INFO - Sync 1 DAGs
[2026-01-08T19:09:41.480+0000] {logging_mixin.py:188} INFO - [2026-01-08T19:09:41.480+0000] {dag.py:3947} INFO - Setting next_dagrun for first_dag to None, run_after=None
[2026-01-08T19:09:41.508+0000] {processor.py:183} INFO - Processing /opt/airflow/dags/first-dag.py took 0.147 seconds
[2026-01-08T19:10:12.015+0000] {processor.py:161} INFO - Started process (PID=529) to work on /opt/airflow/dags/first-dag.py
[2026-01-08T19:10:12.026+0000] {processor.py:830} INFO - Processing file /opt/airflow/dags/first-dag.py for tasks to queue
[2026-01-08T19:10:12.049+0000] {logging_mixin.py:188} INFO - [2026-01-08T19:10:12.048+0000] {dagbag.py:545} INFO - Filling up the DagBag from /opt/airflow/dags/first-dag.py
[2026-01-08T19:10:12.169+0000] {processor.py:840} INFO - DAG(s) 'first_dag' retrieved from /opt/airflow/dags/first-dag.py
[2026-01-08T19:10:12.220+0000] {logging_mixin.py:188} INFO - [2026-01-08T19:10:12.220+0000] {dag.py:3089} INFO - Sync 1 DAGs
[2026-01-08T19:10:12.238+0000] {logging_mixin.py:188} INFO - [2026-01-08T19:10:12.238+0000] {dag.py:3947} INFO - Setting next_dagrun for first_dag to None, run_after=None
[2026-01-08T19:10:12.264+0000] {processor.py:183} INFO - Processing /opt/airflow/dags/first-dag.py took 0.264 seconds
[2026-01-08T19:10:42.463+0000] {processor.py:161} INFO - Started process (PID=539) to work on /opt/airflow/dags/first-dag.py
[2026-01-08T19:10:42.465+0000] {processor.py:830} INFO - Processing file /opt/airflow/dags/first-dag.py for tasks to queue
[2026-01-08T19:10:42.469+0000] {logging_mixin.py:188} INFO - [2026-01-08T19:10:42.469+0000] {dagbag.py:545} INFO - Filling up the DagBag from /opt/airflow/dags/first-dag.py
[2026-01-08T19:10:42.502+0000] {processor.py:840} INFO - DAG(s) 'first_dag' retrieved from /opt/airflow/dags/first-dag.py
[2026-01-08T19:10:42.535+0000] {logging_mixin.py:188} INFO - [2026-01-08T19:10:42.535+0000] {dag.py:3089} INFO - Sync 1 DAGs
[2026-01-08T19:10:42.556+0000] {logging_mixin.py:188} INFO - [2026-01-08T19:10:42.555+0000] {dag.py:3947} INFO - Setting next_dagrun for first_dag to None, run_after=None
[2026-01-08T19:10:42.584+0000] {processor.py:183} INFO - Processing /opt/airflow/dags/first-dag.py took 0.131 seconds
[2026-01-08T19:11:12.995+0000] {processor.py:161} INFO - Started process (PID=549) to work on /opt/airflow/dags/first-dag.py
[2026-01-08T19:11:12.997+0000] {processor.py:830} INFO - Processing file /opt/airflow/dags/first-dag.py for tasks to queue
[2026-01-08T19:11:13.001+0000] {logging_mixin.py:188} INFO - [2026-01-08T19:11:13.000+0000] {dagbag.py:545} INFO - Filling up the DagBag from /opt/airflow/dags/first-dag.py
[2026-01-08T19:11:13.036+0000] {processor.py:840} INFO - DAG(s) 'first_dag' retrieved from /opt/airflow/dags/first-dag.py
[2026-01-08T19:11:13.076+0000] {logging_mixin.py:188} INFO - [2026-01-08T19:11:13.075+0000] {dag.py:3089} INFO - Sync 1 DAGs
[2026-01-08T19:11:13.097+0000] {logging_mixin.py:188} INFO - [2026-01-08T19:11:13.096+0000] {dag.py:3947} INFO - Setting next_dagrun for first_dag to None, run_after=None
[2026-01-08T19:11:13.132+0000] {processor.py:183} INFO - Processing /opt/airflow/dags/first-dag.py took 0.148 seconds
[2026-01-08T19:11:43.556+0000] {processor.py:161} INFO - Started process (PID=559) to work on /opt/airflow/dags/first-dag.py
[2026-01-08T19:11:43.558+0000] {processor.py:830} INFO - Processing file /opt/airflow/dags/first-dag.py for tasks to queue
[2026-01-08T19:11:43.562+0000] {logging_mixin.py:188} INFO - [2026-01-08T19:11:43.561+0000] {dagbag.py:545} INFO - Filling up the DagBag from /opt/airflow/dags/first-dag.py
[2026-01-08T19:11:43.601+0000] {processor.py:840} INFO - DAG(s) 'first_dag' retrieved from /opt/airflow/dags/first-dag.py
[2026-01-08T19:11:43.633+0000] {logging_mixin.py:188} INFO - [2026-01-08T19:11:43.633+0000] {dag.py:3089} INFO - Sync 1 DAGs
[2026-01-08T19:11:43.654+0000] {logging_mixin.py:188} INFO - [2026-01-08T19:11:43.654+0000] {dag.py:3947} INFO - Setting next_dagrun for first_dag to None, run_after=None
[2026-01-08T19:11:43.683+0000] {processor.py:183} INFO - Processing /opt/airflow/dags/first-dag.py took 0.134 seconds
[2026-01-08T19:12:14.113+0000] {processor.py:161} INFO - Started process (PID=569) to work on /opt/airflow/dags/first-dag.py
[2026-01-08T19:12:14.114+0000] {processor.py:830} INFO - Processing file /opt/airflow/dags/first-dag.py for tasks to queue
[2026-01-08T19:12:14.119+0000] {logging_mixin.py:188} INFO - [2026-01-08T19:12:14.118+0000] {dagbag.py:545} INFO - Filling up the DagBag from /opt/airflow/dags/first-dag.py
[2026-01-08T19:12:14.151+0000] {processor.py:840} INFO - DAG(s) 'first_dag' retrieved from /opt/airflow/dags/first-dag.py
[2026-01-08T19:12:14.177+0000] {logging_mixin.py:188} INFO - [2026-01-08T19:12:14.177+0000] {dag.py:3089} INFO - Sync 1 DAGs
[2026-01-08T19:12:14.194+0000] {logging_mixin.py:188} INFO - [2026-01-08T19:12:14.193+0000] {dag.py:3947} INFO - Setting next_dagrun for first_dag to None, run_after=None
[2026-01-08T19:12:14.223+0000] {processor.py:183} INFO - Processing /opt/airflow/dags/first-dag.py took 0.119 seconds
[2026-01-08T19:12:44.633+0000] {processor.py:161} INFO - Started process (PID=579) to work on /opt/airflow/dags/first-dag.py
[2026-01-08T19:12:44.635+0000] {processor.py:830} INFO - Processing file /opt/airflow/dags/first-dag.py for tasks to queue
[2026-01-08T19:12:44.639+0000] {logging_mixin.py:188} INFO - [2026-01-08T19:12:44.638+0000] {dagbag.py:545} INFO - Filling up the DagBag from /opt/airflow/dags/first-dag.py
[2026-01-08T19:12:44.684+0000] {processor.py:840} INFO - DAG(s) 'first_dag' retrieved from /opt/airflow/dags/first-dag.py
[2026-01-08T19:12:44.717+0000] {logging_mixin.py:188} INFO - [2026-01-08T19:12:44.716+0000] {dag.py:3089} INFO - Sync 1 DAGs
[2026-01-08T19:12:44.736+0000] {logging_mixin.py:188} INFO - [2026-01-08T19:12:44.736+0000] {dag.py:3947} INFO - Setting next_dagrun for first_dag to None, run_after=None
[2026-01-08T19:12:44.771+0000] {processor.py:183} INFO - Processing /opt/airflow/dags/first-dag.py took 0.145 seconds
[2026-01-08T19:13:15.179+0000] {processor.py:161} INFO - Started process (PID=589) to work on /opt/airflow/dags/first-dag.py
[2026-01-08T19:13:15.181+0000] {processor.py:830} INFO - Processing file /opt/airflow/dags/first-dag.py for tasks to queue
[2026-01-08T19:13:15.184+0000] {logging_mixin.py:188} INFO - [2026-01-08T19:13:15.184+0000] {dagbag.py:545} INFO - Filling up the DagBag from /opt/airflow/dags/first-dag.py
[2026-01-08T19:13:15.212+0000] {processor.py:840} INFO - DAG(s) 'first_dag' retrieved from /opt/airflow/dags/first-dag.py
[2026-01-08T19:13:15.252+0000] {logging_mixin.py:188} INFO - [2026-01-08T19:13:15.252+0000] {dag.py:3089} INFO - Sync 1 DAGs
[2026-01-08T19:13:15.269+0000] {logging_mixin.py:188} INFO - [2026-01-08T19:13:15.269+0000] {dag.py:3947} INFO - Setting next_dagrun for first_dag to None, run_after=None
[2026-01-08T19:13:15.294+0000] {processor.py:183} INFO - Processing /opt/airflow/dags/first-dag.py took 0.137 seconds
[2026-01-08T19:13:45.623+0000] {processor.py:161} INFO - Started process (PID=599) to work on /opt/airflow/dags/first-dag.py
[2026-01-08T19:13:45.624+0000] {processor.py:830} INFO - Processing file /opt/airflow/dags/first-dag.py for tasks to queue
[2026-01-08T19:13:45.627+0000] {logging_mixin.py:188} INFO - [2026-01-08T19:13:45.626+0000] {dagbag.py:545} INFO - Filling up the DagBag from /opt/airflow/dags/first-dag.py
[2026-01-08T19:13:45.650+0000] {processor.py:840} INFO - DAG(s) 'first_dag' retrieved from /opt/airflow/dags/first-dag.py
[2026-01-08T19:13:45.680+0000] {logging_mixin.py:188} INFO - [2026-01-08T19:13:45.679+0000] {dag.py:3089} INFO - Sync 1 DAGs
[2026-01-08T19:13:45.698+0000] {logging_mixin.py:188} INFO - [2026-01-08T19:13:45.697+0000] {dag.py:3947} INFO - Setting next_dagrun for first_dag to None, run_after=None
[2026-01-08T19:13:45.725+0000] {processor.py:183} INFO - Processing /opt/airflow/dags/first-dag.py took 0.111 seconds
[2026-01-08T19:14:16.073+0000] {processor.py:161} INFO - Started process (PID=609) to work on /opt/airflow/dags/first-dag.py
[2026-01-08T19:14:16.075+0000] {processor.py:830} INFO - Processing file /opt/airflow/dags/first-dag.py for tasks to queue
[2026-01-08T19:14:16.079+0000] {logging_mixin.py:188} INFO - [2026-01-08T19:14:16.078+0000] {dagbag.py:545} INFO - Filling up the DagBag from /opt/airflow/dags/first-dag.py
[2026-01-08T19:14:16.116+0000] {processor.py:840} INFO - DAG(s) 'first_dag' retrieved from /opt/airflow/dags/first-dag.py
[2026-01-08T19:14:16.153+0000] {logging_mixin.py:188} INFO - [2026-01-08T19:14:16.153+0000] {dag.py:3089} INFO - Sync 1 DAGs
[2026-01-08T19:14:16.179+0000] {logging_mixin.py:188} INFO - [2026-01-08T19:14:16.179+0000] {dag.py:3947} INFO - Setting next_dagrun for first_dag to None, run_after=None
[2026-01-08T19:14:16.236+0000] {processor.py:183} INFO - Processing /opt/airflow/dags/first-dag.py took 0.171 seconds
[2026-01-08T19:14:46.644+0000] {processor.py:161} INFO - Started process (PID=619) to work on /opt/airflow/dags/first-dag.py
[2026-01-08T19:14:46.646+0000] {processor.py:830} INFO - Processing file /opt/airflow/dags/first-dag.py for tasks to queue
[2026-01-08T19:14:46.649+0000] {logging_mixin.py:188} INFO - [2026-01-08T19:14:46.648+0000] {dagbag.py:545} INFO - Filling up the DagBag from /opt/airflow/dags/first-dag.py
[2026-01-08T19:14:46.689+0000] {processor.py:840} INFO - DAG(s) 'first_dag' retrieved from /opt/airflow/dags/first-dag.py
[2026-01-08T19:14:46.724+0000] {logging_mixin.py:188} INFO - [2026-01-08T19:14:46.724+0000] {dag.py:3089} INFO - Sync 1 DAGs
[2026-01-08T19:14:46.743+0000] {logging_mixin.py:188} INFO - [2026-01-08T19:14:46.743+0000] {dag.py:3947} INFO - Setting next_dagrun for first_dag to None, run_after=None
[2026-01-08T19:14:46.773+0000] {processor.py:183} INFO - Processing /opt/airflow/dags/first-dag.py took 0.137 seconds
[2026-01-08T19:15:17.223+0000] {processor.py:161} INFO - Started process (PID=629) to work on /opt/airflow/dags/first-dag.py
[2026-01-08T19:15:17.225+0000] {processor.py:830} INFO - Processing file /opt/airflow/dags/first-dag.py for tasks to queue
[2026-01-08T19:15:17.227+0000] {logging_mixin.py:188} INFO - [2026-01-08T19:15:17.227+0000] {dagbag.py:545} INFO - Filling up the DagBag from /opt/airflow/dags/first-dag.py
[2026-01-08T19:15:17.274+0000] {processor.py:840} INFO - DAG(s) 'first_dag' retrieved from /opt/airflow/dags/first-dag.py
[2026-01-08T19:15:17.304+0000] {logging_mixin.py:188} INFO - [2026-01-08T19:15:17.304+0000] {dag.py:3089} INFO - Sync 1 DAGs
[2026-01-08T19:15:17.324+0000] {logging_mixin.py:188} INFO - [2026-01-08T19:15:17.324+0000] {dag.py:3947} INFO - Setting next_dagrun for first_dag to None, run_after=None
[2026-01-08T19:15:17.351+0000] {processor.py:183} INFO - Processing /opt/airflow/dags/first-dag.py took 0.136 seconds
[2026-01-08T19:15:47.663+0000] {processor.py:161} INFO - Started process (PID=639) to work on /opt/airflow/dags/first-dag.py
[2026-01-08T19:15:47.665+0000] {processor.py:830} INFO - Processing file /opt/airflow/dags/first-dag.py for tasks to queue
[2026-01-08T19:15:47.667+0000] {logging_mixin.py:188} INFO - [2026-01-08T19:15:47.667+0000] {dagbag.py:545} INFO - Filling up the DagBag from /opt/airflow/dags/first-dag.py
[2026-01-08T19:15:47.687+0000] {processor.py:840} INFO - DAG(s) 'first_dag' retrieved from /opt/airflow/dags/first-dag.py
[2026-01-08T19:15:47.715+0000] {logging_mixin.py:188} INFO - [2026-01-08T19:15:47.715+0000] {dag.py:3089} INFO - Sync 1 DAGs
[2026-01-08T19:15:47.731+0000] {logging_mixin.py:188} INFO - [2026-01-08T19:15:47.731+0000] {dag.py:3947} INFO - Setting next_dagrun for first_dag to None, run_after=None
[2026-01-08T19:15:47.760+0000] {processor.py:183} INFO - Processing /opt/airflow/dags/first-dag.py took 0.105 seconds
[2026-01-08T19:16:18.171+0000] {processor.py:161} INFO - Started process (PID=649) to work on /opt/airflow/dags/first-dag.py
[2026-01-08T19:16:18.173+0000] {processor.py:830} INFO - Processing file /opt/airflow/dags/first-dag.py for tasks to queue
[2026-01-08T19:16:18.176+0000] {logging_mixin.py:188} INFO - [2026-01-08T19:16:18.176+0000] {dagbag.py:545} INFO - Filling up the DagBag from /opt/airflow/dags/first-dag.py
[2026-01-08T19:16:18.217+0000] {processor.py:840} INFO - DAG(s) 'first_dag' retrieved from /opt/airflow/dags/first-dag.py
[2026-01-08T19:16:18.244+0000] {logging_mixin.py:188} INFO - [2026-01-08T19:16:18.244+0000] {dag.py:3089} INFO - Sync 1 DAGs
[2026-01-08T19:16:18.264+0000] {logging_mixin.py:188} INFO - [2026-01-08T19:16:18.264+0000] {dag.py:3947} INFO - Setting next_dagrun for first_dag to None, run_after=None
[2026-01-08T19:16:18.291+0000] {processor.py:183} INFO - Processing /opt/airflow/dags/first-dag.py took 0.127 seconds
[2026-01-08T19:16:48.667+0000] {processor.py:161} INFO - Started process (PID=659) to work on /opt/airflow/dags/first-dag.py
[2026-01-08T19:16:48.669+0000] {processor.py:830} INFO - Processing file /opt/airflow/dags/first-dag.py for tasks to queue
[2026-01-08T19:16:48.673+0000] {logging_mixin.py:188} INFO - [2026-01-08T19:16:48.672+0000] {dagbag.py:545} INFO - Filling up the DagBag from /opt/airflow/dags/first-dag.py
[2026-01-08T19:16:48.718+0000] {processor.py:840} INFO - DAG(s) 'first_dag' retrieved from /opt/airflow/dags/first-dag.py
[2026-01-08T19:16:48.755+0000] {logging_mixin.py:188} INFO - [2026-01-08T19:16:48.755+0000] {dag.py:3089} INFO - Sync 1 DAGs
[2026-01-08T19:16:48.775+0000] {logging_mixin.py:188} INFO - [2026-01-08T19:16:48.775+0000] {dag.py:3947} INFO - Setting next_dagrun for first_dag to None, run_after=None
[2026-01-08T19:16:48.810+0000] {processor.py:183} INFO - Processing /opt/airflow/dags/first-dag.py took 0.151 seconds
[2026-01-08T19:17:19.195+0000] {processor.py:161} INFO - Started process (PID=669) to work on /opt/airflow/dags/first-dag.py
[2026-01-08T19:17:19.197+0000] {processor.py:830} INFO - Processing file /opt/airflow/dags/first-dag.py for tasks to queue
[2026-01-08T19:17:19.201+0000] {logging_mixin.py:188} INFO - [2026-01-08T19:17:19.200+0000] {dagbag.py:545} INFO - Filling up the DagBag from /opt/airflow/dags/first-dag.py
[2026-01-08T19:17:19.239+0000] {processor.py:840} INFO - DAG(s) 'first_dag' retrieved from /opt/airflow/dags/first-dag.py
[2026-01-08T19:17:19.272+0000] {logging_mixin.py:188} INFO - [2026-01-08T19:17:19.272+0000] {dag.py:3089} INFO - Sync 1 DAGs
[2026-01-08T19:17:19.290+0000] {logging_mixin.py:188} INFO - [2026-01-08T19:17:19.289+0000] {dag.py:3947} INFO - Setting next_dagrun for first_dag to None, run_after=None
[2026-01-08T19:17:19.314+0000] {processor.py:183} INFO - Processing /opt/airflow/dags/first-dag.py took 0.127 seconds
[2026-01-08T19:17:49.650+0000] {processor.py:161} INFO - Started process (PID=679) to work on /opt/airflow/dags/first-dag.py
[2026-01-08T19:17:49.652+0000] {processor.py:830} INFO - Processing file /opt/airflow/dags/first-dag.py for tasks to queue
[2026-01-08T19:17:49.655+0000] {logging_mixin.py:188} INFO - [2026-01-08T19:17:49.655+0000] {dagbag.py:545} INFO - Filling up the DagBag from /opt/airflow/dags/first-dag.py
[2026-01-08T19:17:49.687+0000] {processor.py:840} INFO - DAG(s) 'first_dag' retrieved from /opt/airflow/dags/first-dag.py
[2026-01-08T19:17:49.724+0000] {logging_mixin.py:188} INFO - [2026-01-08T19:17:49.723+0000] {dag.py:3089} INFO - Sync 1 DAGs
[2026-01-08T19:17:49.743+0000] {logging_mixin.py:188} INFO - [2026-01-08T19:17:49.743+0000] {dag.py:3947} INFO - Setting next_dagrun for first_dag to None, run_after=None
[2026-01-08T19:17:49.777+0000] {processor.py:183} INFO - Processing /opt/airflow/dags/first-dag.py took 0.136 seconds
[2026-01-08T19:18:20.158+0000] {processor.py:161} INFO - Started process (PID=689) to work on /opt/airflow/dags/first-dag.py
[2026-01-08T19:18:20.160+0000] {processor.py:830} INFO - Processing file /opt/airflow/dags/first-dag.py for tasks to queue
[2026-01-08T19:18:20.163+0000] {logging_mixin.py:188} INFO - [2026-01-08T19:18:20.163+0000] {dagbag.py:545} INFO - Filling up the DagBag from /opt/airflow/dags/first-dag.py
[2026-01-08T19:18:20.207+0000] {processor.py:840} INFO - DAG(s) 'first_dag' retrieved from /opt/airflow/dags/first-dag.py
[2026-01-08T19:18:20.241+0000] {logging_mixin.py:188} INFO - [2026-01-08T19:18:20.241+0000] {dag.py:3089} INFO - Sync 1 DAGs
[2026-01-08T19:18:20.260+0000] {logging_mixin.py:188} INFO - [2026-01-08T19:18:20.260+0000] {dag.py:3947} INFO - Setting next_dagrun for first_dag to None, run_after=None
[2026-01-08T19:18:20.288+0000] {processor.py:183} INFO - Processing /opt/airflow/dags/first-dag.py took 0.137 seconds
[2026-01-08T19:18:50.667+0000] {processor.py:161} INFO - Started process (PID=699) to work on /opt/airflow/dags/first-dag.py
[2026-01-08T19:18:50.669+0000] {processor.py:830} INFO - Processing file /opt/airflow/dags/first-dag.py for tasks to queue
[2026-01-08T19:18:50.671+0000] {logging_mixin.py:188} INFO - [2026-01-08T19:18:50.671+0000] {dagbag.py:545} INFO - Filling up the DagBag from /opt/airflow/dags/first-dag.py
[2026-01-08T19:18:50.704+0000] {processor.py:840} INFO - DAG(s) 'first_dag' retrieved from /opt/airflow/dags/first-dag.py
[2026-01-08T19:18:50.739+0000] {logging_mixin.py:188} INFO - [2026-01-08T19:18:50.738+0000] {dag.py:3089} INFO - Sync 1 DAGs
[2026-01-08T19:18:50.761+0000] {logging_mixin.py:188} INFO - [2026-01-08T19:18:50.760+0000] {dag.py:3947} INFO - Setting next_dagrun for first_dag to None, run_after=None
[2026-01-08T19:18:50.793+0000] {processor.py:183} INFO - Processing /opt/airflow/dags/first-dag.py took 0.134 seconds
[2026-01-08T19:19:21.143+0000] {processor.py:161} INFO - Started process (PID=709) to work on /opt/airflow/dags/first-dag.py
[2026-01-08T19:19:21.145+0000] {processor.py:830} INFO - Processing file /opt/airflow/dags/first-dag.py for tasks to queue
[2026-01-08T19:19:21.148+0000] {logging_mixin.py:188} INFO - [2026-01-08T19:19:21.148+0000] {dagbag.py:545} INFO - Filling up the DagBag from /opt/airflow/dags/first-dag.py
[2026-01-08T19:19:21.189+0000] {processor.py:840} INFO - DAG(s) 'first_dag' retrieved from /opt/airflow/dags/first-dag.py
[2026-01-08T19:19:21.220+0000] {logging_mixin.py:188} INFO - [2026-01-08T19:19:21.220+0000] {dag.py:3089} INFO - Sync 1 DAGs
[2026-01-08T19:19:21.237+0000] {logging_mixin.py:188} INFO - [2026-01-08T19:19:21.237+0000] {dag.py:3947} INFO - Setting next_dagrun for first_dag to None, run_after=None
[2026-01-08T19:19:21.270+0000] {processor.py:183} INFO - Processing /opt/airflow/dags/first-dag.py took 0.137 seconds
[2026-01-08T19:19:51.609+0000] {processor.py:161} INFO - Started process (PID=719) to work on /opt/airflow/dags/first-dag.py
[2026-01-08T19:19:51.611+0000] {processor.py:830} INFO - Processing file /opt/airflow/dags/first-dag.py for tasks to queue
[2026-01-08T19:19:51.614+0000] {logging_mixin.py:188} INFO - [2026-01-08T19:19:51.614+0000] {dagbag.py:545} INFO - Filling up the DagBag from /opt/airflow/dags/first-dag.py
[2026-01-08T19:19:51.647+0000] {processor.py:840} INFO - DAG(s) 'first_dag' retrieved from /opt/airflow/dags/first-dag.py
[2026-01-08T19:19:51.673+0000] {logging_mixin.py:188} INFO - [2026-01-08T19:19:51.673+0000] {dag.py:3089} INFO - Sync 1 DAGs
[2026-01-08T19:19:51.690+0000] {logging_mixin.py:188} INFO - [2026-01-08T19:19:51.690+0000] {dag.py:3947} INFO - Setting next_dagrun for first_dag to None, run_after=None
[2026-01-08T19:19:51.717+0000] {processor.py:183} INFO - Processing /opt/airflow/dags/first-dag.py took 0.115 seconds
[2026-01-08T19:20:22.103+0000] {processor.py:161} INFO - Started process (PID=729) to work on /opt/airflow/dags/first-dag.py
[2026-01-08T19:20:22.105+0000] {processor.py:830} INFO - Processing file /opt/airflow/dags/first-dag.py for tasks to queue
[2026-01-08T19:20:22.107+0000] {logging_mixin.py:188} INFO - [2026-01-08T19:20:22.107+0000] {dagbag.py:545} INFO - Filling up the DagBag from /opt/airflow/dags/first-dag.py
[2026-01-08T19:20:22.144+0000] {processor.py:840} INFO - DAG(s) 'first_dag' retrieved from /opt/airflow/dags/first-dag.py
[2026-01-08T19:20:22.171+0000] {logging_mixin.py:188} INFO - [2026-01-08T19:20:22.171+0000] {dag.py:3089} INFO - Sync 1 DAGs
[2026-01-08T19:20:22.188+0000] {logging_mixin.py:188} INFO - [2026-01-08T19:20:22.188+0000] {dag.py:3947} INFO - Setting next_dagrun for first_dag to None, run_after=None
[2026-01-08T19:20:22.215+0000] {processor.py:183} INFO - Processing /opt/airflow/dags/first-dag.py took 0.121 seconds
[2026-01-08T19:20:52.571+0000] {processor.py:161} INFO - Started process (PID=739) to work on /opt/airflow/dags/first-dag.py
[2026-01-08T19:20:52.573+0000] {processor.py:830} INFO - Processing file /opt/airflow/dags/first-dag.py for tasks to queue
[2026-01-08T19:20:52.575+0000] {logging_mixin.py:188} INFO - [2026-01-08T19:20:52.575+0000] {dagbag.py:545} INFO - Filling up the DagBag from /opt/airflow/dags/first-dag.py
[2026-01-08T19:20:52.601+0000] {processor.py:840} INFO - DAG(s) 'first_dag' retrieved from /opt/airflow/dags/first-dag.py
[2026-01-08T19:20:52.647+0000] {logging_mixin.py:188} INFO - [2026-01-08T19:20:52.646+0000] {dag.py:3089} INFO - Sync 1 DAGs
[2026-01-08T19:20:52.670+0000] {logging_mixin.py:188} INFO - [2026-01-08T19:20:52.670+0000] {dag.py:3947} INFO - Setting next_dagrun for first_dag to None, run_after=None
[2026-01-08T19:20:52.704+0000] {processor.py:183} INFO - Processing /opt/airflow/dags/first-dag.py took 0.150 seconds
[2026-01-08T19:21:23.082+0000] {processor.py:161} INFO - Started process (PID=749) to work on /opt/airflow/dags/first-dag.py
[2026-01-08T19:21:23.084+0000] {processor.py:830} INFO - Processing file /opt/airflow/dags/first-dag.py for tasks to queue
[2026-01-08T19:21:23.086+0000] {logging_mixin.py:188} INFO - [2026-01-08T19:21:23.086+0000] {dagbag.py:545} INFO - Filling up the DagBag from /opt/airflow/dags/first-dag.py
[2026-01-08T19:21:23.117+0000] {processor.py:840} INFO - DAG(s) 'first_dag' retrieved from /opt/airflow/dags/first-dag.py
[2026-01-08T19:21:23.148+0000] {logging_mixin.py:188} INFO - [2026-01-08T19:21:23.147+0000] {dag.py:3089} INFO - Sync 1 DAGs
[2026-01-08T19:21:23.168+0000] {logging_mixin.py:188} INFO - [2026-01-08T19:21:23.168+0000] {dag.py:3947} INFO - Setting next_dagrun for first_dag to None, run_after=None
[2026-01-08T19:21:23.202+0000] {processor.py:183} INFO - Processing /opt/airflow/dags/first-dag.py took 0.128 seconds
