[2026-01-08T18:55:09.541+0000] {processor.py:161} INFO - Started process (PID=218) to work on /opt/airflow/dags/second-dag.py
[2026-01-08T18:55:09.543+0000] {processor.py:830} INFO - Processing file /opt/airflow/dags/second-dag.py for tasks to queue
[2026-01-08T18:55:09.549+0000] {logging_mixin.py:188} INFO - [2026-01-08T18:55:09.548+0000] {dagbag.py:545} INFO - Filling up the DagBag from /opt/airflow/dags/second-dag.py
[2026-01-08T18:55:09.618+0000] {processor.py:840} INFO - DAG(s) 'dag_two' retrieved from /opt/airflow/dags/second-dag.py
[2026-01-08T18:55:09.810+0000] {logging_mixin.py:188} INFO - [2026-01-08T18:55:09.810+0000] {override.py:1858} INFO - Created Permission View: can read on DAG:dag_two
[2026-01-08T18:55:09.831+0000] {logging_mixin.py:188} INFO - [2026-01-08T18:55:09.830+0000] {override.py:1858} INFO - Created Permission View: can delete on DAG:dag_two
[2026-01-08T18:55:09.846+0000] {logging_mixin.py:188} INFO - [2026-01-08T18:55:09.846+0000] {override.py:1858} INFO - Created Permission View: can edit on DAG:dag_two
[2026-01-08T18:55:09.848+0000] {logging_mixin.py:188} INFO - [2026-01-08T18:55:09.848+0000] {dag.py:3089} INFO - Sync 1 DAGs
[2026-01-08T18:55:09.872+0000] {logging_mixin.py:188} INFO - [2026-01-08T18:55:09.872+0000] {dag.py:3111} INFO - Creating ORM DAG for dag_two
[2026-01-08T18:55:09.894+0000] {logging_mixin.py:188} INFO - [2026-01-08T18:55:09.894+0000] {dag.py:3947} INFO - Setting next_dagrun for dag_two to 2026-01-07 00:00:00+00:00, run_after=2026-01-08 00:00:00+00:00
[2026-01-08T18:55:09.927+0000] {processor.py:183} INFO - Processing /opt/airflow/dags/second-dag.py took 0.396 seconds
[2026-01-08T18:55:40.017+0000] {processor.py:161} INFO - Started process (PID=228) to work on /opt/airflow/dags/second-dag.py
[2026-01-08T18:55:40.019+0000] {processor.py:830} INFO - Processing file /opt/airflow/dags/second-dag.py for tasks to queue
[2026-01-08T18:55:40.022+0000] {logging_mixin.py:188} INFO - [2026-01-08T18:55:40.022+0000] {dagbag.py:545} INFO - Filling up the DagBag from /opt/airflow/dags/second-dag.py
[2026-01-08T18:55:40.119+0000] {processor.py:840} INFO - DAG(s) 'dag_two' retrieved from /opt/airflow/dags/second-dag.py
[2026-01-08T18:55:40.177+0000] {logging_mixin.py:188} INFO - [2026-01-08T18:55:40.177+0000] {dag.py:3089} INFO - Sync 1 DAGs
[2026-01-08T18:55:40.219+0000] {logging_mixin.py:188} INFO - [2026-01-08T18:55:40.219+0000] {dag.py:3947} INFO - Setting next_dagrun for dag_two to 2026-01-07 00:00:00+00:00, run_after=2026-01-08 00:00:00+00:00
[2026-01-08T18:55:40.259+0000] {processor.py:183} INFO - Processing /opt/airflow/dags/second-dag.py took 0.254 seconds
[2026-01-08T18:56:10.694+0000] {processor.py:161} INFO - Started process (PID=238) to work on /opt/airflow/dags/second-dag.py
[2026-01-08T18:56:10.696+0000] {processor.py:830} INFO - Processing file /opt/airflow/dags/second-dag.py for tasks to queue
[2026-01-08T18:56:10.700+0000] {logging_mixin.py:188} INFO - [2026-01-08T18:56:10.700+0000] {dagbag.py:545} INFO - Filling up the DagBag from /opt/airflow/dags/second-dag.py
[2026-01-08T18:56:10.757+0000] {processor.py:840} INFO - DAG(s) 'dag_two' retrieved from /opt/airflow/dags/second-dag.py
[2026-01-08T18:56:10.803+0000] {logging_mixin.py:188} INFO - [2026-01-08T18:56:10.803+0000] {dag.py:3089} INFO - Sync 1 DAGs
[2026-01-08T18:56:10.848+0000] {logging_mixin.py:188} INFO - [2026-01-08T18:56:10.848+0000] {dag.py:3947} INFO - Setting next_dagrun for dag_two to 2026-01-07 00:00:00+00:00, run_after=2026-01-08 00:00:00+00:00
[2026-01-08T18:56:10.886+0000] {processor.py:183} INFO - Processing /opt/airflow/dags/second-dag.py took 0.202 seconds
[2026-01-08T18:56:41.149+0000] {processor.py:161} INFO - Started process (PID=248) to work on /opt/airflow/dags/second-dag.py
[2026-01-08T18:56:41.152+0000] {processor.py:830} INFO - Processing file /opt/airflow/dags/second-dag.py for tasks to queue
[2026-01-08T18:56:41.157+0000] {logging_mixin.py:188} INFO - [2026-01-08T18:56:41.156+0000] {dagbag.py:545} INFO - Filling up the DagBag from /opt/airflow/dags/second-dag.py
[2026-01-08T18:56:41.198+0000] {processor.py:840} INFO - DAG(s) 'dag_two' retrieved from /opt/airflow/dags/second-dag.py
[2026-01-08T18:56:41.252+0000] {logging_mixin.py:188} INFO - [2026-01-08T18:56:41.252+0000] {dag.py:3089} INFO - Sync 1 DAGs
[2026-01-08T18:56:41.301+0000] {logging_mixin.py:188} INFO - [2026-01-08T18:56:41.300+0000] {dag.py:3947} INFO - Setting next_dagrun for dag_two to 2026-01-07 00:00:00+00:00, run_after=2026-01-08 00:00:00+00:00
[2026-01-08T18:56:41.337+0000] {processor.py:183} INFO - Processing /opt/airflow/dags/second-dag.py took 0.205 seconds
[2026-01-08T18:57:11.782+0000] {processor.py:161} INFO - Started process (PID=258) to work on /opt/airflow/dags/second-dag.py
[2026-01-08T18:57:11.784+0000] {processor.py:830} INFO - Processing file /opt/airflow/dags/second-dag.py for tasks to queue
[2026-01-08T18:57:11.788+0000] {logging_mixin.py:188} INFO - [2026-01-08T18:57:11.787+0000] {dagbag.py:545} INFO - Filling up the DagBag from /opt/airflow/dags/second-dag.py
[2026-01-08T18:57:11.840+0000] {processor.py:840} INFO - DAG(s) 'dag_two' retrieved from /opt/airflow/dags/second-dag.py
[2026-01-08T18:57:11.883+0000] {logging_mixin.py:188} INFO - [2026-01-08T18:57:11.883+0000] {dag.py:3089} INFO - Sync 1 DAGs
[2026-01-08T18:57:11.929+0000] {logging_mixin.py:188} INFO - [2026-01-08T18:57:11.928+0000] {dag.py:3947} INFO - Setting next_dagrun for dag_two to 2026-01-07 00:00:00+00:00, run_after=2026-01-08 00:00:00+00:00
[2026-01-08T18:57:11.960+0000] {processor.py:183} INFO - Processing /opt/airflow/dags/second-dag.py took 0.186 seconds
[2026-01-08T18:57:42.345+0000] {processor.py:161} INFO - Started process (PID=268) to work on /opt/airflow/dags/second-dag.py
[2026-01-08T18:57:42.346+0000] {processor.py:830} INFO - Processing file /opt/airflow/dags/second-dag.py for tasks to queue
[2026-01-08T18:57:42.350+0000] {logging_mixin.py:188} INFO - [2026-01-08T18:57:42.349+0000] {dagbag.py:545} INFO - Filling up the DagBag from /opt/airflow/dags/second-dag.py
[2026-01-08T18:57:42.391+0000] {processor.py:840} INFO - DAG(s) 'dag_two' retrieved from /opt/airflow/dags/second-dag.py
[2026-01-08T18:57:42.422+0000] {logging_mixin.py:188} INFO - [2026-01-08T18:57:42.422+0000] {dag.py:3089} INFO - Sync 1 DAGs
[2026-01-08T18:57:42.454+0000] {logging_mixin.py:188} INFO - [2026-01-08T18:57:42.453+0000] {dag.py:3947} INFO - Setting next_dagrun for dag_two to 2026-01-07 00:00:00+00:00, run_after=2026-01-08 00:00:00+00:00
[2026-01-08T18:57:42.480+0000] {processor.py:183} INFO - Processing /opt/airflow/dags/second-dag.py took 0.143 seconds
[2026-01-08T18:58:12.950+0000] {processor.py:161} INFO - Started process (PID=278) to work on /opt/airflow/dags/second-dag.py
[2026-01-08T18:58:12.953+0000] {processor.py:830} INFO - Processing file /opt/airflow/dags/second-dag.py for tasks to queue
[2026-01-08T18:58:12.957+0000] {logging_mixin.py:188} INFO - [2026-01-08T18:58:12.956+0000] {dagbag.py:545} INFO - Filling up the DagBag from /opt/airflow/dags/second-dag.py
[2026-01-08T18:58:13.028+0000] {processor.py:840} INFO - DAG(s) 'dag_two' retrieved from /opt/airflow/dags/second-dag.py
[2026-01-08T18:58:13.074+0000] {logging_mixin.py:188} INFO - [2026-01-08T18:58:13.074+0000] {dag.py:3089} INFO - Sync 1 DAGs
[2026-01-08T18:58:13.119+0000] {logging_mixin.py:188} INFO - [2026-01-08T18:58:13.118+0000] {dag.py:3947} INFO - Setting next_dagrun for dag_two to 2026-01-07 00:00:00+00:00, run_after=2026-01-08 00:00:00+00:00
[2026-01-08T18:58:13.168+0000] {processor.py:183} INFO - Processing /opt/airflow/dags/second-dag.py took 0.230 seconds
[2026-01-08T18:58:43.408+0000] {processor.py:161} INFO - Started process (PID=288) to work on /opt/airflow/dags/second-dag.py
[2026-01-08T18:58:43.410+0000] {processor.py:830} INFO - Processing file /opt/airflow/dags/second-dag.py for tasks to queue
[2026-01-08T18:58:43.414+0000] {logging_mixin.py:188} INFO - [2026-01-08T18:58:43.413+0000] {dagbag.py:545} INFO - Filling up the DagBag from /opt/airflow/dags/second-dag.py
[2026-01-08T18:58:43.451+0000] {processor.py:840} INFO - DAG(s) 'dag_two' retrieved from /opt/airflow/dags/second-dag.py
[2026-01-08T18:58:43.504+0000] {logging_mixin.py:188} INFO - [2026-01-08T18:58:43.504+0000] {dag.py:3089} INFO - Sync 1 DAGs
[2026-01-08T18:58:43.551+0000] {logging_mixin.py:188} INFO - [2026-01-08T18:58:43.550+0000] {dag.py:3947} INFO - Setting next_dagrun for dag_two to 2026-01-07 00:00:00+00:00, run_after=2026-01-08 00:00:00+00:00
[2026-01-08T18:58:43.583+0000] {processor.py:183} INFO - Processing /opt/airflow/dags/second-dag.py took 0.185 seconds
[2026-01-08T18:59:14.011+0000] {processor.py:161} INFO - Started process (PID=298) to work on /opt/airflow/dags/second-dag.py
[2026-01-08T18:59:14.012+0000] {processor.py:830} INFO - Processing file /opt/airflow/dags/second-dag.py for tasks to queue
[2026-01-08T18:59:14.015+0000] {logging_mixin.py:188} INFO - [2026-01-08T18:59:14.015+0000] {dagbag.py:545} INFO - Filling up the DagBag from /opt/airflow/dags/second-dag.py
[2026-01-08T18:59:14.056+0000] {processor.py:840} INFO - DAG(s) 'dag_two' retrieved from /opt/airflow/dags/second-dag.py
[2026-01-08T18:59:14.091+0000] {logging_mixin.py:188} INFO - [2026-01-08T18:59:14.091+0000] {dag.py:3089} INFO - Sync 1 DAGs
[2026-01-08T18:59:14.124+0000] {logging_mixin.py:188} INFO - [2026-01-08T18:59:14.124+0000] {dag.py:3947} INFO - Setting next_dagrun for dag_two to 2026-01-07 00:00:00+00:00, run_after=2026-01-08 00:00:00+00:00
[2026-01-08T18:59:14.156+0000] {processor.py:183} INFO - Processing /opt/airflow/dags/second-dag.py took 0.155 seconds
[2026-01-08T18:59:44.740+0000] {processor.py:161} INFO - Started process (PID=313) to work on /opt/airflow/dags/second-dag.py
[2026-01-08T18:59:44.742+0000] {processor.py:830} INFO - Processing file /opt/airflow/dags/second-dag.py for tasks to queue
[2026-01-08T18:59:44.748+0000] {logging_mixin.py:188} INFO - [2026-01-08T18:59:44.747+0000] {dagbag.py:545} INFO - Filling up the DagBag from /opt/airflow/dags/second-dag.py
[2026-01-08T18:59:44.834+0000] {processor.py:840} INFO - DAG(s) 'dag_two' retrieved from /opt/airflow/dags/second-dag.py
[2026-01-08T18:59:45.001+0000] {logging_mixin.py:188} INFO - [2026-01-08T18:59:45.000+0000] {dag.py:3089} INFO - Sync 1 DAGs
[2026-01-08T18:59:45.018+0000] {logging_mixin.py:188} INFO - [2026-01-08T18:59:45.017+0000] {dag.py:3947} INFO - Setting next_dagrun for dag_two to None, run_after=None
[2026-01-08T18:59:45.066+0000] {processor.py:183} INFO - Processing /opt/airflow/dags/second-dag.py took 0.334 seconds
[2026-01-08T19:00:15.404+0000] {processor.py:161} INFO - Started process (PID=323) to work on /opt/airflow/dags/second-dag.py
[2026-01-08T19:00:15.405+0000] {processor.py:830} INFO - Processing file /opt/airflow/dags/second-dag.py for tasks to queue
[2026-01-08T19:00:15.408+0000] {logging_mixin.py:188} INFO - [2026-01-08T19:00:15.408+0000] {dagbag.py:545} INFO - Filling up the DagBag from /opt/airflow/dags/second-dag.py
[2026-01-08T19:00:15.447+0000] {processor.py:840} INFO - DAG(s) 'dag_two' retrieved from /opt/airflow/dags/second-dag.py
[2026-01-08T19:00:15.481+0000] {logging_mixin.py:188} INFO - [2026-01-08T19:00:15.480+0000] {dag.py:3089} INFO - Sync 1 DAGs
[2026-01-08T19:00:15.500+0000] {logging_mixin.py:188} INFO - [2026-01-08T19:00:15.499+0000] {dag.py:3947} INFO - Setting next_dagrun for dag_two to None, run_after=None
[2026-01-08T19:00:15.530+0000] {processor.py:183} INFO - Processing /opt/airflow/dags/second-dag.py took 0.133 seconds
[2026-01-08T19:00:19.565+0000] {processor.py:161} INFO - Started process (PID=328) to work on /opt/airflow/dags/second-dag.py
[2026-01-08T19:00:19.572+0000] {processor.py:830} INFO - Processing file /opt/airflow/dags/second-dag.py for tasks to queue
[2026-01-08T19:00:19.584+0000] {logging_mixin.py:188} INFO - [2026-01-08T19:00:19.583+0000] {dagbag.py:545} INFO - Filling up the DagBag from /opt/airflow/dags/second-dag.py
[2026-01-08T19:00:19.773+0000] {processor.py:840} INFO - DAG(s) 'dag_two' retrieved from /opt/airflow/dags/second-dag.py
[2026-01-08T19:00:19.938+0000] {logging_mixin.py:188} INFO - [2026-01-08T19:00:19.937+0000] {dag.py:3089} INFO - Sync 1 DAGs
[2026-01-08T19:00:19.957+0000] {logging_mixin.py:188} INFO - [2026-01-08T19:00:19.956+0000] {dag.py:3947} INFO - Setting next_dagrun for dag_two to None, run_after=None
[2026-01-08T19:00:20.004+0000] {processor.py:183} INFO - Processing /opt/airflow/dags/second-dag.py took 0.452 seconds
[2026-01-08T19:00:50.360+0000] {processor.py:161} INFO - Started process (PID=338) to work on /opt/airflow/dags/second-dag.py
[2026-01-08T19:00:50.362+0000] {processor.py:830} INFO - Processing file /opt/airflow/dags/second-dag.py for tasks to queue
[2026-01-08T19:00:50.365+0000] {logging_mixin.py:188} INFO - [2026-01-08T19:00:50.365+0000] {dagbag.py:545} INFO - Filling up the DagBag from /opt/airflow/dags/second-dag.py
[2026-01-08T19:00:50.410+0000] {processor.py:840} INFO - DAG(s) 'dag_two' retrieved from /opt/airflow/dags/second-dag.py
[2026-01-08T19:00:50.446+0000] {logging_mixin.py:188} INFO - [2026-01-08T19:00:50.446+0000] {dag.py:3089} INFO - Sync 1 DAGs
[2026-01-08T19:00:50.466+0000] {logging_mixin.py:188} INFO - [2026-01-08T19:00:50.466+0000] {dag.py:3947} INFO - Setting next_dagrun for dag_two to None, run_after=None
[2026-01-08T19:00:50.501+0000] {processor.py:183} INFO - Processing /opt/airflow/dags/second-dag.py took 0.150 seconds
[2026-01-08T19:01:18.822+0000] {processor.py:161} INFO - Started process (PID=348) to work on /opt/airflow/dags/second-dag.py
[2026-01-08T19:01:18.824+0000] {processor.py:830} INFO - Processing file /opt/airflow/dags/second-dag.py for tasks to queue
[2026-01-08T19:01:18.827+0000] {logging_mixin.py:188} INFO - [2026-01-08T19:01:18.826+0000] {dagbag.py:545} INFO - Filling up the DagBag from /opt/airflow/dags/second-dag.py
[2026-01-08T19:01:18.868+0000] {processor.py:840} INFO - DAG(s) 'dag_two' retrieved from /opt/airflow/dags/second-dag.py
[2026-01-08T19:01:18.905+0000] {logging_mixin.py:188} INFO - [2026-01-08T19:01:18.905+0000] {dag.py:3089} INFO - Sync 1 DAGs
[2026-01-08T19:01:18.928+0000] {logging_mixin.py:188} INFO - [2026-01-08T19:01:18.928+0000] {dag.py:3947} INFO - Setting next_dagrun for dag_two to None, run_after=None
[2026-01-08T19:01:18.974+0000] {processor.py:183} INFO - Processing /opt/airflow/dags/second-dag.py took 0.159 seconds
[2026-01-08T19:01:49.395+0000] {processor.py:161} INFO - Started process (PID=358) to work on /opt/airflow/dags/second-dag.py
[2026-01-08T19:01:49.397+0000] {processor.py:830} INFO - Processing file /opt/airflow/dags/second-dag.py for tasks to queue
[2026-01-08T19:01:49.400+0000] {logging_mixin.py:188} INFO - [2026-01-08T19:01:49.400+0000] {dagbag.py:545} INFO - Filling up the DagBag from /opt/airflow/dags/second-dag.py
[2026-01-08T19:01:49.444+0000] {processor.py:840} INFO - DAG(s) 'dag_two' retrieved from /opt/airflow/dags/second-dag.py
[2026-01-08T19:01:49.490+0000] {logging_mixin.py:188} INFO - [2026-01-08T19:01:49.490+0000] {dag.py:3089} INFO - Sync 1 DAGs
[2026-01-08T19:01:49.516+0000] {logging_mixin.py:188} INFO - [2026-01-08T19:01:49.516+0000] {dag.py:3947} INFO - Setting next_dagrun for dag_two to None, run_after=None
[2026-01-08T19:01:49.552+0000] {processor.py:183} INFO - Processing /opt/airflow/dags/second-dag.py took 0.166 seconds
[2026-01-08T19:02:20.026+0000] {processor.py:161} INFO - Started process (PID=368) to work on /opt/airflow/dags/second-dag.py
[2026-01-08T19:02:20.027+0000] {processor.py:830} INFO - Processing file /opt/airflow/dags/second-dag.py for tasks to queue
[2026-01-08T19:02:20.030+0000] {logging_mixin.py:188} INFO - [2026-01-08T19:02:20.030+0000] {dagbag.py:545} INFO - Filling up the DagBag from /opt/airflow/dags/second-dag.py
[2026-01-08T19:02:20.074+0000] {processor.py:840} INFO - DAG(s) 'dag_two' retrieved from /opt/airflow/dags/second-dag.py
[2026-01-08T19:02:20.110+0000] {logging_mixin.py:188} INFO - [2026-01-08T19:02:20.109+0000] {dag.py:3089} INFO - Sync 1 DAGs
[2026-01-08T19:02:20.130+0000] {logging_mixin.py:188} INFO - [2026-01-08T19:02:20.130+0000] {dag.py:3947} INFO - Setting next_dagrun for dag_two to None, run_after=None
[2026-01-08T19:02:20.163+0000] {processor.py:183} INFO - Processing /opt/airflow/dags/second-dag.py took 0.146 seconds
[2026-01-08T19:02:50.619+0000] {processor.py:161} INFO - Started process (PID=378) to work on /opt/airflow/dags/second-dag.py
[2026-01-08T19:02:50.620+0000] {processor.py:830} INFO - Processing file /opt/airflow/dags/second-dag.py for tasks to queue
[2026-01-08T19:02:50.624+0000] {logging_mixin.py:188} INFO - [2026-01-08T19:02:50.623+0000] {dagbag.py:545} INFO - Filling up the DagBag from /opt/airflow/dags/second-dag.py
[2026-01-08T19:02:50.666+0000] {processor.py:840} INFO - DAG(s) 'dag_two' retrieved from /opt/airflow/dags/second-dag.py
[2026-01-08T19:02:50.706+0000] {logging_mixin.py:188} INFO - [2026-01-08T19:02:50.706+0000] {dag.py:3089} INFO - Sync 1 DAGs
[2026-01-08T19:02:50.728+0000] {logging_mixin.py:188} INFO - [2026-01-08T19:02:50.728+0000] {dag.py:3947} INFO - Setting next_dagrun for dag_two to None, run_after=None
[2026-01-08T19:02:50.759+0000] {processor.py:183} INFO - Processing /opt/airflow/dags/second-dag.py took 0.148 seconds
[2026-01-08T19:03:21.198+0000] {processor.py:161} INFO - Started process (PID=388) to work on /opt/airflow/dags/second-dag.py
[2026-01-08T19:03:21.200+0000] {processor.py:830} INFO - Processing file /opt/airflow/dags/second-dag.py for tasks to queue
[2026-01-08T19:03:21.206+0000] {logging_mixin.py:188} INFO - [2026-01-08T19:03:21.205+0000] {dagbag.py:545} INFO - Filling up the DagBag from /opt/airflow/dags/second-dag.py
[2026-01-08T19:03:21.257+0000] {processor.py:840} INFO - DAG(s) 'dag_two' retrieved from /opt/airflow/dags/second-dag.py
[2026-01-08T19:03:21.329+0000] {logging_mixin.py:188} INFO - [2026-01-08T19:03:21.328+0000] {dag.py:3089} INFO - Sync 1 DAGs
[2026-01-08T19:03:21.365+0000] {logging_mixin.py:188} INFO - [2026-01-08T19:03:21.365+0000] {dag.py:3947} INFO - Setting next_dagrun for dag_two to None, run_after=None
[2026-01-08T19:03:21.410+0000] {processor.py:183} INFO - Processing /opt/airflow/dags/second-dag.py took 0.233 seconds
[2026-01-08T19:03:51.814+0000] {processor.py:161} INFO - Started process (PID=400) to work on /opt/airflow/dags/second-dag.py
[2026-01-08T19:03:51.816+0000] {processor.py:830} INFO - Processing file /opt/airflow/dags/second-dag.py for tasks to queue
[2026-01-08T19:03:51.819+0000] {logging_mixin.py:188} INFO - [2026-01-08T19:03:51.818+0000] {dagbag.py:545} INFO - Filling up the DagBag from /opt/airflow/dags/second-dag.py
[2026-01-08T19:03:51.846+0000] {processor.py:840} INFO - DAG(s) 'dag_two' retrieved from /opt/airflow/dags/second-dag.py
[2026-01-08T19:03:51.874+0000] {logging_mixin.py:188} INFO - [2026-01-08T19:03:51.874+0000] {dag.py:3089} INFO - Sync 1 DAGs
[2026-01-08T19:03:51.891+0000] {logging_mixin.py:188} INFO - [2026-01-08T19:03:51.890+0000] {dag.py:3947} INFO - Setting next_dagrun for dag_two to None, run_after=None
[2026-01-08T19:03:51.922+0000] {processor.py:183} INFO - Processing /opt/airflow/dags/second-dag.py took 0.117 seconds
[2026-01-08T19:04:22.363+0000] {processor.py:161} INFO - Started process (PID=410) to work on /opt/airflow/dags/second-dag.py
[2026-01-08T19:04:22.364+0000] {processor.py:830} INFO - Processing file /opt/airflow/dags/second-dag.py for tasks to queue
[2026-01-08T19:04:22.368+0000] {logging_mixin.py:188} INFO - [2026-01-08T19:04:22.367+0000] {dagbag.py:545} INFO - Filling up the DagBag from /opt/airflow/dags/second-dag.py
[2026-01-08T19:04:22.414+0000] {processor.py:840} INFO - DAG(s) 'dag_two' retrieved from /opt/airflow/dags/second-dag.py
[2026-01-08T19:04:22.450+0000] {logging_mixin.py:188} INFO - [2026-01-08T19:04:22.449+0000] {dag.py:3089} INFO - Sync 1 DAGs
[2026-01-08T19:04:22.470+0000] {logging_mixin.py:188} INFO - [2026-01-08T19:04:22.470+0000] {dag.py:3947} INFO - Setting next_dagrun for dag_two to None, run_after=None
[2026-01-08T19:04:22.510+0000] {processor.py:183} INFO - Processing /opt/airflow/dags/second-dag.py took 0.158 seconds
[2026-01-08T19:04:52.961+0000] {processor.py:161} INFO - Started process (PID=420) to work on /opt/airflow/dags/second-dag.py
[2026-01-08T19:04:52.964+0000] {processor.py:830} INFO - Processing file /opt/airflow/dags/second-dag.py for tasks to queue
[2026-01-08T19:04:52.969+0000] {logging_mixin.py:188} INFO - [2026-01-08T19:04:52.968+0000] {dagbag.py:545} INFO - Filling up the DagBag from /opt/airflow/dags/second-dag.py
[2026-01-08T19:04:53.010+0000] {processor.py:840} INFO - DAG(s) 'dag_two' retrieved from /opt/airflow/dags/second-dag.py
[2026-01-08T19:04:53.045+0000] {logging_mixin.py:188} INFO - [2026-01-08T19:04:53.044+0000] {dag.py:3089} INFO - Sync 1 DAGs
[2026-01-08T19:04:53.064+0000] {logging_mixin.py:188} INFO - [2026-01-08T19:04:53.064+0000] {dag.py:3947} INFO - Setting next_dagrun for dag_two to None, run_after=None
[2026-01-08T19:04:53.098+0000] {processor.py:183} INFO - Processing /opt/airflow/dags/second-dag.py took 0.150 seconds
[2026-01-08T19:05:23.652+0000] {processor.py:161} INFO - Started process (PID=432) to work on /opt/airflow/dags/second-dag.py
[2026-01-08T19:05:23.654+0000] {processor.py:830} INFO - Processing file /opt/airflow/dags/second-dag.py for tasks to queue
[2026-01-08T19:05:23.659+0000] {logging_mixin.py:188} INFO - [2026-01-08T19:05:23.658+0000] {dagbag.py:545} INFO - Filling up the DagBag from /opt/airflow/dags/second-dag.py
[2026-01-08T19:05:23.696+0000] {processor.py:840} INFO - DAG(s) 'dag_two' retrieved from /opt/airflow/dags/second-dag.py
[2026-01-08T19:05:23.730+0000] {logging_mixin.py:188} INFO - [2026-01-08T19:05:23.730+0000] {dag.py:3089} INFO - Sync 1 DAGs
[2026-01-08T19:05:23.751+0000] {logging_mixin.py:188} INFO - [2026-01-08T19:05:23.751+0000] {dag.py:3947} INFO - Setting next_dagrun for dag_two to None, run_after=None
[2026-01-08T19:05:23.784+0000] {processor.py:183} INFO - Processing /opt/airflow/dags/second-dag.py took 0.147 seconds
[2026-01-08T19:05:54.187+0000] {processor.py:161} INFO - Started process (PID=444) to work on /opt/airflow/dags/second-dag.py
[2026-01-08T19:05:54.188+0000] {processor.py:830} INFO - Processing file /opt/airflow/dags/second-dag.py for tasks to queue
[2026-01-08T19:05:54.191+0000] {logging_mixin.py:188} INFO - [2026-01-08T19:05:54.191+0000] {dagbag.py:545} INFO - Filling up the DagBag from /opt/airflow/dags/second-dag.py
[2026-01-08T19:05:54.236+0000] {processor.py:840} INFO - DAG(s) 'dag_two' retrieved from /opt/airflow/dags/second-dag.py
[2026-01-08T19:05:54.276+0000] {logging_mixin.py:188} INFO - [2026-01-08T19:05:54.276+0000] {dag.py:3089} INFO - Sync 1 DAGs
[2026-01-08T19:05:54.297+0000] {logging_mixin.py:188} INFO - [2026-01-08T19:05:54.297+0000] {dag.py:3947} INFO - Setting next_dagrun for dag_two to None, run_after=None
[2026-01-08T19:05:54.330+0000] {processor.py:183} INFO - Processing /opt/airflow/dags/second-dag.py took 0.151 seconds
[2026-01-08T19:06:24.809+0000] {processor.py:161} INFO - Started process (PID=454) to work on /opt/airflow/dags/second-dag.py
[2026-01-08T19:06:24.811+0000] {processor.py:830} INFO - Processing file /opt/airflow/dags/second-dag.py for tasks to queue
[2026-01-08T19:06:24.815+0000] {logging_mixin.py:188} INFO - [2026-01-08T19:06:24.814+0000] {dagbag.py:545} INFO - Filling up the DagBag from /opt/airflow/dags/second-dag.py
[2026-01-08T19:06:24.860+0000] {processor.py:840} INFO - DAG(s) 'dag_two' retrieved from /opt/airflow/dags/second-dag.py
[2026-01-08T19:06:24.896+0000] {logging_mixin.py:188} INFO - [2026-01-08T19:06:24.895+0000] {dag.py:3089} INFO - Sync 1 DAGs
[2026-01-08T19:06:24.917+0000] {logging_mixin.py:188} INFO - [2026-01-08T19:06:24.917+0000] {dag.py:3947} INFO - Setting next_dagrun for dag_two to None, run_after=None
[2026-01-08T19:06:24.951+0000] {processor.py:183} INFO - Processing /opt/airflow/dags/second-dag.py took 0.149 seconds
[2026-01-08T19:06:55.465+0000] {processor.py:161} INFO - Started process (PID=464) to work on /opt/airflow/dags/second-dag.py
[2026-01-08T19:06:55.467+0000] {processor.py:830} INFO - Processing file /opt/airflow/dags/second-dag.py for tasks to queue
[2026-01-08T19:06:55.471+0000] {logging_mixin.py:188} INFO - [2026-01-08T19:06:55.470+0000] {dagbag.py:545} INFO - Filling up the DagBag from /opt/airflow/dags/second-dag.py
[2026-01-08T19:06:55.551+0000] {processor.py:840} INFO - DAG(s) 'dag_two' retrieved from /opt/airflow/dags/second-dag.py
[2026-01-08T19:06:55.592+0000] {logging_mixin.py:188} INFO - [2026-01-08T19:06:55.592+0000] {dag.py:3089} INFO - Sync 1 DAGs
[2026-01-08T19:06:55.611+0000] {logging_mixin.py:188} INFO - [2026-01-08T19:06:55.611+0000] {dag.py:3947} INFO - Setting next_dagrun for dag_two to None, run_after=None
[2026-01-08T19:06:55.644+0000] {processor.py:183} INFO - Processing /opt/airflow/dags/second-dag.py took 0.200 seconds
[2026-01-08T19:07:25.853+0000] {processor.py:161} INFO - Started process (PID=474) to work on /opt/airflow/dags/second-dag.py
[2026-01-08T19:07:25.858+0000] {processor.py:830} INFO - Processing file /opt/airflow/dags/second-dag.py for tasks to queue
[2026-01-08T19:07:25.862+0000] {logging_mixin.py:188} INFO - [2026-01-08T19:07:25.861+0000] {dagbag.py:545} INFO - Filling up the DagBag from /opt/airflow/dags/second-dag.py
[2026-01-08T19:07:25.923+0000] {processor.py:840} INFO - DAG(s) 'dag_two' retrieved from /opt/airflow/dags/second-dag.py
[2026-01-08T19:07:25.973+0000] {logging_mixin.py:188} INFO - [2026-01-08T19:07:25.972+0000] {dag.py:3089} INFO - Sync 1 DAGs
[2026-01-08T19:07:25.990+0000] {logging_mixin.py:188} INFO - [2026-01-08T19:07:25.989+0000] {dag.py:3947} INFO - Setting next_dagrun for dag_two to None, run_after=None
[2026-01-08T19:07:26.014+0000] {processor.py:183} INFO - Processing /opt/airflow/dags/second-dag.py took 0.180 seconds
[2026-01-08T19:07:56.425+0000] {processor.py:161} INFO - Started process (PID=484) to work on /opt/airflow/dags/second-dag.py
[2026-01-08T19:07:56.426+0000] {processor.py:830} INFO - Processing file /opt/airflow/dags/second-dag.py for tasks to queue
[2026-01-08T19:07:56.429+0000] {logging_mixin.py:188} INFO - [2026-01-08T19:07:56.428+0000] {dagbag.py:545} INFO - Filling up the DagBag from /opt/airflow/dags/second-dag.py
[2026-01-08T19:07:56.471+0000] {processor.py:840} INFO - DAG(s) 'dag_two' retrieved from /opt/airflow/dags/second-dag.py
[2026-01-08T19:07:56.505+0000] {logging_mixin.py:188} INFO - [2026-01-08T19:07:56.505+0000] {dag.py:3089} INFO - Sync 1 DAGs
[2026-01-08T19:07:56.523+0000] {logging_mixin.py:188} INFO - [2026-01-08T19:07:56.523+0000] {dag.py:3947} INFO - Setting next_dagrun for dag_two to None, run_after=None
[2026-01-08T19:07:56.554+0000] {processor.py:183} INFO - Processing /opt/airflow/dags/second-dag.py took 0.136 seconds
[2026-01-08T19:08:26.965+0000] {processor.py:161} INFO - Started process (PID=494) to work on /opt/airflow/dags/second-dag.py
[2026-01-08T19:08:26.967+0000] {processor.py:830} INFO - Processing file /opt/airflow/dags/second-dag.py for tasks to queue
[2026-01-08T19:08:26.970+0000] {logging_mixin.py:188} INFO - [2026-01-08T19:08:26.969+0000] {dagbag.py:545} INFO - Filling up the DagBag from /opt/airflow/dags/second-dag.py
[2026-01-08T19:08:27.008+0000] {processor.py:840} INFO - DAG(s) 'dag_two' retrieved from /opt/airflow/dags/second-dag.py
[2026-01-08T19:08:27.048+0000] {logging_mixin.py:188} INFO - [2026-01-08T19:08:27.048+0000] {dag.py:3089} INFO - Sync 1 DAGs
[2026-01-08T19:08:27.070+0000] {logging_mixin.py:188} INFO - [2026-01-08T19:08:27.070+0000] {dag.py:3947} INFO - Setting next_dagrun for dag_two to None, run_after=None
[2026-01-08T19:08:27.099+0000] {processor.py:183} INFO - Processing /opt/airflow/dags/second-dag.py took 0.144 seconds
[2026-01-08T19:08:57.508+0000] {processor.py:161} INFO - Started process (PID=504) to work on /opt/airflow/dags/second-dag.py
[2026-01-08T19:08:57.509+0000] {processor.py:830} INFO - Processing file /opt/airflow/dags/second-dag.py for tasks to queue
[2026-01-08T19:08:57.512+0000] {logging_mixin.py:188} INFO - [2026-01-08T19:08:57.512+0000] {dagbag.py:545} INFO - Filling up the DagBag from /opt/airflow/dags/second-dag.py
[2026-01-08T19:08:57.551+0000] {processor.py:840} INFO - DAG(s) 'dag_two' retrieved from /opt/airflow/dags/second-dag.py
[2026-01-08T19:08:57.588+0000] {logging_mixin.py:188} INFO - [2026-01-08T19:08:57.587+0000] {dag.py:3089} INFO - Sync 1 DAGs
[2026-01-08T19:08:57.609+0000] {logging_mixin.py:188} INFO - [2026-01-08T19:08:57.608+0000] {dag.py:3947} INFO - Setting next_dagrun for dag_two to None, run_after=None
[2026-01-08T19:08:57.641+0000] {processor.py:183} INFO - Processing /opt/airflow/dags/second-dag.py took 0.144 seconds
[2026-01-08T19:09:28.095+0000] {processor.py:161} INFO - Started process (PID=514) to work on /opt/airflow/dags/second-dag.py
[2026-01-08T19:09:28.097+0000] {processor.py:830} INFO - Processing file /opt/airflow/dags/second-dag.py for tasks to queue
[2026-01-08T19:09:28.101+0000] {logging_mixin.py:188} INFO - [2026-01-08T19:09:28.100+0000] {dagbag.py:545} INFO - Filling up the DagBag from /opt/airflow/dags/second-dag.py
[2026-01-08T19:09:28.160+0000] {processor.py:840} INFO - DAG(s) 'dag_two' retrieved from /opt/airflow/dags/second-dag.py
[2026-01-08T19:09:28.223+0000] {logging_mixin.py:188} INFO - [2026-01-08T19:09:28.223+0000] {dag.py:3089} INFO - Sync 1 DAGs
[2026-01-08T19:09:28.250+0000] {logging_mixin.py:188} INFO - [2026-01-08T19:09:28.250+0000] {dag.py:3947} INFO - Setting next_dagrun for dag_two to None, run_after=None
[2026-01-08T19:09:28.303+0000] {processor.py:183} INFO - Processing /opt/airflow/dags/second-dag.py took 0.217 seconds
[2026-01-08T19:09:58.665+0000] {processor.py:161} INFO - Started process (PID=524) to work on /opt/airflow/dags/second-dag.py
[2026-01-08T19:09:58.666+0000] {processor.py:830} INFO - Processing file /opt/airflow/dags/second-dag.py for tasks to queue
[2026-01-08T19:09:58.669+0000] {logging_mixin.py:188} INFO - [2026-01-08T19:09:58.668+0000] {dagbag.py:545} INFO - Filling up the DagBag from /opt/airflow/dags/second-dag.py
[2026-01-08T19:09:58.696+0000] {processor.py:840} INFO - DAG(s) 'dag_two' retrieved from /opt/airflow/dags/second-dag.py
[2026-01-08T19:09:58.732+0000] {logging_mixin.py:188} INFO - [2026-01-08T19:09:58.731+0000] {dag.py:3089} INFO - Sync 1 DAGs
[2026-01-08T19:09:58.750+0000] {logging_mixin.py:188} INFO - [2026-01-08T19:09:58.750+0000] {dag.py:3947} INFO - Setting next_dagrun for dag_two to None, run_after=None
[2026-01-08T19:09:58.781+0000] {processor.py:183} INFO - Processing /opt/airflow/dags/second-dag.py took 0.124 seconds
[2026-01-08T19:10:29.243+0000] {processor.py:161} INFO - Started process (PID=534) to work on /opt/airflow/dags/second-dag.py
[2026-01-08T19:10:29.244+0000] {processor.py:830} INFO - Processing file /opt/airflow/dags/second-dag.py for tasks to queue
[2026-01-08T19:10:29.248+0000] {logging_mixin.py:188} INFO - [2026-01-08T19:10:29.248+0000] {dagbag.py:545} INFO - Filling up the DagBag from /opt/airflow/dags/second-dag.py
[2026-01-08T19:10:29.295+0000] {processor.py:840} INFO - DAG(s) 'dag_two' retrieved from /opt/airflow/dags/second-dag.py
[2026-01-08T19:10:29.331+0000] {logging_mixin.py:188} INFO - [2026-01-08T19:10:29.331+0000] {dag.py:3089} INFO - Sync 1 DAGs
[2026-01-08T19:10:29.349+0000] {logging_mixin.py:188} INFO - [2026-01-08T19:10:29.349+0000] {dag.py:3947} INFO - Setting next_dagrun for dag_two to None, run_after=None
[2026-01-08T19:10:29.382+0000] {processor.py:183} INFO - Processing /opt/airflow/dags/second-dag.py took 0.147 seconds
[2026-01-08T19:10:59.818+0000] {processor.py:161} INFO - Started process (PID=544) to work on /opt/airflow/dags/second-dag.py
[2026-01-08T19:10:59.821+0000] {processor.py:830} INFO - Processing file /opt/airflow/dags/second-dag.py for tasks to queue
[2026-01-08T19:10:59.825+0000] {logging_mixin.py:188} INFO - [2026-01-08T19:10:59.825+0000] {dagbag.py:545} INFO - Filling up the DagBag from /opt/airflow/dags/second-dag.py
[2026-01-08T19:10:59.866+0000] {processor.py:840} INFO - DAG(s) 'dag_two' retrieved from /opt/airflow/dags/second-dag.py
[2026-01-08T19:10:59.911+0000] {logging_mixin.py:188} INFO - [2026-01-08T19:10:59.911+0000] {dag.py:3089} INFO - Sync 1 DAGs
[2026-01-08T19:10:59.937+0000] {logging_mixin.py:188} INFO - [2026-01-08T19:10:59.937+0000] {dag.py:3947} INFO - Setting next_dagrun for dag_two to None, run_after=None
[2026-01-08T19:10:59.970+0000] {processor.py:183} INFO - Processing /opt/airflow/dags/second-dag.py took 0.163 seconds
[2026-01-08T19:11:30.382+0000] {processor.py:161} INFO - Started process (PID=554) to work on /opt/airflow/dags/second-dag.py
[2026-01-08T19:11:30.383+0000] {processor.py:830} INFO - Processing file /opt/airflow/dags/second-dag.py for tasks to queue
[2026-01-08T19:11:30.387+0000] {logging_mixin.py:188} INFO - [2026-01-08T19:11:30.386+0000] {dagbag.py:545} INFO - Filling up the DagBag from /opt/airflow/dags/second-dag.py
[2026-01-08T19:11:30.424+0000] {processor.py:840} INFO - DAG(s) 'dag_two' retrieved from /opt/airflow/dags/second-dag.py
[2026-01-08T19:11:30.456+0000] {logging_mixin.py:188} INFO - [2026-01-08T19:11:30.456+0000] {dag.py:3089} INFO - Sync 1 DAGs
[2026-01-08T19:11:30.474+0000] {logging_mixin.py:188} INFO - [2026-01-08T19:11:30.474+0000] {dag.py:3947} INFO - Setting next_dagrun for dag_two to None, run_after=None
[2026-01-08T19:11:30.502+0000] {processor.py:183} INFO - Processing /opt/airflow/dags/second-dag.py took 0.127 seconds
[2026-01-08T19:12:00.875+0000] {processor.py:161} INFO - Started process (PID=564) to work on /opt/airflow/dags/second-dag.py
[2026-01-08T19:12:00.876+0000] {processor.py:830} INFO - Processing file /opt/airflow/dags/second-dag.py for tasks to queue
[2026-01-08T19:12:00.879+0000] {logging_mixin.py:188} INFO - [2026-01-08T19:12:00.879+0000] {dagbag.py:545} INFO - Filling up the DagBag from /opt/airflow/dags/second-dag.py
[2026-01-08T19:12:00.923+0000] {processor.py:840} INFO - DAG(s) 'dag_two' retrieved from /opt/airflow/dags/second-dag.py
[2026-01-08T19:12:00.952+0000] {logging_mixin.py:188} INFO - [2026-01-08T19:12:00.952+0000] {dag.py:3089} INFO - Sync 1 DAGs
[2026-01-08T19:12:00.971+0000] {logging_mixin.py:188} INFO - [2026-01-08T19:12:00.971+0000] {dag.py:3947} INFO - Setting next_dagrun for dag_two to None, run_after=None
[2026-01-08T19:12:01.003+0000] {processor.py:183} INFO - Processing /opt/airflow/dags/second-dag.py took 0.136 seconds
[2026-01-08T19:12:31.396+0000] {processor.py:161} INFO - Started process (PID=574) to work on /opt/airflow/dags/second-dag.py
[2026-01-08T19:12:31.397+0000] {processor.py:830} INFO - Processing file /opt/airflow/dags/second-dag.py for tasks to queue
[2026-01-08T19:12:31.400+0000] {logging_mixin.py:188} INFO - [2026-01-08T19:12:31.400+0000] {dagbag.py:545} INFO - Filling up the DagBag from /opt/airflow/dags/second-dag.py
[2026-01-08T19:12:31.440+0000] {processor.py:840} INFO - DAG(s) 'dag_two' retrieved from /opt/airflow/dags/second-dag.py
[2026-01-08T19:12:31.474+0000] {logging_mixin.py:188} INFO - [2026-01-08T19:12:31.474+0000] {dag.py:3089} INFO - Sync 1 DAGs
[2026-01-08T19:12:31.492+0000] {logging_mixin.py:188} INFO - [2026-01-08T19:12:31.492+0000] {dag.py:3947} INFO - Setting next_dagrun for dag_two to None, run_after=None
[2026-01-08T19:12:31.529+0000] {processor.py:183} INFO - Processing /opt/airflow/dags/second-dag.py took 0.142 seconds
[2026-01-08T19:13:01.924+0000] {processor.py:161} INFO - Started process (PID=584) to work on /opt/airflow/dags/second-dag.py
[2026-01-08T19:13:01.926+0000] {processor.py:830} INFO - Processing file /opt/airflow/dags/second-dag.py for tasks to queue
[2026-01-08T19:13:01.929+0000] {logging_mixin.py:188} INFO - [2026-01-08T19:13:01.929+0000] {dagbag.py:545} INFO - Filling up the DagBag from /opt/airflow/dags/second-dag.py
[2026-01-08T19:13:01.975+0000] {processor.py:840} INFO - DAG(s) 'dag_two' retrieved from /opt/airflow/dags/second-dag.py
[2026-01-08T19:13:02.011+0000] {logging_mixin.py:188} INFO - [2026-01-08T19:13:02.011+0000] {dag.py:3089} INFO - Sync 1 DAGs
[2026-01-08T19:13:02.029+0000] {logging_mixin.py:188} INFO - [2026-01-08T19:13:02.029+0000] {dag.py:3947} INFO - Setting next_dagrun for dag_two to None, run_after=None
[2026-01-08T19:13:02.054+0000] {processor.py:183} INFO - Processing /opt/airflow/dags/second-dag.py took 0.138 seconds
[2026-01-08T19:13:32.410+0000] {processor.py:161} INFO - Started process (PID=594) to work on /opt/airflow/dags/second-dag.py
[2026-01-08T19:13:32.411+0000] {processor.py:830} INFO - Processing file /opt/airflow/dags/second-dag.py for tasks to queue
[2026-01-08T19:13:32.414+0000] {logging_mixin.py:188} INFO - [2026-01-08T19:13:32.414+0000] {dagbag.py:545} INFO - Filling up the DagBag from /opt/airflow/dags/second-dag.py
[2026-01-08T19:13:32.438+0000] {processor.py:840} INFO - DAG(s) 'dag_two' retrieved from /opt/airflow/dags/second-dag.py
[2026-01-08T19:13:32.470+0000] {logging_mixin.py:188} INFO - [2026-01-08T19:13:32.470+0000] {dag.py:3089} INFO - Sync 1 DAGs
[2026-01-08T19:13:32.488+0000] {logging_mixin.py:188} INFO - [2026-01-08T19:13:32.487+0000] {dag.py:3947} INFO - Setting next_dagrun for dag_two to None, run_after=None
[2026-01-08T19:13:32.521+0000] {processor.py:183} INFO - Processing /opt/airflow/dags/second-dag.py took 0.120 seconds
[2026-01-08T19:14:02.953+0000] {processor.py:161} INFO - Started process (PID=604) to work on /opt/airflow/dags/second-dag.py
[2026-01-08T19:14:02.960+0000] {processor.py:830} INFO - Processing file /opt/airflow/dags/second-dag.py for tasks to queue
[2026-01-08T19:14:02.964+0000] {logging_mixin.py:188} INFO - [2026-01-08T19:14:02.963+0000] {dagbag.py:545} INFO - Filling up the DagBag from /opt/airflow/dags/second-dag.py
[2026-01-08T19:14:02.990+0000] {processor.py:840} INFO - DAG(s) 'dag_two' retrieved from /opt/airflow/dags/second-dag.py
[2026-01-08T19:14:03.018+0000] {logging_mixin.py:188} INFO - [2026-01-08T19:14:03.018+0000] {dag.py:3089} INFO - Sync 1 DAGs
[2026-01-08T19:14:03.035+0000] {logging_mixin.py:188} INFO - [2026-01-08T19:14:03.035+0000] {dag.py:3947} INFO - Setting next_dagrun for dag_two to None, run_after=None
[2026-01-08T19:14:03.065+0000] {processor.py:183} INFO - Processing /opt/airflow/dags/second-dag.py took 0.132 seconds
[2026-01-08T19:14:33.458+0000] {processor.py:161} INFO - Started process (PID=614) to work on /opt/airflow/dags/second-dag.py
[2026-01-08T19:14:33.459+0000] {processor.py:830} INFO - Processing file /opt/airflow/dags/second-dag.py for tasks to queue
[2026-01-08T19:14:33.462+0000] {logging_mixin.py:188} INFO - [2026-01-08T19:14:33.462+0000] {dagbag.py:545} INFO - Filling up the DagBag from /opt/airflow/dags/second-dag.py
[2026-01-08T19:14:33.507+0000] {processor.py:840} INFO - DAG(s) 'dag_two' retrieved from /opt/airflow/dags/second-dag.py
[2026-01-08T19:14:33.542+0000] {logging_mixin.py:188} INFO - [2026-01-08T19:14:33.542+0000] {dag.py:3089} INFO - Sync 1 DAGs
[2026-01-08T19:14:33.560+0000] {logging_mixin.py:188} INFO - [2026-01-08T19:14:33.560+0000] {dag.py:3947} INFO - Setting next_dagrun for dag_two to None, run_after=None
[2026-01-08T19:14:33.591+0000] {processor.py:183} INFO - Processing /opt/airflow/dags/second-dag.py took 0.142 seconds
[2026-01-08T19:15:04.021+0000] {processor.py:161} INFO - Started process (PID=624) to work on /opt/airflow/dags/second-dag.py
[2026-01-08T19:15:04.022+0000] {processor.py:830} INFO - Processing file /opt/airflow/dags/second-dag.py for tasks to queue
[2026-01-08T19:15:04.025+0000] {logging_mixin.py:188} INFO - [2026-01-08T19:15:04.025+0000] {dagbag.py:545} INFO - Filling up the DagBag from /opt/airflow/dags/second-dag.py
[2026-01-08T19:15:04.069+0000] {processor.py:840} INFO - DAG(s) 'dag_two' retrieved from /opt/airflow/dags/second-dag.py
[2026-01-08T19:15:04.100+0000] {logging_mixin.py:188} INFO - [2026-01-08T19:15:04.100+0000] {dag.py:3089} INFO - Sync 1 DAGs
[2026-01-08T19:15:04.117+0000] {logging_mixin.py:188} INFO - [2026-01-08T19:15:04.117+0000] {dag.py:3947} INFO - Setting next_dagrun for dag_two to None, run_after=None
[2026-01-08T19:15:04.149+0000] {processor.py:183} INFO - Processing /opt/airflow/dags/second-dag.py took 0.136 seconds
[2026-01-08T19:15:34.507+0000] {processor.py:161} INFO - Started process (PID=634) to work on /opt/airflow/dags/second-dag.py
[2026-01-08T19:15:34.510+0000] {processor.py:830} INFO - Processing file /opt/airflow/dags/second-dag.py for tasks to queue
[2026-01-08T19:15:34.512+0000] {logging_mixin.py:188} INFO - [2026-01-08T19:15:34.512+0000] {dagbag.py:545} INFO - Filling up the DagBag from /opt/airflow/dags/second-dag.py
[2026-01-08T19:15:34.552+0000] {processor.py:840} INFO - DAG(s) 'dag_two' retrieved from /opt/airflow/dags/second-dag.py
[2026-01-08T19:15:34.581+0000] {logging_mixin.py:188} INFO - [2026-01-08T19:15:34.581+0000] {dag.py:3089} INFO - Sync 1 DAGs
[2026-01-08T19:15:34.599+0000] {logging_mixin.py:188} INFO - [2026-01-08T19:15:34.598+0000] {dag.py:3947} INFO - Setting next_dagrun for dag_two to None, run_after=None
[2026-01-08T19:15:34.629+0000] {processor.py:183} INFO - Processing /opt/airflow/dags/second-dag.py took 0.130 seconds
[2026-01-08T19:16:04.985+0000] {processor.py:161} INFO - Started process (PID=644) to work on /opt/airflow/dags/second-dag.py
[2026-01-08T19:16:04.987+0000] {processor.py:830} INFO - Processing file /opt/airflow/dags/second-dag.py for tasks to queue
[2026-01-08T19:16:04.989+0000] {logging_mixin.py:188} INFO - [2026-01-08T19:16:04.989+0000] {dagbag.py:545} INFO - Filling up the DagBag from /opt/airflow/dags/second-dag.py
[2026-01-08T19:16:05.034+0000] {processor.py:840} INFO - DAG(s) 'dag_two' retrieved from /opt/airflow/dags/second-dag.py
[2026-01-08T19:16:05.065+0000] {logging_mixin.py:188} INFO - [2026-01-08T19:16:05.064+0000] {dag.py:3089} INFO - Sync 1 DAGs
[2026-01-08T19:16:05.084+0000] {logging_mixin.py:188} INFO - [2026-01-08T19:16:05.083+0000] {dag.py:3947} INFO - Setting next_dagrun for dag_two to None, run_after=None
[2026-01-08T19:16:05.112+0000] {processor.py:183} INFO - Processing /opt/airflow/dags/second-dag.py took 0.134 seconds
[2026-01-08T19:16:35.489+0000] {processor.py:161} INFO - Started process (PID=654) to work on /opt/airflow/dags/second-dag.py
[2026-01-08T19:16:35.491+0000] {processor.py:830} INFO - Processing file /opt/airflow/dags/second-dag.py for tasks to queue
[2026-01-08T19:16:35.495+0000] {logging_mixin.py:188} INFO - [2026-01-08T19:16:35.494+0000] {dagbag.py:545} INFO - Filling up the DagBag from /opt/airflow/dags/second-dag.py
[2026-01-08T19:16:35.546+0000] {processor.py:840} INFO - DAG(s) 'dag_two' retrieved from /opt/airflow/dags/second-dag.py
[2026-01-08T19:16:35.582+0000] {logging_mixin.py:188} INFO - [2026-01-08T19:16:35.581+0000] {dag.py:3089} INFO - Sync 1 DAGs
[2026-01-08T19:16:35.601+0000] {logging_mixin.py:188} INFO - [2026-01-08T19:16:35.600+0000] {dag.py:3947} INFO - Setting next_dagrun for dag_two to None, run_after=None
[2026-01-08T19:16:35.633+0000] {processor.py:183} INFO - Processing /opt/airflow/dags/second-dag.py took 0.152 seconds
[2026-01-08T19:17:06.007+0000] {processor.py:161} INFO - Started process (PID=664) to work on /opt/airflow/dags/second-dag.py
[2026-01-08T19:17:06.008+0000] {processor.py:830} INFO - Processing file /opt/airflow/dags/second-dag.py for tasks to queue
[2026-01-08T19:17:06.012+0000] {logging_mixin.py:188} INFO - [2026-01-08T19:17:06.011+0000] {dagbag.py:545} INFO - Filling up the DagBag from /opt/airflow/dags/second-dag.py
[2026-01-08T19:17:06.058+0000] {processor.py:840} INFO - DAG(s) 'dag_two' retrieved from /opt/airflow/dags/second-dag.py
[2026-01-08T19:17:06.092+0000] {logging_mixin.py:188} INFO - [2026-01-08T19:17:06.092+0000] {dag.py:3089} INFO - Sync 1 DAGs
[2026-01-08T19:17:06.110+0000] {logging_mixin.py:188} INFO - [2026-01-08T19:17:06.109+0000] {dag.py:3947} INFO - Setting next_dagrun for dag_two to None, run_after=None
[2026-01-08T19:17:06.143+0000] {processor.py:183} INFO - Processing /opt/airflow/dags/second-dag.py took 0.145 seconds
[2026-01-08T19:17:36.460+0000] {processor.py:161} INFO - Started process (PID=674) to work on /opt/airflow/dags/second-dag.py
[2026-01-08T19:17:36.461+0000] {processor.py:830} INFO - Processing file /opt/airflow/dags/second-dag.py for tasks to queue
[2026-01-08T19:17:36.465+0000] {logging_mixin.py:188} INFO - [2026-01-08T19:17:36.464+0000] {dagbag.py:545} INFO - Filling up the DagBag from /opt/airflow/dags/second-dag.py
[2026-01-08T19:17:36.497+0000] {processor.py:840} INFO - DAG(s) 'dag_two' retrieved from /opt/airflow/dags/second-dag.py
[2026-01-08T19:17:36.535+0000] {logging_mixin.py:188} INFO - [2026-01-08T19:17:36.535+0000] {dag.py:3089} INFO - Sync 1 DAGs
[2026-01-08T19:17:36.553+0000] {logging_mixin.py:188} INFO - [2026-01-08T19:17:36.553+0000] {dag.py:3947} INFO - Setting next_dagrun for dag_two to None, run_after=None
[2026-01-08T19:17:36.577+0000] {processor.py:183} INFO - Processing /opt/airflow/dags/second-dag.py took 0.131 seconds
[2026-01-08T19:18:06.933+0000] {processor.py:161} INFO - Started process (PID=684) to work on /opt/airflow/dags/second-dag.py
[2026-01-08T19:18:06.935+0000] {processor.py:830} INFO - Processing file /opt/airflow/dags/second-dag.py for tasks to queue
[2026-01-08T19:18:06.938+0000] {logging_mixin.py:188} INFO - [2026-01-08T19:18:06.938+0000] {dagbag.py:545} INFO - Filling up the DagBag from /opt/airflow/dags/second-dag.py
[2026-01-08T19:18:06.978+0000] {processor.py:840} INFO - DAG(s) 'dag_two' retrieved from /opt/airflow/dags/second-dag.py
[2026-01-08T19:18:07.008+0000] {logging_mixin.py:188} INFO - [2026-01-08T19:18:07.008+0000] {dag.py:3089} INFO - Sync 1 DAGs
[2026-01-08T19:18:07.027+0000] {logging_mixin.py:188} INFO - [2026-01-08T19:18:07.027+0000] {dag.py:3947} INFO - Setting next_dagrun for dag_two to None, run_after=None
[2026-01-08T19:18:07.057+0000] {processor.py:183} INFO - Processing /opt/airflow/dags/second-dag.py took 0.133 seconds
[2026-01-08T19:18:37.442+0000] {processor.py:161} INFO - Started process (PID=694) to work on /opt/airflow/dags/second-dag.py
[2026-01-08T19:18:37.444+0000] {processor.py:830} INFO - Processing file /opt/airflow/dags/second-dag.py for tasks to queue
[2026-01-08T19:18:37.447+0000] {logging_mixin.py:188} INFO - [2026-01-08T19:18:37.446+0000] {dagbag.py:545} INFO - Filling up the DagBag from /opt/airflow/dags/second-dag.py
[2026-01-08T19:18:37.467+0000] {processor.py:840} INFO - DAG(s) 'dag_two' retrieved from /opt/airflow/dags/second-dag.py
[2026-01-08T19:18:37.494+0000] {logging_mixin.py:188} INFO - [2026-01-08T19:18:37.494+0000] {dag.py:3089} INFO - Sync 1 DAGs
[2026-01-08T19:18:37.519+0000] {logging_mixin.py:188} INFO - [2026-01-08T19:18:37.519+0000] {dag.py:3947} INFO - Setting next_dagrun for dag_two to None, run_after=None
[2026-01-08T19:18:37.558+0000] {processor.py:183} INFO - Processing /opt/airflow/dags/second-dag.py took 0.123 seconds
[2026-01-08T19:19:07.926+0000] {processor.py:161} INFO - Started process (PID=704) to work on /opt/airflow/dags/second-dag.py
[2026-01-08T19:19:07.928+0000] {processor.py:830} INFO - Processing file /opt/airflow/dags/second-dag.py for tasks to queue
[2026-01-08T19:19:07.931+0000] {logging_mixin.py:188} INFO - [2026-01-08T19:19:07.930+0000] {dagbag.py:545} INFO - Filling up the DagBag from /opt/airflow/dags/second-dag.py
[2026-01-08T19:19:07.952+0000] {processor.py:840} INFO - DAG(s) 'dag_two' retrieved from /opt/airflow/dags/second-dag.py
[2026-01-08T19:19:07.984+0000] {logging_mixin.py:188} INFO - [2026-01-08T19:19:07.983+0000] {dag.py:3089} INFO - Sync 1 DAGs
[2026-01-08T19:19:08.001+0000] {logging_mixin.py:188} INFO - [2026-01-08T19:19:08.001+0000] {dag.py:3947} INFO - Setting next_dagrun for dag_two to None, run_after=None
[2026-01-08T19:19:08.027+0000] {processor.py:183} INFO - Processing /opt/airflow/dags/second-dag.py took 0.109 seconds
[2026-01-08T19:19:38.347+0000] {processor.py:161} INFO - Started process (PID=714) to work on /opt/airflow/dags/second-dag.py
[2026-01-08T19:19:38.348+0000] {processor.py:830} INFO - Processing file /opt/airflow/dags/second-dag.py for tasks to queue
[2026-01-08T19:19:38.352+0000] {logging_mixin.py:188} INFO - [2026-01-08T19:19:38.352+0000] {dagbag.py:545} INFO - Filling up the DagBag from /opt/airflow/dags/second-dag.py
[2026-01-08T19:19:38.389+0000] {processor.py:840} INFO - DAG(s) 'dag_two' retrieved from /opt/airflow/dags/second-dag.py
[2026-01-08T19:19:38.421+0000] {logging_mixin.py:188} INFO - [2026-01-08T19:19:38.420+0000] {dag.py:3089} INFO - Sync 1 DAGs
[2026-01-08T19:19:38.439+0000] {logging_mixin.py:188} INFO - [2026-01-08T19:19:38.439+0000] {dag.py:3947} INFO - Setting next_dagrun for dag_two to None, run_after=None
[2026-01-08T19:19:38.471+0000] {processor.py:183} INFO - Processing /opt/airflow/dags/second-dag.py took 0.132 seconds
[2026-01-08T19:20:08.867+0000] {processor.py:161} INFO - Started process (PID=724) to work on /opt/airflow/dags/second-dag.py
[2026-01-08T19:20:08.868+0000] {processor.py:830} INFO - Processing file /opt/airflow/dags/second-dag.py for tasks to queue
[2026-01-08T19:20:08.872+0000] {logging_mixin.py:188} INFO - [2026-01-08T19:20:08.872+0000] {dagbag.py:545} INFO - Filling up the DagBag from /opt/airflow/dags/second-dag.py
[2026-01-08T19:20:08.912+0000] {processor.py:840} INFO - DAG(s) 'dag_two' retrieved from /opt/airflow/dags/second-dag.py
[2026-01-08T19:20:09.000+0000] {logging_mixin.py:188} INFO - [2026-01-08T19:20:08.999+0000] {dag.py:3089} INFO - Sync 1 DAGs
[2026-01-08T19:20:09.018+0000] {logging_mixin.py:188} INFO - [2026-01-08T19:20:09.017+0000] {dag.py:3947} INFO - Setting next_dagrun for dag_two to None, run_after=None
[2026-01-08T19:20:09.091+0000] {processor.py:183} INFO - Processing /opt/airflow/dags/second-dag.py took 0.232 seconds
[2026-01-08T19:20:39.276+0000] {processor.py:161} INFO - Started process (PID=734) to work on /opt/airflow/dags/second-dag.py
[2026-01-08T19:20:39.278+0000] {processor.py:830} INFO - Processing file /opt/airflow/dags/second-dag.py for tasks to queue
[2026-01-08T19:20:39.281+0000] {logging_mixin.py:188} INFO - [2026-01-08T19:20:39.280+0000] {dagbag.py:545} INFO - Filling up the DagBag from /opt/airflow/dags/second-dag.py
[2026-01-08T19:20:39.313+0000] {processor.py:840} INFO - DAG(s) 'dag_two' retrieved from /opt/airflow/dags/second-dag.py
[2026-01-08T19:20:39.347+0000] {logging_mixin.py:188} INFO - [2026-01-08T19:20:39.346+0000] {dag.py:3089} INFO - Sync 1 DAGs
[2026-01-08T19:20:39.365+0000] {logging_mixin.py:188} INFO - [2026-01-08T19:20:39.365+0000] {dag.py:3947} INFO - Setting next_dagrun for dag_two to None, run_after=None
[2026-01-08T19:20:39.400+0000] {processor.py:183} INFO - Processing /opt/airflow/dags/second-dag.py took 0.133 seconds
[2026-01-08T19:21:09.783+0000] {processor.py:161} INFO - Started process (PID=744) to work on /opt/airflow/dags/second-dag.py
[2026-01-08T19:21:09.785+0000] {processor.py:830} INFO - Processing file /opt/airflow/dags/second-dag.py for tasks to queue
[2026-01-08T19:21:09.788+0000] {logging_mixin.py:188} INFO - [2026-01-08T19:21:09.787+0000] {dagbag.py:545} INFO - Filling up the DagBag from /opt/airflow/dags/second-dag.py
[2026-01-08T19:21:09.832+0000] {processor.py:840} INFO - DAG(s) 'dag_two' retrieved from /opt/airflow/dags/second-dag.py
[2026-01-08T19:21:09.865+0000] {logging_mixin.py:188} INFO - [2026-01-08T19:21:09.864+0000] {dag.py:3089} INFO - Sync 1 DAGs
[2026-01-08T19:21:09.884+0000] {logging_mixin.py:188} INFO - [2026-01-08T19:21:09.884+0000] {dag.py:3947} INFO - Setting next_dagrun for dag_two to None, run_after=None
[2026-01-08T19:21:09.913+0000] {processor.py:183} INFO - Processing /opt/airflow/dags/second-dag.py took 0.138 seconds
