[2026-01-15T18:57:59.090+0000] {local_task_job_runner.py:120} INFO - ::group::Pre task execution logs
[2026-01-15T18:57:59.118+0000] {taskinstance.py:2076} INFO - Dependencies all met for dep_context=non-requeueable deps ti=<TaskInstance: dag_a.branching_logic manual__2026-01-15T18:57:57.652624+00:00 [queued]>
[2026-01-15T18:57:59.125+0000] {taskinstance.py:2076} INFO - Dependencies all met for dep_context=requeueable deps ti=<TaskInstance: dag_a.branching_logic manual__2026-01-15T18:57:57.652624+00:00 [queued]>
[2026-01-15T18:57:59.126+0000] {taskinstance.py:2306} INFO - Starting attempt 1 of 1
[2026-01-15T18:57:59.135+0000] {taskinstance.py:2330} INFO - Executing <Task(BranchPythonOperator): branching_logic> on 2026-01-15 18:57:57.652624+00:00
[2026-01-15T18:57:59.141+0000] {standard_task_runner.py:90} INFO - Running: ['***', 'tasks', 'run', 'dag_a', 'branching_logic', 'manual__2026-01-15T18:57:57.652624+00:00', '--job-id', '33', '--raw', '--subdir', 'DAGS_FOLDER/first-dag.py', '--cfg-path', '/tmp/tmp47hv_ocr']
[2026-01-15T18:57:59.145+0000] {standard_task_runner.py:91} INFO - Job 33: Subtask branching_logic
[2026-01-15T18:57:59.146+0000] {logging_mixin.py:188} WARNING - /home/***/.local/lib/python3.12/site-packages/***/task/task_runner/standard_task_runner.py:62 DeprecationWarning: This process (pid=674) is multi-threaded, use of fork() may lead to deadlocks in the child.
[2026-01-15T18:57:59.146+0000] {standard_task_runner.py:64} INFO - Started process 675 to run task
[2026-01-15T18:57:59.210+0000] {task_command.py:426} INFO - Running <TaskInstance: dag_a.branching_logic manual__2026-01-15T18:57:57.652624+00:00 [running]> on host 486b64c77b56
[2026-01-15T18:57:59.286+0000] {taskinstance.py:2648} INFO - Exporting env vars: AIRFLOW_CTX_DAG_OWNER='***' AIRFLOW_CTX_DAG_ID='dag_a' AIRFLOW_CTX_TASK_ID='branching_logic' AIRFLOW_CTX_EXECUTION_DATE='2026-01-15T18:57:57.652624+00:00' AIRFLOW_CTX_TRY_NUMBER='1' AIRFLOW_CTX_DAG_RUN_ID='manual__2026-01-15T18:57:57.652624+00:00'
[2026-01-15T18:57:59.287+0000] {taskinstance.py:430} INFO - ::endgroup::
[2026-01-15T18:57:59.297+0000] {baseoperator.py:400} WARNING - BranchPythonOperator.execute cannot be called outside TaskInstance!
[2026-01-15T18:57:59.307+0000] {python.py:237} INFO - Done. Returned value was: skip_trigger
[2026-01-15T18:57:59.307+0000] {branch.py:36} INFO - Branch into skip_trigger
[2026-01-15T18:57:59.308+0000] {skipmixin.py:178} INFO - Following branch skip_trigger
[2026-01-15T18:57:59.323+0000] {skipmixin.py:246} INFO - Skipping tasks [('trigger_dag_b_task', -1)]
[2026-01-15T18:57:59.344+0000] {taskinstance.py:441} INFO - ::group::Post task execution logs
[2026-01-15T18:57:59.363+0000] {taskinstance.py:1206} INFO - Marking task as SUCCESS. dag_id=dag_a, task_id=branching_logic, run_id=manual__2026-01-15T18:57:57.652624+00:00, execution_date=20260115T185757, start_date=20260115T185759, end_date=20260115T185759
[2026-01-15T18:57:59.402+0000] {local_task_job_runner.py:243} INFO - Task exited with return code 0
[2026-01-15T18:57:59.421+0000] {taskinstance.py:3503} INFO - 0 downstream tasks scheduled from follow-on schedule check
[2026-01-15T18:57:59.424+0000] {local_task_job_runner.py:222} INFO - ::endgroup::
