[2026-01-17T04:27:10.063+0000] {local_task_job_runner.py:120} INFO - ::group::Pre task execution logs
[2026-01-17T04:27:10.090+0000] {taskinstance.py:2076} INFO - Dependencies all met for dep_context=non-requeueable deps ti=<TaskInstance: postgres_insert.insert_mock_data manual__2026-01-17T04:27:08.581228+00:00 [queued]>
[2026-01-17T04:27:10.099+0000] {taskinstance.py:2076} INFO - Dependencies all met for dep_context=requeueable deps ti=<TaskInstance: postgres_insert.insert_mock_data manual__2026-01-17T04:27:08.581228+00:00 [queued]>
[2026-01-17T04:27:10.099+0000] {taskinstance.py:2306} INFO - Starting attempt 1 of 1
[2026-01-17T04:27:10.110+0000] {taskinstance.py:2330} INFO - Executing <Task(PostgresOperator): insert_mock_data> on 2026-01-17 04:27:08.581228+00:00
[2026-01-17T04:27:10.116+0000] {standard_task_runner.py:90} INFO - Running: ['***', 'tasks', 'run', 'postgres_insert', 'insert_mock_data', 'manual__2026-01-17T04:27:08.581228+00:00', '--job-id', '50', '--raw', '--subdir', 'DAGS_FOLDER/ingest.py', '--cfg-path', '/tmp/tmprix9ugrz']
[2026-01-17T04:27:10.118+0000] {logging_mixin.py:188} WARNING - /home/***/.local/lib/python3.12/site-packages/***/task/task_runner/standard_task_runner.py:62 DeprecationWarning: This process (pid=428) is multi-threaded, use of fork() may lead to deadlocks in the child.
[2026-01-17T04:27:10.119+0000] {standard_task_runner.py:91} INFO - Job 50: Subtask insert_mock_data
[2026-01-17T04:27:10.119+0000] {standard_task_runner.py:64} INFO - Started process 429 to run task
[2026-01-17T04:27:10.185+0000] {task_command.py:426} INFO - Running <TaskInstance: postgres_insert.insert_mock_data manual__2026-01-17T04:27:08.581228+00:00 [running]> on host 6fa7644da444
[2026-01-17T04:27:10.254+0000] {taskinstance.py:2648} INFO - Exporting env vars: AIRFLOW_CTX_DAG_OWNER='***' AIRFLOW_CTX_DAG_ID='postgres_insert' AIRFLOW_CTX_TASK_ID='insert_mock_data' AIRFLOW_CTX_EXECUTION_DATE='2026-01-17T04:27:08.581228+00:00' AIRFLOW_CTX_TRY_NUMBER='1' AIRFLOW_CTX_DAG_RUN_ID='manual__2026-01-17T04:27:08.581228+00:00'
[2026-01-17T04:27:10.256+0000] {taskinstance.py:430} INFO - ::endgroup::
[2026-01-17T04:27:10.269+0000] {sql.py:282} INFO - Executing: 
            INSERT INTO staging_users (name) 
            VALUES ('User_20260117'), ('Airflow_Bot');
        
[2026-01-17T04:27:10.278+0000] {base.py:84} INFO - Using connection ID 'postgres_ingest' for task execution.
[2026-01-17T04:27:10.289+0000] {base.py:84} INFO - Using connection ID 'postgres_ingest' for task execution.
[2026-01-17T04:27:10.295+0000] {sql.py:495} INFO - Running statement: 
            INSERT INTO staging_users (name) 
            VALUES ('User_20260117'), ('Airflow_Bot');
        , parameters: None
[2026-01-17T04:27:10.296+0000] {sql.py:504} INFO - Rows affected: 2
[2026-01-17T04:27:10.298+0000] {taskinstance.py:441} INFO - ::group::Post task execution logs
[2026-01-17T04:27:10.308+0000] {taskinstance.py:1206} INFO - Marking task as SUCCESS. dag_id=postgres_insert, task_id=insert_mock_data, run_id=manual__2026-01-17T04:27:08.581228+00:00, execution_date=20260117T042708, start_date=20260117T042710, end_date=20260117T042710
[2026-01-17T04:27:10.334+0000] {local_task_job_runner.py:243} INFO - Task exited with return code 0
[2026-01-17T04:27:10.345+0000] {logging_mixin.py:188} WARNING - /home/***/.local/lib/python3.12/site-packages/***/models/baseoperator.py:1297 AirflowProviderDeprecationWarning: Call to deprecated class PostgresOperator. (Please use `***.providers.common.sql.operators.sql.SQLExecuteQueryOperator`.Also, you can provide `hook_params={'schema': <database>}`.)
[2026-01-17T04:27:10.353+0000] {taskinstance.py:3503} INFO - 1 downstream tasks scheduled from follow-on schedule check
[2026-01-17T04:27:10.357+0000] {local_task_job_runner.py:222} INFO - ::endgroup::
