[2026-01-17T04:25:42.824+0000] {local_task_job_runner.py:120} INFO - ::group::Pre task execution logs
[2026-01-17T04:25:42.863+0000] {taskinstance.py:2076} INFO - Dependencies all met for dep_context=non-requeueable deps ti=<TaskInstance: postgres_insert.create_table manual__2026-01-17T04:25:41.835928+00:00 [queued]>
[2026-01-17T04:25:42.870+0000] {taskinstance.py:2076} INFO - Dependencies all met for dep_context=requeueable deps ti=<TaskInstance: postgres_insert.create_table manual__2026-01-17T04:25:41.835928+00:00 [queued]>
[2026-01-17T04:25:42.871+0000] {taskinstance.py:2306} INFO - Starting attempt 1 of 1
[2026-01-17T04:25:42.884+0000] {taskinstance.py:2330} INFO - Executing <Task(PostgresOperator): create_table> on 2026-01-17 04:25:41.835928+00:00
[2026-01-17T04:25:42.895+0000] {logging_mixin.py:188} WARNING - /home/***/.local/lib/python3.12/site-packages/***/task/task_runner/standard_task_runner.py:62 DeprecationWarning: This process (pid=394) is multi-threaded, use of fork() may lead to deadlocks in the child.
[2026-01-17T04:25:42.891+0000] {standard_task_runner.py:90} INFO - Running: ['***', 'tasks', 'run', 'postgres_insert', 'create_table', 'manual__2026-01-17T04:25:41.835928+00:00', '--job-id', '48', '--raw', '--subdir', 'DAGS_FOLDER/ingest.py', '--cfg-path', '/tmp/tmpv1wlt580']
[2026-01-17T04:25:42.896+0000] {standard_task_runner.py:64} INFO - Started process 395 to run task
[2026-01-17T04:25:42.896+0000] {standard_task_runner.py:91} INFO - Job 48: Subtask create_table
[2026-01-17T04:25:42.976+0000] {task_command.py:426} INFO - Running <TaskInstance: postgres_insert.create_table manual__2026-01-17T04:25:41.835928+00:00 [running]> on host 6fa7644da444
[2026-01-17T04:25:43.055+0000] {taskinstance.py:2648} INFO - Exporting env vars: AIRFLOW_CTX_DAG_OWNER='***' AIRFLOW_CTX_DAG_ID='postgres_insert' AIRFLOW_CTX_TASK_ID='create_table' AIRFLOW_CTX_EXECUTION_DATE='2026-01-17T04:25:41.835928+00:00' AIRFLOW_CTX_TRY_NUMBER='1' AIRFLOW_CTX_DAG_RUN_ID='manual__2026-01-17T04:25:41.835928+00:00'
[2026-01-17T04:25:43.056+0000] {taskinstance.py:430} INFO - ::endgroup::
[2026-01-17T04:25:43.078+0000] {sql.py:282} INFO - Executing: 
            CREATE TABLE IF NOT EXISTS staging_users (
                id SERIAL PRIMARY KEY,
                name VARCHAR(50),
                created_at TIMESTAMP DEFAULT CURRENT_TIMESTAMP
            );
        
[2026-01-17T04:25:43.088+0000] {base.py:84} INFO - Using connection ID 'postgres_ingest' for task execution.
[2026-01-17T04:25:43.102+0000] {base.py:84} INFO - Using connection ID 'postgres_ingest' for task execution.
[2026-01-17T04:25:43.109+0000] {taskinstance.py:441} INFO - ::group::Post task execution logs
[2026-01-17T04:25:43.110+0000] {taskinstance.py:2905} ERROR - Task failed with exception
Traceback (most recent call last):
  File "/home/airflow/.local/lib/python3.12/site-packages/airflow/models/taskinstance.py", line 465, in _execute_task
    result = _execute_callable(context=context, **execute_callable_kwargs)
             ^^^^^^^^^^^^^^^^^^^^^^^^^^^^^^^^^^^^^^^^^^^^^^^^^^^^^^^^^^^^^
  File "/home/airflow/.local/lib/python3.12/site-packages/airflow/models/taskinstance.py", line 432, in _execute_callable
    return execute_callable(context=context, **execute_callable_kwargs)
           ^^^^^^^^^^^^^^^^^^^^^^^^^^^^^^^^^^^^^^^^^^^^^^^^^^^^^^^^^^^^
  File "/home/airflow/.local/lib/python3.12/site-packages/airflow/models/baseoperator.py", line 401, in wrapper
    return func(self, *args, **kwargs)
           ^^^^^^^^^^^^^^^^^^^^^^^^^^^
  File "/home/airflow/.local/lib/python3.12/site-packages/airflow/providers/common/sql/operators/sql.py", line 288, in execute
    output = hook.run(
             ^^^^^^^^^
  File "/home/airflow/.local/lib/python3.12/site-packages/airflow/providers/common/sql/hooks/sql.py", line 438, in run
    with self._create_autocommit_connection(autocommit) as conn:
  File "/usr/local/lib/python3.12/contextlib.py", line 137, in __enter__
    return next(self.gen)
           ^^^^^^^^^^^^^^
  File "/home/airflow/.local/lib/python3.12/site-packages/airflow/providers/common/sql/hooks/sql.py", line 560, in _create_autocommit_connection
    with closing(self.get_conn()) as conn:
                 ^^^^^^^^^^^^^^^
  File "/home/airflow/.local/lib/python3.12/site-packages/airflow/providers/postgres/hooks/postgres.py", line 175, in get_conn
    self.conn = psycopg2.connect(**conn_args)
                ^^^^^^^^^^^^^^^^^^^^^^^^^^^^^
  File "/home/airflow/.local/lib/python3.12/site-packages/psycopg2/__init__.py", line 122, in connect
    conn = _connect(dsn, connection_factory=connection_factory, **kwasync)
           ^^^^^^^^^^^^^^^^^^^^^^^^^^^^^^^^^^^^^^^^^^^^^^^^^^^^^^^^^^^^^^^
psycopg2.OperationalError: connection to server at "data-ingest-db" (172.18.0.2), port 5432 failed: FATAL:  password authentication failed for user "***"

[2026-01-17T04:25:43.123+0000] {taskinstance.py:1206} INFO - Marking task as FAILED. dag_id=postgres_insert, task_id=create_table, run_id=manual__2026-01-17T04:25:41.835928+00:00, execution_date=20260117T042541, start_date=20260117T042542, end_date=20260117T042543
[2026-01-17T04:25:43.135+0000] {standard_task_runner.py:110} ERROR - Failed to execute job 48 for task create_table (connection to server at "data-ingest-db" (172.18.0.2), port 5432 failed: FATAL:  password authentication failed for user "***"
; 395)
[2026-01-17T04:25:43.150+0000] {local_task_job_runner.py:243} INFO - Task exited with return code 1
[2026-01-17T04:25:43.164+0000] {logging_mixin.py:188} WARNING - /home/***/.local/lib/python3.12/site-packages/***/models/baseoperator.py:1297 AirflowProviderDeprecationWarning: Call to deprecated class PostgresOperator. (Please use `***.providers.common.sql.operators.sql.SQLExecuteQueryOperator`.Also, you can provide `hook_params={'schema': <database>}`.)
[2026-01-17T04:25:43.174+0000] {taskinstance.py:3503} INFO - 0 downstream tasks scheduled from follow-on schedule check
[2026-01-17T04:25:43.182+0000] {local_task_job_runner.py:222} INFO - ::endgroup::
