[2026-01-17T04:27:09.061+0000] {local_task_job_runner.py:120} INFO - ::group::Pre task execution logs
[2026-01-17T04:27:09.113+0000] {taskinstance.py:2076} INFO - Dependencies all met for dep_context=non-requeueable deps ti=<TaskInstance: postgres_insert.create_table manual__2026-01-17T04:27:08.581228+00:00 [queued]>
[2026-01-17T04:27:09.120+0000] {taskinstance.py:2076} INFO - Dependencies all met for dep_context=requeueable deps ti=<TaskInstance: postgres_insert.create_table manual__2026-01-17T04:27:08.581228+00:00 [queued]>
[2026-01-17T04:27:09.121+0000] {taskinstance.py:2306} INFO - Starting attempt 1 of 1
[2026-01-17T04:27:09.134+0000] {taskinstance.py:2330} INFO - Executing <Task(PostgresOperator): create_table> on 2026-01-17 04:27:08.581228+00:00
[2026-01-17T04:27:09.141+0000] {standard_task_runner.py:90} INFO - Running: ['***', 'tasks', 'run', 'postgres_insert', 'create_table', 'manual__2026-01-17T04:27:08.581228+00:00', '--job-id', '49', '--raw', '--subdir', 'DAGS_FOLDER/ingest.py', '--cfg-path', '/tmp/tmpgdonoly2']
[2026-01-17T04:27:09.143+0000] {logging_mixin.py:188} WARNING - /home/***/.local/lib/python3.12/site-packages/***/task/task_runner/standard_task_runner.py:62 DeprecationWarning: This process (pid=426) is multi-threaded, use of fork() may lead to deadlocks in the child.
[2026-01-17T04:27:09.144+0000] {standard_task_runner.py:91} INFO - Job 49: Subtask create_table
[2026-01-17T04:27:09.144+0000] {standard_task_runner.py:64} INFO - Started process 427 to run task
[2026-01-17T04:27:09.213+0000] {task_command.py:426} INFO - Running <TaskInstance: postgres_insert.create_table manual__2026-01-17T04:27:08.581228+00:00 [running]> on host 6fa7644da444
[2026-01-17T04:27:09.278+0000] {taskinstance.py:2648} INFO - Exporting env vars: AIRFLOW_CTX_DAG_OWNER='***' AIRFLOW_CTX_DAG_ID='postgres_insert' AIRFLOW_CTX_TASK_ID='create_table' AIRFLOW_CTX_EXECUTION_DATE='2026-01-17T04:27:08.581228+00:00' AIRFLOW_CTX_TRY_NUMBER='1' AIRFLOW_CTX_DAG_RUN_ID='manual__2026-01-17T04:27:08.581228+00:00'
[2026-01-17T04:27:09.280+0000] {taskinstance.py:430} INFO - ::endgroup::
[2026-01-17T04:27:09.297+0000] {sql.py:282} INFO - Executing: 
            CREATE TABLE IF NOT EXISTS staging_users (
                id SERIAL PRIMARY KEY,
                name VARCHAR(50),
                created_at TIMESTAMP DEFAULT CURRENT_TIMESTAMP
            );
        
[2026-01-17T04:27:09.307+0000] {base.py:84} INFO - Using connection ID 'postgres_ingest' for task execution.
[2026-01-17T04:27:09.316+0000] {base.py:84} INFO - Using connection ID 'postgres_ingest' for task execution.
[2026-01-17T04:27:09.331+0000] {sql.py:495} INFO - Running statement: 
            CREATE TABLE IF NOT EXISTS staging_users (
                id SERIAL PRIMARY KEY,
                name VARCHAR(50),
                created_at TIMESTAMP DEFAULT CURRENT_TIMESTAMP
            );
        , parameters: None
[2026-01-17T04:27:09.351+0000] {taskinstance.py:441} INFO - ::group::Post task execution logs
[2026-01-17T04:27:09.361+0000] {taskinstance.py:1206} INFO - Marking task as SUCCESS. dag_id=postgres_insert, task_id=create_table, run_id=manual__2026-01-17T04:27:08.581228+00:00, execution_date=20260117T042708, start_date=20260117T042709, end_date=20260117T042709
[2026-01-17T04:27:09.399+0000] {local_task_job_runner.py:243} INFO - Task exited with return code 0
[2026-01-17T04:27:09.413+0000] {logging_mixin.py:188} WARNING - /home/***/.local/lib/python3.12/site-packages/***/models/baseoperator.py:1297 AirflowProviderDeprecationWarning: Call to deprecated class PostgresOperator. (Please use `***.providers.common.sql.operators.sql.SQLExecuteQueryOperator`.Also, you can provide `hook_params={'schema': <database>}`.)
[2026-01-17T04:27:09.425+0000] {taskinstance.py:3503} INFO - 1 downstream tasks scheduled from follow-on schedule check
[2026-01-17T04:27:09.428+0000] {local_task_job_runner.py:222} INFO - ::endgroup::
