[2026-01-15T18:42:09.940+0000] {processor.py:161} INFO - Started process (PID=169) to work on /opt/airflow/dags/first-dag.py
[2026-01-15T18:42:09.942+0000] {processor.py:830} INFO - Processing file /opt/airflow/dags/first-dag.py for tasks to queue
[2026-01-15T18:42:09.948+0000] {logging_mixin.py:188} INFO - [2026-01-15T18:42:09.947+0000] {dagbag.py:545} INFO - Filling up the DagBag from /opt/airflow/dags/first-dag.py
[2026-01-15T18:42:09.992+0000] {logging_mixin.py:188} INFO - [2026-01-15T18:42:09.980+0000] {dagbag.py:355} ERROR - Failed to import: /opt/airflow/dags/first-dag.py
Traceback (most recent call last):
  File "/home/airflow/.local/lib/python3.12/site-packages/airflow/models/dagbag.py", line 351, in parse
    loader.exec_module(new_module)
  File "<frozen importlib._bootstrap_external>", line 995, in exec_module
  File "<frozen importlib._bootstrap>", line 488, in _call_with_frames_removed
  File "/opt/airflow/dags/first-dag.py", line 32, in <module>
    branching = BranchPythonOperator(
                ^^^^^^^^^^^^^^^^^^^^^
  File "/home/airflow/.local/lib/python3.12/site-packages/airflow/models/baseoperator.py", line 485, in apply_defaults
    result = func(self, **kwargs, default_args=default_args)
             ^^^^^^^^^^^^^^^^^^^^^^^^^^^^^^^^^^^^^^^^^^^^^^^
  File "/home/airflow/.local/lib/python3.12/site-packages/airflow/models/baseoperator.py", line 485, in apply_defaults
    result = func(self, **kwargs, default_args=default_args)
             ^^^^^^^^^^^^^^^^^^^^^^^^^^^^^^^^^^^^^^^^^^^^^^^
  File "/home/airflow/.local/lib/python3.12/site-packages/airflow/operators/python.py", line 222, in __init__
    raise AirflowException("`python_callable` param must be callable")
airflow.exceptions.AirflowException: `python_callable` param must be callable
[2026-01-15T18:42:09.994+0000] {processor.py:842} WARNING - No viable dags retrieved from /opt/airflow/dags/first-dag.py
[2026-01-15T18:42:10.040+0000] {processor.py:183} INFO - Processing /opt/airflow/dags/first-dag.py took 0.112 seconds
[2026-01-15T18:42:40.556+0000] {processor.py:161} INFO - Started process (PID=184) to work on /opt/airflow/dags/first-dag.py
[2026-01-15T18:42:40.557+0000] {processor.py:830} INFO - Processing file /opt/airflow/dags/first-dag.py for tasks to queue
[2026-01-15T18:42:40.561+0000] {logging_mixin.py:188} INFO - [2026-01-15T18:42:40.561+0000] {dagbag.py:545} INFO - Filling up the DagBag from /opt/airflow/dags/first-dag.py
[2026-01-15T18:42:40.589+0000] {logging_mixin.py:188} INFO - [2026-01-15T18:42:40.583+0000] {dagbag.py:355} ERROR - Failed to import: /opt/airflow/dags/first-dag.py
Traceback (most recent call last):
  File "/home/airflow/.local/lib/python3.12/site-packages/airflow/models/dagbag.py", line 351, in parse
    loader.exec_module(new_module)
  File "<frozen importlib._bootstrap_external>", line 995, in exec_module
  File "<frozen importlib._bootstrap>", line 488, in _call_with_frames_removed
  File "/opt/airflow/dags/first-dag.py", line 32, in <module>
    branching = BranchPythonOperator(
                ^^^^^^^^^^^^^^^^^^^^^
  File "/home/airflow/.local/lib/python3.12/site-packages/airflow/models/baseoperator.py", line 485, in apply_defaults
    result = func(self, **kwargs, default_args=default_args)
             ^^^^^^^^^^^^^^^^^^^^^^^^^^^^^^^^^^^^^^^^^^^^^^^
  File "/home/airflow/.local/lib/python3.12/site-packages/airflow/models/baseoperator.py", line 485, in apply_defaults
    result = func(self, **kwargs, default_args=default_args)
             ^^^^^^^^^^^^^^^^^^^^^^^^^^^^^^^^^^^^^^^^^^^^^^^
  File "/home/airflow/.local/lib/python3.12/site-packages/airflow/operators/python.py", line 222, in __init__
    raise AirflowException("`python_callable` param must be callable")
airflow.exceptions.AirflowException: `python_callable` param must be callable
[2026-01-15T18:42:40.591+0000] {processor.py:842} WARNING - No viable dags retrieved from /opt/airflow/dags/first-dag.py
[2026-01-15T18:42:40.618+0000] {processor.py:183} INFO - Processing /opt/airflow/dags/first-dag.py took 0.069 seconds
[2026-01-15T18:43:11.339+0000] {processor.py:161} INFO - Started process (PID=199) to work on /opt/airflow/dags/first-dag.py
[2026-01-15T18:43:11.341+0000] {processor.py:830} INFO - Processing file /opt/airflow/dags/first-dag.py for tasks to queue
[2026-01-15T18:43:11.343+0000] {logging_mixin.py:188} INFO - [2026-01-15T18:43:11.342+0000] {dagbag.py:545} INFO - Filling up the DagBag from /opt/airflow/dags/first-dag.py
[2026-01-15T18:43:11.375+0000] {logging_mixin.py:188} INFO - [2026-01-15T18:43:11.367+0000] {dagbag.py:355} ERROR - Failed to import: /opt/airflow/dags/first-dag.py
Traceback (most recent call last):
  File "/home/airflow/.local/lib/python3.12/site-packages/airflow/models/dagbag.py", line 351, in parse
    loader.exec_module(new_module)
  File "<frozen importlib._bootstrap_external>", line 995, in exec_module
  File "<frozen importlib._bootstrap>", line 488, in _call_with_frames_removed
  File "/opt/airflow/dags/first-dag.py", line 32, in <module>
    branching = BranchPythonOperator(
                ^^^^^^^^^^^^^^^^^^^^^
  File "/home/airflow/.local/lib/python3.12/site-packages/airflow/models/baseoperator.py", line 485, in apply_defaults
    result = func(self, **kwargs, default_args=default_args)
             ^^^^^^^^^^^^^^^^^^^^^^^^^^^^^^^^^^^^^^^^^^^^^^^
  File "/home/airflow/.local/lib/python3.12/site-packages/airflow/models/baseoperator.py", line 485, in apply_defaults
    result = func(self, **kwargs, default_args=default_args)
             ^^^^^^^^^^^^^^^^^^^^^^^^^^^^^^^^^^^^^^^^^^^^^^^
  File "/home/airflow/.local/lib/python3.12/site-packages/airflow/operators/python.py", line 222, in __init__
    raise AirflowException("`python_callable` param must be callable")
airflow.exceptions.AirflowException: `python_callable` param must be callable
[2026-01-15T18:43:11.375+0000] {processor.py:842} WARNING - No viable dags retrieved from /opt/airflow/dags/first-dag.py
[2026-01-15T18:43:11.409+0000] {processor.py:183} INFO - Processing /opt/airflow/dags/first-dag.py took 0.075 seconds
[2026-01-15T18:43:41.965+0000] {processor.py:161} INFO - Started process (PID=214) to work on /opt/airflow/dags/first-dag.py
[2026-01-15T18:43:41.966+0000] {processor.py:830} INFO - Processing file /opt/airflow/dags/first-dag.py for tasks to queue
[2026-01-15T18:43:41.967+0000] {logging_mixin.py:188} INFO - [2026-01-15T18:43:41.967+0000] {dagbag.py:545} INFO - Filling up the DagBag from /opt/airflow/dags/first-dag.py
[2026-01-15T18:43:41.998+0000] {logging_mixin.py:188} INFO - [2026-01-15T18:43:41.990+0000] {dagbag.py:355} ERROR - Failed to import: /opt/airflow/dags/first-dag.py
Traceback (most recent call last):
  File "/home/airflow/.local/lib/python3.12/site-packages/airflow/models/dagbag.py", line 351, in parse
    loader.exec_module(new_module)
  File "<frozen importlib._bootstrap_external>", line 995, in exec_module
  File "<frozen importlib._bootstrap>", line 488, in _call_with_frames_removed
  File "/opt/airflow/dags/first-dag.py", line 32, in <module>
    branching = BranchPythonOperator(
                ^^^^^^^^^^^^^^^^^^^^^
  File "/home/airflow/.local/lib/python3.12/site-packages/airflow/models/baseoperator.py", line 485, in apply_defaults
    result = func(self, **kwargs, default_args=default_args)
             ^^^^^^^^^^^^^^^^^^^^^^^^^^^^^^^^^^^^^^^^^^^^^^^
  File "/home/airflow/.local/lib/python3.12/site-packages/airflow/models/baseoperator.py", line 485, in apply_defaults
    result = func(self, **kwargs, default_args=default_args)
             ^^^^^^^^^^^^^^^^^^^^^^^^^^^^^^^^^^^^^^^^^^^^^^^
  File "/home/airflow/.local/lib/python3.12/site-packages/airflow/operators/python.py", line 222, in __init__
    raise AirflowException("`python_callable` param must be callable")
airflow.exceptions.AirflowException: `python_callable` param must be callable
[2026-01-15T18:43:42.001+0000] {processor.py:842} WARNING - No viable dags retrieved from /opt/airflow/dags/first-dag.py
[2026-01-15T18:43:42.026+0000] {processor.py:183} INFO - Processing /opt/airflow/dags/first-dag.py took 0.067 seconds
[2026-01-15T18:44:12.576+0000] {processor.py:161} INFO - Started process (PID=229) to work on /opt/airflow/dags/first-dag.py
[2026-01-15T18:44:12.578+0000] {processor.py:830} INFO - Processing file /opt/airflow/dags/first-dag.py for tasks to queue
[2026-01-15T18:44:12.579+0000] {logging_mixin.py:188} INFO - [2026-01-15T18:44:12.579+0000] {dagbag.py:545} INFO - Filling up the DagBag from /opt/airflow/dags/first-dag.py
[2026-01-15T18:44:12.609+0000] {logging_mixin.py:188} INFO - [2026-01-15T18:44:12.602+0000] {dagbag.py:355} ERROR - Failed to import: /opt/airflow/dags/first-dag.py
Traceback (most recent call last):
  File "/home/airflow/.local/lib/python3.12/site-packages/airflow/models/dagbag.py", line 351, in parse
    loader.exec_module(new_module)
  File "<frozen importlib._bootstrap_external>", line 995, in exec_module
  File "<frozen importlib._bootstrap>", line 488, in _call_with_frames_removed
  File "/opt/airflow/dags/first-dag.py", line 32, in <module>
    branching = BranchPythonOperator(
                ^^^^^^^^^^^^^^^^^^^^^
  File "/home/airflow/.local/lib/python3.12/site-packages/airflow/models/baseoperator.py", line 485, in apply_defaults
    result = func(self, **kwargs, default_args=default_args)
             ^^^^^^^^^^^^^^^^^^^^^^^^^^^^^^^^^^^^^^^^^^^^^^^
  File "/home/airflow/.local/lib/python3.12/site-packages/airflow/models/baseoperator.py", line 485, in apply_defaults
    result = func(self, **kwargs, default_args=default_args)
             ^^^^^^^^^^^^^^^^^^^^^^^^^^^^^^^^^^^^^^^^^^^^^^^
  File "/home/airflow/.local/lib/python3.12/site-packages/airflow/operators/python.py", line 222, in __init__
    raise AirflowException("`python_callable` param must be callable")
airflow.exceptions.AirflowException: `python_callable` param must be callable
[2026-01-15T18:44:12.610+0000] {processor.py:842} WARNING - No viable dags retrieved from /opt/airflow/dags/first-dag.py
[2026-01-15T18:44:12.634+0000] {processor.py:183} INFO - Processing /opt/airflow/dags/first-dag.py took 0.063 seconds
[2026-01-15T18:44:43.216+0000] {processor.py:161} INFO - Started process (PID=244) to work on /opt/airflow/dags/first-dag.py
[2026-01-15T18:44:43.218+0000] {processor.py:830} INFO - Processing file /opt/airflow/dags/first-dag.py for tasks to queue
[2026-01-15T18:44:43.219+0000] {logging_mixin.py:188} INFO - [2026-01-15T18:44:43.219+0000] {dagbag.py:545} INFO - Filling up the DagBag from /opt/airflow/dags/first-dag.py
[2026-01-15T18:44:43.257+0000] {logging_mixin.py:188} INFO - [2026-01-15T18:44:43.249+0000] {dagbag.py:355} ERROR - Failed to import: /opt/airflow/dags/first-dag.py
Traceback (most recent call last):
  File "/home/airflow/.local/lib/python3.12/site-packages/airflow/models/dagbag.py", line 351, in parse
    loader.exec_module(new_module)
  File "<frozen importlib._bootstrap_external>", line 995, in exec_module
  File "<frozen importlib._bootstrap>", line 488, in _call_with_frames_removed
  File "/opt/airflow/dags/first-dag.py", line 32, in <module>
    branching = BranchPythonOperator(
                ^^^^^^^^^^^^^^^^^^^^^
  File "/home/airflow/.local/lib/python3.12/site-packages/airflow/models/baseoperator.py", line 485, in apply_defaults
    result = func(self, **kwargs, default_args=default_args)
             ^^^^^^^^^^^^^^^^^^^^^^^^^^^^^^^^^^^^^^^^^^^^^^^
  File "/home/airflow/.local/lib/python3.12/site-packages/airflow/models/baseoperator.py", line 485, in apply_defaults
    result = func(self, **kwargs, default_args=default_args)
             ^^^^^^^^^^^^^^^^^^^^^^^^^^^^^^^^^^^^^^^^^^^^^^^
  File "/home/airflow/.local/lib/python3.12/site-packages/airflow/operators/python.py", line 222, in __init__
    raise AirflowException("`python_callable` param must be callable")
airflow.exceptions.AirflowException: `python_callable` param must be callable
[2026-01-15T18:44:43.259+0000] {processor.py:842} WARNING - No viable dags retrieved from /opt/airflow/dags/first-dag.py
[2026-01-15T18:44:43.287+0000] {processor.py:183} INFO - Processing /opt/airflow/dags/first-dag.py took 0.076 seconds
[2026-01-15T18:45:13.848+0000] {processor.py:161} INFO - Started process (PID=259) to work on /opt/airflow/dags/first-dag.py
[2026-01-15T18:45:13.850+0000] {processor.py:830} INFO - Processing file /opt/airflow/dags/first-dag.py for tasks to queue
[2026-01-15T18:45:13.851+0000] {logging_mixin.py:188} INFO - [2026-01-15T18:45:13.850+0000] {dagbag.py:545} INFO - Filling up the DagBag from /opt/airflow/dags/first-dag.py
[2026-01-15T18:45:13.880+0000] {logging_mixin.py:188} INFO - [2026-01-15T18:45:13.874+0000] {dagbag.py:355} ERROR - Failed to import: /opt/airflow/dags/first-dag.py
Traceback (most recent call last):
  File "/home/airflow/.local/lib/python3.12/site-packages/airflow/models/dagbag.py", line 351, in parse
    loader.exec_module(new_module)
  File "<frozen importlib._bootstrap_external>", line 995, in exec_module
  File "<frozen importlib._bootstrap>", line 488, in _call_with_frames_removed
  File "/opt/airflow/dags/first-dag.py", line 32, in <module>
    branching = BranchPythonOperator(
                ^^^^^^^^^^^^^^^^^^^^^
  File "/home/airflow/.local/lib/python3.12/site-packages/airflow/models/baseoperator.py", line 485, in apply_defaults
    result = func(self, **kwargs, default_args=default_args)
             ^^^^^^^^^^^^^^^^^^^^^^^^^^^^^^^^^^^^^^^^^^^^^^^
  File "/home/airflow/.local/lib/python3.12/site-packages/airflow/models/baseoperator.py", line 485, in apply_defaults
    result = func(self, **kwargs, default_args=default_args)
             ^^^^^^^^^^^^^^^^^^^^^^^^^^^^^^^^^^^^^^^^^^^^^^^
  File "/home/airflow/.local/lib/python3.12/site-packages/airflow/operators/python.py", line 222, in __init__
    raise AirflowException("`python_callable` param must be callable")
airflow.exceptions.AirflowException: `python_callable` param must be callable
[2026-01-15T18:45:13.881+0000] {processor.py:842} WARNING - No viable dags retrieved from /opt/airflow/dags/first-dag.py
[2026-01-15T18:45:13.906+0000] {processor.py:183} INFO - Processing /opt/airflow/dags/first-dag.py took 0.063 seconds
[2026-01-15T18:45:44.449+0000] {processor.py:161} INFO - Started process (PID=274) to work on /opt/airflow/dags/first-dag.py
[2026-01-15T18:45:44.450+0000] {processor.py:830} INFO - Processing file /opt/airflow/dags/first-dag.py for tasks to queue
[2026-01-15T18:45:44.451+0000] {logging_mixin.py:188} INFO - [2026-01-15T18:45:44.451+0000] {dagbag.py:545} INFO - Filling up the DagBag from /opt/airflow/dags/first-dag.py
[2026-01-15T18:45:44.476+0000] {logging_mixin.py:188} INFO - [2026-01-15T18:45:44.467+0000] {dagbag.py:355} ERROR - Failed to import: /opt/airflow/dags/first-dag.py
Traceback (most recent call last):
  File "/home/airflow/.local/lib/python3.12/site-packages/airflow/models/dagbag.py", line 351, in parse
    loader.exec_module(new_module)
  File "<frozen importlib._bootstrap_external>", line 995, in exec_module
  File "<frozen importlib._bootstrap>", line 488, in _call_with_frames_removed
  File "/opt/airflow/dags/first-dag.py", line 32, in <module>
    branching = BranchPythonOperator(
                ^^^^^^^^^^^^^^^^^^^^^
  File "/home/airflow/.local/lib/python3.12/site-packages/airflow/models/baseoperator.py", line 485, in apply_defaults
    result = func(self, **kwargs, default_args=default_args)
             ^^^^^^^^^^^^^^^^^^^^^^^^^^^^^^^^^^^^^^^^^^^^^^^
  File "/home/airflow/.local/lib/python3.12/site-packages/airflow/models/baseoperator.py", line 485, in apply_defaults
    result = func(self, **kwargs, default_args=default_args)
             ^^^^^^^^^^^^^^^^^^^^^^^^^^^^^^^^^^^^^^^^^^^^^^^
  File "/home/airflow/.local/lib/python3.12/site-packages/airflow/operators/python.py", line 222, in __init__
    raise AirflowException("`python_callable` param must be callable")
airflow.exceptions.AirflowException: `python_callable` param must be callable
[2026-01-15T18:45:44.478+0000] {processor.py:842} WARNING - No viable dags retrieved from /opt/airflow/dags/first-dag.py
[2026-01-15T18:45:44.505+0000] {processor.py:183} INFO - Processing /opt/airflow/dags/first-dag.py took 0.061 seconds
[2026-01-15T18:46:15.001+0000] {processor.py:161} INFO - Started process (PID=289) to work on /opt/airflow/dags/first-dag.py
[2026-01-15T18:46:15.003+0000] {processor.py:830} INFO - Processing file /opt/airflow/dags/first-dag.py for tasks to queue
[2026-01-15T18:46:15.004+0000] {logging_mixin.py:188} INFO - [2026-01-15T18:46:15.004+0000] {dagbag.py:545} INFO - Filling up the DagBag from /opt/airflow/dags/first-dag.py
[2026-01-15T18:46:15.050+0000] {logging_mixin.py:188} INFO - [2026-01-15T18:46:15.039+0000] {dagbag.py:355} ERROR - Failed to import: /opt/airflow/dags/first-dag.py
Traceback (most recent call last):
  File "/home/airflow/.local/lib/python3.12/site-packages/airflow/models/dagbag.py", line 351, in parse
    loader.exec_module(new_module)
  File "<frozen importlib._bootstrap_external>", line 995, in exec_module
  File "<frozen importlib._bootstrap>", line 488, in _call_with_frames_removed
  File "/opt/airflow/dags/first-dag.py", line 32, in <module>
    branching = BranchPythonOperator(
                ^^^^^^^^^^^^^^^^^^^^^
  File "/home/airflow/.local/lib/python3.12/site-packages/airflow/models/baseoperator.py", line 485, in apply_defaults
    result = func(self, **kwargs, default_args=default_args)
             ^^^^^^^^^^^^^^^^^^^^^^^^^^^^^^^^^^^^^^^^^^^^^^^
  File "/home/airflow/.local/lib/python3.12/site-packages/airflow/models/baseoperator.py", line 485, in apply_defaults
    result = func(self, **kwargs, default_args=default_args)
             ^^^^^^^^^^^^^^^^^^^^^^^^^^^^^^^^^^^^^^^^^^^^^^^
  File "/home/airflow/.local/lib/python3.12/site-packages/airflow/operators/python.py", line 222, in __init__
    raise AirflowException("`python_callable` param must be callable")
airflow.exceptions.AirflowException: `python_callable` param must be callable
[2026-01-15T18:46:15.052+0000] {processor.py:842} WARNING - No viable dags retrieved from /opt/airflow/dags/first-dag.py
[2026-01-15T18:46:15.081+0000] {processor.py:183} INFO - Processing /opt/airflow/dags/first-dag.py took 0.087 seconds
[2026-01-15T18:46:45.609+0000] {processor.py:161} INFO - Started process (PID=304) to work on /opt/airflow/dags/first-dag.py
[2026-01-15T18:46:45.610+0000] {processor.py:830} INFO - Processing file /opt/airflow/dags/first-dag.py for tasks to queue
[2026-01-15T18:46:45.611+0000] {logging_mixin.py:188} INFO - [2026-01-15T18:46:45.611+0000] {dagbag.py:545} INFO - Filling up the DagBag from /opt/airflow/dags/first-dag.py
[2026-01-15T18:46:45.642+0000] {logging_mixin.py:188} INFO - [2026-01-15T18:46:45.635+0000] {dagbag.py:355} ERROR - Failed to import: /opt/airflow/dags/first-dag.py
Traceback (most recent call last):
  File "/home/airflow/.local/lib/python3.12/site-packages/airflow/models/dagbag.py", line 351, in parse
    loader.exec_module(new_module)
  File "<frozen importlib._bootstrap_external>", line 995, in exec_module
  File "<frozen importlib._bootstrap>", line 488, in _call_with_frames_removed
  File "/opt/airflow/dags/first-dag.py", line 32, in <module>
    branching = BranchPythonOperator(
                ^^^^^^^^^^^^^^^^^^^^^
  File "/home/airflow/.local/lib/python3.12/site-packages/airflow/models/baseoperator.py", line 485, in apply_defaults
    result = func(self, **kwargs, default_args=default_args)
             ^^^^^^^^^^^^^^^^^^^^^^^^^^^^^^^^^^^^^^^^^^^^^^^
  File "/home/airflow/.local/lib/python3.12/site-packages/airflow/models/baseoperator.py", line 485, in apply_defaults
    result = func(self, **kwargs, default_args=default_args)
             ^^^^^^^^^^^^^^^^^^^^^^^^^^^^^^^^^^^^^^^^^^^^^^^
  File "/home/airflow/.local/lib/python3.12/site-packages/airflow/operators/python.py", line 222, in __init__
    raise AirflowException("`python_callable` param must be callable")
airflow.exceptions.AirflowException: `python_callable` param must be callable
[2026-01-15T18:46:45.644+0000] {processor.py:842} WARNING - No viable dags retrieved from /opt/airflow/dags/first-dag.py
[2026-01-15T18:46:45.718+0000] {processor.py:183} INFO - Processing /opt/airflow/dags/first-dag.py took 0.115 seconds
[2026-01-15T18:47:16.393+0000] {processor.py:161} INFO - Started process (PID=319) to work on /opt/airflow/dags/first-dag.py
[2026-01-15T18:47:16.394+0000] {processor.py:830} INFO - Processing file /opt/airflow/dags/first-dag.py for tasks to queue
[2026-01-15T18:47:16.395+0000] {logging_mixin.py:188} INFO - [2026-01-15T18:47:16.395+0000] {dagbag.py:545} INFO - Filling up the DagBag from /opt/airflow/dags/first-dag.py
[2026-01-15T18:47:16.428+0000] {logging_mixin.py:188} INFO - [2026-01-15T18:47:16.417+0000] {dagbag.py:355} ERROR - Failed to import: /opt/airflow/dags/first-dag.py
Traceback (most recent call last):
  File "/home/airflow/.local/lib/python3.12/site-packages/airflow/models/dagbag.py", line 351, in parse
    loader.exec_module(new_module)
  File "<frozen importlib._bootstrap_external>", line 995, in exec_module
  File "<frozen importlib._bootstrap>", line 488, in _call_with_frames_removed
  File "/opt/airflow/dags/first-dag.py", line 32, in <module>
    branching = BranchPythonOperator(
                ^^^^^^^^^^^^^^^^^^^^^
  File "/home/airflow/.local/lib/python3.12/site-packages/airflow/models/baseoperator.py", line 485, in apply_defaults
    result = func(self, **kwargs, default_args=default_args)
             ^^^^^^^^^^^^^^^^^^^^^^^^^^^^^^^^^^^^^^^^^^^^^^^
  File "/home/airflow/.local/lib/python3.12/site-packages/airflow/models/baseoperator.py", line 485, in apply_defaults
    result = func(self, **kwargs, default_args=default_args)
             ^^^^^^^^^^^^^^^^^^^^^^^^^^^^^^^^^^^^^^^^^^^^^^^
  File "/home/airflow/.local/lib/python3.12/site-packages/airflow/operators/python.py", line 222, in __init__
    raise AirflowException("`python_callable` param must be callable")
airflow.exceptions.AirflowException: `python_callable` param must be callable
[2026-01-15T18:47:16.430+0000] {processor.py:842} WARNING - No viable dags retrieved from /opt/airflow/dags/first-dag.py
[2026-01-15T18:47:16.461+0000] {processor.py:183} INFO - Processing /opt/airflow/dags/first-dag.py took 0.074 seconds
[2026-01-15T18:47:46.915+0000] {processor.py:161} INFO - Started process (PID=334) to work on /opt/airflow/dags/first-dag.py
[2026-01-15T18:47:46.917+0000] {processor.py:830} INFO - Processing file /opt/airflow/dags/first-dag.py for tasks to queue
[2026-01-15T18:47:46.918+0000] {logging_mixin.py:188} INFO - [2026-01-15T18:47:46.918+0000] {dagbag.py:545} INFO - Filling up the DagBag from /opt/airflow/dags/first-dag.py
[2026-01-15T18:47:46.956+0000] {logging_mixin.py:188} INFO - [2026-01-15T18:47:46.948+0000] {dagbag.py:355} ERROR - Failed to import: /opt/airflow/dags/first-dag.py
Traceback (most recent call last):
  File "/home/airflow/.local/lib/python3.12/site-packages/airflow/models/dagbag.py", line 351, in parse
    loader.exec_module(new_module)
  File "<frozen importlib._bootstrap_external>", line 995, in exec_module
  File "<frozen importlib._bootstrap>", line 488, in _call_with_frames_removed
  File "/opt/airflow/dags/first-dag.py", line 32, in <module>
    branching = BranchPythonOperator(
                ^^^^^^^^^^^^^^^^^^^^^
  File "/home/airflow/.local/lib/python3.12/site-packages/airflow/models/baseoperator.py", line 485, in apply_defaults
    result = func(self, **kwargs, default_args=default_args)
             ^^^^^^^^^^^^^^^^^^^^^^^^^^^^^^^^^^^^^^^^^^^^^^^
  File "/home/airflow/.local/lib/python3.12/site-packages/airflow/models/baseoperator.py", line 485, in apply_defaults
    result = func(self, **kwargs, default_args=default_args)
             ^^^^^^^^^^^^^^^^^^^^^^^^^^^^^^^^^^^^^^^^^^^^^^^
  File "/home/airflow/.local/lib/python3.12/site-packages/airflow/operators/python.py", line 222, in __init__
    raise AirflowException("`python_callable` param must be callable")
airflow.exceptions.AirflowException: `python_callable` param must be callable
[2026-01-15T18:47:46.957+0000] {processor.py:842} WARNING - No viable dags retrieved from /opt/airflow/dags/first-dag.py
[2026-01-15T18:47:46.986+0000] {processor.py:183} INFO - Processing /opt/airflow/dags/first-dag.py took 0.077 seconds
[2026-01-15T18:48:17.528+0000] {processor.py:161} INFO - Started process (PID=349) to work on /opt/airflow/dags/first-dag.py
[2026-01-15T18:48:17.530+0000] {processor.py:830} INFO - Processing file /opt/airflow/dags/first-dag.py for tasks to queue
[2026-01-15T18:48:17.532+0000] {logging_mixin.py:188} INFO - [2026-01-15T18:48:17.531+0000] {dagbag.py:545} INFO - Filling up the DagBag from /opt/airflow/dags/first-dag.py
[2026-01-15T18:48:17.574+0000] {logging_mixin.py:188} INFO - [2026-01-15T18:48:17.564+0000] {dagbag.py:355} ERROR - Failed to import: /opt/airflow/dags/first-dag.py
Traceback (most recent call last):
  File "/home/airflow/.local/lib/python3.12/site-packages/airflow/models/dagbag.py", line 351, in parse
    loader.exec_module(new_module)
  File "<frozen importlib._bootstrap_external>", line 995, in exec_module
  File "<frozen importlib._bootstrap>", line 488, in _call_with_frames_removed
  File "/opt/airflow/dags/first-dag.py", line 32, in <module>
    branching = BranchPythonOperator(
                ^^^^^^^^^^^^^^^^^^^^^
  File "/home/airflow/.local/lib/python3.12/site-packages/airflow/models/baseoperator.py", line 485, in apply_defaults
    result = func(self, **kwargs, default_args=default_args)
             ^^^^^^^^^^^^^^^^^^^^^^^^^^^^^^^^^^^^^^^^^^^^^^^
  File "/home/airflow/.local/lib/python3.12/site-packages/airflow/models/baseoperator.py", line 485, in apply_defaults
    result = func(self, **kwargs, default_args=default_args)
             ^^^^^^^^^^^^^^^^^^^^^^^^^^^^^^^^^^^^^^^^^^^^^^^
  File "/home/airflow/.local/lib/python3.12/site-packages/airflow/operators/python.py", line 222, in __init__
    raise AirflowException("`python_callable` param must be callable")
airflow.exceptions.AirflowException: `python_callable` param must be callable
[2026-01-15T18:48:17.576+0000] {processor.py:842} WARNING - No viable dags retrieved from /opt/airflow/dags/first-dag.py
[2026-01-15T18:48:17.603+0000] {processor.py:183} INFO - Processing /opt/airflow/dags/first-dag.py took 0.083 seconds
[2026-01-15T18:48:48.163+0000] {processor.py:161} INFO - Started process (PID=364) to work on /opt/airflow/dags/first-dag.py
[2026-01-15T18:48:48.165+0000] {processor.py:830} INFO - Processing file /opt/airflow/dags/first-dag.py for tasks to queue
[2026-01-15T18:48:48.166+0000] {logging_mixin.py:188} INFO - [2026-01-15T18:48:48.166+0000] {dagbag.py:545} INFO - Filling up the DagBag from /opt/airflow/dags/first-dag.py
[2026-01-15T18:48:48.217+0000] {logging_mixin.py:188} INFO - [2026-01-15T18:48:48.204+0000] {dagbag.py:355} ERROR - Failed to import: /opt/airflow/dags/first-dag.py
Traceback (most recent call last):
  File "/home/airflow/.local/lib/python3.12/site-packages/airflow/models/dagbag.py", line 351, in parse
    loader.exec_module(new_module)
  File "<frozen importlib._bootstrap_external>", line 995, in exec_module
  File "<frozen importlib._bootstrap>", line 488, in _call_with_frames_removed
  File "/opt/airflow/dags/first-dag.py", line 32, in <module>
    branching = BranchPythonOperator(
                ^^^^^^^^^^^^^^^^^^^^^
  File "/home/airflow/.local/lib/python3.12/site-packages/airflow/models/baseoperator.py", line 485, in apply_defaults
    result = func(self, **kwargs, default_args=default_args)
             ^^^^^^^^^^^^^^^^^^^^^^^^^^^^^^^^^^^^^^^^^^^^^^^
  File "/home/airflow/.local/lib/python3.12/site-packages/airflow/models/baseoperator.py", line 485, in apply_defaults
    result = func(self, **kwargs, default_args=default_args)
             ^^^^^^^^^^^^^^^^^^^^^^^^^^^^^^^^^^^^^^^^^^^^^^^
  File "/home/airflow/.local/lib/python3.12/site-packages/airflow/operators/python.py", line 222, in __init__
    raise AirflowException("`python_callable` param must be callable")
airflow.exceptions.AirflowException: `python_callable` param must be callable
[2026-01-15T18:48:48.218+0000] {processor.py:842} WARNING - No viable dags retrieved from /opt/airflow/dags/first-dag.py
[2026-01-15T18:48:48.250+0000] {processor.py:183} INFO - Processing /opt/airflow/dags/first-dag.py took 0.096 seconds
[2026-01-15T18:49:07.657+0000] {processor.py:161} INFO - Started process (PID=379) to work on /opt/airflow/dags/first-dag.py
[2026-01-15T18:49:07.660+0000] {processor.py:830} INFO - Processing file /opt/airflow/dags/first-dag.py for tasks to queue
[2026-01-15T18:49:07.662+0000] {logging_mixin.py:188} INFO - [2026-01-15T18:49:07.662+0000] {dagbag.py:545} INFO - Filling up the DagBag from /opt/airflow/dags/first-dag.py
[2026-01-15T18:49:07.686+0000] {logging_mixin.py:188} INFO - [2026-01-15T18:49:07.684+0000] {dagbag.py:355} ERROR - Failed to import: /opt/airflow/dags/first-dag.py
Traceback (most recent call last):
  File "/home/airflow/.local/lib/python3.12/site-packages/airflow/models/dagbag.py", line 351, in parse
    loader.exec_module(new_module)
  File "<frozen importlib._bootstrap_external>", line 991, in exec_module
  File "<frozen importlib._bootstrap_external>", line 1129, in get_code
  File "<frozen importlib._bootstrap_external>", line 1059, in source_to_code
  File "<frozen importlib._bootstrap>", line 488, in _call_with_frames_removed
  File "/opt/airflow/dags/first-dag.py", line 34
    python_callable=check_condition
                    
SyntaxError: invalid syntax. Perhaps you forgot a comma?
[2026-01-15T18:49:07.686+0000] {processor.py:842} WARNING - No viable dags retrieved from /opt/airflow/dags/first-dag.py
[2026-01-15T18:49:07.710+0000] {processor.py:183} INFO - Processing /opt/airflow/dags/first-dag.py took 0.060 seconds
[2026-01-15T18:49:28.264+0000] {processor.py:161} INFO - Started process (PID=394) to work on /opt/airflow/dags/first-dag.py
[2026-01-15T18:49:28.266+0000] {processor.py:830} INFO - Processing file /opt/airflow/dags/first-dag.py for tasks to queue
[2026-01-15T18:49:28.267+0000] {logging_mixin.py:188} INFO - [2026-01-15T18:49:28.267+0000] {dagbag.py:545} INFO - Filling up the DagBag from /opt/airflow/dags/first-dag.py
[2026-01-15T18:49:28.343+0000] {processor.py:840} INFO - DAG(s) 'dag_a' retrieved from /opt/airflow/dags/first-dag.py
[2026-01-15T18:49:28.470+0000] {logging_mixin.py:188} INFO - [2026-01-15T18:49:28.470+0000] {dag.py:3089} INFO - Sync 1 DAGs
[2026-01-15T18:49:28.482+0000] {logging_mixin.py:188} INFO - [2026-01-15T18:49:28.482+0000] {dag.py:3947} INFO - Setting next_dagrun for dag_a to None, run_after=None
[2026-01-15T18:49:28.516+0000] {processor.py:183} INFO - Processing /opt/airflow/dags/first-dag.py took 0.267 seconds
[2026-01-15T18:49:59.061+0000] {processor.py:161} INFO - Started process (PID=409) to work on /opt/airflow/dags/first-dag.py
[2026-01-15T18:49:59.063+0000] {processor.py:830} INFO - Processing file /opt/airflow/dags/first-dag.py for tasks to queue
[2026-01-15T18:49:59.064+0000] {logging_mixin.py:188} INFO - [2026-01-15T18:49:59.064+0000] {dagbag.py:545} INFO - Filling up the DagBag from /opt/airflow/dags/first-dag.py
[2026-01-15T18:49:59.121+0000] {processor.py:840} INFO - DAG(s) 'dag_a' retrieved from /opt/airflow/dags/first-dag.py
[2026-01-15T18:49:59.149+0000] {logging_mixin.py:188} INFO - [2026-01-15T18:49:59.149+0000] {dag.py:3089} INFO - Sync 1 DAGs
[2026-01-15T18:49:59.161+0000] {logging_mixin.py:188} INFO - [2026-01-15T18:49:59.161+0000] {dag.py:3947} INFO - Setting next_dagrun for dag_a to None, run_after=None
[2026-01-15T18:49:59.184+0000] {processor.py:183} INFO - Processing /opt/airflow/dags/first-dag.py took 0.129 seconds
[2026-01-15T18:50:29.455+0000] {processor.py:161} INFO - Started process (PID=438) to work on /opt/airflow/dags/first-dag.py
[2026-01-15T18:50:29.456+0000] {processor.py:830} INFO - Processing file /opt/airflow/dags/first-dag.py for tasks to queue
[2026-01-15T18:50:29.457+0000] {logging_mixin.py:188} INFO - [2026-01-15T18:50:29.457+0000] {dagbag.py:545} INFO - Filling up the DagBag from /opt/airflow/dags/first-dag.py
[2026-01-15T18:50:29.477+0000] {processor.py:840} INFO - DAG(s) 'dag_a' retrieved from /opt/airflow/dags/first-dag.py
[2026-01-15T18:50:29.501+0000] {logging_mixin.py:188} INFO - [2026-01-15T18:50:29.501+0000] {dag.py:3089} INFO - Sync 1 DAGs
[2026-01-15T18:50:29.512+0000] {logging_mixin.py:188} INFO - [2026-01-15T18:50:29.512+0000] {dag.py:3947} INFO - Setting next_dagrun for dag_a to None, run_after=None
[2026-01-15T18:50:29.532+0000] {processor.py:183} INFO - Processing /opt/airflow/dags/first-dag.py took 0.082 seconds
[2026-01-15T18:51:00.122+0000] {processor.py:161} INFO - Started process (PID=453) to work on /opt/airflow/dags/first-dag.py
[2026-01-15T18:51:00.123+0000] {processor.py:830} INFO - Processing file /opt/airflow/dags/first-dag.py for tasks to queue
[2026-01-15T18:51:00.124+0000] {logging_mixin.py:188} INFO - [2026-01-15T18:51:00.124+0000] {dagbag.py:545} INFO - Filling up the DagBag from /opt/airflow/dags/first-dag.py
[2026-01-15T18:51:00.149+0000] {processor.py:840} INFO - DAG(s) 'dag_a' retrieved from /opt/airflow/dags/first-dag.py
[2026-01-15T18:51:00.171+0000] {logging_mixin.py:188} INFO - [2026-01-15T18:51:00.170+0000] {dag.py:3089} INFO - Sync 1 DAGs
[2026-01-15T18:51:00.182+0000] {logging_mixin.py:188} INFO - [2026-01-15T18:51:00.181+0000] {dag.py:3947} INFO - Setting next_dagrun for dag_a to None, run_after=None
[2026-01-15T18:51:00.204+0000] {processor.py:183} INFO - Processing /opt/airflow/dags/first-dag.py took 0.088 seconds
[2026-01-15T18:51:30.633+0000] {processor.py:161} INFO - Started process (PID=468) to work on /opt/airflow/dags/first-dag.py
[2026-01-15T18:51:30.635+0000] {processor.py:830} INFO - Processing file /opt/airflow/dags/first-dag.py for tasks to queue
[2026-01-15T18:51:30.636+0000] {logging_mixin.py:188} INFO - [2026-01-15T18:51:30.635+0000] {dagbag.py:545} INFO - Filling up the DagBag from /opt/airflow/dags/first-dag.py
[2026-01-15T18:51:30.652+0000] {processor.py:840} INFO - DAG(s) 'dag_a' retrieved from /opt/airflow/dags/first-dag.py
[2026-01-15T18:51:30.674+0000] {logging_mixin.py:188} INFO - [2026-01-15T18:51:30.674+0000] {dag.py:3089} INFO - Sync 1 DAGs
[2026-01-15T18:51:30.683+0000] {logging_mixin.py:188} INFO - [2026-01-15T18:51:30.683+0000] {dag.py:3947} INFO - Setting next_dagrun for dag_a to None, run_after=None
[2026-01-15T18:51:30.702+0000] {processor.py:183} INFO - Processing /opt/airflow/dags/first-dag.py took 0.073 seconds
[2026-01-15T18:52:01.189+0000] {processor.py:161} INFO - Started process (PID=483) to work on /opt/airflow/dags/first-dag.py
[2026-01-15T18:52:01.190+0000] {processor.py:830} INFO - Processing file /opt/airflow/dags/first-dag.py for tasks to queue
[2026-01-15T18:52:01.192+0000] {logging_mixin.py:188} INFO - [2026-01-15T18:52:01.191+0000] {dagbag.py:545} INFO - Filling up the DagBag from /opt/airflow/dags/first-dag.py
[2026-01-15T18:52:01.217+0000] {processor.py:840} INFO - DAG(s) 'dag_a' retrieved from /opt/airflow/dags/first-dag.py
[2026-01-15T18:52:01.243+0000] {logging_mixin.py:188} INFO - [2026-01-15T18:52:01.243+0000] {dag.py:3089} INFO - Sync 1 DAGs
[2026-01-15T18:52:01.254+0000] {logging_mixin.py:188} INFO - [2026-01-15T18:52:01.254+0000] {dag.py:3947} INFO - Setting next_dagrun for dag_a to None, run_after=None
[2026-01-15T18:52:01.280+0000] {processor.py:183} INFO - Processing /opt/airflow/dags/first-dag.py took 0.096 seconds
[2026-01-15T18:52:31.727+0000] {processor.py:161} INFO - Started process (PID=498) to work on /opt/airflow/dags/first-dag.py
[2026-01-15T18:52:31.728+0000] {processor.py:830} INFO - Processing file /opt/airflow/dags/first-dag.py for tasks to queue
[2026-01-15T18:52:31.729+0000] {logging_mixin.py:188} INFO - [2026-01-15T18:52:31.729+0000] {dagbag.py:545} INFO - Filling up the DagBag from /opt/airflow/dags/first-dag.py
[2026-01-15T18:52:31.766+0000] {processor.py:840} INFO - DAG(s) 'dag_a' retrieved from /opt/airflow/dags/first-dag.py
[2026-01-15T18:52:31.855+0000] {logging_mixin.py:188} INFO - [2026-01-15T18:52:31.854+0000] {dag.py:3089} INFO - Sync 1 DAGs
[2026-01-15T18:52:31.866+0000] {logging_mixin.py:188} INFO - [2026-01-15T18:52:31.865+0000] {dag.py:3947} INFO - Setting next_dagrun for dag_a to None, run_after=None
[2026-01-15T18:52:31.891+0000] {processor.py:183} INFO - Processing /opt/airflow/dags/first-dag.py took 0.169 seconds
[2026-01-15T18:53:02.325+0000] {processor.py:161} INFO - Started process (PID=513) to work on /opt/airflow/dags/first-dag.py
[2026-01-15T18:53:02.327+0000] {processor.py:830} INFO - Processing file /opt/airflow/dags/first-dag.py for tasks to queue
[2026-01-15T18:53:02.328+0000] {logging_mixin.py:188} INFO - [2026-01-15T18:53:02.328+0000] {dagbag.py:545} INFO - Filling up the DagBag from /opt/airflow/dags/first-dag.py
[2026-01-15T18:53:02.352+0000] {processor.py:840} INFO - DAG(s) 'dag_a' retrieved from /opt/airflow/dags/first-dag.py
[2026-01-15T18:53:02.372+0000] {logging_mixin.py:188} INFO - [2026-01-15T18:53:02.371+0000] {dag.py:3089} INFO - Sync 1 DAGs
[2026-01-15T18:53:02.382+0000] {logging_mixin.py:188} INFO - [2026-01-15T18:53:02.382+0000] {dag.py:3947} INFO - Setting next_dagrun for dag_a to None, run_after=None
[2026-01-15T18:53:02.404+0000] {processor.py:183} INFO - Processing /opt/airflow/dags/first-dag.py took 0.084 seconds
[2026-01-15T18:53:32.848+0000] {processor.py:161} INFO - Started process (PID=528) to work on /opt/airflow/dags/first-dag.py
[2026-01-15T18:53:32.849+0000] {processor.py:830} INFO - Processing file /opt/airflow/dags/first-dag.py for tasks to queue
[2026-01-15T18:53:32.850+0000] {logging_mixin.py:188} INFO - [2026-01-15T18:53:32.850+0000] {dagbag.py:545} INFO - Filling up the DagBag from /opt/airflow/dags/first-dag.py
[2026-01-15T18:53:32.866+0000] {processor.py:840} INFO - DAG(s) 'dag_a' retrieved from /opt/airflow/dags/first-dag.py
[2026-01-15T18:53:32.886+0000] {logging_mixin.py:188} INFO - [2026-01-15T18:53:32.886+0000] {dag.py:3089} INFO - Sync 1 DAGs
[2026-01-15T18:53:32.896+0000] {logging_mixin.py:188} INFO - [2026-01-15T18:53:32.896+0000] {dag.py:3947} INFO - Setting next_dagrun for dag_a to None, run_after=None
[2026-01-15T18:53:32.916+0000] {processor.py:183} INFO - Processing /opt/airflow/dags/first-dag.py took 0.073 seconds
[2026-01-15T18:54:03.386+0000] {processor.py:161} INFO - Started process (PID=543) to work on /opt/airflow/dags/first-dag.py
[2026-01-15T18:54:03.387+0000] {processor.py:830} INFO - Processing file /opt/airflow/dags/first-dag.py for tasks to queue
[2026-01-15T18:54:03.389+0000] {logging_mixin.py:188} INFO - [2026-01-15T18:54:03.388+0000] {dagbag.py:545} INFO - Filling up the DagBag from /opt/airflow/dags/first-dag.py
[2026-01-15T18:54:03.420+0000] {processor.py:840} INFO - DAG(s) 'dag_a' retrieved from /opt/airflow/dags/first-dag.py
[2026-01-15T18:54:03.442+0000] {logging_mixin.py:188} INFO - [2026-01-15T18:54:03.442+0000] {dag.py:3089} INFO - Sync 1 DAGs
[2026-01-15T18:54:03.453+0000] {logging_mixin.py:188} INFO - [2026-01-15T18:54:03.453+0000] {dag.py:3947} INFO - Setting next_dagrun for dag_a to None, run_after=None
[2026-01-15T18:54:03.472+0000] {processor.py:183} INFO - Processing /opt/airflow/dags/first-dag.py took 0.091 seconds
[2026-01-15T18:54:33.928+0000] {processor.py:161} INFO - Started process (PID=558) to work on /opt/airflow/dags/first-dag.py
[2026-01-15T18:54:33.930+0000] {processor.py:830} INFO - Processing file /opt/airflow/dags/first-dag.py for tasks to queue
[2026-01-15T18:54:33.931+0000] {logging_mixin.py:188} INFO - [2026-01-15T18:54:33.931+0000] {dagbag.py:545} INFO - Filling up the DagBag from /opt/airflow/dags/first-dag.py
[2026-01-15T18:54:33.956+0000] {processor.py:840} INFO - DAG(s) 'dag_a' retrieved from /opt/airflow/dags/first-dag.py
[2026-01-15T18:54:33.977+0000] {logging_mixin.py:188} INFO - [2026-01-15T18:54:33.977+0000] {dag.py:3089} INFO - Sync 1 DAGs
[2026-01-15T18:54:33.988+0000] {logging_mixin.py:188} INFO - [2026-01-15T18:54:33.988+0000] {dag.py:3947} INFO - Setting next_dagrun for dag_a to None, run_after=None
[2026-01-15T18:54:34.008+0000] {processor.py:183} INFO - Processing /opt/airflow/dags/first-dag.py took 0.085 seconds
[2026-01-15T18:55:04.418+0000] {processor.py:161} INFO - Started process (PID=577) to work on /opt/airflow/dags/first-dag.py
[2026-01-15T18:55:04.419+0000] {processor.py:830} INFO - Processing file /opt/airflow/dags/first-dag.py for tasks to queue
[2026-01-15T18:55:04.420+0000] {logging_mixin.py:188} INFO - [2026-01-15T18:55:04.419+0000] {dagbag.py:545} INFO - Filling up the DagBag from /opt/airflow/dags/first-dag.py
[2026-01-15T18:55:04.434+0000] {processor.py:840} INFO - DAG(s) 'dag_a' retrieved from /opt/airflow/dags/first-dag.py
[2026-01-15T18:55:04.456+0000] {logging_mixin.py:188} INFO - [2026-01-15T18:55:04.456+0000] {dag.py:3089} INFO - Sync 1 DAGs
[2026-01-15T18:55:04.467+0000] {logging_mixin.py:188} INFO - [2026-01-15T18:55:04.467+0000] {dag.py:3947} INFO - Setting next_dagrun for dag_a to None, run_after=None
[2026-01-15T18:55:04.488+0000] {processor.py:183} INFO - Processing /opt/airflow/dags/first-dag.py took 0.076 seconds
[2026-01-15T18:55:34.974+0000] {processor.py:161} INFO - Started process (PID=592) to work on /opt/airflow/dags/first-dag.py
[2026-01-15T18:55:34.975+0000] {processor.py:830} INFO - Processing file /opt/airflow/dags/first-dag.py for tasks to queue
[2026-01-15T18:55:34.976+0000] {logging_mixin.py:188} INFO - [2026-01-15T18:55:34.976+0000] {dagbag.py:545} INFO - Filling up the DagBag from /opt/airflow/dags/first-dag.py
[2026-01-15T18:55:34.992+0000] {processor.py:840} INFO - DAG(s) 'dag_a' retrieved from /opt/airflow/dags/first-dag.py
[2026-01-15T18:55:35.016+0000] {logging_mixin.py:188} INFO - [2026-01-15T18:55:35.015+0000] {dag.py:3089} INFO - Sync 1 DAGs
[2026-01-15T18:55:35.026+0000] {logging_mixin.py:188} INFO - [2026-01-15T18:55:35.026+0000] {dag.py:3947} INFO - Setting next_dagrun for dag_a to None, run_after=None
[2026-01-15T18:55:35.046+0000] {processor.py:183} INFO - Processing /opt/airflow/dags/first-dag.py took 0.078 seconds
[2026-01-15T18:56:05.582+0000] {processor.py:161} INFO - Started process (PID=607) to work on /opt/airflow/dags/first-dag.py
[2026-01-15T18:56:05.583+0000] {processor.py:830} INFO - Processing file /opt/airflow/dags/first-dag.py for tasks to queue
[2026-01-15T18:56:05.584+0000] {logging_mixin.py:188} INFO - [2026-01-15T18:56:05.584+0000] {dagbag.py:545} INFO - Filling up the DagBag from /opt/airflow/dags/first-dag.py
[2026-01-15T18:56:05.615+0000] {processor.py:840} INFO - DAG(s) 'dag_a' retrieved from /opt/airflow/dags/first-dag.py
[2026-01-15T18:56:05.640+0000] {logging_mixin.py:188} INFO - [2026-01-15T18:56:05.639+0000] {dag.py:3089} INFO - Sync 1 DAGs
[2026-01-15T18:56:05.651+0000] {logging_mixin.py:188} INFO - [2026-01-15T18:56:05.651+0000] {dag.py:3947} INFO - Setting next_dagrun for dag_a to None, run_after=None
[2026-01-15T18:56:05.677+0000] {processor.py:183} INFO - Processing /opt/airflow/dags/first-dag.py took 0.100 seconds
[2026-01-15T18:56:36.139+0000] {processor.py:161} INFO - Started process (PID=622) to work on /opt/airflow/dags/first-dag.py
[2026-01-15T18:56:36.141+0000] {processor.py:830} INFO - Processing file /opt/airflow/dags/first-dag.py for tasks to queue
[2026-01-15T18:56:36.142+0000] {logging_mixin.py:188} INFO - [2026-01-15T18:56:36.141+0000] {dagbag.py:545} INFO - Filling up the DagBag from /opt/airflow/dags/first-dag.py
[2026-01-15T18:56:36.167+0000] {processor.py:840} INFO - DAG(s) 'dag_a' retrieved from /opt/airflow/dags/first-dag.py
[2026-01-15T18:56:36.190+0000] {logging_mixin.py:188} INFO - [2026-01-15T18:56:36.189+0000] {dag.py:3089} INFO - Sync 1 DAGs
[2026-01-15T18:56:36.201+0000] {logging_mixin.py:188} INFO - [2026-01-15T18:56:36.201+0000] {dag.py:3947} INFO - Setting next_dagrun for dag_a to None, run_after=None
[2026-01-15T18:56:36.220+0000] {processor.py:183} INFO - Processing /opt/airflow/dags/first-dag.py took 0.085 seconds
[2026-01-15T18:57:06.642+0000] {processor.py:161} INFO - Started process (PID=637) to work on /opt/airflow/dags/first-dag.py
[2026-01-15T18:57:06.643+0000] {processor.py:830} INFO - Processing file /opt/airflow/dags/first-dag.py for tasks to queue
[2026-01-15T18:57:06.644+0000] {logging_mixin.py:188} INFO - [2026-01-15T18:57:06.644+0000] {dagbag.py:545} INFO - Filling up the DagBag from /opt/airflow/dags/first-dag.py
[2026-01-15T18:57:06.668+0000] {processor.py:840} INFO - DAG(s) 'dag_a' retrieved from /opt/airflow/dags/first-dag.py
[2026-01-15T18:57:06.686+0000] {logging_mixin.py:188} INFO - [2026-01-15T18:57:06.685+0000] {dag.py:3089} INFO - Sync 1 DAGs
[2026-01-15T18:57:06.698+0000] {logging_mixin.py:188} INFO - [2026-01-15T18:57:06.698+0000] {dag.py:3947} INFO - Setting next_dagrun for dag_a to None, run_after=None
[2026-01-15T18:57:06.725+0000] {processor.py:183} INFO - Processing /opt/airflow/dags/first-dag.py took 0.088 seconds
[2026-01-15T18:57:12.798+0000] {processor.py:161} INFO - Started process (PID=642) to work on /opt/airflow/dags/first-dag.py
[2026-01-15T18:57:12.799+0000] {processor.py:830} INFO - Processing file /opt/airflow/dags/first-dag.py for tasks to queue
[2026-01-15T18:57:12.800+0000] {logging_mixin.py:188} INFO - [2026-01-15T18:57:12.800+0000] {dagbag.py:545} INFO - Filling up the DagBag from /opt/airflow/dags/first-dag.py
[2026-01-15T18:57:12.838+0000] {processor.py:840} INFO - DAG(s) 'dag_a' retrieved from /opt/airflow/dags/first-dag.py
[2026-01-15T18:57:12.922+0000] {logging_mixin.py:188} INFO - [2026-01-15T18:57:12.922+0000] {dag.py:3089} INFO - Sync 1 DAGs
[2026-01-15T18:57:12.931+0000] {logging_mixin.py:188} INFO - [2026-01-15T18:57:12.931+0000] {dag.py:3947} INFO - Setting next_dagrun for dag_a to None, run_after=None
[2026-01-15T18:57:12.958+0000] {processor.py:183} INFO - Processing /opt/airflow/dags/first-dag.py took 0.166 seconds
[2026-01-15T18:57:43.299+0000] {processor.py:161} INFO - Started process (PID=657) to work on /opt/airflow/dags/first-dag.py
[2026-01-15T18:57:43.301+0000] {processor.py:830} INFO - Processing file /opt/airflow/dags/first-dag.py for tasks to queue
[2026-01-15T18:57:43.302+0000] {logging_mixin.py:188} INFO - [2026-01-15T18:57:43.302+0000] {dagbag.py:545} INFO - Filling up the DagBag from /opt/airflow/dags/first-dag.py
[2026-01-15T18:57:43.328+0000] {processor.py:840} INFO - DAG(s) 'dag_a' retrieved from /opt/airflow/dags/first-dag.py
[2026-01-15T18:57:43.351+0000] {logging_mixin.py:188} INFO - [2026-01-15T18:57:43.351+0000] {dag.py:3089} INFO - Sync 1 DAGs
[2026-01-15T18:57:43.364+0000] {logging_mixin.py:188} INFO - [2026-01-15T18:57:43.364+0000] {dag.py:3947} INFO - Setting next_dagrun for dag_a to None, run_after=None
[2026-01-15T18:57:43.387+0000] {processor.py:183} INFO - Processing /opt/airflow/dags/first-dag.py took 0.094 seconds
[2026-01-15T18:58:13.774+0000] {processor.py:161} INFO - Started process (PID=676) to work on /opt/airflow/dags/first-dag.py
[2026-01-15T18:58:13.776+0000] {processor.py:830} INFO - Processing file /opt/airflow/dags/first-dag.py for tasks to queue
[2026-01-15T18:58:13.777+0000] {logging_mixin.py:188} INFO - [2026-01-15T18:58:13.776+0000] {dagbag.py:545} INFO - Filling up the DagBag from /opt/airflow/dags/first-dag.py
[2026-01-15T18:58:13.797+0000] {processor.py:840} INFO - DAG(s) 'dag_a' retrieved from /opt/airflow/dags/first-dag.py
[2026-01-15T18:58:13.819+0000] {logging_mixin.py:188} INFO - [2026-01-15T18:58:13.818+0000] {dag.py:3089} INFO - Sync 1 DAGs
[2026-01-15T18:58:13.831+0000] {logging_mixin.py:188} INFO - [2026-01-15T18:58:13.830+0000] {dag.py:3947} INFO - Setting next_dagrun for dag_a to None, run_after=None
[2026-01-15T18:58:13.852+0000] {processor.py:183} INFO - Processing /opt/airflow/dags/first-dag.py took 0.083 seconds
[2026-01-15T18:58:44.358+0000] {processor.py:161} INFO - Started process (PID=691) to work on /opt/airflow/dags/first-dag.py
[2026-01-15T18:58:44.359+0000] {processor.py:830} INFO - Processing file /opt/airflow/dags/first-dag.py for tasks to queue
[2026-01-15T18:58:44.360+0000] {logging_mixin.py:188} INFO - [2026-01-15T18:58:44.359+0000] {dagbag.py:545} INFO - Filling up the DagBag from /opt/airflow/dags/first-dag.py
[2026-01-15T18:58:44.381+0000] {processor.py:840} INFO - DAG(s) 'dag_a' retrieved from /opt/airflow/dags/first-dag.py
[2026-01-15T18:58:44.401+0000] {logging_mixin.py:188} INFO - [2026-01-15T18:58:44.400+0000] {dag.py:3089} INFO - Sync 1 DAGs
[2026-01-15T18:58:44.411+0000] {logging_mixin.py:188} INFO - [2026-01-15T18:58:44.411+0000] {dag.py:3947} INFO - Setting next_dagrun for dag_a to None, run_after=None
[2026-01-15T18:58:44.430+0000] {processor.py:183} INFO - Processing /opt/airflow/dags/first-dag.py took 0.077 seconds
[2026-01-15T18:59:14.832+0000] {processor.py:161} INFO - Started process (PID=720) to work on /opt/airflow/dags/first-dag.py
[2026-01-15T18:59:14.833+0000] {processor.py:830} INFO - Processing file /opt/airflow/dags/first-dag.py for tasks to queue
[2026-01-15T18:59:14.834+0000] {logging_mixin.py:188} INFO - [2026-01-15T18:59:14.834+0000] {dagbag.py:545} INFO - Filling up the DagBag from /opt/airflow/dags/first-dag.py
[2026-01-15T18:59:14.859+0000] {processor.py:840} INFO - DAG(s) 'dag_a' retrieved from /opt/airflow/dags/first-dag.py
[2026-01-15T18:59:14.880+0000] {logging_mixin.py:188} INFO - [2026-01-15T18:59:14.880+0000] {dag.py:3089} INFO - Sync 1 DAGs
[2026-01-15T18:59:14.890+0000] {logging_mixin.py:188} INFO - [2026-01-15T18:59:14.889+0000] {dag.py:3947} INFO - Setting next_dagrun for dag_a to None, run_after=None
[2026-01-15T18:59:14.908+0000] {processor.py:183} INFO - Processing /opt/airflow/dags/first-dag.py took 0.083 seconds
[2026-01-15T18:59:45.351+0000] {processor.py:161} INFO - Started process (PID=735) to work on /opt/airflow/dags/first-dag.py
[2026-01-15T18:59:45.352+0000] {processor.py:830} INFO - Processing file /opt/airflow/dags/first-dag.py for tasks to queue
[2026-01-15T18:59:45.354+0000] {logging_mixin.py:188} INFO - [2026-01-15T18:59:45.353+0000] {dagbag.py:545} INFO - Filling up the DagBag from /opt/airflow/dags/first-dag.py
[2026-01-15T18:59:45.371+0000] {processor.py:840} INFO - DAG(s) 'dag_a' retrieved from /opt/airflow/dags/first-dag.py
[2026-01-15T18:59:45.391+0000] {logging_mixin.py:188} INFO - [2026-01-15T18:59:45.391+0000] {dag.py:3089} INFO - Sync 1 DAGs
[2026-01-15T18:59:45.403+0000] {logging_mixin.py:188} INFO - [2026-01-15T18:59:45.403+0000] {dag.py:3947} INFO - Setting next_dagrun for dag_a to None, run_after=None
[2026-01-15T18:59:45.422+0000] {processor.py:183} INFO - Processing /opt/airflow/dags/first-dag.py took 0.076 seconds
[2026-01-15T19:00:15.921+0000] {processor.py:161} INFO - Started process (PID=750) to work on /opt/airflow/dags/first-dag.py
[2026-01-15T19:00:15.922+0000] {processor.py:830} INFO - Processing file /opt/airflow/dags/first-dag.py for tasks to queue
[2026-01-15T19:00:15.923+0000] {logging_mixin.py:188} INFO - [2026-01-15T19:00:15.923+0000] {dagbag.py:545} INFO - Filling up the DagBag from /opt/airflow/dags/first-dag.py
[2026-01-15T19:00:15.948+0000] {processor.py:840} INFO - DAG(s) 'dag_a' retrieved from /opt/airflow/dags/first-dag.py
[2026-01-15T19:00:15.968+0000] {logging_mixin.py:188} INFO - [2026-01-15T19:00:15.967+0000] {dag.py:3089} INFO - Sync 1 DAGs
[2026-01-15T19:00:15.977+0000] {logging_mixin.py:188} INFO - [2026-01-15T19:00:15.977+0000] {dag.py:3947} INFO - Setting next_dagrun for dag_a to None, run_after=None
[2026-01-15T19:00:15.996+0000] {processor.py:183} INFO - Processing /opt/airflow/dags/first-dag.py took 0.081 seconds
[2026-01-15T19:00:46.424+0000] {processor.py:161} INFO - Started process (PID=765) to work on /opt/airflow/dags/first-dag.py
[2026-01-15T19:00:46.425+0000] {processor.py:830} INFO - Processing file /opt/airflow/dags/first-dag.py for tasks to queue
[2026-01-15T19:00:46.426+0000] {logging_mixin.py:188} INFO - [2026-01-15T19:00:46.426+0000] {dagbag.py:545} INFO - Filling up the DagBag from /opt/airflow/dags/first-dag.py
[2026-01-15T19:00:46.440+0000] {processor.py:840} INFO - DAG(s) 'dag_a' retrieved from /opt/airflow/dags/first-dag.py
[2026-01-15T19:00:46.459+0000] {logging_mixin.py:188} INFO - [2026-01-15T19:00:46.459+0000] {dag.py:3089} INFO - Sync 1 DAGs
[2026-01-15T19:00:46.468+0000] {logging_mixin.py:188} INFO - [2026-01-15T19:00:46.468+0000] {dag.py:3947} INFO - Setting next_dagrun for dag_a to None, run_after=None
[2026-01-15T19:00:46.486+0000] {processor.py:183} INFO - Processing /opt/airflow/dags/first-dag.py took 0.067 seconds
[2026-01-15T19:01:16.980+0000] {processor.py:161} INFO - Started process (PID=780) to work on /opt/airflow/dags/first-dag.py
[2026-01-15T19:01:16.981+0000] {processor.py:830} INFO - Processing file /opt/airflow/dags/first-dag.py for tasks to queue
[2026-01-15T19:01:16.983+0000] {logging_mixin.py:188} INFO - [2026-01-15T19:01:16.982+0000] {dagbag.py:545} INFO - Filling up the DagBag from /opt/airflow/dags/first-dag.py
[2026-01-15T19:01:17.009+0000] {processor.py:840} INFO - DAG(s) 'dag_a' retrieved from /opt/airflow/dags/first-dag.py
[2026-01-15T19:01:17.028+0000] {logging_mixin.py:188} INFO - [2026-01-15T19:01:17.028+0000] {dag.py:3089} INFO - Sync 1 DAGs
[2026-01-15T19:01:17.038+0000] {logging_mixin.py:188} INFO - [2026-01-15T19:01:17.038+0000] {dag.py:3947} INFO - Setting next_dagrun for dag_a to None, run_after=None
[2026-01-15T19:01:17.055+0000] {processor.py:183} INFO - Processing /opt/airflow/dags/first-dag.py took 0.081 seconds
[2026-01-15T19:01:47.536+0000] {processor.py:161} INFO - Started process (PID=795) to work on /opt/airflow/dags/first-dag.py
[2026-01-15T19:01:47.538+0000] {processor.py:830} INFO - Processing file /opt/airflow/dags/first-dag.py for tasks to queue
[2026-01-15T19:01:47.539+0000] {logging_mixin.py:188} INFO - [2026-01-15T19:01:47.538+0000] {dagbag.py:545} INFO - Filling up the DagBag from /opt/airflow/dags/first-dag.py
[2026-01-15T19:01:47.563+0000] {processor.py:840} INFO - DAG(s) 'dag_a' retrieved from /opt/airflow/dags/first-dag.py
[2026-01-15T19:01:47.584+0000] {logging_mixin.py:188} INFO - [2026-01-15T19:01:47.583+0000] {dag.py:3089} INFO - Sync 1 DAGs
[2026-01-15T19:01:47.594+0000] {logging_mixin.py:188} INFO - [2026-01-15T19:01:47.593+0000] {dag.py:3947} INFO - Setting next_dagrun for dag_a to None, run_after=None
[2026-01-15T19:01:47.615+0000] {processor.py:183} INFO - Processing /opt/airflow/dags/first-dag.py took 0.084 seconds
[2026-01-15T19:02:18.120+0000] {processor.py:161} INFO - Started process (PID=810) to work on /opt/airflow/dags/first-dag.py
[2026-01-15T19:02:18.122+0000] {processor.py:830} INFO - Processing file /opt/airflow/dags/first-dag.py for tasks to queue
[2026-01-15T19:02:18.123+0000] {logging_mixin.py:188} INFO - [2026-01-15T19:02:18.123+0000] {dagbag.py:545} INFO - Filling up the DagBag from /opt/airflow/dags/first-dag.py
[2026-01-15T19:02:18.151+0000] {processor.py:840} INFO - DAG(s) 'dag_a' retrieved from /opt/airflow/dags/first-dag.py
[2026-01-15T19:02:18.173+0000] {logging_mixin.py:188} INFO - [2026-01-15T19:02:18.173+0000] {dag.py:3089} INFO - Sync 1 DAGs
[2026-01-15T19:02:18.185+0000] {logging_mixin.py:188} INFO - [2026-01-15T19:02:18.185+0000] {dag.py:3947} INFO - Setting next_dagrun for dag_a to None, run_after=None
[2026-01-15T19:02:18.202+0000] {processor.py:183} INFO - Processing /opt/airflow/dags/first-dag.py took 0.088 seconds
[2026-01-15T19:02:48.652+0000] {processor.py:161} INFO - Started process (PID=825) to work on /opt/airflow/dags/first-dag.py
[2026-01-15T19:02:48.653+0000] {processor.py:830} INFO - Processing file /opt/airflow/dags/first-dag.py for tasks to queue
[2026-01-15T19:02:48.654+0000] {logging_mixin.py:188} INFO - [2026-01-15T19:02:48.654+0000] {dagbag.py:545} INFO - Filling up the DagBag from /opt/airflow/dags/first-dag.py
[2026-01-15T19:02:48.674+0000] {processor.py:840} INFO - DAG(s) 'dag_a' retrieved from /opt/airflow/dags/first-dag.py
[2026-01-15T19:02:48.695+0000] {logging_mixin.py:188} INFO - [2026-01-15T19:02:48.695+0000] {dag.py:3089} INFO - Sync 1 DAGs
[2026-01-15T19:02:48.707+0000] {logging_mixin.py:188} INFO - [2026-01-15T19:02:48.707+0000] {dag.py:3947} INFO - Setting next_dagrun for dag_a to None, run_after=None
[2026-01-15T19:02:48.729+0000] {processor.py:183} INFO - Processing /opt/airflow/dags/first-dag.py took 0.083 seconds
