[2026-01-15T18:42:10.103+0000] {processor.py:161} INFO - Started process (PID=177) to work on /opt/airflow/dags/second-dag.py
[2026-01-15T18:42:10.105+0000] {processor.py:830} INFO - Processing file /opt/airflow/dags/second-dag.py for tasks to queue
[2026-01-15T18:42:10.109+0000] {logging_mixin.py:188} INFO - [2026-01-15T18:42:10.108+0000] {dagbag.py:545} INFO - Filling up the DagBag from /opt/airflow/dags/second-dag.py
[2026-01-15T18:42:10.145+0000] {processor.py:840} INFO - DAG(s) 'dag_b' retrieved from /opt/airflow/dags/second-dag.py
[2026-01-15T18:42:10.165+0000] {logging_mixin.py:188} INFO - [2026-01-15T18:42:10.165+0000] {dag.py:3089} INFO - Sync 1 DAGs
[2026-01-15T18:42:10.186+0000] {logging_mixin.py:188} INFO - [2026-01-15T18:42:10.186+0000] {dag.py:3947} INFO - Setting next_dagrun for dag_b to None, run_after=None
[2026-01-15T18:42:10.215+0000] {processor.py:183} INFO - Processing /opt/airflow/dags/second-dag.py took 0.121 seconds
[2026-01-15T18:42:40.681+0000] {processor.py:161} INFO - Started process (PID=192) to work on /opt/airflow/dags/second-dag.py
[2026-01-15T18:42:40.682+0000] {processor.py:830} INFO - Processing file /opt/airflow/dags/second-dag.py for tasks to queue
[2026-01-15T18:42:40.684+0000] {logging_mixin.py:188} INFO - [2026-01-15T18:42:40.684+0000] {dagbag.py:545} INFO - Filling up the DagBag from /opt/airflow/dags/second-dag.py
[2026-01-15T18:42:40.709+0000] {processor.py:840} INFO - DAG(s) 'dag_b' retrieved from /opt/airflow/dags/second-dag.py
[2026-01-15T18:42:40.820+0000] {logging_mixin.py:188} INFO - [2026-01-15T18:42:40.820+0000] {dag.py:3089} INFO - Sync 1 DAGs
[2026-01-15T18:42:40.831+0000] {logging_mixin.py:188} INFO - [2026-01-15T18:42:40.831+0000] {dag.py:3947} INFO - Setting next_dagrun for dag_b to None, run_after=None
[2026-01-15T18:42:40.850+0000] {processor.py:183} INFO - Processing /opt/airflow/dags/second-dag.py took 0.175 seconds
[2026-01-15T18:43:11.470+0000] {processor.py:161} INFO - Started process (PID=207) to work on /opt/airflow/dags/second-dag.py
[2026-01-15T18:43:11.472+0000] {processor.py:830} INFO - Processing file /opt/airflow/dags/second-dag.py for tasks to queue
[2026-01-15T18:43:11.473+0000] {logging_mixin.py:188} INFO - [2026-01-15T18:43:11.473+0000] {dagbag.py:545} INFO - Filling up the DagBag from /opt/airflow/dags/second-dag.py
[2026-01-15T18:43:11.506+0000] {processor.py:840} INFO - DAG(s) 'dag_b' retrieved from /opt/airflow/dags/second-dag.py
[2026-01-15T18:43:11.523+0000] {logging_mixin.py:188} INFO - [2026-01-15T18:43:11.523+0000] {dag.py:3089} INFO - Sync 1 DAGs
[2026-01-15T18:43:11.534+0000] {logging_mixin.py:188} INFO - [2026-01-15T18:43:11.534+0000] {dag.py:3947} INFO - Setting next_dagrun for dag_b to None, run_after=None
[2026-01-15T18:43:11.551+0000] {processor.py:183} INFO - Processing /opt/airflow/dags/second-dag.py took 0.085 seconds
[2026-01-15T18:43:42.112+0000] {processor.py:161} INFO - Started process (PID=224) to work on /opt/airflow/dags/second-dag.py
[2026-01-15T18:43:42.114+0000] {processor.py:830} INFO - Processing file /opt/airflow/dags/second-dag.py for tasks to queue
[2026-01-15T18:43:42.115+0000] {logging_mixin.py:188} INFO - [2026-01-15T18:43:42.115+0000] {dagbag.py:545} INFO - Filling up the DagBag from /opt/airflow/dags/second-dag.py
[2026-01-15T18:43:42.142+0000] {processor.py:840} INFO - DAG(s) 'dag_b' retrieved from /opt/airflow/dags/second-dag.py
[2026-01-15T18:43:42.162+0000] {logging_mixin.py:188} INFO - [2026-01-15T18:43:42.161+0000] {dag.py:3089} INFO - Sync 1 DAGs
[2026-01-15T18:43:42.172+0000] {logging_mixin.py:188} INFO - [2026-01-15T18:43:42.171+0000] {dag.py:3947} INFO - Setting next_dagrun for dag_b to None, run_after=None
[2026-01-15T18:43:42.189+0000] {processor.py:183} INFO - Processing /opt/airflow/dags/second-dag.py took 0.083 seconds
[2026-01-15T18:44:12.692+0000] {processor.py:161} INFO - Started process (PID=237) to work on /opt/airflow/dags/second-dag.py
[2026-01-15T18:44:12.694+0000] {processor.py:830} INFO - Processing file /opt/airflow/dags/second-dag.py for tasks to queue
[2026-01-15T18:44:12.695+0000] {logging_mixin.py:188} INFO - [2026-01-15T18:44:12.695+0000] {dagbag.py:545} INFO - Filling up the DagBag from /opt/airflow/dags/second-dag.py
[2026-01-15T18:44:12.723+0000] {processor.py:840} INFO - DAG(s) 'dag_b' retrieved from /opt/airflow/dags/second-dag.py
[2026-01-15T18:44:12.743+0000] {logging_mixin.py:188} INFO - [2026-01-15T18:44:12.742+0000] {dag.py:3089} INFO - Sync 1 DAGs
[2026-01-15T18:44:12.752+0000] {logging_mixin.py:188} INFO - [2026-01-15T18:44:12.752+0000] {dag.py:3947} INFO - Setting next_dagrun for dag_b to None, run_after=None
[2026-01-15T18:44:12.769+0000] {processor.py:183} INFO - Processing /opt/airflow/dags/second-dag.py took 0.083 seconds
[2026-01-15T18:44:43.352+0000] {processor.py:161} INFO - Started process (PID=252) to work on /opt/airflow/dags/second-dag.py
[2026-01-15T18:44:43.354+0000] {processor.py:830} INFO - Processing file /opt/airflow/dags/second-dag.py for tasks to queue
[2026-01-15T18:44:43.355+0000] {logging_mixin.py:188} INFO - [2026-01-15T18:44:43.355+0000] {dagbag.py:545} INFO - Filling up the DagBag from /opt/airflow/dags/second-dag.py
[2026-01-15T18:44:43.382+0000] {processor.py:840} INFO - DAG(s) 'dag_b' retrieved from /opt/airflow/dags/second-dag.py
[2026-01-15T18:44:43.401+0000] {logging_mixin.py:188} INFO - [2026-01-15T18:44:43.401+0000] {dag.py:3089} INFO - Sync 1 DAGs
[2026-01-15T18:44:43.413+0000] {logging_mixin.py:188} INFO - [2026-01-15T18:44:43.413+0000] {dag.py:3947} INFO - Setting next_dagrun for dag_b to None, run_after=None
[2026-01-15T18:44:43.432+0000] {processor.py:183} INFO - Processing /opt/airflow/dags/second-dag.py took 0.088 seconds
[2026-01-15T18:45:13.952+0000] {processor.py:161} INFO - Started process (PID=267) to work on /opt/airflow/dags/second-dag.py
[2026-01-15T18:45:13.954+0000] {processor.py:830} INFO - Processing file /opt/airflow/dags/second-dag.py for tasks to queue
[2026-01-15T18:45:13.955+0000] {logging_mixin.py:188} INFO - [2026-01-15T18:45:13.955+0000] {dagbag.py:545} INFO - Filling up the DagBag from /opt/airflow/dags/second-dag.py
[2026-01-15T18:45:13.980+0000] {processor.py:840} INFO - DAG(s) 'dag_b' retrieved from /opt/airflow/dags/second-dag.py
[2026-01-15T18:45:13.999+0000] {logging_mixin.py:188} INFO - [2026-01-15T18:45:13.999+0000] {dag.py:3089} INFO - Sync 1 DAGs
[2026-01-15T18:45:14.009+0000] {logging_mixin.py:188} INFO - [2026-01-15T18:45:14.008+0000] {dag.py:3947} INFO - Setting next_dagrun for dag_b to None, run_after=None
[2026-01-15T18:45:14.024+0000] {processor.py:183} INFO - Processing /opt/airflow/dags/second-dag.py took 0.077 seconds
[2026-01-15T18:45:44.559+0000] {processor.py:161} INFO - Started process (PID=282) to work on /opt/airflow/dags/second-dag.py
[2026-01-15T18:45:44.560+0000] {processor.py:830} INFO - Processing file /opt/airflow/dags/second-dag.py for tasks to queue
[2026-01-15T18:45:44.562+0000] {logging_mixin.py:188} INFO - [2026-01-15T18:45:44.561+0000] {dagbag.py:545} INFO - Filling up the DagBag from /opt/airflow/dags/second-dag.py
[2026-01-15T18:45:44.586+0000] {processor.py:840} INFO - DAG(s) 'dag_b' retrieved from /opt/airflow/dags/second-dag.py
[2026-01-15T18:45:44.604+0000] {logging_mixin.py:188} INFO - [2026-01-15T18:45:44.604+0000] {dag.py:3089} INFO - Sync 1 DAGs
[2026-01-15T18:45:44.614+0000] {logging_mixin.py:188} INFO - [2026-01-15T18:45:44.614+0000] {dag.py:3947} INFO - Setting next_dagrun for dag_b to None, run_after=None
[2026-01-15T18:45:44.628+0000] {processor.py:183} INFO - Processing /opt/airflow/dags/second-dag.py took 0.075 seconds
[2026-01-15T18:46:15.143+0000] {processor.py:161} INFO - Started process (PID=297) to work on /opt/airflow/dags/second-dag.py
[2026-01-15T18:46:15.145+0000] {processor.py:830} INFO - Processing file /opt/airflow/dags/second-dag.py for tasks to queue
[2026-01-15T18:46:15.146+0000] {logging_mixin.py:188} INFO - [2026-01-15T18:46:15.146+0000] {dagbag.py:545} INFO - Filling up the DagBag from /opt/airflow/dags/second-dag.py
[2026-01-15T18:46:15.177+0000] {processor.py:840} INFO - DAG(s) 'dag_b' retrieved from /opt/airflow/dags/second-dag.py
[2026-01-15T18:46:15.200+0000] {logging_mixin.py:188} INFO - [2026-01-15T18:46:15.200+0000] {dag.py:3089} INFO - Sync 1 DAGs
[2026-01-15T18:46:15.211+0000] {logging_mixin.py:188} INFO - [2026-01-15T18:46:15.211+0000] {dag.py:3947} INFO - Setting next_dagrun for dag_b to None, run_after=None
[2026-01-15T18:46:15.231+0000] {processor.py:183} INFO - Processing /opt/airflow/dags/second-dag.py took 0.094 seconds
[2026-01-15T18:46:45.803+0000] {processor.py:161} INFO - Started process (PID=314) to work on /opt/airflow/dags/second-dag.py
[2026-01-15T18:46:45.805+0000] {processor.py:830} INFO - Processing file /opt/airflow/dags/second-dag.py for tasks to queue
[2026-01-15T18:46:45.806+0000] {logging_mixin.py:188} INFO - [2026-01-15T18:46:45.806+0000] {dagbag.py:545} INFO - Filling up the DagBag from /opt/airflow/dags/second-dag.py
[2026-01-15T18:46:45.841+0000] {processor.py:840} INFO - DAG(s) 'dag_b' retrieved from /opt/airflow/dags/second-dag.py
[2026-01-15T18:46:45.862+0000] {logging_mixin.py:188} INFO - [2026-01-15T18:46:45.862+0000] {dag.py:3089} INFO - Sync 1 DAGs
[2026-01-15T18:46:45.875+0000] {logging_mixin.py:188} INFO - [2026-01-15T18:46:45.875+0000] {dag.py:3947} INFO - Setting next_dagrun for dag_b to None, run_after=None
[2026-01-15T18:46:45.895+0000] {processor.py:183} INFO - Processing /opt/airflow/dags/second-dag.py took 0.097 seconds
[2026-01-15T18:47:16.514+0000] {processor.py:161} INFO - Started process (PID=327) to work on /opt/airflow/dags/second-dag.py
[2026-01-15T18:47:16.515+0000] {processor.py:830} INFO - Processing file /opt/airflow/dags/second-dag.py for tasks to queue
[2026-01-15T18:47:16.516+0000] {logging_mixin.py:188} INFO - [2026-01-15T18:47:16.516+0000] {dagbag.py:545} INFO - Filling up the DagBag from /opt/airflow/dags/second-dag.py
[2026-01-15T18:47:16.541+0000] {processor.py:840} INFO - DAG(s) 'dag_b' retrieved from /opt/airflow/dags/second-dag.py
[2026-01-15T18:47:16.561+0000] {logging_mixin.py:188} INFO - [2026-01-15T18:47:16.561+0000] {dag.py:3089} INFO - Sync 1 DAGs
[2026-01-15T18:47:16.572+0000] {logging_mixin.py:188} INFO - [2026-01-15T18:47:16.572+0000] {dag.py:3947} INFO - Setting next_dagrun for dag_b to None, run_after=None
[2026-01-15T18:47:16.591+0000] {processor.py:183} INFO - Processing /opt/airflow/dags/second-dag.py took 0.084 seconds
[2026-01-15T18:47:47.043+0000] {processor.py:161} INFO - Started process (PID=342) to work on /opt/airflow/dags/second-dag.py
[2026-01-15T18:47:47.045+0000] {processor.py:830} INFO - Processing file /opt/airflow/dags/second-dag.py for tasks to queue
[2026-01-15T18:47:47.046+0000] {logging_mixin.py:188} INFO - [2026-01-15T18:47:47.046+0000] {dagbag.py:545} INFO - Filling up the DagBag from /opt/airflow/dags/second-dag.py
[2026-01-15T18:47:47.077+0000] {processor.py:840} INFO - DAG(s) 'dag_b' retrieved from /opt/airflow/dags/second-dag.py
[2026-01-15T18:47:47.096+0000] {logging_mixin.py:188} INFO - [2026-01-15T18:47:47.096+0000] {dag.py:3089} INFO - Sync 1 DAGs
[2026-01-15T18:47:47.107+0000] {logging_mixin.py:188} INFO - [2026-01-15T18:47:47.107+0000] {dag.py:3947} INFO - Setting next_dagrun for dag_b to None, run_after=None
[2026-01-15T18:47:47.125+0000] {processor.py:183} INFO - Processing /opt/airflow/dags/second-dag.py took 0.088 seconds
[2026-01-15T18:48:17.658+0000] {processor.py:161} INFO - Started process (PID=357) to work on /opt/airflow/dags/second-dag.py
[2026-01-15T18:48:17.660+0000] {processor.py:830} INFO - Processing file /opt/airflow/dags/second-dag.py for tasks to queue
[2026-01-15T18:48:17.660+0000] {logging_mixin.py:188} INFO - [2026-01-15T18:48:17.660+0000] {dagbag.py:545} INFO - Filling up the DagBag from /opt/airflow/dags/second-dag.py
[2026-01-15T18:48:17.685+0000] {processor.py:840} INFO - DAG(s) 'dag_b' retrieved from /opt/airflow/dags/second-dag.py
[2026-01-15T18:48:17.710+0000] {logging_mixin.py:188} INFO - [2026-01-15T18:48:17.710+0000] {dag.py:3089} INFO - Sync 1 DAGs
[2026-01-15T18:48:17.721+0000] {logging_mixin.py:188} INFO - [2026-01-15T18:48:17.721+0000] {dag.py:3947} INFO - Setting next_dagrun for dag_b to None, run_after=None
[2026-01-15T18:48:17.746+0000] {processor.py:183} INFO - Processing /opt/airflow/dags/second-dag.py took 0.094 seconds
[2026-01-15T18:48:48.325+0000] {processor.py:161} INFO - Started process (PID=372) to work on /opt/airflow/dags/second-dag.py
[2026-01-15T18:48:48.327+0000] {processor.py:830} INFO - Processing file /opt/airflow/dags/second-dag.py for tasks to queue
[2026-01-15T18:48:48.329+0000] {logging_mixin.py:188} INFO - [2026-01-15T18:48:48.328+0000] {dagbag.py:545} INFO - Filling up the DagBag from /opt/airflow/dags/second-dag.py
[2026-01-15T18:48:48.364+0000] {processor.py:840} INFO - DAG(s) 'dag_b' retrieved from /opt/airflow/dags/second-dag.py
[2026-01-15T18:48:48.387+0000] {logging_mixin.py:188} INFO - [2026-01-15T18:48:48.387+0000] {dag.py:3089} INFO - Sync 1 DAGs
[2026-01-15T18:48:48.399+0000] {logging_mixin.py:188} INFO - [2026-01-15T18:48:48.399+0000] {dag.py:3947} INFO - Setting next_dagrun for dag_b to None, run_after=None
[2026-01-15T18:48:48.416+0000] {processor.py:183} INFO - Processing /opt/airflow/dags/second-dag.py took 0.106 seconds
[2026-01-15T18:49:18.917+0000] {processor.py:161} INFO - Started process (PID=387) to work on /opt/airflow/dags/second-dag.py
[2026-01-15T18:49:18.918+0000] {processor.py:830} INFO - Processing file /opt/airflow/dags/second-dag.py for tasks to queue
[2026-01-15T18:49:18.920+0000] {logging_mixin.py:188} INFO - [2026-01-15T18:49:18.919+0000] {dagbag.py:545} INFO - Filling up the DagBag from /opt/airflow/dags/second-dag.py
[2026-01-15T18:49:18.961+0000] {processor.py:840} INFO - DAG(s) 'dag_b' retrieved from /opt/airflow/dags/second-dag.py
[2026-01-15T18:49:18.994+0000] {logging_mixin.py:188} INFO - [2026-01-15T18:49:18.994+0000] {dag.py:3089} INFO - Sync 1 DAGs
[2026-01-15T18:49:19.012+0000] {logging_mixin.py:188} INFO - [2026-01-15T18:49:19.011+0000] {dag.py:3947} INFO - Setting next_dagrun for dag_b to None, run_after=None
[2026-01-15T18:49:19.044+0000] {processor.py:183} INFO - Processing /opt/airflow/dags/second-dag.py took 0.134 seconds
[2026-01-15T18:49:49.705+0000] {processor.py:161} INFO - Started process (PID=402) to work on /opt/airflow/dags/second-dag.py
[2026-01-15T18:49:49.706+0000] {processor.py:830} INFO - Processing file /opt/airflow/dags/second-dag.py for tasks to queue
[2026-01-15T18:49:49.708+0000] {logging_mixin.py:188} INFO - [2026-01-15T18:49:49.707+0000] {dagbag.py:545} INFO - Filling up the DagBag from /opt/airflow/dags/second-dag.py
[2026-01-15T18:49:49.745+0000] {processor.py:840} INFO - DAG(s) 'dag_b' retrieved from /opt/airflow/dags/second-dag.py
[2026-01-15T18:49:49.779+0000] {logging_mixin.py:188} INFO - [2026-01-15T18:49:49.779+0000] {dag.py:3089} INFO - Sync 1 DAGs
[2026-01-15T18:49:49.798+0000] {logging_mixin.py:188} INFO - [2026-01-15T18:49:49.798+0000] {dag.py:3947} INFO - Setting next_dagrun for dag_b to None, run_after=None
[2026-01-15T18:49:49.830+0000] {processor.py:183} INFO - Processing /opt/airflow/dags/second-dag.py took 0.133 seconds
[2026-01-15T18:50:20.326+0000] {processor.py:161} INFO - Started process (PID=431) to work on /opt/airflow/dags/second-dag.py
[2026-01-15T18:50:20.327+0000] {processor.py:830} INFO - Processing file /opt/airflow/dags/second-dag.py for tasks to queue
[2026-01-15T18:50:20.328+0000] {logging_mixin.py:188} INFO - [2026-01-15T18:50:20.327+0000] {dagbag.py:545} INFO - Filling up the DagBag from /opt/airflow/dags/second-dag.py
[2026-01-15T18:50:20.354+0000] {processor.py:840} INFO - DAG(s) 'dag_b' retrieved from /opt/airflow/dags/second-dag.py
[2026-01-15T18:50:20.379+0000] {logging_mixin.py:188} INFO - [2026-01-15T18:50:20.379+0000] {dag.py:3089} INFO - Sync 1 DAGs
[2026-01-15T18:50:20.390+0000] {logging_mixin.py:188} INFO - [2026-01-15T18:50:20.390+0000] {dag.py:3947} INFO - Setting next_dagrun for dag_b to None, run_after=None
[2026-01-15T18:50:20.411+0000] {processor.py:183} INFO - Processing /opt/airflow/dags/second-dag.py took 0.091 seconds
[2026-01-15T18:50:50.829+0000] {processor.py:161} INFO - Started process (PID=446) to work on /opt/airflow/dags/second-dag.py
[2026-01-15T18:50:50.830+0000] {processor.py:830} INFO - Processing file /opt/airflow/dags/second-dag.py for tasks to queue
[2026-01-15T18:50:50.831+0000] {logging_mixin.py:188} INFO - [2026-01-15T18:50:50.831+0000] {dagbag.py:545} INFO - Filling up the DagBag from /opt/airflow/dags/second-dag.py
[2026-01-15T18:50:50.854+0000] {processor.py:840} INFO - DAG(s) 'dag_b' retrieved from /opt/airflow/dags/second-dag.py
[2026-01-15T18:50:50.877+0000] {logging_mixin.py:188} INFO - [2026-01-15T18:50:50.876+0000] {dag.py:3089} INFO - Sync 1 DAGs
[2026-01-15T18:50:50.889+0000] {logging_mixin.py:188} INFO - [2026-01-15T18:50:50.889+0000] {dag.py:3947} INFO - Setting next_dagrun for dag_b to None, run_after=None
[2026-01-15T18:50:50.912+0000] {processor.py:183} INFO - Processing /opt/airflow/dags/second-dag.py took 0.089 seconds
[2026-01-15T18:51:21.451+0000] {processor.py:161} INFO - Started process (PID=461) to work on /opt/airflow/dags/second-dag.py
[2026-01-15T18:51:21.452+0000] {processor.py:830} INFO - Processing file /opt/airflow/dags/second-dag.py for tasks to queue
[2026-01-15T18:51:21.453+0000] {logging_mixin.py:188} INFO - [2026-01-15T18:51:21.452+0000] {dagbag.py:545} INFO - Filling up the DagBag from /opt/airflow/dags/second-dag.py
[2026-01-15T18:51:21.476+0000] {processor.py:840} INFO - DAG(s) 'dag_b' retrieved from /opt/airflow/dags/second-dag.py
[2026-01-15T18:51:21.498+0000] {logging_mixin.py:188} INFO - [2026-01-15T18:51:21.497+0000] {dag.py:3089} INFO - Sync 1 DAGs
[2026-01-15T18:51:21.508+0000] {logging_mixin.py:188} INFO - [2026-01-15T18:51:21.508+0000] {dag.py:3947} INFO - Setting next_dagrun for dag_b to None, run_after=None
[2026-01-15T18:51:21.528+0000] {processor.py:183} INFO - Processing /opt/airflow/dags/second-dag.py took 0.082 seconds
[2026-01-15T18:51:51.970+0000] {processor.py:161} INFO - Started process (PID=476) to work on /opt/airflow/dags/second-dag.py
[2026-01-15T18:51:51.971+0000] {processor.py:830} INFO - Processing file /opt/airflow/dags/second-dag.py for tasks to queue
[2026-01-15T18:51:51.972+0000] {logging_mixin.py:188} INFO - [2026-01-15T18:51:51.972+0000] {dagbag.py:545} INFO - Filling up the DagBag from /opt/airflow/dags/second-dag.py
[2026-01-15T18:51:51.995+0000] {processor.py:840} INFO - DAG(s) 'dag_b' retrieved from /opt/airflow/dags/second-dag.py
[2026-01-15T18:51:52.021+0000] {logging_mixin.py:188} INFO - [2026-01-15T18:51:52.021+0000] {dag.py:3089} INFO - Sync 1 DAGs
[2026-01-15T18:51:52.031+0000] {logging_mixin.py:188} INFO - [2026-01-15T18:51:52.031+0000] {dag.py:3947} INFO - Setting next_dagrun for dag_b to None, run_after=None
[2026-01-15T18:51:52.053+0000] {processor.py:183} INFO - Processing /opt/airflow/dags/second-dag.py took 0.088 seconds
[2026-01-15T18:52:22.585+0000] {processor.py:161} INFO - Started process (PID=491) to work on /opt/airflow/dags/second-dag.py
[2026-01-15T18:52:22.586+0000] {processor.py:830} INFO - Processing file /opt/airflow/dags/second-dag.py for tasks to queue
[2026-01-15T18:52:22.587+0000] {logging_mixin.py:188} INFO - [2026-01-15T18:52:22.587+0000] {dagbag.py:545} INFO - Filling up the DagBag from /opt/airflow/dags/second-dag.py
[2026-01-15T18:52:22.612+0000] {processor.py:840} INFO - DAG(s) 'dag_b' retrieved from /opt/airflow/dags/second-dag.py
[2026-01-15T18:52:22.633+0000] {logging_mixin.py:188} INFO - [2026-01-15T18:52:22.632+0000] {dag.py:3089} INFO - Sync 1 DAGs
[2026-01-15T18:52:22.645+0000] {logging_mixin.py:188} INFO - [2026-01-15T18:52:22.645+0000] {dag.py:3947} INFO - Setting next_dagrun for dag_b to None, run_after=None
[2026-01-15T18:52:22.669+0000] {processor.py:183} INFO - Processing /opt/airflow/dags/second-dag.py took 0.089 seconds
[2026-01-15T18:52:53.106+0000] {processor.py:161} INFO - Started process (PID=506) to work on /opt/airflow/dags/second-dag.py
[2026-01-15T18:52:53.108+0000] {processor.py:830} INFO - Processing file /opt/airflow/dags/second-dag.py for tasks to queue
[2026-01-15T18:52:53.109+0000] {logging_mixin.py:188} INFO - [2026-01-15T18:52:53.108+0000] {dagbag.py:545} INFO - Filling up the DagBag from /opt/airflow/dags/second-dag.py
[2026-01-15T18:52:53.137+0000] {processor.py:840} INFO - DAG(s) 'dag_b' retrieved from /opt/airflow/dags/second-dag.py
[2026-01-15T18:52:53.162+0000] {logging_mixin.py:188} INFO - [2026-01-15T18:52:53.162+0000] {dag.py:3089} INFO - Sync 1 DAGs
[2026-01-15T18:52:53.175+0000] {logging_mixin.py:188} INFO - [2026-01-15T18:52:53.175+0000] {dag.py:3947} INFO - Setting next_dagrun for dag_b to None, run_after=None
[2026-01-15T18:52:53.194+0000] {processor.py:183} INFO - Processing /opt/airflow/dags/second-dag.py took 0.094 seconds
[2026-01-15T18:53:23.680+0000] {processor.py:161} INFO - Started process (PID=521) to work on /opt/airflow/dags/second-dag.py
[2026-01-15T18:53:23.682+0000] {processor.py:830} INFO - Processing file /opt/airflow/dags/second-dag.py for tasks to queue
[2026-01-15T18:53:23.683+0000] {logging_mixin.py:188} INFO - [2026-01-15T18:53:23.682+0000] {dagbag.py:545} INFO - Filling up the DagBag from /opt/airflow/dags/second-dag.py
[2026-01-15T18:53:23.706+0000] {processor.py:840} INFO - DAG(s) 'dag_b' retrieved from /opt/airflow/dags/second-dag.py
[2026-01-15T18:53:23.726+0000] {logging_mixin.py:188} INFO - [2026-01-15T18:53:23.726+0000] {dag.py:3089} INFO - Sync 1 DAGs
[2026-01-15T18:53:23.739+0000] {logging_mixin.py:188} INFO - [2026-01-15T18:53:23.739+0000] {dag.py:3947} INFO - Setting next_dagrun for dag_b to None, run_after=None
[2026-01-15T18:53:23.757+0000] {processor.py:183} INFO - Processing /opt/airflow/dags/second-dag.py took 0.082 seconds
[2026-01-15T18:53:54.229+0000] {processor.py:161} INFO - Started process (PID=536) to work on /opt/airflow/dags/second-dag.py
[2026-01-15T18:53:54.230+0000] {processor.py:830} INFO - Processing file /opt/airflow/dags/second-dag.py for tasks to queue
[2026-01-15T18:53:54.231+0000] {logging_mixin.py:188} INFO - [2026-01-15T18:53:54.231+0000] {dagbag.py:545} INFO - Filling up the DagBag from /opt/airflow/dags/second-dag.py
[2026-01-15T18:53:54.254+0000] {processor.py:840} INFO - DAG(s) 'dag_b' retrieved from /opt/airflow/dags/second-dag.py
[2026-01-15T18:53:54.273+0000] {logging_mixin.py:188} INFO - [2026-01-15T18:53:54.273+0000] {dag.py:3089} INFO - Sync 1 DAGs
[2026-01-15T18:53:54.285+0000] {logging_mixin.py:188} INFO - [2026-01-15T18:53:54.285+0000] {dag.py:3947} INFO - Setting next_dagrun for dag_b to None, run_after=None
[2026-01-15T18:53:54.305+0000] {processor.py:183} INFO - Processing /opt/airflow/dags/second-dag.py took 0.081 seconds
[2026-01-15T18:54:24.783+0000] {processor.py:161} INFO - Started process (PID=551) to work on /opt/airflow/dags/second-dag.py
[2026-01-15T18:54:24.784+0000] {processor.py:830} INFO - Processing file /opt/airflow/dags/second-dag.py for tasks to queue
[2026-01-15T18:54:24.786+0000] {logging_mixin.py:188} INFO - [2026-01-15T18:54:24.785+0000] {dagbag.py:545} INFO - Filling up the DagBag from /opt/airflow/dags/second-dag.py
[2026-01-15T18:54:24.809+0000] {processor.py:840} INFO - DAG(s) 'dag_b' retrieved from /opt/airflow/dags/second-dag.py
[2026-01-15T18:54:24.832+0000] {logging_mixin.py:188} INFO - [2026-01-15T18:54:24.832+0000] {dag.py:3089} INFO - Sync 1 DAGs
[2026-01-15T18:54:24.846+0000] {logging_mixin.py:188} INFO - [2026-01-15T18:54:24.846+0000] {dag.py:3947} INFO - Setting next_dagrun for dag_b to None, run_after=None
[2026-01-15T18:54:24.870+0000] {processor.py:183} INFO - Processing /opt/airflow/dags/second-dag.py took 0.092 seconds
[2026-01-15T18:54:55.285+0000] {processor.py:161} INFO - Started process (PID=570) to work on /opt/airflow/dags/second-dag.py
[2026-01-15T18:54:55.286+0000] {processor.py:830} INFO - Processing file /opt/airflow/dags/second-dag.py for tasks to queue
[2026-01-15T18:54:55.287+0000] {logging_mixin.py:188} INFO - [2026-01-15T18:54:55.287+0000] {dagbag.py:545} INFO - Filling up the DagBag from /opt/airflow/dags/second-dag.py
[2026-01-15T18:54:55.314+0000] {processor.py:840} INFO - DAG(s) 'dag_b' retrieved from /opt/airflow/dags/second-dag.py
[2026-01-15T18:54:55.337+0000] {logging_mixin.py:188} INFO - [2026-01-15T18:54:55.337+0000] {dag.py:3089} INFO - Sync 1 DAGs
[2026-01-15T18:54:55.350+0000] {logging_mixin.py:188} INFO - [2026-01-15T18:54:55.350+0000] {dag.py:3947} INFO - Setting next_dagrun for dag_b to None, run_after=None
[2026-01-15T18:54:55.370+0000] {processor.py:183} INFO - Processing /opt/airflow/dags/second-dag.py took 0.090 seconds
[2026-01-15T18:55:25.795+0000] {processor.py:161} INFO - Started process (PID=585) to work on /opt/airflow/dags/second-dag.py
[2026-01-15T18:55:25.796+0000] {processor.py:830} INFO - Processing file /opt/airflow/dags/second-dag.py for tasks to queue
[2026-01-15T18:55:25.798+0000] {logging_mixin.py:188} INFO - [2026-01-15T18:55:25.797+0000] {dagbag.py:545} INFO - Filling up the DagBag from /opt/airflow/dags/second-dag.py
[2026-01-15T18:55:25.822+0000] {processor.py:840} INFO - DAG(s) 'dag_b' retrieved from /opt/airflow/dags/second-dag.py
[2026-01-15T18:55:25.842+0000] {logging_mixin.py:188} INFO - [2026-01-15T18:55:25.842+0000] {dag.py:3089} INFO - Sync 1 DAGs
[2026-01-15T18:55:25.854+0000] {logging_mixin.py:188} INFO - [2026-01-15T18:55:25.853+0000] {dag.py:3947} INFO - Setting next_dagrun for dag_b to None, run_after=None
[2026-01-15T18:55:25.874+0000] {processor.py:183} INFO - Processing /opt/airflow/dags/second-dag.py took 0.100 seconds
[2026-01-15T18:55:56.331+0000] {processor.py:161} INFO - Started process (PID=600) to work on /opt/airflow/dags/second-dag.py
[2026-01-15T18:55:56.332+0000] {processor.py:830} INFO - Processing file /opt/airflow/dags/second-dag.py for tasks to queue
[2026-01-15T18:55:56.333+0000] {logging_mixin.py:188} INFO - [2026-01-15T18:55:56.332+0000] {dagbag.py:545} INFO - Filling up the DagBag from /opt/airflow/dags/second-dag.py
[2026-01-15T18:55:56.363+0000] {processor.py:840} INFO - DAG(s) 'dag_b' retrieved from /opt/airflow/dags/second-dag.py
[2026-01-15T18:55:56.387+0000] {logging_mixin.py:188} INFO - [2026-01-15T18:55:56.386+0000] {dag.py:3089} INFO - Sync 1 DAGs
[2026-01-15T18:55:56.402+0000] {logging_mixin.py:188} INFO - [2026-01-15T18:55:56.402+0000] {dag.py:3947} INFO - Setting next_dagrun for dag_b to None, run_after=None
[2026-01-15T18:55:56.425+0000] {processor.py:183} INFO - Processing /opt/airflow/dags/second-dag.py took 0.099 seconds
[2026-01-15T18:56:26.913+0000] {processor.py:161} INFO - Started process (PID=615) to work on /opt/airflow/dags/second-dag.py
[2026-01-15T18:56:26.914+0000] {processor.py:830} INFO - Processing file /opt/airflow/dags/second-dag.py for tasks to queue
[2026-01-15T18:56:26.916+0000] {logging_mixin.py:188} INFO - [2026-01-15T18:56:26.916+0000] {dagbag.py:545} INFO - Filling up the DagBag from /opt/airflow/dags/second-dag.py
[2026-01-15T18:56:26.943+0000] {processor.py:840} INFO - DAG(s) 'dag_b' retrieved from /opt/airflow/dags/second-dag.py
[2026-01-15T18:56:26.967+0000] {logging_mixin.py:188} INFO - [2026-01-15T18:56:26.967+0000] {dag.py:3089} INFO - Sync 1 DAGs
[2026-01-15T18:56:26.978+0000] {logging_mixin.py:188} INFO - [2026-01-15T18:56:26.978+0000] {dag.py:3947} INFO - Setting next_dagrun for dag_b to None, run_after=None
[2026-01-15T18:56:26.996+0000] {processor.py:183} INFO - Processing /opt/airflow/dags/second-dag.py took 0.088 seconds
[2026-01-15T18:56:57.450+0000] {processor.py:161} INFO - Started process (PID=630) to work on /opt/airflow/dags/second-dag.py
[2026-01-15T18:56:57.451+0000] {processor.py:830} INFO - Processing file /opt/airflow/dags/second-dag.py for tasks to queue
[2026-01-15T18:56:57.452+0000] {logging_mixin.py:188} INFO - [2026-01-15T18:56:57.452+0000] {dagbag.py:545} INFO - Filling up the DagBag from /opt/airflow/dags/second-dag.py
[2026-01-15T18:56:57.478+0000] {processor.py:840} INFO - DAG(s) 'dag_b' retrieved from /opt/airflow/dags/second-dag.py
[2026-01-15T18:56:57.500+0000] {logging_mixin.py:188} INFO - [2026-01-15T18:56:57.500+0000] {dag.py:3089} INFO - Sync 1 DAGs
[2026-01-15T18:56:57.512+0000] {logging_mixin.py:188} INFO - [2026-01-15T18:56:57.512+0000] {dag.py:3947} INFO - Setting next_dagrun for dag_b to None, run_after=None
[2026-01-15T18:56:57.532+0000] {processor.py:183} INFO - Processing /opt/airflow/dags/second-dag.py took 0.088 seconds
[2026-01-15T18:57:28.065+0000] {processor.py:161} INFO - Started process (PID=650) to work on /opt/airflow/dags/second-dag.py
[2026-01-15T18:57:28.066+0000] {processor.py:830} INFO - Processing file /opt/airflow/dags/second-dag.py for tasks to queue
[2026-01-15T18:57:28.067+0000] {logging_mixin.py:188} INFO - [2026-01-15T18:57:28.067+0000] {dagbag.py:545} INFO - Filling up the DagBag from /opt/airflow/dags/second-dag.py
[2026-01-15T18:57:28.088+0000] {processor.py:840} INFO - DAG(s) 'dag_b' retrieved from /opt/airflow/dags/second-dag.py
[2026-01-15T18:57:28.113+0000] {logging_mixin.py:188} INFO - [2026-01-15T18:57:28.112+0000] {dag.py:3089} INFO - Sync 1 DAGs
[2026-01-15T18:57:28.125+0000] {logging_mixin.py:188} INFO - [2026-01-15T18:57:28.125+0000] {dag.py:3947} INFO - Setting next_dagrun for dag_b to None, run_after=None
[2026-01-15T18:57:28.152+0000] {processor.py:183} INFO - Processing /opt/airflow/dags/second-dag.py took 0.093 seconds
[2026-01-15T18:57:58.571+0000] {processor.py:161} INFO - Started process (PID=667) to work on /opt/airflow/dags/second-dag.py
[2026-01-15T18:57:58.572+0000] {processor.py:830} INFO - Processing file /opt/airflow/dags/second-dag.py for tasks to queue
[2026-01-15T18:57:58.573+0000] {logging_mixin.py:188} INFO - [2026-01-15T18:57:58.573+0000] {dagbag.py:545} INFO - Filling up the DagBag from /opt/airflow/dags/second-dag.py
[2026-01-15T18:57:58.597+0000] {processor.py:840} INFO - DAG(s) 'dag_b' retrieved from /opt/airflow/dags/second-dag.py
[2026-01-15T18:57:58.617+0000] {logging_mixin.py:188} INFO - [2026-01-15T18:57:58.617+0000] {dag.py:3089} INFO - Sync 1 DAGs
[2026-01-15T18:57:58.629+0000] {logging_mixin.py:188} INFO - [2026-01-15T18:57:58.628+0000] {dag.py:3947} INFO - Setting next_dagrun for dag_b to None, run_after=None
[2026-01-15T18:57:58.646+0000] {processor.py:183} INFO - Processing /opt/airflow/dags/second-dag.py took 0.079 seconds
[2026-01-15T18:58:29.109+0000] {processor.py:161} INFO - Started process (PID=684) to work on /opt/airflow/dags/second-dag.py
[2026-01-15T18:58:29.111+0000] {processor.py:830} INFO - Processing file /opt/airflow/dags/second-dag.py for tasks to queue
[2026-01-15T18:58:29.113+0000] {logging_mixin.py:188} INFO - [2026-01-15T18:58:29.113+0000] {dagbag.py:545} INFO - Filling up the DagBag from /opt/airflow/dags/second-dag.py
[2026-01-15T18:58:29.139+0000] {processor.py:840} INFO - DAG(s) 'dag_b' retrieved from /opt/airflow/dags/second-dag.py
[2026-01-15T18:58:29.160+0000] {logging_mixin.py:188} INFO - [2026-01-15T18:58:29.160+0000] {dag.py:3089} INFO - Sync 1 DAGs
[2026-01-15T18:58:29.173+0000] {logging_mixin.py:188} INFO - [2026-01-15T18:58:29.173+0000] {dag.py:3947} INFO - Setting next_dagrun for dag_b to None, run_after=None
[2026-01-15T18:58:29.192+0000] {processor.py:183} INFO - Processing /opt/airflow/dags/second-dag.py took 0.088 seconds
[2026-01-15T18:58:59.642+0000] {processor.py:161} INFO - Started process (PID=703) to work on /opt/airflow/dags/second-dag.py
[2026-01-15T18:58:59.643+0000] {processor.py:830} INFO - Processing file /opt/airflow/dags/second-dag.py for tasks to queue
[2026-01-15T18:58:59.645+0000] {logging_mixin.py:188} INFO - [2026-01-15T18:58:59.644+0000] {dagbag.py:545} INFO - Filling up the DagBag from /opt/airflow/dags/second-dag.py
[2026-01-15T18:58:59.671+0000] {processor.py:840} INFO - DAG(s) 'dag_b' retrieved from /opt/airflow/dags/second-dag.py
[2026-01-15T18:58:59.695+0000] {logging_mixin.py:188} INFO - [2026-01-15T18:58:59.695+0000] {dag.py:3089} INFO - Sync 1 DAGs
[2026-01-15T18:58:59.708+0000] {logging_mixin.py:188} INFO - [2026-01-15T18:58:59.708+0000] {dag.py:3947} INFO - Setting next_dagrun for dag_b to None, run_after=None
[2026-01-15T18:58:59.727+0000] {processor.py:183} INFO - Processing /opt/airflow/dags/second-dag.py took 0.091 seconds
[2026-01-15T18:59:30.082+0000] {processor.py:161} INFO - Started process (PID=728) to work on /opt/airflow/dags/second-dag.py
[2026-01-15T18:59:30.082+0000] {processor.py:830} INFO - Processing file /opt/airflow/dags/second-dag.py for tasks to queue
[2026-01-15T18:59:30.083+0000] {logging_mixin.py:188} INFO - [2026-01-15T18:59:30.083+0000] {dagbag.py:545} INFO - Filling up the DagBag from /opt/airflow/dags/second-dag.py
[2026-01-15T18:59:30.103+0000] {processor.py:840} INFO - DAG(s) 'dag_b' retrieved from /opt/airflow/dags/second-dag.py
[2026-01-15T18:59:30.126+0000] {logging_mixin.py:188} INFO - [2026-01-15T18:59:30.126+0000] {dag.py:3089} INFO - Sync 1 DAGs
[2026-01-15T18:59:30.137+0000] {logging_mixin.py:188} INFO - [2026-01-15T18:59:30.137+0000] {dag.py:3947} INFO - Setting next_dagrun for dag_b to None, run_after=None
[2026-01-15T18:59:30.182+0000] {processor.py:183} INFO - Processing /opt/airflow/dags/second-dag.py took 0.106 seconds
[2026-01-15T19:00:00.663+0000] {processor.py:161} INFO - Started process (PID=743) to work on /opt/airflow/dags/second-dag.py
[2026-01-15T19:00:00.664+0000] {processor.py:830} INFO - Processing file /opt/airflow/dags/second-dag.py for tasks to queue
[2026-01-15T19:00:00.665+0000] {logging_mixin.py:188} INFO - [2026-01-15T19:00:00.665+0000] {dagbag.py:545} INFO - Filling up the DagBag from /opt/airflow/dags/second-dag.py
[2026-01-15T19:00:00.686+0000] {processor.py:840} INFO - DAG(s) 'dag_b' retrieved from /opt/airflow/dags/second-dag.py
[2026-01-15T19:00:00.708+0000] {logging_mixin.py:188} INFO - [2026-01-15T19:00:00.708+0000] {dag.py:3089} INFO - Sync 1 DAGs
[2026-01-15T19:00:00.721+0000] {logging_mixin.py:188} INFO - [2026-01-15T19:00:00.721+0000] {dag.py:3947} INFO - Setting next_dagrun for dag_b to None, run_after=None
[2026-01-15T19:00:00.744+0000] {processor.py:183} INFO - Processing /opt/airflow/dags/second-dag.py took 0.086 seconds
[2026-01-15T19:00:31.184+0000] {processor.py:161} INFO - Started process (PID=758) to work on /opt/airflow/dags/second-dag.py
[2026-01-15T19:00:31.185+0000] {processor.py:830} INFO - Processing file /opt/airflow/dags/second-dag.py for tasks to queue
[2026-01-15T19:00:31.186+0000] {logging_mixin.py:188} INFO - [2026-01-15T19:00:31.186+0000] {dagbag.py:545} INFO - Filling up the DagBag from /opt/airflow/dags/second-dag.py
[2026-01-15T19:00:31.208+0000] {processor.py:840} INFO - DAG(s) 'dag_b' retrieved from /opt/airflow/dags/second-dag.py
[2026-01-15T19:00:31.227+0000] {logging_mixin.py:188} INFO - [2026-01-15T19:00:31.227+0000] {dag.py:3089} INFO - Sync 1 DAGs
[2026-01-15T19:00:31.238+0000] {logging_mixin.py:188} INFO - [2026-01-15T19:00:31.237+0000] {dag.py:3947} INFO - Setting next_dagrun for dag_b to None, run_after=None
[2026-01-15T19:00:31.257+0000] {processor.py:183} INFO - Processing /opt/airflow/dags/second-dag.py took 0.078 seconds
[2026-01-15T19:01:01.696+0000] {processor.py:161} INFO - Started process (PID=773) to work on /opt/airflow/dags/second-dag.py
[2026-01-15T19:01:01.697+0000] {processor.py:830} INFO - Processing file /opt/airflow/dags/second-dag.py for tasks to queue
[2026-01-15T19:01:01.698+0000] {logging_mixin.py:188} INFO - [2026-01-15T19:01:01.698+0000] {dagbag.py:545} INFO - Filling up the DagBag from /opt/airflow/dags/second-dag.py
[2026-01-15T19:01:01.719+0000] {processor.py:840} INFO - DAG(s) 'dag_b' retrieved from /opt/airflow/dags/second-dag.py
[2026-01-15T19:01:01.743+0000] {logging_mixin.py:188} INFO - [2026-01-15T19:01:01.742+0000] {dag.py:3089} INFO - Sync 1 DAGs
[2026-01-15T19:01:01.755+0000] {logging_mixin.py:188} INFO - [2026-01-15T19:01:01.755+0000] {dag.py:3947} INFO - Setting next_dagrun for dag_b to None, run_after=None
[2026-01-15T19:01:01.774+0000] {processor.py:183} INFO - Processing /opt/airflow/dags/second-dag.py took 0.082 seconds
[2026-01-15T19:01:32.266+0000] {processor.py:161} INFO - Started process (PID=788) to work on /opt/airflow/dags/second-dag.py
[2026-01-15T19:01:32.267+0000] {processor.py:830} INFO - Processing file /opt/airflow/dags/second-dag.py for tasks to queue
[2026-01-15T19:01:32.268+0000] {logging_mixin.py:188} INFO - [2026-01-15T19:01:32.267+0000] {dagbag.py:545} INFO - Filling up the DagBag from /opt/airflow/dags/second-dag.py
[2026-01-15T19:01:32.284+0000] {processor.py:840} INFO - DAG(s) 'dag_b' retrieved from /opt/airflow/dags/second-dag.py
[2026-01-15T19:01:32.306+0000] {logging_mixin.py:188} INFO - [2026-01-15T19:01:32.306+0000] {dag.py:3089} INFO - Sync 1 DAGs
[2026-01-15T19:01:32.318+0000] {logging_mixin.py:188} INFO - [2026-01-15T19:01:32.318+0000] {dag.py:3947} INFO - Setting next_dagrun for dag_b to None, run_after=None
[2026-01-15T19:01:32.335+0000] {processor.py:183} INFO - Processing /opt/airflow/dags/second-dag.py took 0.075 seconds
[2026-01-15T19:02:02.780+0000] {processor.py:161} INFO - Started process (PID=803) to work on /opt/airflow/dags/second-dag.py
[2026-01-15T19:02:02.782+0000] {processor.py:830} INFO - Processing file /opt/airflow/dags/second-dag.py for tasks to queue
[2026-01-15T19:02:02.783+0000] {logging_mixin.py:188} INFO - [2026-01-15T19:02:02.783+0000] {dagbag.py:545} INFO - Filling up the DagBag from /opt/airflow/dags/second-dag.py
[2026-01-15T19:02:02.806+0000] {processor.py:840} INFO - DAG(s) 'dag_b' retrieved from /opt/airflow/dags/second-dag.py
[2026-01-15T19:02:02.831+0000] {logging_mixin.py:188} INFO - [2026-01-15T19:02:02.830+0000] {dag.py:3089} INFO - Sync 1 DAGs
[2026-01-15T19:02:02.843+0000] {logging_mixin.py:188} INFO - [2026-01-15T19:02:02.843+0000] {dag.py:3947} INFO - Setting next_dagrun for dag_b to None, run_after=None
[2026-01-15T19:02:02.867+0000] {processor.py:183} INFO - Processing /opt/airflow/dags/second-dag.py took 0.092 seconds
[2026-01-15T19:02:33.369+0000] {processor.py:161} INFO - Started process (PID=818) to work on /opt/airflow/dags/second-dag.py
[2026-01-15T19:02:33.370+0000] {processor.py:830} INFO - Processing file /opt/airflow/dags/second-dag.py for tasks to queue
[2026-01-15T19:02:33.371+0000] {logging_mixin.py:188} INFO - [2026-01-15T19:02:33.370+0000] {dagbag.py:545} INFO - Filling up the DagBag from /opt/airflow/dags/second-dag.py
[2026-01-15T19:02:33.398+0000] {processor.py:840} INFO - DAG(s) 'dag_b' retrieved from /opt/airflow/dags/second-dag.py
[2026-01-15T19:02:33.420+0000] {logging_mixin.py:188} INFO - [2026-01-15T19:02:33.420+0000] {dag.py:3089} INFO - Sync 1 DAGs
[2026-01-15T19:02:33.432+0000] {logging_mixin.py:188} INFO - [2026-01-15T19:02:33.432+0000] {dag.py:3947} INFO - Setting next_dagrun for dag_b to None, run_after=None
[2026-01-15T19:02:33.452+0000] {processor.py:183} INFO - Processing /opt/airflow/dags/second-dag.py took 0.090 seconds
[2026-01-15T19:03:03.959+0000] {processor.py:161} INFO - Started process (PID=833) to work on /opt/airflow/dags/second-dag.py
[2026-01-15T19:03:03.961+0000] {processor.py:830} INFO - Processing file /opt/airflow/dags/second-dag.py for tasks to queue
[2026-01-15T19:03:03.962+0000] {logging_mixin.py:188} INFO - [2026-01-15T19:03:03.962+0000] {dagbag.py:545} INFO - Filling up the DagBag from /opt/airflow/dags/second-dag.py
[2026-01-15T19:03:03.984+0000] {processor.py:840} INFO - DAG(s) 'dag_b' retrieved from /opt/airflow/dags/second-dag.py
[2026-01-15T19:03:04.007+0000] {logging_mixin.py:188} INFO - [2026-01-15T19:03:04.007+0000] {dag.py:3089} INFO - Sync 1 DAGs
[2026-01-15T19:03:04.019+0000] {logging_mixin.py:188} INFO - [2026-01-15T19:03:04.018+0000] {dag.py:3947} INFO - Setting next_dagrun for dag_b to None, run_after=None
[2026-01-15T19:03:04.038+0000] {processor.py:183} INFO - Processing /opt/airflow/dags/second-dag.py took 0.084 seconds
