[2026-01-15T18:42:09.945+0000] {processor.py:161} INFO - Started process (PID=172) to work on /opt/airflow/dags/third_dag.py
[2026-01-15T18:42:09.947+0000] {processor.py:830} INFO - Processing file /opt/airflow/dags/third_dag.py for tasks to queue
[2026-01-15T18:42:09.951+0000] {logging_mixin.py:188} INFO - [2026-01-15T18:42:09.950+0000] {dagbag.py:545} INFO - Filling up the DagBag from /opt/airflow/dags/third_dag.py
[2026-01-15T18:42:10.003+0000] {processor.py:840} INFO - DAG(s) 'dag_c' retrieved from /opt/airflow/dags/third_dag.py
[2026-01-15T18:42:10.060+0000] {logging_mixin.py:188} INFO - [2026-01-15T18:42:10.060+0000] {dag.py:3089} INFO - Sync 1 DAGs
[2026-01-15T18:42:10.082+0000] {logging_mixin.py:188} INFO - [2026-01-15T18:42:10.082+0000] {dag.py:3947} INFO - Setting next_dagrun for dag_c to None, run_after=None
[2026-01-15T18:42:10.116+0000] {processor.py:183} INFO - Processing /opt/airflow/dags/third_dag.py took 0.181 seconds
[2026-01-15T18:42:40.562+0000] {processor.py:161} INFO - Started process (PID=187) to work on /opt/airflow/dags/third_dag.py
[2026-01-15T18:42:40.564+0000] {processor.py:830} INFO - Processing file /opt/airflow/dags/third_dag.py for tasks to queue
[2026-01-15T18:42:40.566+0000] {logging_mixin.py:188} INFO - [2026-01-15T18:42:40.566+0000] {dagbag.py:545} INFO - Filling up the DagBag from /opt/airflow/dags/third_dag.py
[2026-01-15T18:42:40.589+0000] {processor.py:840} INFO - DAG(s) 'dag_c' retrieved from /opt/airflow/dags/third_dag.py
[2026-01-15T18:42:40.788+0000] {logging_mixin.py:188} INFO - [2026-01-15T18:42:40.788+0000] {dag.py:3089} INFO - Sync 1 DAGs
[2026-01-15T18:42:40.800+0000] {logging_mixin.py:188} INFO - [2026-01-15T18:42:40.800+0000] {dag.py:3947} INFO - Setting next_dagrun for dag_c to None, run_after=None
[2026-01-15T18:42:40.824+0000] {processor.py:183} INFO - Processing /opt/airflow/dags/third_dag.py took 0.269 seconds
[2026-01-15T18:43:11.344+0000] {processor.py:161} INFO - Started process (PID=202) to work on /opt/airflow/dags/third_dag.py
[2026-01-15T18:43:11.345+0000] {processor.py:830} INFO - Processing file /opt/airflow/dags/third_dag.py for tasks to queue
[2026-01-15T18:43:11.346+0000] {logging_mixin.py:188} INFO - [2026-01-15T18:43:11.346+0000] {dagbag.py:545} INFO - Filling up the DagBag from /opt/airflow/dags/third_dag.py
[2026-01-15T18:43:11.373+0000] {processor.py:840} INFO - DAG(s) 'dag_c' retrieved from /opt/airflow/dags/third_dag.py
[2026-01-15T18:43:11.405+0000] {logging_mixin.py:188} INFO - [2026-01-15T18:43:11.404+0000] {dag.py:3089} INFO - Sync 1 DAGs
[2026-01-15T18:43:11.420+0000] {logging_mixin.py:188} INFO - [2026-01-15T18:43:11.420+0000] {dag.py:3947} INFO - Setting next_dagrun for dag_c to None, run_after=None
[2026-01-15T18:43:11.444+0000] {processor.py:183} INFO - Processing /opt/airflow/dags/third_dag.py took 0.108 seconds
[2026-01-15T18:43:41.969+0000] {processor.py:161} INFO - Started process (PID=217) to work on /opt/airflow/dags/third_dag.py
[2026-01-15T18:43:41.969+0000] {processor.py:830} INFO - Processing file /opt/airflow/dags/third_dag.py for tasks to queue
[2026-01-15T18:43:41.971+0000] {logging_mixin.py:188} INFO - [2026-01-15T18:43:41.970+0000] {dagbag.py:545} INFO - Filling up the DagBag from /opt/airflow/dags/third_dag.py
[2026-01-15T18:43:41.997+0000] {processor.py:840} INFO - DAG(s) 'dag_c' retrieved from /opt/airflow/dags/third_dag.py
[2026-01-15T18:43:42.026+0000] {logging_mixin.py:188} INFO - [2026-01-15T18:43:42.025+0000] {dag.py:3089} INFO - Sync 1 DAGs
[2026-01-15T18:43:42.039+0000] {logging_mixin.py:188} INFO - [2026-01-15T18:43:42.039+0000] {dag.py:3947} INFO - Setting next_dagrun for dag_c to None, run_after=None
[2026-01-15T18:43:42.059+0000] {processor.py:183} INFO - Processing /opt/airflow/dags/third_dag.py took 0.096 seconds
[2026-01-15T18:44:12.576+0000] {processor.py:161} INFO - Started process (PID=232) to work on /opt/airflow/dags/third_dag.py
[2026-01-15T18:44:12.578+0000] {processor.py:830} INFO - Processing file /opt/airflow/dags/third_dag.py for tasks to queue
[2026-01-15T18:44:12.580+0000] {logging_mixin.py:188} INFO - [2026-01-15T18:44:12.579+0000] {dagbag.py:545} INFO - Filling up the DagBag from /opt/airflow/dags/third_dag.py
[2026-01-15T18:44:12.607+0000] {processor.py:840} INFO - DAG(s) 'dag_c' retrieved from /opt/airflow/dags/third_dag.py
[2026-01-15T18:44:12.632+0000] {logging_mixin.py:188} INFO - [2026-01-15T18:44:12.632+0000] {dag.py:3089} INFO - Sync 1 DAGs
[2026-01-15T18:44:12.646+0000] {logging_mixin.py:188} INFO - [2026-01-15T18:44:12.646+0000] {dag.py:3947} INFO - Setting next_dagrun for dag_c to None, run_after=None
[2026-01-15T18:44:12.670+0000] {processor.py:183} INFO - Processing /opt/airflow/dags/third_dag.py took 0.099 seconds
[2026-01-15T18:44:43.223+0000] {processor.py:161} INFO - Started process (PID=247) to work on /opt/airflow/dags/third_dag.py
[2026-01-15T18:44:43.225+0000] {processor.py:830} INFO - Processing file /opt/airflow/dags/third_dag.py for tasks to queue
[2026-01-15T18:44:43.226+0000] {logging_mixin.py:188} INFO - [2026-01-15T18:44:43.226+0000] {dagbag.py:545} INFO - Filling up the DagBag from /opt/airflow/dags/third_dag.py
[2026-01-15T18:44:43.260+0000] {processor.py:840} INFO - DAG(s) 'dag_c' retrieved from /opt/airflow/dags/third_dag.py
[2026-01-15T18:44:43.290+0000] {logging_mixin.py:188} INFO - [2026-01-15T18:44:43.290+0000] {dag.py:3089} INFO - Sync 1 DAGs
[2026-01-15T18:44:43.306+0000] {logging_mixin.py:188} INFO - [2026-01-15T18:44:43.306+0000] {dag.py:3947} INFO - Setting next_dagrun for dag_c to None, run_after=None
[2026-01-15T18:44:43.337+0000] {processor.py:183} INFO - Processing /opt/airflow/dags/third_dag.py took 0.119 seconds
[2026-01-15T18:45:13.859+0000] {processor.py:161} INFO - Started process (PID=262) to work on /opt/airflow/dags/third_dag.py
[2026-01-15T18:45:13.860+0000] {processor.py:830} INFO - Processing file /opt/airflow/dags/third_dag.py for tasks to queue
[2026-01-15T18:45:13.861+0000] {logging_mixin.py:188} INFO - [2026-01-15T18:45:13.861+0000] {dagbag.py:545} INFO - Filling up the DagBag from /opt/airflow/dags/third_dag.py
[2026-01-15T18:45:13.885+0000] {processor.py:840} INFO - DAG(s) 'dag_c' retrieved from /opt/airflow/dags/third_dag.py
[2026-01-15T18:45:13.910+0000] {logging_mixin.py:188} INFO - [2026-01-15T18:45:13.909+0000] {dag.py:3089} INFO - Sync 1 DAGs
[2026-01-15T18:45:13.923+0000] {logging_mixin.py:188} INFO - [2026-01-15T18:45:13.922+0000] {dag.py:3947} INFO - Setting next_dagrun for dag_c to None, run_after=None
[2026-01-15T18:45:13.947+0000] {processor.py:183} INFO - Processing /opt/airflow/dags/third_dag.py took 0.094 seconds
[2026-01-15T18:45:44.451+0000] {processor.py:161} INFO - Started process (PID=277) to work on /opt/airflow/dags/third_dag.py
[2026-01-15T18:45:44.452+0000] {processor.py:830} INFO - Processing file /opt/airflow/dags/third_dag.py for tasks to queue
[2026-01-15T18:45:44.453+0000] {logging_mixin.py:188} INFO - [2026-01-15T18:45:44.452+0000] {dagbag.py:545} INFO - Filling up the DagBag from /opt/airflow/dags/third_dag.py
[2026-01-15T18:45:44.472+0000] {processor.py:840} INFO - DAG(s) 'dag_c' retrieved from /opt/airflow/dags/third_dag.py
[2026-01-15T18:45:44.501+0000] {logging_mixin.py:188} INFO - [2026-01-15T18:45:44.501+0000] {dag.py:3089} INFO - Sync 1 DAGs
[2026-01-15T18:45:44.518+0000] {logging_mixin.py:188} INFO - [2026-01-15T18:45:44.517+0000] {dag.py:3947} INFO - Setting next_dagrun for dag_c to None, run_after=None
[2026-01-15T18:45:44.542+0000] {processor.py:183} INFO - Processing /opt/airflow/dags/third_dag.py took 0.096 seconds
[2026-01-15T18:46:15.007+0000] {processor.py:161} INFO - Started process (PID=292) to work on /opt/airflow/dags/third_dag.py
[2026-01-15T18:46:15.008+0000] {processor.py:830} INFO - Processing file /opt/airflow/dags/third_dag.py for tasks to queue
[2026-01-15T18:46:15.010+0000] {logging_mixin.py:188} INFO - [2026-01-15T18:46:15.009+0000] {dagbag.py:545} INFO - Filling up the DagBag from /opt/airflow/dags/third_dag.py
[2026-01-15T18:46:15.045+0000] {processor.py:840} INFO - DAG(s) 'dag_c' retrieved from /opt/airflow/dags/third_dag.py
[2026-01-15T18:46:15.077+0000] {logging_mixin.py:188} INFO - [2026-01-15T18:46:15.076+0000] {dag.py:3089} INFO - Sync 1 DAGs
[2026-01-15T18:46:15.094+0000] {logging_mixin.py:188} INFO - [2026-01-15T18:46:15.093+0000] {dag.py:3947} INFO - Setting next_dagrun for dag_c to None, run_after=None
[2026-01-15T18:46:15.122+0000] {processor.py:183} INFO - Processing /opt/airflow/dags/third_dag.py took 0.123 seconds
[2026-01-15T18:46:45.614+0000] {processor.py:161} INFO - Started process (PID=307) to work on /opt/airflow/dags/third_dag.py
[2026-01-15T18:46:45.615+0000] {processor.py:830} INFO - Processing file /opt/airflow/dags/third_dag.py for tasks to queue
[2026-01-15T18:46:45.618+0000] {logging_mixin.py:188} INFO - [2026-01-15T18:46:45.618+0000] {dagbag.py:545} INFO - Filling up the DagBag from /opt/airflow/dags/third_dag.py
[2026-01-15T18:46:45.645+0000] {processor.py:840} INFO - DAG(s) 'dag_c' retrieved from /opt/airflow/dags/third_dag.py
[2026-01-15T18:46:45.670+0000] {logging_mixin.py:188} INFO - [2026-01-15T18:46:45.670+0000] {dag.py:3089} INFO - Sync 1 DAGs
[2026-01-15T18:46:45.682+0000] {logging_mixin.py:188} INFO - [2026-01-15T18:46:45.682+0000] {dag.py:3947} INFO - Setting next_dagrun for dag_c to None, run_after=None
[2026-01-15T18:46:45.735+0000] {processor.py:183} INFO - Processing /opt/airflow/dags/third_dag.py took 0.126 seconds
[2026-01-15T18:47:16.395+0000] {processor.py:161} INFO - Started process (PID=322) to work on /opt/airflow/dags/third_dag.py
[2026-01-15T18:47:16.396+0000] {processor.py:830} INFO - Processing file /opt/airflow/dags/third_dag.py for tasks to queue
[2026-01-15T18:47:16.397+0000] {logging_mixin.py:188} INFO - [2026-01-15T18:47:16.396+0000] {dagbag.py:545} INFO - Filling up the DagBag from /opt/airflow/dags/third_dag.py
[2026-01-15T18:47:16.422+0000] {processor.py:840} INFO - DAG(s) 'dag_c' retrieved from /opt/airflow/dags/third_dag.py
[2026-01-15T18:47:16.456+0000] {logging_mixin.py:188} INFO - [2026-01-15T18:47:16.455+0000] {dag.py:3089} INFO - Sync 1 DAGs
[2026-01-15T18:47:16.472+0000] {logging_mixin.py:188} INFO - [2026-01-15T18:47:16.472+0000] {dag.py:3947} INFO - Setting next_dagrun for dag_c to None, run_after=None
[2026-01-15T18:47:16.497+0000] {processor.py:183} INFO - Processing /opt/airflow/dags/third_dag.py took 0.108 seconds
[2026-01-15T18:47:46.925+0000] {processor.py:161} INFO - Started process (PID=337) to work on /opt/airflow/dags/third_dag.py
[2026-01-15T18:47:46.926+0000] {processor.py:830} INFO - Processing file /opt/airflow/dags/third_dag.py for tasks to queue
[2026-01-15T18:47:46.928+0000] {logging_mixin.py:188} INFO - [2026-01-15T18:47:46.927+0000] {dagbag.py:545} INFO - Filling up the DagBag from /opt/airflow/dags/third_dag.py
[2026-01-15T18:47:46.956+0000] {processor.py:840} INFO - DAG(s) 'dag_c' retrieved from /opt/airflow/dags/third_dag.py
[2026-01-15T18:47:46.987+0000] {logging_mixin.py:188} INFO - [2026-01-15T18:47:46.987+0000] {dag.py:3089} INFO - Sync 1 DAGs
[2026-01-15T18:47:47.002+0000] {logging_mixin.py:188} INFO - [2026-01-15T18:47:47.002+0000] {dag.py:3947} INFO - Setting next_dagrun for dag_c to None, run_after=None
[2026-01-15T18:47:47.027+0000] {processor.py:183} INFO - Processing /opt/airflow/dags/third_dag.py took 0.108 seconds
[2026-01-15T18:48:17.529+0000] {processor.py:161} INFO - Started process (PID=352) to work on /opt/airflow/dags/third_dag.py
[2026-01-15T18:48:17.531+0000] {processor.py:830} INFO - Processing file /opt/airflow/dags/third_dag.py for tasks to queue
[2026-01-15T18:48:17.532+0000] {logging_mixin.py:188} INFO - [2026-01-15T18:48:17.532+0000] {dagbag.py:545} INFO - Filling up the DagBag from /opt/airflow/dags/third_dag.py
[2026-01-15T18:48:17.566+0000] {processor.py:840} INFO - DAG(s) 'dag_c' retrieved from /opt/airflow/dags/third_dag.py
[2026-01-15T18:48:17.596+0000] {logging_mixin.py:188} INFO - [2026-01-15T18:48:17.596+0000] {dag.py:3089} INFO - Sync 1 DAGs
[2026-01-15T18:48:17.613+0000] {logging_mixin.py:188} INFO - [2026-01-15T18:48:17.613+0000] {dag.py:3947} INFO - Setting next_dagrun for dag_c to None, run_after=None
[2026-01-15T18:48:17.640+0000] {processor.py:183} INFO - Processing /opt/airflow/dags/third_dag.py took 0.117 seconds
[2026-01-15T18:48:48.175+0000] {processor.py:161} INFO - Started process (PID=367) to work on /opt/airflow/dags/third_dag.py
[2026-01-15T18:48:48.177+0000] {processor.py:830} INFO - Processing file /opt/airflow/dags/third_dag.py for tasks to queue
[2026-01-15T18:48:48.179+0000] {logging_mixin.py:188} INFO - [2026-01-15T18:48:48.179+0000] {dagbag.py:545} INFO - Filling up the DagBag from /opt/airflow/dags/third_dag.py
[2026-01-15T18:48:48.222+0000] {processor.py:840} INFO - DAG(s) 'dag_c' retrieved from /opt/airflow/dags/third_dag.py
[2026-01-15T18:48:48.259+0000] {logging_mixin.py:188} INFO - [2026-01-15T18:48:48.258+0000] {dag.py:3089} INFO - Sync 1 DAGs
[2026-01-15T18:48:48.274+0000] {logging_mixin.py:188} INFO - [2026-01-15T18:48:48.274+0000] {dag.py:3947} INFO - Setting next_dagrun for dag_c to None, run_after=None
[2026-01-15T18:48:48.308+0000] {processor.py:183} INFO - Processing /opt/airflow/dags/third_dag.py took 0.143 seconds
[2026-01-15T18:49:18.907+0000] {processor.py:161} INFO - Started process (PID=384) to work on /opt/airflow/dags/third_dag.py
[2026-01-15T18:49:18.908+0000] {processor.py:830} INFO - Processing file /opt/airflow/dags/third_dag.py for tasks to queue
[2026-01-15T18:49:18.909+0000] {logging_mixin.py:188} INFO - [2026-01-15T18:49:18.909+0000] {dagbag.py:545} INFO - Filling up the DagBag from /opt/airflow/dags/third_dag.py
[2026-01-15T18:49:18.947+0000] {processor.py:840} INFO - DAG(s) 'dag_c' retrieved from /opt/airflow/dags/third_dag.py
[2026-01-15T18:49:18.984+0000] {logging_mixin.py:188} INFO - [2026-01-15T18:49:18.983+0000] {dag.py:3089} INFO - Sync 1 DAGs
[2026-01-15T18:49:19.003+0000] {logging_mixin.py:188} INFO - [2026-01-15T18:49:19.003+0000] {dag.py:3947} INFO - Setting next_dagrun for dag_c to None, run_after=None
[2026-01-15T18:49:19.033+0000] {processor.py:183} INFO - Processing /opt/airflow/dags/third_dag.py took 0.134 seconds
[2026-01-15T18:49:49.685+0000] {processor.py:161} INFO - Started process (PID=399) to work on /opt/airflow/dags/third_dag.py
[2026-01-15T18:49:49.687+0000] {processor.py:830} INFO - Processing file /opt/airflow/dags/third_dag.py for tasks to queue
[2026-01-15T18:49:49.689+0000] {logging_mixin.py:188} INFO - [2026-01-15T18:49:49.688+0000] {dagbag.py:545} INFO - Filling up the DagBag from /opt/airflow/dags/third_dag.py
[2026-01-15T18:49:49.732+0000] {processor.py:840} INFO - DAG(s) 'dag_c' retrieved from /opt/airflow/dags/third_dag.py
[2026-01-15T18:49:49.766+0000] {logging_mixin.py:188} INFO - [2026-01-15T18:49:49.765+0000] {dag.py:3089} INFO - Sync 1 DAGs
[2026-01-15T18:49:49.781+0000] {logging_mixin.py:188} INFO - [2026-01-15T18:49:49.781+0000] {dag.py:3947} INFO - Setting next_dagrun for dag_c to None, run_after=None
[2026-01-15T18:49:49.811+0000] {processor.py:183} INFO - Processing /opt/airflow/dags/third_dag.py took 0.133 seconds
[2026-01-15T18:50:20.317+0000] {processor.py:161} INFO - Started process (PID=428) to work on /opt/airflow/dags/third_dag.py
[2026-01-15T18:50:20.319+0000] {processor.py:830} INFO - Processing file /opt/airflow/dags/third_dag.py for tasks to queue
[2026-01-15T18:50:20.320+0000] {logging_mixin.py:188} INFO - [2026-01-15T18:50:20.320+0000] {dagbag.py:545} INFO - Filling up the DagBag from /opt/airflow/dags/third_dag.py
[2026-01-15T18:50:20.345+0000] {processor.py:840} INFO - DAG(s) 'dag_c' retrieved from /opt/airflow/dags/third_dag.py
[2026-01-15T18:50:20.368+0000] {logging_mixin.py:188} INFO - [2026-01-15T18:50:20.368+0000] {dag.py:3089} INFO - Sync 1 DAGs
[2026-01-15T18:50:20.382+0000] {logging_mixin.py:188} INFO - [2026-01-15T18:50:20.381+0000] {dag.py:3947} INFO - Setting next_dagrun for dag_c to None, run_after=None
[2026-01-15T18:50:20.404+0000] {processor.py:183} INFO - Processing /opt/airflow/dags/third_dag.py took 0.092 seconds
[2026-01-15T18:50:50.812+0000] {processor.py:161} INFO - Started process (PID=443) to work on /opt/airflow/dags/third_dag.py
[2026-01-15T18:50:50.814+0000] {processor.py:830} INFO - Processing file /opt/airflow/dags/third_dag.py for tasks to queue
[2026-01-15T18:50:50.816+0000] {logging_mixin.py:188} INFO - [2026-01-15T18:50:50.815+0000] {dagbag.py:545} INFO - Filling up the DagBag from /opt/airflow/dags/third_dag.py
[2026-01-15T18:50:50.840+0000] {processor.py:840} INFO - DAG(s) 'dag_c' retrieved from /opt/airflow/dags/third_dag.py
[2026-01-15T18:50:50.864+0000] {logging_mixin.py:188} INFO - [2026-01-15T18:50:50.863+0000] {dag.py:3089} INFO - Sync 1 DAGs
[2026-01-15T18:50:50.877+0000] {logging_mixin.py:188} INFO - [2026-01-15T18:50:50.877+0000] {dag.py:3947} INFO - Setting next_dagrun for dag_c to None, run_after=None
[2026-01-15T18:50:50.903+0000] {processor.py:183} INFO - Processing /opt/airflow/dags/third_dag.py took 0.097 seconds
[2026-01-15T18:51:21.445+0000] {processor.py:161} INFO - Started process (PID=458) to work on /opt/airflow/dags/third_dag.py
[2026-01-15T18:51:21.446+0000] {processor.py:830} INFO - Processing file /opt/airflow/dags/third_dag.py for tasks to queue
[2026-01-15T18:51:21.447+0000] {logging_mixin.py:188} INFO - [2026-01-15T18:51:21.447+0000] {dagbag.py:545} INFO - Filling up the DagBag from /opt/airflow/dags/third_dag.py
[2026-01-15T18:51:21.470+0000] {processor.py:840} INFO - DAG(s) 'dag_c' retrieved from /opt/airflow/dags/third_dag.py
[2026-01-15T18:51:21.498+0000] {logging_mixin.py:188} INFO - [2026-01-15T18:51:21.498+0000] {dag.py:3089} INFO - Sync 1 DAGs
[2026-01-15T18:51:21.508+0000] {logging_mixin.py:188} INFO - [2026-01-15T18:51:21.508+0000] {dag.py:3947} INFO - Setting next_dagrun for dag_c to None, run_after=None
[2026-01-15T18:51:21.528+0000] {processor.py:183} INFO - Processing /opt/airflow/dags/third_dag.py took 0.089 seconds
[2026-01-15T18:51:51.966+0000] {processor.py:161} INFO - Started process (PID=473) to work on /opt/airflow/dags/third_dag.py
[2026-01-15T18:51:51.968+0000] {processor.py:830} INFO - Processing file /opt/airflow/dags/third_dag.py for tasks to queue
[2026-01-15T18:51:51.969+0000] {logging_mixin.py:188} INFO - [2026-01-15T18:51:51.969+0000] {dagbag.py:545} INFO - Filling up the DagBag from /opt/airflow/dags/third_dag.py
[2026-01-15T18:51:51.994+0000] {processor.py:840} INFO - DAG(s) 'dag_c' retrieved from /opt/airflow/dags/third_dag.py
[2026-01-15T18:51:52.020+0000] {logging_mixin.py:188} INFO - [2026-01-15T18:51:52.020+0000] {dag.py:3089} INFO - Sync 1 DAGs
[2026-01-15T18:51:52.032+0000] {logging_mixin.py:188} INFO - [2026-01-15T18:51:52.031+0000] {dag.py:3947} INFO - Setting next_dagrun for dag_c to None, run_after=None
[2026-01-15T18:51:52.054+0000] {processor.py:183} INFO - Processing /opt/airflow/dags/third_dag.py took 0.092 seconds
[2026-01-15T18:52:22.577+0000] {processor.py:161} INFO - Started process (PID=488) to work on /opt/airflow/dags/third_dag.py
[2026-01-15T18:52:22.579+0000] {processor.py:830} INFO - Processing file /opt/airflow/dags/third_dag.py for tasks to queue
[2026-01-15T18:52:22.580+0000] {logging_mixin.py:188} INFO - [2026-01-15T18:52:22.580+0000] {dagbag.py:545} INFO - Filling up the DagBag from /opt/airflow/dags/third_dag.py
[2026-01-15T18:52:22.607+0000] {processor.py:840} INFO - DAG(s) 'dag_c' retrieved from /opt/airflow/dags/third_dag.py
[2026-01-15T18:52:22.629+0000] {logging_mixin.py:188} INFO - [2026-01-15T18:52:22.628+0000] {dag.py:3089} INFO - Sync 1 DAGs
[2026-01-15T18:52:22.641+0000] {logging_mixin.py:188} INFO - [2026-01-15T18:52:22.640+0000] {dag.py:3947} INFO - Setting next_dagrun for dag_c to None, run_after=None
[2026-01-15T18:52:22.663+0000] {processor.py:183} INFO - Processing /opt/airflow/dags/third_dag.py took 0.092 seconds
[2026-01-15T18:52:53.095+0000] {processor.py:161} INFO - Started process (PID=503) to work on /opt/airflow/dags/third_dag.py
[2026-01-15T18:52:53.097+0000] {processor.py:830} INFO - Processing file /opt/airflow/dags/third_dag.py for tasks to queue
[2026-01-15T18:52:53.099+0000] {logging_mixin.py:188} INFO - [2026-01-15T18:52:53.098+0000] {dagbag.py:545} INFO - Filling up the DagBag from /opt/airflow/dags/third_dag.py
[2026-01-15T18:52:53.127+0000] {processor.py:840} INFO - DAG(s) 'dag_c' retrieved from /opt/airflow/dags/third_dag.py
[2026-01-15T18:52:53.147+0000] {logging_mixin.py:188} INFO - [2026-01-15T18:52:53.147+0000] {dag.py:3089} INFO - Sync 1 DAGs
[2026-01-15T18:52:53.160+0000] {logging_mixin.py:188} INFO - [2026-01-15T18:52:53.160+0000] {dag.py:3947} INFO - Setting next_dagrun for dag_c to None, run_after=None
[2026-01-15T18:52:53.181+0000] {processor.py:183} INFO - Processing /opt/airflow/dags/third_dag.py took 0.091 seconds
[2026-01-15T18:53:23.677+0000] {processor.py:161} INFO - Started process (PID=518) to work on /opt/airflow/dags/third_dag.py
[2026-01-15T18:53:23.678+0000] {processor.py:830} INFO - Processing file /opt/airflow/dags/third_dag.py for tasks to queue
[2026-01-15T18:53:23.679+0000] {logging_mixin.py:188} INFO - [2026-01-15T18:53:23.679+0000] {dagbag.py:545} INFO - Filling up the DagBag from /opt/airflow/dags/third_dag.py
[2026-01-15T18:53:23.702+0000] {processor.py:840} INFO - DAG(s) 'dag_c' retrieved from /opt/airflow/dags/third_dag.py
[2026-01-15T18:53:23.724+0000] {logging_mixin.py:188} INFO - [2026-01-15T18:53:23.724+0000] {dag.py:3089} INFO - Sync 1 DAGs
[2026-01-15T18:53:23.736+0000] {logging_mixin.py:188} INFO - [2026-01-15T18:53:23.736+0000] {dag.py:3947} INFO - Setting next_dagrun for dag_c to None, run_after=None
[2026-01-15T18:53:23.757+0000] {processor.py:183} INFO - Processing /opt/airflow/dags/third_dag.py took 0.085 seconds
[2026-01-15T18:53:54.223+0000] {processor.py:161} INFO - Started process (PID=533) to work on /opt/airflow/dags/third_dag.py
[2026-01-15T18:53:54.224+0000] {processor.py:830} INFO - Processing file /opt/airflow/dags/third_dag.py for tasks to queue
[2026-01-15T18:53:54.225+0000] {logging_mixin.py:188} INFO - [2026-01-15T18:53:54.225+0000] {dagbag.py:545} INFO - Filling up the DagBag from /opt/airflow/dags/third_dag.py
[2026-01-15T18:53:54.250+0000] {processor.py:840} INFO - DAG(s) 'dag_c' retrieved from /opt/airflow/dags/third_dag.py
[2026-01-15T18:53:54.271+0000] {logging_mixin.py:188} INFO - [2026-01-15T18:53:54.271+0000] {dag.py:3089} INFO - Sync 1 DAGs
[2026-01-15T18:53:54.283+0000] {logging_mixin.py:188} INFO - [2026-01-15T18:53:54.283+0000] {dag.py:3947} INFO - Setting next_dagrun for dag_c to None, run_after=None
[2026-01-15T18:53:54.304+0000] {processor.py:183} INFO - Processing /opt/airflow/dags/third_dag.py took 0.086 seconds
[2026-01-15T18:54:24.777+0000] {processor.py:161} INFO - Started process (PID=548) to work on /opt/airflow/dags/third_dag.py
[2026-01-15T18:54:24.779+0000] {processor.py:830} INFO - Processing file /opt/airflow/dags/third_dag.py for tasks to queue
[2026-01-15T18:54:24.780+0000] {logging_mixin.py:188} INFO - [2026-01-15T18:54:24.780+0000] {dagbag.py:545} INFO - Filling up the DagBag from /opt/airflow/dags/third_dag.py
[2026-01-15T18:54:24.805+0000] {processor.py:840} INFO - DAG(s) 'dag_c' retrieved from /opt/airflow/dags/third_dag.py
[2026-01-15T18:54:24.826+0000] {logging_mixin.py:188} INFO - [2026-01-15T18:54:24.826+0000] {dag.py:3089} INFO - Sync 1 DAGs
[2026-01-15T18:54:24.841+0000] {logging_mixin.py:188} INFO - [2026-01-15T18:54:24.840+0000] {dag.py:3947} INFO - Setting next_dagrun for dag_c to None, run_after=None
[2026-01-15T18:54:24.863+0000] {processor.py:183} INFO - Processing /opt/airflow/dags/third_dag.py took 0.091 seconds
[2026-01-15T18:54:55.276+0000] {processor.py:161} INFO - Started process (PID=567) to work on /opt/airflow/dags/third_dag.py
[2026-01-15T18:54:55.278+0000] {processor.py:830} INFO - Processing file /opt/airflow/dags/third_dag.py for tasks to queue
[2026-01-15T18:54:55.279+0000] {logging_mixin.py:188} INFO - [2026-01-15T18:54:55.279+0000] {dagbag.py:545} INFO - Filling up the DagBag from /opt/airflow/dags/third_dag.py
[2026-01-15T18:54:55.307+0000] {processor.py:840} INFO - DAG(s) 'dag_c' retrieved from /opt/airflow/dags/third_dag.py
[2026-01-15T18:54:55.333+0000] {logging_mixin.py:188} INFO - [2026-01-15T18:54:55.333+0000] {dag.py:3089} INFO - Sync 1 DAGs
[2026-01-15T18:54:55.348+0000] {logging_mixin.py:188} INFO - [2026-01-15T18:54:55.348+0000] {dag.py:3947} INFO - Setting next_dagrun for dag_c to None, run_after=None
[2026-01-15T18:54:55.370+0000] {processor.py:183} INFO - Processing /opt/airflow/dags/third_dag.py took 0.103 seconds
[2026-01-15T18:55:25.776+0000] {processor.py:161} INFO - Started process (PID=582) to work on /opt/airflow/dags/third_dag.py
[2026-01-15T18:55:25.781+0000] {processor.py:830} INFO - Processing file /opt/airflow/dags/third_dag.py for tasks to queue
[2026-01-15T18:55:25.787+0000] {logging_mixin.py:188} INFO - [2026-01-15T18:55:25.786+0000] {dagbag.py:545} INFO - Filling up the DagBag from /opt/airflow/dags/third_dag.py
[2026-01-15T18:55:25.818+0000] {processor.py:840} INFO - DAG(s) 'dag_c' retrieved from /opt/airflow/dags/third_dag.py
[2026-01-15T18:55:25.840+0000] {logging_mixin.py:188} INFO - [2026-01-15T18:55:25.840+0000] {dag.py:3089} INFO - Sync 1 DAGs
[2026-01-15T18:55:25.852+0000] {logging_mixin.py:188} INFO - [2026-01-15T18:55:25.852+0000] {dag.py:3947} INFO - Setting next_dagrun for dag_c to None, run_after=None
[2026-01-15T18:55:25.873+0000] {processor.py:183} INFO - Processing /opt/airflow/dags/third_dag.py took 0.121 seconds
[2026-01-15T18:55:56.317+0000] {processor.py:161} INFO - Started process (PID=597) to work on /opt/airflow/dags/third_dag.py
[2026-01-15T18:55:56.318+0000] {processor.py:830} INFO - Processing file /opt/airflow/dags/third_dag.py for tasks to queue
[2026-01-15T18:55:56.319+0000] {logging_mixin.py:188} INFO - [2026-01-15T18:55:56.319+0000] {dagbag.py:545} INFO - Filling up the DagBag from /opt/airflow/dags/third_dag.py
[2026-01-15T18:55:56.348+0000] {processor.py:840} INFO - DAG(s) 'dag_c' retrieved from /opt/airflow/dags/third_dag.py
[2026-01-15T18:55:56.377+0000] {logging_mixin.py:188} INFO - [2026-01-15T18:55:56.377+0000] {dag.py:3089} INFO - Sync 1 DAGs
[2026-01-15T18:55:56.392+0000] {logging_mixin.py:188} INFO - [2026-01-15T18:55:56.392+0000] {dag.py:3947} INFO - Setting next_dagrun for dag_c to None, run_after=None
[2026-01-15T18:55:56.416+0000] {processor.py:183} INFO - Processing /opt/airflow/dags/third_dag.py took 0.104 seconds
[2026-01-15T18:56:26.912+0000] {processor.py:161} INFO - Started process (PID=612) to work on /opt/airflow/dags/third_dag.py
[2026-01-15T18:56:26.913+0000] {processor.py:830} INFO - Processing file /opt/airflow/dags/third_dag.py for tasks to queue
[2026-01-15T18:56:26.915+0000] {logging_mixin.py:188} INFO - [2026-01-15T18:56:26.915+0000] {dagbag.py:545} INFO - Filling up the DagBag from /opt/airflow/dags/third_dag.py
[2026-01-15T18:56:26.942+0000] {processor.py:840} INFO - DAG(s) 'dag_c' retrieved from /opt/airflow/dags/third_dag.py
[2026-01-15T18:56:26.965+0000] {logging_mixin.py:188} INFO - [2026-01-15T18:56:26.964+0000] {dag.py:3089} INFO - Sync 1 DAGs
[2026-01-15T18:56:26.976+0000] {logging_mixin.py:188} INFO - [2026-01-15T18:56:26.976+0000] {dag.py:3947} INFO - Setting next_dagrun for dag_c to None, run_after=None
[2026-01-15T18:56:26.995+0000] {processor.py:183} INFO - Processing /opt/airflow/dags/third_dag.py took 0.089 seconds
[2026-01-15T18:56:57.441+0000] {processor.py:161} INFO - Started process (PID=627) to work on /opt/airflow/dags/third_dag.py
[2026-01-15T18:56:57.442+0000] {processor.py:830} INFO - Processing file /opt/airflow/dags/third_dag.py for tasks to queue
[2026-01-15T18:56:57.443+0000] {logging_mixin.py:188} INFO - [2026-01-15T18:56:57.443+0000] {dagbag.py:545} INFO - Filling up the DagBag from /opt/airflow/dags/third_dag.py
[2026-01-15T18:56:57.469+0000] {processor.py:840} INFO - DAG(s) 'dag_c' retrieved from /opt/airflow/dags/third_dag.py
[2026-01-15T18:56:57.492+0000] {logging_mixin.py:188} INFO - [2026-01-15T18:56:57.492+0000] {dag.py:3089} INFO - Sync 1 DAGs
[2026-01-15T18:56:57.505+0000] {logging_mixin.py:188} INFO - [2026-01-15T18:56:57.505+0000] {dag.py:3947} INFO - Setting next_dagrun for dag_c to None, run_after=None
[2026-01-15T18:56:57.526+0000] {processor.py:183} INFO - Processing /opt/airflow/dags/third_dag.py took 0.091 seconds
[2026-01-15T18:57:28.061+0000] {processor.py:161} INFO - Started process (PID=647) to work on /opt/airflow/dags/third_dag.py
[2026-01-15T18:57:28.063+0000] {processor.py:830} INFO - Processing file /opt/airflow/dags/third_dag.py for tasks to queue
[2026-01-15T18:57:28.064+0000] {logging_mixin.py:188} INFO - [2026-01-15T18:57:28.063+0000] {dagbag.py:545} INFO - Filling up the DagBag from /opt/airflow/dags/third_dag.py
[2026-01-15T18:57:28.085+0000] {processor.py:840} INFO - DAG(s) 'dag_c' retrieved from /opt/airflow/dags/third_dag.py
[2026-01-15T18:57:28.111+0000] {logging_mixin.py:188} INFO - [2026-01-15T18:57:28.110+0000] {dag.py:3089} INFO - Sync 1 DAGs
[2026-01-15T18:57:28.123+0000] {logging_mixin.py:188} INFO - [2026-01-15T18:57:28.123+0000] {dag.py:3947} INFO - Setting next_dagrun for dag_c to None, run_after=None
[2026-01-15T18:57:28.152+0000] {processor.py:183} INFO - Processing /opt/airflow/dags/third_dag.py took 0.097 seconds
[2026-01-15T18:57:58.567+0000] {processor.py:161} INFO - Started process (PID=664) to work on /opt/airflow/dags/third_dag.py
[2026-01-15T18:57:58.569+0000] {processor.py:830} INFO - Processing file /opt/airflow/dags/third_dag.py for tasks to queue
[2026-01-15T18:57:58.570+0000] {logging_mixin.py:188} INFO - [2026-01-15T18:57:58.570+0000] {dagbag.py:545} INFO - Filling up the DagBag from /opt/airflow/dags/third_dag.py
[2026-01-15T18:57:58.596+0000] {processor.py:840} INFO - DAG(s) 'dag_c' retrieved from /opt/airflow/dags/third_dag.py
[2026-01-15T18:57:58.616+0000] {logging_mixin.py:188} INFO - [2026-01-15T18:57:58.616+0000] {dag.py:3089} INFO - Sync 1 DAGs
[2026-01-15T18:57:58.627+0000] {logging_mixin.py:188} INFO - [2026-01-15T18:57:58.627+0000] {dag.py:3947} INFO - Setting next_dagrun for dag_c to None, run_after=None
[2026-01-15T18:57:58.646+0000] {processor.py:183} INFO - Processing /opt/airflow/dags/third_dag.py took 0.085 seconds
[2026-01-15T18:58:29.101+0000] {processor.py:161} INFO - Started process (PID=681) to work on /opt/airflow/dags/third_dag.py
[2026-01-15T18:58:29.103+0000] {processor.py:830} INFO - Processing file /opt/airflow/dags/third_dag.py for tasks to queue
[2026-01-15T18:58:29.104+0000] {logging_mixin.py:188} INFO - [2026-01-15T18:58:29.104+0000] {dagbag.py:545} INFO - Filling up the DagBag from /opt/airflow/dags/third_dag.py
[2026-01-15T18:58:29.134+0000] {processor.py:840} INFO - DAG(s) 'dag_c' retrieved from /opt/airflow/dags/third_dag.py
[2026-01-15T18:58:29.157+0000] {logging_mixin.py:188} INFO - [2026-01-15T18:58:29.157+0000] {dag.py:3089} INFO - Sync 1 DAGs
[2026-01-15T18:58:29.171+0000] {logging_mixin.py:188} INFO - [2026-01-15T18:58:29.171+0000] {dag.py:3947} INFO - Setting next_dagrun for dag_c to None, run_after=None
[2026-01-15T18:58:29.192+0000] {processor.py:183} INFO - Processing /opt/airflow/dags/third_dag.py took 0.100 seconds
[2026-01-15T18:58:59.636+0000] {processor.py:161} INFO - Started process (PID=700) to work on /opt/airflow/dags/third_dag.py
[2026-01-15T18:58:59.637+0000] {processor.py:830} INFO - Processing file /opt/airflow/dags/third_dag.py for tasks to queue
[2026-01-15T18:58:59.639+0000] {logging_mixin.py:188} INFO - [2026-01-15T18:58:59.638+0000] {dagbag.py:545} INFO - Filling up the DagBag from /opt/airflow/dags/third_dag.py
[2026-01-15T18:58:59.664+0000] {processor.py:840} INFO - DAG(s) 'dag_c' retrieved from /opt/airflow/dags/third_dag.py
[2026-01-15T18:58:59.688+0000] {logging_mixin.py:188} INFO - [2026-01-15T18:58:59.688+0000] {dag.py:3089} INFO - Sync 1 DAGs
[2026-01-15T18:58:59.701+0000] {logging_mixin.py:188} INFO - [2026-01-15T18:58:59.701+0000] {dag.py:3947} INFO - Setting next_dagrun for dag_c to None, run_after=None
[2026-01-15T18:58:59.722+0000] {processor.py:183} INFO - Processing /opt/airflow/dags/third_dag.py took 0.093 seconds
[2026-01-15T18:59:30.079+0000] {processor.py:161} INFO - Started process (PID=725) to work on /opt/airflow/dags/third_dag.py
[2026-01-15T18:59:30.080+0000] {processor.py:830} INFO - Processing file /opt/airflow/dags/third_dag.py for tasks to queue
[2026-01-15T18:59:30.081+0000] {logging_mixin.py:188} INFO - [2026-01-15T18:59:30.081+0000] {dagbag.py:545} INFO - Filling up the DagBag from /opt/airflow/dags/third_dag.py
[2026-01-15T18:59:30.102+0000] {processor.py:840} INFO - DAG(s) 'dag_c' retrieved from /opt/airflow/dags/third_dag.py
[2026-01-15T18:59:30.125+0000] {logging_mixin.py:188} INFO - [2026-01-15T18:59:30.124+0000] {dag.py:3089} INFO - Sync 1 DAGs
[2026-01-15T18:59:30.136+0000] {logging_mixin.py:188} INFO - [2026-01-15T18:59:30.135+0000] {dag.py:3947} INFO - Setting next_dagrun for dag_c to None, run_after=None
[2026-01-15T18:59:30.177+0000] {processor.py:183} INFO - Processing /opt/airflow/dags/third_dag.py took 0.105 seconds
[2026-01-15T19:00:00.659+0000] {processor.py:161} INFO - Started process (PID=740) to work on /opt/airflow/dags/third_dag.py
[2026-01-15T19:00:00.660+0000] {processor.py:830} INFO - Processing file /opt/airflow/dags/third_dag.py for tasks to queue
[2026-01-15T19:00:00.661+0000] {logging_mixin.py:188} INFO - [2026-01-15T19:00:00.661+0000] {dagbag.py:545} INFO - Filling up the DagBag from /opt/airflow/dags/third_dag.py
[2026-01-15T19:00:00.684+0000] {processor.py:840} INFO - DAG(s) 'dag_c' retrieved from /opt/airflow/dags/third_dag.py
[2026-01-15T19:00:00.708+0000] {logging_mixin.py:188} INFO - [2026-01-15T19:00:00.708+0000] {dag.py:3089} INFO - Sync 1 DAGs
[2026-01-15T19:00:00.720+0000] {logging_mixin.py:188} INFO - [2026-01-15T19:00:00.719+0000] {dag.py:3947} INFO - Setting next_dagrun for dag_c to None, run_after=None
[2026-01-15T19:00:00.743+0000] {processor.py:183} INFO - Processing /opt/airflow/dags/third_dag.py took 0.089 seconds
[2026-01-15T19:00:31.178+0000] {processor.py:161} INFO - Started process (PID=755) to work on /opt/airflow/dags/third_dag.py
[2026-01-15T19:00:31.179+0000] {processor.py:830} INFO - Processing file /opt/airflow/dags/third_dag.py for tasks to queue
[2026-01-15T19:00:31.181+0000] {logging_mixin.py:188} INFO - [2026-01-15T19:00:31.181+0000] {dagbag.py:545} INFO - Filling up the DagBag from /opt/airflow/dags/third_dag.py
[2026-01-15T19:00:31.204+0000] {processor.py:840} INFO - DAG(s) 'dag_c' retrieved from /opt/airflow/dags/third_dag.py
[2026-01-15T19:00:31.224+0000] {logging_mixin.py:188} INFO - [2026-01-15T19:00:31.224+0000] {dag.py:3089} INFO - Sync 1 DAGs
[2026-01-15T19:00:31.235+0000] {logging_mixin.py:188} INFO - [2026-01-15T19:00:31.234+0000] {dag.py:3947} INFO - Setting next_dagrun for dag_c to None, run_after=None
[2026-01-15T19:00:31.254+0000] {processor.py:183} INFO - Processing /opt/airflow/dags/third_dag.py took 0.080 seconds
[2026-01-15T19:01:01.691+0000] {processor.py:161} INFO - Started process (PID=770) to work on /opt/airflow/dags/third_dag.py
[2026-01-15T19:01:01.692+0000] {processor.py:830} INFO - Processing file /opt/airflow/dags/third_dag.py for tasks to queue
[2026-01-15T19:01:01.693+0000] {logging_mixin.py:188} INFO - [2026-01-15T19:01:01.693+0000] {dagbag.py:545} INFO - Filling up the DagBag from /opt/airflow/dags/third_dag.py
[2026-01-15T19:01:01.713+0000] {processor.py:840} INFO - DAG(s) 'dag_c' retrieved from /opt/airflow/dags/third_dag.py
[2026-01-15T19:01:01.736+0000] {logging_mixin.py:188} INFO - [2026-01-15T19:01:01.736+0000] {dag.py:3089} INFO - Sync 1 DAGs
[2026-01-15T19:01:01.748+0000] {logging_mixin.py:188} INFO - [2026-01-15T19:01:01.748+0000] {dag.py:3947} INFO - Setting next_dagrun for dag_c to None, run_after=None
[2026-01-15T19:01:01.771+0000] {processor.py:183} INFO - Processing /opt/airflow/dags/third_dag.py took 0.085 seconds
[2026-01-15T19:01:32.265+0000] {processor.py:161} INFO - Started process (PID=785) to work on /opt/airflow/dags/third_dag.py
[2026-01-15T19:01:32.266+0000] {processor.py:830} INFO - Processing file /opt/airflow/dags/third_dag.py for tasks to queue
[2026-01-15T19:01:32.267+0000] {logging_mixin.py:188} INFO - [2026-01-15T19:01:32.266+0000] {dagbag.py:545} INFO - Filling up the DagBag from /opt/airflow/dags/third_dag.py
[2026-01-15T19:01:32.283+0000] {processor.py:840} INFO - DAG(s) 'dag_c' retrieved from /opt/airflow/dags/third_dag.py
[2026-01-15T19:01:32.303+0000] {logging_mixin.py:188} INFO - [2026-01-15T19:01:32.303+0000] {dag.py:3089} INFO - Sync 1 DAGs
[2026-01-15T19:01:32.315+0000] {logging_mixin.py:188} INFO - [2026-01-15T19:01:32.315+0000] {dag.py:3947} INFO - Setting next_dagrun for dag_c to None, run_after=None
[2026-01-15T19:01:32.335+0000] {processor.py:183} INFO - Processing /opt/airflow/dags/third_dag.py took 0.076 seconds
[2026-01-15T19:02:02.776+0000] {processor.py:161} INFO - Started process (PID=800) to work on /opt/airflow/dags/third_dag.py
[2026-01-15T19:02:02.777+0000] {processor.py:830} INFO - Processing file /opt/airflow/dags/third_dag.py for tasks to queue
[2026-01-15T19:02:02.779+0000] {logging_mixin.py:188} INFO - [2026-01-15T19:02:02.779+0000] {dagbag.py:545} INFO - Filling up the DagBag from /opt/airflow/dags/third_dag.py
[2026-01-15T19:02:02.804+0000] {processor.py:840} INFO - DAG(s) 'dag_c' retrieved from /opt/airflow/dags/third_dag.py
[2026-01-15T19:02:02.826+0000] {logging_mixin.py:188} INFO - [2026-01-15T19:02:02.826+0000] {dag.py:3089} INFO - Sync 1 DAGs
[2026-01-15T19:02:02.841+0000] {logging_mixin.py:188} INFO - [2026-01-15T19:02:02.841+0000] {dag.py:3947} INFO - Setting next_dagrun for dag_c to None, run_after=None
[2026-01-15T19:02:02.865+0000] {processor.py:183} INFO - Processing /opt/airflow/dags/third_dag.py took 0.094 seconds
[2026-01-15T19:02:33.359+0000] {processor.py:161} INFO - Started process (PID=815) to work on /opt/airflow/dags/third_dag.py
[2026-01-15T19:02:33.361+0000] {processor.py:830} INFO - Processing file /opt/airflow/dags/third_dag.py for tasks to queue
[2026-01-15T19:02:33.362+0000] {logging_mixin.py:188} INFO - [2026-01-15T19:02:33.361+0000] {dagbag.py:545} INFO - Filling up the DagBag from /opt/airflow/dags/third_dag.py
[2026-01-15T19:02:33.390+0000] {processor.py:840} INFO - DAG(s) 'dag_c' retrieved from /opt/airflow/dags/third_dag.py
[2026-01-15T19:02:33.413+0000] {logging_mixin.py:188} INFO - [2026-01-15T19:02:33.413+0000] {dag.py:3089} INFO - Sync 1 DAGs
[2026-01-15T19:02:33.426+0000] {logging_mixin.py:188} INFO - [2026-01-15T19:02:33.426+0000] {dag.py:3947} INFO - Setting next_dagrun for dag_c to None, run_after=None
[2026-01-15T19:02:33.447+0000] {processor.py:183} INFO - Processing /opt/airflow/dags/third_dag.py took 0.093 seconds
[2026-01-15T19:03:03.953+0000] {processor.py:161} INFO - Started process (PID=830) to work on /opt/airflow/dags/third_dag.py
[2026-01-15T19:03:03.954+0000] {processor.py:830} INFO - Processing file /opt/airflow/dags/third_dag.py for tasks to queue
[2026-01-15T19:03:03.955+0000] {logging_mixin.py:188} INFO - [2026-01-15T19:03:03.954+0000] {dagbag.py:545} INFO - Filling up the DagBag from /opt/airflow/dags/third_dag.py
[2026-01-15T19:03:03.978+0000] {processor.py:840} INFO - DAG(s) 'dag_c' retrieved from /opt/airflow/dags/third_dag.py
[2026-01-15T19:03:04.001+0000] {logging_mixin.py:188} INFO - [2026-01-15T19:03:04.001+0000] {dag.py:3089} INFO - Sync 1 DAGs
[2026-01-15T19:03:04.014+0000] {logging_mixin.py:188} INFO - [2026-01-15T19:03:04.014+0000] {dag.py:3947} INFO - Setting next_dagrun for dag_c to None, run_after=None
[2026-01-15T19:03:04.034+0000] {processor.py:183} INFO - Processing /opt/airflow/dags/third_dag.py took 0.086 seconds
