[2026-01-08T19:04:58.218+0000] {local_task_job_runner.py:120} INFO - ::group::Pre task execution logs
[2026-01-08T19:04:58.276+0000] {taskinstance.py:2076} INFO - Dependencies all met for dep_context=non-requeueable deps ti=<TaskInstance: dag_two.wait_for_dag_one manual__2026-01-08T19:04:57.041403+00:00 [queued]>
[2026-01-08T19:04:58.289+0000] {taskinstance.py:2076} INFO - Dependencies all met for dep_context=requeueable deps ti=<TaskInstance: dag_two.wait_for_dag_one manual__2026-01-08T19:04:57.041403+00:00 [queued]>
[2026-01-08T19:04:58.291+0000] {taskinstance.py:2306} INFO - Starting attempt 1 of 1
[2026-01-08T19:04:58.310+0000] {taskinstance.py:2330} INFO - Executing <Task(ExternalTaskSensor): wait_for_dag_one> on 2026-01-08 19:04:57.041403+00:00
[2026-01-08T19:04:58.323+0000] {logging_mixin.py:188} WARNING - /home/***/.local/lib/python3.12/site-packages/***/task/task_runner/standard_task_runner.py:62 DeprecationWarning: This process (pid=425) is multi-threaded, use of fork() may lead to deadlocks in the child.
[2026-01-08T19:04:58.321+0000] {standard_task_runner.py:90} INFO - Running: ['***', 'tasks', 'run', 'dag_two', 'wait_for_dag_one', 'manual__2026-01-08T19:04:57.041403+00:00', '--job-id', '5', '--raw', '--subdir', 'DAGS_FOLDER/second-dag.py', '--cfg-path', '/tmp/tmp4nv88u24']
[2026-01-08T19:04:58.325+0000] {standard_task_runner.py:64} INFO - Started process 426 to run task
[2026-01-08T19:04:58.325+0000] {standard_task_runner.py:91} INFO - Job 5: Subtask wait_for_dag_one
[2026-01-08T19:04:58.439+0000] {task_command.py:426} INFO - Running <TaskInstance: dag_two.wait_for_dag_one manual__2026-01-08T19:04:57.041403+00:00 [running]> on host e10d3af40ddc
[2026-01-08T19:04:58.556+0000] {taskinstance.py:2648} INFO - Exporting env vars: AIRFLOW_CTX_DAG_OWNER='***' AIRFLOW_CTX_DAG_ID='dag_two' AIRFLOW_CTX_TASK_ID='wait_for_dag_one' AIRFLOW_CTX_EXECUTION_DATE='2026-01-08T19:04:57.041403+00:00' AIRFLOW_CTX_TRY_NUMBER='1' AIRFLOW_CTX_DAG_RUN_ID='manual__2026-01-08T19:04:57.041403+00:00'
[2026-01-08T19:04:58.558+0000] {taskinstance.py:430} INFO - ::endgroup::
[2026-01-08T19:04:58.573+0000] {baseoperator.py:400} WARNING - ExternalTaskSensor.execute cannot be called outside TaskInstance!
[2026-01-08T19:04:58.574+0000] {external_task.py:274} INFO - Poking for DAG 'first_dag' on 2026-01-08T19:04:57.041403+00:00 ... 
[2026-01-08T19:04:58.580+0000] {logging_mixin.py:188} WARNING - /home/***/.local/lib/python3.12/site-packages/***/utils/session.py:79 DeprecationWarning: This method is deprecated and will be removed in future.
[2026-01-08T19:05:58.587+0000] {external_task.py:274} INFO - Poking for DAG 'first_dag' on 2026-01-08T19:04:57.041403+00:00 ... 
[2026-01-08T19:06:58.598+0000] {external_task.py:274} INFO - Poking for DAG 'first_dag' on 2026-01-08T19:04:57.041403+00:00 ... 
[2026-01-08T19:07:58.609+0000] {external_task.py:274} INFO - Poking for DAG 'first_dag' on 2026-01-08T19:04:57.041403+00:00 ... 
[2026-01-08T19:08:58.619+0000] {external_task.py:274} INFO - Poking for DAG 'first_dag' on 2026-01-08T19:04:57.041403+00:00 ... 
[2026-01-08T19:09:58.624+0000] {external_task.py:274} INFO - Poking for DAG 'first_dag' on 2026-01-08T19:04:57.041403+00:00 ... 
[2026-01-08T19:10:58.632+0000] {external_task.py:274} INFO - Poking for DAG 'first_dag' on 2026-01-08T19:04:57.041403+00:00 ... 
[2026-01-08T19:11:58.642+0000] {external_task.py:274} INFO - Poking for DAG 'first_dag' on 2026-01-08T19:04:57.041403+00:00 ... 
[2026-01-08T19:12:58.647+0000] {external_task.py:274} INFO - Poking for DAG 'first_dag' on 2026-01-08T19:04:57.041403+00:00 ... 
[2026-01-08T19:13:58.654+0000] {external_task.py:274} INFO - Poking for DAG 'first_dag' on 2026-01-08T19:04:57.041403+00:00 ... 
[2026-01-08T19:14:58.661+0000] {external_task.py:274} INFO - Poking for DAG 'first_dag' on 2026-01-08T19:04:57.041403+00:00 ... 
[2026-01-08T19:14:58.677+0000] {taskinstance.py:441} INFO - ::group::Post task execution logs
[2026-01-08T19:14:58.679+0000] {taskinstance.py:2905} ERROR - Task failed with exception
Traceback (most recent call last):
  File "/home/airflow/.local/lib/python3.12/site-packages/airflow/models/taskinstance.py", line 465, in _execute_task
    result = _execute_callable(context=context, **execute_callable_kwargs)
             ^^^^^^^^^^^^^^^^^^^^^^^^^^^^^^^^^^^^^^^^^^^^^^^^^^^^^^^^^^^^^
  File "/home/airflow/.local/lib/python3.12/site-packages/airflow/models/taskinstance.py", line 432, in _execute_callable
    return execute_callable(context=context, **execute_callable_kwargs)
           ^^^^^^^^^^^^^^^^^^^^^^^^^^^^^^^^^^^^^^^^^^^^^^^^^^^^^^^^^^^^
  File "/home/airflow/.local/lib/python3.12/site-packages/airflow/models/baseoperator.py", line 401, in wrapper
    return func(self, *args, **kwargs)
           ^^^^^^^^^^^^^^^^^^^^^^^^^^^
  File "/home/airflow/.local/lib/python3.12/site-packages/airflow/sensors/external_task.py", line 348, in execute
    super().execute(context)
  File "/home/airflow/.local/lib/python3.12/site-packages/airflow/models/baseoperator.py", line 401, in wrapper
    return func(self, *args, **kwargs)
           ^^^^^^^^^^^^^^^^^^^^^^^^^^^
  File "/home/airflow/.local/lib/python3.12/site-packages/airflow/sensors/base.py", line 281, in execute
    raise AirflowSensorTimeout(message)
airflow.exceptions.AirflowSensorTimeout: Sensor has timed out; run duration of 600.1880542259987 seconds exceeds the specified timeout of 600.0.
[2026-01-08T19:14:58.696+0000] {taskinstance.py:1206} INFO - Immediate failure requested. Marking task as FAILED. dag_id=dag_two, task_id=wait_for_dag_one, run_id=manual__2026-01-08T19:04:57.041403+00:00, execution_date=20260108T190457, start_date=20260108T190458, end_date=20260108T191458
[2026-01-08T19:14:58.718+0000] {standard_task_runner.py:110} ERROR - Failed to execute job 5 for task wait_for_dag_one (Sensor has timed out; run duration of 600.1880542259987 seconds exceeds the specified timeout of 600.0.; 426)
[2026-01-08T19:14:58.768+0000] {local_task_job_runner.py:243} INFO - Task exited with return code 1
[2026-01-08T19:14:58.810+0000] {taskinstance.py:3503} INFO - 0 downstream tasks scheduled from follow-on schedule check
[2026-01-08T19:14:58.817+0000] {local_task_job_runner.py:222} INFO - ::endgroup::
