[2026-01-17T07:57:01.661+0000] {local_task_job_runner.py:120} INFO - ::group::Pre task execution logs
[2026-01-17T07:57:01.704+0000] {taskinstance.py:2076} INFO - Dependencies all met for dep_context=non-requeueable deps ti=<TaskInstance: select2.select_task2 manual__2026-01-17T07:57:00.998140+00:00 [queued]>
[2026-01-17T07:57:01.716+0000] {taskinstance.py:2076} INFO - Dependencies all met for dep_context=requeueable deps ti=<TaskInstance: select2.select_task2 manual__2026-01-17T07:57:00.998140+00:00 [queued]>
[2026-01-17T07:57:01.717+0000] {taskinstance.py:2306} INFO - Starting attempt 1 of 1
[2026-01-17T07:57:01.735+0000] {taskinstance.py:2330} INFO - Executing <Task(PostgresOperator): select_task2> on 2026-01-17 07:57:00.998140+00:00
[2026-01-17T07:57:01.743+0000] {standard_task_runner.py:90} INFO - Running: ['***', 'tasks', 'run', 'select2', 'select_task2', 'manual__2026-01-17T07:57:00.998140+00:00', '--job-id', '62', '--raw', '--subdir', 'DAGS_FOLDER/select_dag2.py', '--cfg-path', '/tmp/tmpo9q7vwdm']
[2026-01-17T07:57:01.747+0000] {standard_task_runner.py:91} INFO - Job 62: Subtask select_task2
[2026-01-17T07:57:01.748+0000] {logging_mixin.py:188} WARNING - /home/***/.local/lib/python3.12/site-packages/***/task/task_runner/standard_task_runner.py:62 DeprecationWarning: This process (pid=1852) is multi-threaded, use of fork() may lead to deadlocks in the child.
[2026-01-17T07:57:01.749+0000] {standard_task_runner.py:64} INFO - Started process 1853 to run task
[2026-01-17T07:57:01.838+0000] {task_command.py:426} INFO - Running <TaskInstance: select2.select_task2 manual__2026-01-17T07:57:00.998140+00:00 [running]> on host 6fa7644da444
[2026-01-17T07:57:01.955+0000] {taskinstance.py:2648} INFO - Exporting env vars: AIRFLOW_CTX_DAG_OWNER='***' AIRFLOW_CTX_DAG_ID='select2' AIRFLOW_CTX_TASK_ID='select_task2' AIRFLOW_CTX_EXECUTION_DATE='2026-01-17T07:57:00.998140+00:00' AIRFLOW_CTX_TRY_NUMBER='1' AIRFLOW_CTX_DAG_RUN_ID='manual__2026-01-17T07:57:00.998140+00:00'
[2026-01-17T07:57:01.957+0000] {taskinstance.py:430} INFO - ::endgroup::
[2026-01-17T07:57:01.977+0000] {sql.py:282} INFO - Executing: SELECT 2
[2026-01-17T07:57:01.991+0000] {base.py:84} INFO - Using connection ID 'postgres_con' for task execution.
[2026-01-17T07:57:02.005+0000] {base.py:84} INFO - Using connection ID 'postgres_con' for task execution.
[2026-01-17T07:57:02.013+0000] {sql.py:495} INFO - Running statement: SELECT 2, parameters: None
[2026-01-17T07:57:02.015+0000] {sql.py:504} INFO - Rows affected: 1
[2026-01-17T07:57:02.017+0000] {taskinstance.py:441} INFO - ::group::Post task execution logs
[2026-01-17T07:57:02.051+0000] {taskinstance.py:1206} INFO - Marking task as SUCCESS. dag_id=select2, task_id=select_task2, run_id=manual__2026-01-17T07:57:00.998140+00:00, execution_date=20260117T075700, start_date=20260117T075701, end_date=20260117T075702
[2026-01-17T07:57:02.085+0000] {local_task_job_runner.py:243} INFO - Task exited with return code 0
[2026-01-17T07:57:02.107+0000] {taskinstance.py:3503} INFO - 0 downstream tasks scheduled from follow-on schedule check
[2026-01-17T07:57:02.110+0000] {local_task_job_runner.py:222} INFO - ::endgroup::
