[2026-01-17T07:16:30.415+0000] {processor.py:161} INFO - Started process (PID=1054) to work on /opt/airflow/dags/MasterDagLoop.py
[2026-01-17T07:16:30.417+0000] {processor.py:830} INFO - Processing file /opt/airflow/dags/MasterDagLoop.py for tasks to queue
[2026-01-17T07:16:30.418+0000] {logging_mixin.py:188} INFO - [2026-01-17T07:16:30.418+0000] {dagbag.py:545} INFO - Filling up the DagBag from /opt/airflow/dags/MasterDagLoop.py
[2026-01-17T07:16:30.469+0000] {processor.py:840} INFO - DAG(s) 'postgres_insert' retrieved from /opt/airflow/dags/MasterDagLoop.py
[2026-01-17T07:16:30.917+0000] {logging_mixin.py:188} INFO - [2026-01-17T07:16:30.917+0000] {dag.py:3089} INFO - Sync 1 DAGs
[2026-01-17T07:16:30.936+0000] {logging_mixin.py:188} INFO - [2026-01-17T07:16:30.935+0000] {dag.py:3947} INFO - Setting next_dagrun for postgres_insert to None, run_after=None
[2026-01-17T07:16:30.978+0000] {processor.py:183} INFO - Processing /opt/airflow/dags/MasterDagLoop.py took 0.570 seconds
[2026-01-17T07:17:01.090+0000] {processor.py:161} INFO - Started process (PID=1064) to work on /opt/airflow/dags/MasterDagLoop.py
[2026-01-17T07:17:01.094+0000] {processor.py:830} INFO - Processing file /opt/airflow/dags/MasterDagLoop.py for tasks to queue
[2026-01-17T07:17:01.096+0000] {logging_mixin.py:188} INFO - [2026-01-17T07:17:01.095+0000] {dagbag.py:545} INFO - Filling up the DagBag from /opt/airflow/dags/MasterDagLoop.py
[2026-01-17T07:17:01.141+0000] {processor.py:840} INFO - DAG(s) 'postgres_insert' retrieved from /opt/airflow/dags/MasterDagLoop.py
[2026-01-17T07:17:01.187+0000] {logging_mixin.py:188} INFO - [2026-01-17T07:17:01.187+0000] {dag.py:3089} INFO - Sync 1 DAGs
[2026-01-17T07:17:01.204+0000] {logging_mixin.py:188} INFO - [2026-01-17T07:17:01.204+0000] {dag.py:3947} INFO - Setting next_dagrun for postgres_insert to None, run_after=None
[2026-01-17T07:17:01.233+0000] {processor.py:183} INFO - Processing /opt/airflow/dags/MasterDagLoop.py took 0.157 seconds
[2026-01-17T07:17:31.663+0000] {processor.py:161} INFO - Started process (PID=1074) to work on /opt/airflow/dags/MasterDagLoop.py
[2026-01-17T07:17:31.665+0000] {processor.py:830} INFO - Processing file /opt/airflow/dags/MasterDagLoop.py for tasks to queue
[2026-01-17T07:17:31.669+0000] {logging_mixin.py:188} INFO - [2026-01-17T07:17:31.668+0000] {dagbag.py:545} INFO - Filling up the DagBag from /opt/airflow/dags/MasterDagLoop.py
[2026-01-17T07:17:31.722+0000] {processor.py:840} INFO - DAG(s) 'postgres_insert' retrieved from /opt/airflow/dags/MasterDagLoop.py
[2026-01-17T07:17:31.768+0000] {logging_mixin.py:188} INFO - [2026-01-17T07:17:31.767+0000] {dag.py:3089} INFO - Sync 1 DAGs
[2026-01-17T07:17:31.795+0000] {logging_mixin.py:188} INFO - [2026-01-17T07:17:31.794+0000] {dag.py:3947} INFO - Setting next_dagrun for postgres_insert to None, run_after=None
[2026-01-17T07:17:31.837+0000] {processor.py:183} INFO - Processing /opt/airflow/dags/MasterDagLoop.py took 0.187 seconds
[2026-01-17T07:18:02.194+0000] {processor.py:161} INFO - Started process (PID=1084) to work on /opt/airflow/dags/MasterDagLoop.py
[2026-01-17T07:18:02.196+0000] {processor.py:830} INFO - Processing file /opt/airflow/dags/MasterDagLoop.py for tasks to queue
[2026-01-17T07:18:02.198+0000] {logging_mixin.py:188} INFO - [2026-01-17T07:18:02.197+0000] {dagbag.py:545} INFO - Filling up the DagBag from /opt/airflow/dags/MasterDagLoop.py
[2026-01-17T07:18:02.249+0000] {processor.py:840} INFO - DAG(s) 'postgres_insert' retrieved from /opt/airflow/dags/MasterDagLoop.py
[2026-01-17T07:18:02.328+0000] {logging_mixin.py:188} INFO - [2026-01-17T07:18:02.327+0000] {dag.py:3089} INFO - Sync 1 DAGs
[2026-01-17T07:18:02.354+0000] {logging_mixin.py:188} INFO - [2026-01-17T07:18:02.353+0000] {dag.py:3947} INFO - Setting next_dagrun for postgres_insert to None, run_after=None
[2026-01-17T07:18:02.384+0000] {processor.py:183} INFO - Processing /opt/airflow/dags/MasterDagLoop.py took 0.201 seconds
[2026-01-17T07:18:32.806+0000] {processor.py:161} INFO - Started process (PID=1094) to work on /opt/airflow/dags/MasterDagLoop.py
[2026-01-17T07:18:32.808+0000] {processor.py:830} INFO - Processing file /opt/airflow/dags/MasterDagLoop.py for tasks to queue
[2026-01-17T07:18:32.810+0000] {logging_mixin.py:188} INFO - [2026-01-17T07:18:32.809+0000] {dagbag.py:545} INFO - Filling up the DagBag from /opt/airflow/dags/MasterDagLoop.py
[2026-01-17T07:18:32.859+0000] {processor.py:840} INFO - DAG(s) 'postgres_insert' retrieved from /opt/airflow/dags/MasterDagLoop.py
[2026-01-17T07:18:32.895+0000] {logging_mixin.py:188} INFO - [2026-01-17T07:18:32.895+0000] {dag.py:3089} INFO - Sync 1 DAGs
[2026-01-17T07:18:32.913+0000] {logging_mixin.py:188} INFO - [2026-01-17T07:18:32.913+0000] {dag.py:3947} INFO - Setting next_dagrun for postgres_insert to None, run_after=None
[2026-01-17T07:18:32.943+0000] {processor.py:183} INFO - Processing /opt/airflow/dags/MasterDagLoop.py took 0.145 seconds
[2026-01-17T07:19:03.397+0000] {processor.py:161} INFO - Started process (PID=1104) to work on /opt/airflow/dags/MasterDagLoop.py
[2026-01-17T07:19:03.399+0000] {processor.py:830} INFO - Processing file /opt/airflow/dags/MasterDagLoop.py for tasks to queue
[2026-01-17T07:19:03.401+0000] {logging_mixin.py:188} INFO - [2026-01-17T07:19:03.400+0000] {dagbag.py:545} INFO - Filling up the DagBag from /opt/airflow/dags/MasterDagLoop.py
[2026-01-17T07:19:03.447+0000] {processor.py:840} INFO - DAG(s) 'postgres_insert' retrieved from /opt/airflow/dags/MasterDagLoop.py
[2026-01-17T07:19:03.488+0000] {logging_mixin.py:188} INFO - [2026-01-17T07:19:03.488+0000] {dag.py:3089} INFO - Sync 1 DAGs
[2026-01-17T07:19:03.505+0000] {logging_mixin.py:188} INFO - [2026-01-17T07:19:03.504+0000] {dag.py:3947} INFO - Setting next_dagrun for postgres_insert to None, run_after=None
[2026-01-17T07:19:03.547+0000] {processor.py:183} INFO - Processing /opt/airflow/dags/MasterDagLoop.py took 0.160 seconds
[2026-01-17T07:19:34.088+0000] {processor.py:161} INFO - Started process (PID=1114) to work on /opt/airflow/dags/MasterDagLoop.py
[2026-01-17T07:19:34.090+0000] {processor.py:830} INFO - Processing file /opt/airflow/dags/MasterDagLoop.py for tasks to queue
[2026-01-17T07:19:34.091+0000] {logging_mixin.py:188} INFO - [2026-01-17T07:19:34.091+0000] {dagbag.py:545} INFO - Filling up the DagBag from /opt/airflow/dags/MasterDagLoop.py
[2026-01-17T07:19:34.119+0000] {processor.py:840} INFO - DAG(s) 'postgres_insert' retrieved from /opt/airflow/dags/MasterDagLoop.py
[2026-01-17T07:19:34.150+0000] {logging_mixin.py:188} INFO - [2026-01-17T07:19:34.149+0000] {dag.py:3089} INFO - Sync 1 DAGs
[2026-01-17T07:19:34.168+0000] {logging_mixin.py:188} INFO - [2026-01-17T07:19:34.168+0000] {dag.py:3947} INFO - Setting next_dagrun for postgres_insert to None, run_after=None
[2026-01-17T07:19:34.195+0000] {processor.py:183} INFO - Processing /opt/airflow/dags/MasterDagLoop.py took 0.115 seconds
[2026-01-17T07:20:04.630+0000] {processor.py:161} INFO - Started process (PID=1124) to work on /opt/airflow/dags/MasterDagLoop.py
[2026-01-17T07:20:04.632+0000] {processor.py:830} INFO - Processing file /opt/airflow/dags/MasterDagLoop.py for tasks to queue
[2026-01-17T07:20:04.634+0000] {logging_mixin.py:188} INFO - [2026-01-17T07:20:04.634+0000] {dagbag.py:545} INFO - Filling up the DagBag from /opt/airflow/dags/MasterDagLoop.py
[2026-01-17T07:20:04.689+0000] {processor.py:840} INFO - DAG(s) 'postgres_insert' retrieved from /opt/airflow/dags/MasterDagLoop.py
[2026-01-17T07:20:04.729+0000] {logging_mixin.py:188} INFO - [2026-01-17T07:20:04.729+0000] {dag.py:3089} INFO - Sync 1 DAGs
[2026-01-17T07:20:04.747+0000] {logging_mixin.py:188} INFO - [2026-01-17T07:20:04.746+0000] {dag.py:3947} INFO - Setting next_dagrun for postgres_insert to None, run_after=None
[2026-01-17T07:20:04.778+0000] {processor.py:183} INFO - Processing /opt/airflow/dags/MasterDagLoop.py took 0.156 seconds
[2026-01-17T07:20:35.215+0000] {processor.py:161} INFO - Started process (PID=1134) to work on /opt/airflow/dags/MasterDagLoop.py
[2026-01-17T07:20:35.218+0000] {processor.py:830} INFO - Processing file /opt/airflow/dags/MasterDagLoop.py for tasks to queue
[2026-01-17T07:20:35.219+0000] {logging_mixin.py:188} INFO - [2026-01-17T07:20:35.219+0000] {dagbag.py:545} INFO - Filling up the DagBag from /opt/airflow/dags/MasterDagLoop.py
[2026-01-17T07:20:35.248+0000] {processor.py:840} INFO - DAG(s) 'postgres_insert' retrieved from /opt/airflow/dags/MasterDagLoop.py
[2026-01-17T07:20:35.294+0000] {logging_mixin.py:188} INFO - [2026-01-17T07:20:35.293+0000] {dag.py:3089} INFO - Sync 1 DAGs
[2026-01-17T07:20:35.325+0000] {logging_mixin.py:188} INFO - [2026-01-17T07:20:35.325+0000] {dag.py:3947} INFO - Setting next_dagrun for postgres_insert to None, run_after=None
[2026-01-17T07:20:35.361+0000] {processor.py:183} INFO - Processing /opt/airflow/dags/MasterDagLoop.py took 0.155 seconds
[2026-01-17T07:21:05.750+0000] {processor.py:161} INFO - Started process (PID=1144) to work on /opt/airflow/dags/MasterDagLoop.py
[2026-01-17T07:21:05.752+0000] {processor.py:830} INFO - Processing file /opt/airflow/dags/MasterDagLoop.py for tasks to queue
[2026-01-17T07:21:05.753+0000] {logging_mixin.py:188} INFO - [2026-01-17T07:21:05.753+0000] {dagbag.py:545} INFO - Filling up the DagBag from /opt/airflow/dags/MasterDagLoop.py
[2026-01-17T07:21:05.778+0000] {processor.py:840} INFO - DAG(s) 'postgres_insert' retrieved from /opt/airflow/dags/MasterDagLoop.py
[2026-01-17T07:21:05.808+0000] {logging_mixin.py:188} INFO - [2026-01-17T07:21:05.807+0000] {dag.py:3089} INFO - Sync 1 DAGs
[2026-01-17T07:21:05.824+0000] {logging_mixin.py:188} INFO - [2026-01-17T07:21:05.823+0000] {dag.py:3947} INFO - Setting next_dagrun for postgres_insert to None, run_after=None
[2026-01-17T07:21:05.846+0000] {processor.py:183} INFO - Processing /opt/airflow/dags/MasterDagLoop.py took 0.103 seconds
[2026-01-17T07:21:36.239+0000] {processor.py:161} INFO - Started process (PID=1154) to work on /opt/airflow/dags/MasterDagLoop.py
[2026-01-17T07:21:36.242+0000] {processor.py:830} INFO - Processing file /opt/airflow/dags/MasterDagLoop.py for tasks to queue
[2026-01-17T07:21:36.244+0000] {logging_mixin.py:188} INFO - [2026-01-17T07:21:36.243+0000] {dagbag.py:545} INFO - Filling up the DagBag from /opt/airflow/dags/MasterDagLoop.py
[2026-01-17T07:21:36.284+0000] {processor.py:840} INFO - DAG(s) 'postgres_insert' retrieved from /opt/airflow/dags/MasterDagLoop.py
[2026-01-17T07:21:36.332+0000] {logging_mixin.py:188} INFO - [2026-01-17T07:21:36.332+0000] {dag.py:3089} INFO - Sync 1 DAGs
[2026-01-17T07:21:36.351+0000] {logging_mixin.py:188} INFO - [2026-01-17T07:21:36.351+0000] {dag.py:3947} INFO - Setting next_dagrun for postgres_insert to None, run_after=None
[2026-01-17T07:21:36.380+0000] {processor.py:183} INFO - Processing /opt/airflow/dags/MasterDagLoop.py took 0.154 seconds
[2026-01-17T07:22:06.787+0000] {processor.py:161} INFO - Started process (PID=1164) to work on /opt/airflow/dags/MasterDagLoop.py
[2026-01-17T07:22:06.789+0000] {processor.py:830} INFO - Processing file /opt/airflow/dags/MasterDagLoop.py for tasks to queue
[2026-01-17T07:22:06.791+0000] {logging_mixin.py:188} INFO - [2026-01-17T07:22:06.790+0000] {dagbag.py:545} INFO - Filling up the DagBag from /opt/airflow/dags/MasterDagLoop.py
[2026-01-17T07:22:06.836+0000] {processor.py:840} INFO - DAG(s) 'postgres_insert' retrieved from /opt/airflow/dags/MasterDagLoop.py
[2026-01-17T07:22:06.872+0000] {logging_mixin.py:188} INFO - [2026-01-17T07:22:06.871+0000] {dag.py:3089} INFO - Sync 1 DAGs
[2026-01-17T07:22:06.893+0000] {logging_mixin.py:188} INFO - [2026-01-17T07:22:06.893+0000] {dag.py:3947} INFO - Setting next_dagrun for postgres_insert to None, run_after=None
[2026-01-17T07:22:06.923+0000] {processor.py:183} INFO - Processing /opt/airflow/dags/MasterDagLoop.py took 0.145 seconds
[2026-01-17T07:22:12.909+0000] {processor.py:161} INFO - Started process (PID=1169) to work on /opt/airflow/dags/MasterDagLoop.py
[2026-01-17T07:22:12.910+0000] {processor.py:830} INFO - Processing file /opt/airflow/dags/MasterDagLoop.py for tasks to queue
[2026-01-17T07:22:12.912+0000] {logging_mixin.py:188} INFO - [2026-01-17T07:22:12.911+0000] {dagbag.py:545} INFO - Filling up the DagBag from /opt/airflow/dags/MasterDagLoop.py
[2026-01-17T07:22:12.982+0000] {processor.py:840} INFO - DAG(s) 'master_dag_loop' retrieved from /opt/airflow/dags/MasterDagLoop.py
[2026-01-17T07:22:13.220+0000] {logging_mixin.py:188} INFO - [2026-01-17T07:22:13.219+0000] {override.py:1858} INFO - Created Permission View: can edit on DAG:master_dag_loop
[2026-01-17T07:22:13.237+0000] {logging_mixin.py:188} INFO - [2026-01-17T07:22:13.235+0000] {override.py:1858} INFO - Created Permission View: can delete on DAG:master_dag_loop
[2026-01-17T07:22:13.246+0000] {logging_mixin.py:188} INFO - [2026-01-17T07:22:13.245+0000] {override.py:1858} INFO - Created Permission View: can read on DAG:master_dag_loop
[2026-01-17T07:22:13.247+0000] {logging_mixin.py:188} INFO - [2026-01-17T07:22:13.247+0000] {dag.py:3089} INFO - Sync 1 DAGs
[2026-01-17T07:22:13.261+0000] {logging_mixin.py:188} INFO - [2026-01-17T07:22:13.261+0000] {dag.py:3111} INFO - Creating ORM DAG for master_dag_loop
[2026-01-17T07:22:13.283+0000] {logging_mixin.py:188} INFO - [2026-01-17T07:22:13.283+0000] {dag.py:3947} INFO - Setting next_dagrun for master_dag_loop to 2026-01-17 07:21:00+00:00, run_after=2026-01-17 07:22:00+00:00
[2026-01-17T07:22:13.307+0000] {processor.py:183} INFO - Processing /opt/airflow/dags/MasterDagLoop.py took 0.407 seconds
[2026-01-17T07:22:43.552+0000] {processor.py:161} INFO - Started process (PID=1179) to work on /opt/airflow/dags/MasterDagLoop.py
[2026-01-17T07:22:43.554+0000] {processor.py:830} INFO - Processing file /opt/airflow/dags/MasterDagLoop.py for tasks to queue
[2026-01-17T07:22:43.556+0000] {logging_mixin.py:188} INFO - [2026-01-17T07:22:43.556+0000] {dagbag.py:545} INFO - Filling up the DagBag from /opt/airflow/dags/MasterDagLoop.py
[2026-01-17T07:22:43.613+0000] {processor.py:840} INFO - DAG(s) 'master_dag_loop' retrieved from /opt/airflow/dags/MasterDagLoop.py
[2026-01-17T07:22:43.652+0000] {logging_mixin.py:188} INFO - [2026-01-17T07:22:43.652+0000] {dag.py:3089} INFO - Sync 1 DAGs
[2026-01-17T07:22:43.691+0000] {logging_mixin.py:188} INFO - [2026-01-17T07:22:43.691+0000] {dag.py:3947} INFO - Setting next_dagrun for master_dag_loop to 2026-01-17 07:21:00+00:00, run_after=2026-01-17 07:22:00+00:00
[2026-01-17T07:22:43.729+0000] {processor.py:183} INFO - Processing /opt/airflow/dags/MasterDagLoop.py took 0.187 seconds
[2026-01-17T07:23:14.188+0000] {processor.py:161} INFO - Started process (PID=1189) to work on /opt/airflow/dags/MasterDagLoop.py
[2026-01-17T07:23:14.191+0000] {processor.py:830} INFO - Processing file /opt/airflow/dags/MasterDagLoop.py for tasks to queue
[2026-01-17T07:23:14.193+0000] {logging_mixin.py:188} INFO - [2026-01-17T07:23:14.192+0000] {dagbag.py:545} INFO - Filling up the DagBag from /opt/airflow/dags/MasterDagLoop.py
[2026-01-17T07:23:14.243+0000] {processor.py:840} INFO - DAG(s) 'master_dag_loop' retrieved from /opt/airflow/dags/MasterDagLoop.py
[2026-01-17T07:23:14.283+0000] {logging_mixin.py:188} INFO - [2026-01-17T07:23:14.283+0000] {dag.py:3089} INFO - Sync 1 DAGs
[2026-01-17T07:23:14.322+0000] {logging_mixin.py:188} INFO - [2026-01-17T07:23:14.321+0000] {dag.py:3947} INFO - Setting next_dagrun for master_dag_loop to 2026-01-17 07:22:00+00:00, run_after=2026-01-17 07:23:00+00:00
[2026-01-17T07:23:14.353+0000] {processor.py:183} INFO - Processing /opt/airflow/dags/MasterDagLoop.py took 0.173 seconds
[2026-01-17T07:23:44.769+0000] {processor.py:161} INFO - Started process (PID=1199) to work on /opt/airflow/dags/MasterDagLoop.py
[2026-01-17T07:23:44.771+0000] {processor.py:830} INFO - Processing file /opt/airflow/dags/MasterDagLoop.py for tasks to queue
[2026-01-17T07:23:44.772+0000] {logging_mixin.py:188} INFO - [2026-01-17T07:23:44.772+0000] {dagbag.py:545} INFO - Filling up the DagBag from /opt/airflow/dags/MasterDagLoop.py
[2026-01-17T07:23:44.806+0000] {processor.py:840} INFO - DAG(s) 'master_dag_loop' retrieved from /opt/airflow/dags/MasterDagLoop.py
[2026-01-17T07:23:44.840+0000] {logging_mixin.py:188} INFO - [2026-01-17T07:23:44.840+0000] {dag.py:3089} INFO - Sync 1 DAGs
[2026-01-17T07:23:44.872+0000] {logging_mixin.py:188} INFO - [2026-01-17T07:23:44.872+0000] {dag.py:3947} INFO - Setting next_dagrun for master_dag_loop to 2026-01-17 07:22:00+00:00, run_after=2026-01-17 07:23:00+00:00
[2026-01-17T07:23:44.904+0000] {processor.py:183} INFO - Processing /opt/airflow/dags/MasterDagLoop.py took 0.143 seconds
[2026-01-17T07:24:15.373+0000] {processor.py:161} INFO - Started process (PID=1209) to work on /opt/airflow/dags/MasterDagLoop.py
[2026-01-17T07:24:15.376+0000] {processor.py:830} INFO - Processing file /opt/airflow/dags/MasterDagLoop.py for tasks to queue
[2026-01-17T07:24:15.378+0000] {logging_mixin.py:188} INFO - [2026-01-17T07:24:15.377+0000] {dagbag.py:545} INFO - Filling up the DagBag from /opt/airflow/dags/MasterDagLoop.py
[2026-01-17T07:24:15.450+0000] {processor.py:840} INFO - DAG(s) 'master_dag_loop' retrieved from /opt/airflow/dags/MasterDagLoop.py
[2026-01-17T07:24:15.504+0000] {logging_mixin.py:188} INFO - [2026-01-17T07:24:15.504+0000] {dag.py:3089} INFO - Sync 1 DAGs
[2026-01-17T07:24:15.545+0000] {logging_mixin.py:188} INFO - [2026-01-17T07:24:15.545+0000] {dag.py:3947} INFO - Setting next_dagrun for master_dag_loop to 2026-01-17 07:23:00+00:00, run_after=2026-01-17 07:24:00+00:00
[2026-01-17T07:24:15.577+0000] {processor.py:183} INFO - Processing /opt/airflow/dags/MasterDagLoop.py took 0.216 seconds
[2026-01-17T07:24:45.770+0000] {processor.py:161} INFO - Started process (PID=1219) to work on /opt/airflow/dags/MasterDagLoop.py
[2026-01-17T07:24:45.773+0000] {processor.py:830} INFO - Processing file /opt/airflow/dags/MasterDagLoop.py for tasks to queue
[2026-01-17T07:24:45.775+0000] {logging_mixin.py:188} INFO - [2026-01-17T07:24:45.774+0000] {dagbag.py:545} INFO - Filling up the DagBag from /opt/airflow/dags/MasterDagLoop.py
[2026-01-17T07:24:45.820+0000] {processor.py:840} INFO - DAG(s) 'master_dag_loop' retrieved from /opt/airflow/dags/MasterDagLoop.py
[2026-01-17T07:24:45.874+0000] {logging_mixin.py:188} INFO - [2026-01-17T07:24:45.874+0000] {dag.py:3089} INFO - Sync 1 DAGs
[2026-01-17T07:24:45.925+0000] {logging_mixin.py:188} INFO - [2026-01-17T07:24:45.925+0000] {dag.py:3947} INFO - Setting next_dagrun for master_dag_loop to 2026-01-17 07:23:00+00:00, run_after=2026-01-17 07:24:00+00:00
[2026-01-17T07:24:45.954+0000] {processor.py:183} INFO - Processing /opt/airflow/dags/MasterDagLoop.py took 0.196 seconds
[2026-01-17T07:25:16.398+0000] {processor.py:161} INFO - Started process (PID=1229) to work on /opt/airflow/dags/MasterDagLoop.py
[2026-01-17T07:25:16.400+0000] {processor.py:830} INFO - Processing file /opt/airflow/dags/MasterDagLoop.py for tasks to queue
[2026-01-17T07:25:16.403+0000] {logging_mixin.py:188} INFO - [2026-01-17T07:25:16.402+0000] {dagbag.py:545} INFO - Filling up the DagBag from /opt/airflow/dags/MasterDagLoop.py
[2026-01-17T07:25:16.463+0000] {processor.py:840} INFO - DAG(s) 'master_dag_loop' retrieved from /opt/airflow/dags/MasterDagLoop.py
[2026-01-17T07:25:16.508+0000] {logging_mixin.py:188} INFO - [2026-01-17T07:25:16.508+0000] {dag.py:3089} INFO - Sync 1 DAGs
[2026-01-17T07:25:16.544+0000] {logging_mixin.py:188} INFO - [2026-01-17T07:25:16.544+0000] {dag.py:3947} INFO - Setting next_dagrun for master_dag_loop to 2026-01-17 07:24:00+00:00, run_after=2026-01-17 07:25:00+00:00
[2026-01-17T07:25:16.574+0000] {processor.py:183} INFO - Processing /opt/airflow/dags/MasterDagLoop.py took 0.187 seconds
[2026-01-17T07:25:46.990+0000] {processor.py:161} INFO - Started process (PID=1239) to work on /opt/airflow/dags/MasterDagLoop.py
[2026-01-17T07:25:46.992+0000] {processor.py:830} INFO - Processing file /opt/airflow/dags/MasterDagLoop.py for tasks to queue
[2026-01-17T07:25:46.994+0000] {logging_mixin.py:188} INFO - [2026-01-17T07:25:46.993+0000] {dagbag.py:545} INFO - Filling up the DagBag from /opt/airflow/dags/MasterDagLoop.py
[2026-01-17T07:25:47.044+0000] {processor.py:840} INFO - DAG(s) 'master_dag_loop' retrieved from /opt/airflow/dags/MasterDagLoop.py
[2026-01-17T07:25:47.083+0000] {logging_mixin.py:188} INFO - [2026-01-17T07:25:47.082+0000] {dag.py:3089} INFO - Sync 1 DAGs
[2026-01-17T07:25:47.123+0000] {logging_mixin.py:188} INFO - [2026-01-17T07:25:47.122+0000] {dag.py:3947} INFO - Setting next_dagrun for master_dag_loop to 2026-01-17 07:24:00+00:00, run_after=2026-01-17 07:25:00+00:00
[2026-01-17T07:25:47.153+0000] {processor.py:183} INFO - Processing /opt/airflow/dags/MasterDagLoop.py took 0.173 seconds
[2026-01-17T07:26:17.596+0000] {processor.py:161} INFO - Started process (PID=1249) to work on /opt/airflow/dags/MasterDagLoop.py
[2026-01-17T07:26:17.597+0000] {processor.py:830} INFO - Processing file /opt/airflow/dags/MasterDagLoop.py for tasks to queue
[2026-01-17T07:26:17.599+0000] {logging_mixin.py:188} INFO - [2026-01-17T07:26:17.598+0000] {dagbag.py:545} INFO - Filling up the DagBag from /opt/airflow/dags/MasterDagLoop.py
[2026-01-17T07:26:17.648+0000] {processor.py:840} INFO - DAG(s) 'master_dag_loop' retrieved from /opt/airflow/dags/MasterDagLoop.py
[2026-01-17T07:26:17.699+0000] {logging_mixin.py:188} INFO - [2026-01-17T07:26:17.698+0000] {dag.py:3089} INFO - Sync 1 DAGs
[2026-01-17T07:26:17.747+0000] {logging_mixin.py:188} INFO - [2026-01-17T07:26:17.747+0000] {dag.py:3947} INFO - Setting next_dagrun for master_dag_loop to 2026-01-17 07:25:00+00:00, run_after=2026-01-17 07:26:00+00:00
[2026-01-17T07:26:17.778+0000] {processor.py:183} INFO - Processing /opt/airflow/dags/MasterDagLoop.py took 0.194 seconds
[2026-01-17T07:26:48.421+0000] {processor.py:161} INFO - Started process (PID=1259) to work on /opt/airflow/dags/MasterDagLoop.py
[2026-01-17T07:26:48.424+0000] {processor.py:830} INFO - Processing file /opt/airflow/dags/MasterDagLoop.py for tasks to queue
[2026-01-17T07:26:48.427+0000] {logging_mixin.py:188} INFO - [2026-01-17T07:26:48.427+0000] {dagbag.py:545} INFO - Filling up the DagBag from /opt/airflow/dags/MasterDagLoop.py
[2026-01-17T07:26:48.478+0000] {processor.py:840} INFO - DAG(s) 'master_dag_loop' retrieved from /opt/airflow/dags/MasterDagLoop.py
[2026-01-17T07:26:48.521+0000] {logging_mixin.py:188} INFO - [2026-01-17T07:26:48.520+0000] {dag.py:3089} INFO - Sync 1 DAGs
[2026-01-17T07:26:48.570+0000] {logging_mixin.py:188} INFO - [2026-01-17T07:26:48.569+0000] {dag.py:3947} INFO - Setting next_dagrun for master_dag_loop to 2026-01-17 07:25:00+00:00, run_after=2026-01-17 07:26:00+00:00
[2026-01-17T07:26:48.606+0000] {processor.py:183} INFO - Processing /opt/airflow/dags/MasterDagLoop.py took 0.196 seconds
[2026-01-17T07:27:19.143+0000] {processor.py:161} INFO - Started process (PID=1269) to work on /opt/airflow/dags/MasterDagLoop.py
[2026-01-17T07:27:19.144+0000] {processor.py:830} INFO - Processing file /opt/airflow/dags/MasterDagLoop.py for tasks to queue
[2026-01-17T07:27:19.146+0000] {logging_mixin.py:188} INFO - [2026-01-17T07:27:19.146+0000] {dagbag.py:545} INFO - Filling up the DagBag from /opt/airflow/dags/MasterDagLoop.py
[2026-01-17T07:27:19.184+0000] {processor.py:840} INFO - DAG(s) 'master_dag_loop' retrieved from /opt/airflow/dags/MasterDagLoop.py
[2026-01-17T07:27:19.226+0000] {logging_mixin.py:188} INFO - [2026-01-17T07:27:19.226+0000] {dag.py:3089} INFO - Sync 1 DAGs
[2026-01-17T07:27:19.267+0000] {logging_mixin.py:188} INFO - [2026-01-17T07:27:19.267+0000] {dag.py:3947} INFO - Setting next_dagrun for master_dag_loop to 2026-01-17 07:26:00+00:00, run_after=2026-01-17 07:27:00+00:00
[2026-01-17T07:27:19.295+0000] {processor.py:183} INFO - Processing /opt/airflow/dags/MasterDagLoop.py took 0.165 seconds
[2026-01-17T07:27:49.745+0000] {processor.py:161} INFO - Started process (PID=1279) to work on /opt/airflow/dags/MasterDagLoop.py
[2026-01-17T07:27:49.747+0000] {processor.py:830} INFO - Processing file /opt/airflow/dags/MasterDagLoop.py for tasks to queue
[2026-01-17T07:27:49.749+0000] {logging_mixin.py:188} INFO - [2026-01-17T07:27:49.749+0000] {dagbag.py:545} INFO - Filling up the DagBag from /opt/airflow/dags/MasterDagLoop.py
[2026-01-17T07:27:49.800+0000] {processor.py:840} INFO - DAG(s) 'master_dag_loop' retrieved from /opt/airflow/dags/MasterDagLoop.py
[2026-01-17T07:27:49.837+0000] {logging_mixin.py:188} INFO - [2026-01-17T07:27:49.836+0000] {dag.py:3089} INFO - Sync 1 DAGs
[2026-01-17T07:27:49.877+0000] {logging_mixin.py:188} INFO - [2026-01-17T07:27:49.877+0000] {dag.py:3947} INFO - Setting next_dagrun for master_dag_loop to 2026-01-17 07:26:00+00:00, run_after=2026-01-17 07:27:00+00:00
[2026-01-17T07:27:49.911+0000] {processor.py:183} INFO - Processing /opt/airflow/dags/MasterDagLoop.py took 0.174 seconds
[2026-01-17T07:28:20.403+0000] {processor.py:161} INFO - Started process (PID=1289) to work on /opt/airflow/dags/MasterDagLoop.py
[2026-01-17T07:28:20.405+0000] {processor.py:830} INFO - Processing file /opt/airflow/dags/MasterDagLoop.py for tasks to queue
[2026-01-17T07:28:20.407+0000] {logging_mixin.py:188} INFO - [2026-01-17T07:28:20.406+0000] {dagbag.py:545} INFO - Filling up the DagBag from /opt/airflow/dags/MasterDagLoop.py
[2026-01-17T07:28:20.466+0000] {processor.py:840} INFO - DAG(s) 'master_dag_loop' retrieved from /opt/airflow/dags/MasterDagLoop.py
[2026-01-17T07:28:20.501+0000] {logging_mixin.py:188} INFO - [2026-01-17T07:28:20.501+0000] {dag.py:3089} INFO - Sync 1 DAGs
[2026-01-17T07:28:20.546+0000] {logging_mixin.py:188} INFO - [2026-01-17T07:28:20.546+0000] {dag.py:3947} INFO - Setting next_dagrun for master_dag_loop to 2026-01-17 07:27:00+00:00, run_after=2026-01-17 07:28:00+00:00
[2026-01-17T07:28:20.577+0000] {processor.py:183} INFO - Processing /opt/airflow/dags/MasterDagLoop.py took 0.183 seconds
[2026-01-17T07:28:50.858+0000] {processor.py:161} INFO - Started process (PID=1299) to work on /opt/airflow/dags/MasterDagLoop.py
[2026-01-17T07:28:50.860+0000] {processor.py:830} INFO - Processing file /opt/airflow/dags/MasterDagLoop.py for tasks to queue
[2026-01-17T07:28:50.862+0000] {logging_mixin.py:188} INFO - [2026-01-17T07:28:50.861+0000] {dagbag.py:545} INFO - Filling up the DagBag from /opt/airflow/dags/MasterDagLoop.py
[2026-01-17T07:28:50.902+0000] {processor.py:840} INFO - DAG(s) 'master_dag_loop' retrieved from /opt/airflow/dags/MasterDagLoop.py
[2026-01-17T07:28:50.943+0000] {logging_mixin.py:188} INFO - [2026-01-17T07:28:50.943+0000] {dag.py:3089} INFO - Sync 1 DAGs
[2026-01-17T07:28:50.986+0000] {logging_mixin.py:188} INFO - [2026-01-17T07:28:50.986+0000] {dag.py:3947} INFO - Setting next_dagrun for master_dag_loop to 2026-01-17 07:27:00+00:00, run_after=2026-01-17 07:28:00+00:00
[2026-01-17T07:28:51.013+0000] {processor.py:183} INFO - Processing /opt/airflow/dags/MasterDagLoop.py took 0.178 seconds
[2026-01-17T07:29:21.442+0000] {processor.py:161} INFO - Started process (PID=1309) to work on /opt/airflow/dags/MasterDagLoop.py
[2026-01-17T07:29:21.444+0000] {processor.py:830} INFO - Processing file /opt/airflow/dags/MasterDagLoop.py for tasks to queue
[2026-01-17T07:29:21.445+0000] {logging_mixin.py:188} INFO - [2026-01-17T07:29:21.445+0000] {dagbag.py:545} INFO - Filling up the DagBag from /opt/airflow/dags/MasterDagLoop.py
[2026-01-17T07:29:21.484+0000] {processor.py:840} INFO - DAG(s) 'master_dag_loop' retrieved from /opt/airflow/dags/MasterDagLoop.py
[2026-01-17T07:29:21.527+0000] {logging_mixin.py:188} INFO - [2026-01-17T07:29:21.527+0000] {dag.py:3089} INFO - Sync 1 DAGs
[2026-01-17T07:29:21.558+0000] {logging_mixin.py:188} INFO - [2026-01-17T07:29:21.558+0000] {dag.py:3947} INFO - Setting next_dagrun for master_dag_loop to 2026-01-17 07:28:00+00:00, run_after=2026-01-17 07:29:00+00:00
[2026-01-17T07:29:21.582+0000] {processor.py:183} INFO - Processing /opt/airflow/dags/MasterDagLoop.py took 0.152 seconds
[2026-01-17T07:29:52.009+0000] {processor.py:161} INFO - Started process (PID=1319) to work on /opt/airflow/dags/MasterDagLoop.py
[2026-01-17T07:29:52.013+0000] {processor.py:830} INFO - Processing file /opt/airflow/dags/MasterDagLoop.py for tasks to queue
[2026-01-17T07:29:52.015+0000] {logging_mixin.py:188} INFO - [2026-01-17T07:29:52.014+0000] {dagbag.py:545} INFO - Filling up the DagBag from /opt/airflow/dags/MasterDagLoop.py
[2026-01-17T07:29:52.075+0000] {processor.py:840} INFO - DAG(s) 'master_dag_loop' retrieved from /opt/airflow/dags/MasterDagLoop.py
[2026-01-17T07:29:52.120+0000] {logging_mixin.py:188} INFO - [2026-01-17T07:29:52.119+0000] {dag.py:3089} INFO - Sync 1 DAGs
[2026-01-17T07:29:52.166+0000] {logging_mixin.py:188} INFO - [2026-01-17T07:29:52.166+0000] {dag.py:3947} INFO - Setting next_dagrun for master_dag_loop to 2026-01-17 07:28:00+00:00, run_after=2026-01-17 07:29:00+00:00
[2026-01-17T07:29:52.199+0000] {processor.py:183} INFO - Processing /opt/airflow/dags/MasterDagLoop.py took 0.207 seconds
[2026-01-17T07:30:22.641+0000] {processor.py:161} INFO - Started process (PID=1329) to work on /opt/airflow/dags/MasterDagLoop.py
[2026-01-17T07:30:22.643+0000] {processor.py:830} INFO - Processing file /opt/airflow/dags/MasterDagLoop.py for tasks to queue
[2026-01-17T07:30:22.645+0000] {logging_mixin.py:188} INFO - [2026-01-17T07:30:22.645+0000] {dagbag.py:545} INFO - Filling up the DagBag from /opt/airflow/dags/MasterDagLoop.py
[2026-01-17T07:30:22.694+0000] {processor.py:840} INFO - DAG(s) 'master_dag_loop' retrieved from /opt/airflow/dags/MasterDagLoop.py
[2026-01-17T07:30:22.740+0000] {logging_mixin.py:188} INFO - [2026-01-17T07:30:22.739+0000] {dag.py:3089} INFO - Sync 1 DAGs
[2026-01-17T07:30:22.781+0000] {logging_mixin.py:188} INFO - [2026-01-17T07:30:22.781+0000] {dag.py:3947} INFO - Setting next_dagrun for master_dag_loop to 2026-01-17 07:29:00+00:00, run_after=2026-01-17 07:30:00+00:00
[2026-01-17T07:30:22.812+0000] {processor.py:183} INFO - Processing /opt/airflow/dags/MasterDagLoop.py took 0.182 seconds
[2026-01-17T07:30:53.201+0000] {processor.py:161} INFO - Started process (PID=1339) to work on /opt/airflow/dags/MasterDagLoop.py
[2026-01-17T07:30:53.203+0000] {processor.py:830} INFO - Processing file /opt/airflow/dags/MasterDagLoop.py for tasks to queue
[2026-01-17T07:30:53.205+0000] {logging_mixin.py:188} INFO - [2026-01-17T07:30:53.205+0000] {dagbag.py:545} INFO - Filling up the DagBag from /opt/airflow/dags/MasterDagLoop.py
[2026-01-17T07:30:53.243+0000] {processor.py:840} INFO - DAG(s) 'master_dag_loop' retrieved from /opt/airflow/dags/MasterDagLoop.py
[2026-01-17T07:30:53.280+0000] {logging_mixin.py:188} INFO - [2026-01-17T07:30:53.280+0000] {dag.py:3089} INFO - Sync 1 DAGs
[2026-01-17T07:30:53.318+0000] {logging_mixin.py:188} INFO - [2026-01-17T07:30:53.318+0000] {dag.py:3947} INFO - Setting next_dagrun for master_dag_loop to 2026-01-17 07:29:00+00:00, run_after=2026-01-17 07:30:00+00:00
[2026-01-17T07:30:53.349+0000] {processor.py:183} INFO - Processing /opt/airflow/dags/MasterDagLoop.py took 0.156 seconds
[2026-01-17T07:31:23.744+0000] {processor.py:161} INFO - Started process (PID=1349) to work on /opt/airflow/dags/MasterDagLoop.py
[2026-01-17T07:31:23.746+0000] {processor.py:830} INFO - Processing file /opt/airflow/dags/MasterDagLoop.py for tasks to queue
[2026-01-17T07:31:23.748+0000] {logging_mixin.py:188} INFO - [2026-01-17T07:31:23.747+0000] {dagbag.py:545} INFO - Filling up the DagBag from /opt/airflow/dags/MasterDagLoop.py
[2026-01-17T07:31:23.798+0000] {processor.py:840} INFO - DAG(s) 'master_dag_loop' retrieved from /opt/airflow/dags/MasterDagLoop.py
[2026-01-17T07:31:23.833+0000] {logging_mixin.py:188} INFO - [2026-01-17T07:31:23.833+0000] {dag.py:3089} INFO - Sync 1 DAGs
[2026-01-17T07:31:23.872+0000] {logging_mixin.py:188} INFO - [2026-01-17T07:31:23.871+0000] {dag.py:3947} INFO - Setting next_dagrun for master_dag_loop to 2026-01-17 07:30:00+00:00, run_after=2026-01-17 07:31:00+00:00
[2026-01-17T07:31:23.899+0000] {processor.py:183} INFO - Processing /opt/airflow/dags/MasterDagLoop.py took 0.164 seconds
[2026-01-17T07:31:54.494+0000] {processor.py:161} INFO - Started process (PID=1359) to work on /opt/airflow/dags/MasterDagLoop.py
[2026-01-17T07:31:54.497+0000] {processor.py:830} INFO - Processing file /opt/airflow/dags/MasterDagLoop.py for tasks to queue
[2026-01-17T07:31:54.500+0000] {logging_mixin.py:188} INFO - [2026-01-17T07:31:54.499+0000] {dagbag.py:545} INFO - Filling up the DagBag from /opt/airflow/dags/MasterDagLoop.py
[2026-01-17T07:31:54.554+0000] {processor.py:840} INFO - DAG(s) 'master_dag_loop' retrieved from /opt/airflow/dags/MasterDagLoop.py
[2026-01-17T07:31:54.600+0000] {logging_mixin.py:188} INFO - [2026-01-17T07:31:54.600+0000] {dag.py:3089} INFO - Sync 1 DAGs
[2026-01-17T07:31:54.646+0000] {logging_mixin.py:188} INFO - [2026-01-17T07:31:54.646+0000] {dag.py:3947} INFO - Setting next_dagrun for master_dag_loop to 2026-01-17 07:30:00+00:00, run_after=2026-01-17 07:31:00+00:00
[2026-01-17T07:31:54.683+0000] {processor.py:183} INFO - Processing /opt/airflow/dags/MasterDagLoop.py took 0.207 seconds
[2026-01-17T07:32:25.184+0000] {processor.py:161} INFO - Started process (PID=1369) to work on /opt/airflow/dags/MasterDagLoop.py
[2026-01-17T07:32:25.186+0000] {processor.py:830} INFO - Processing file /opt/airflow/dags/MasterDagLoop.py for tasks to queue
[2026-01-17T07:32:25.190+0000] {logging_mixin.py:188} INFO - [2026-01-17T07:32:25.187+0000] {dagbag.py:545} INFO - Filling up the DagBag from /opt/airflow/dags/MasterDagLoop.py
[2026-01-17T07:32:25.241+0000] {processor.py:840} INFO - DAG(s) 'master_dag_loop' retrieved from /opt/airflow/dags/MasterDagLoop.py
[2026-01-17T07:32:25.277+0000] {logging_mixin.py:188} INFO - [2026-01-17T07:32:25.276+0000] {dag.py:3089} INFO - Sync 1 DAGs
[2026-01-17T07:32:25.313+0000] {logging_mixin.py:188} INFO - [2026-01-17T07:32:25.313+0000] {dag.py:3947} INFO - Setting next_dagrun for master_dag_loop to 2026-01-17 07:31:00+00:00, run_after=2026-01-17 07:32:00+00:00
[2026-01-17T07:32:25.340+0000] {processor.py:183} INFO - Processing /opt/airflow/dags/MasterDagLoop.py took 0.164 seconds
[2026-01-17T07:32:55.594+0000] {processor.py:161} INFO - Started process (PID=1379) to work on /opt/airflow/dags/MasterDagLoop.py
[2026-01-17T07:32:55.597+0000] {processor.py:830} INFO - Processing file /opt/airflow/dags/MasterDagLoop.py for tasks to queue
[2026-01-17T07:32:55.598+0000] {logging_mixin.py:188} INFO - [2026-01-17T07:32:55.598+0000] {dagbag.py:545} INFO - Filling up the DagBag from /opt/airflow/dags/MasterDagLoop.py
[2026-01-17T07:32:55.640+0000] {processor.py:840} INFO - DAG(s) 'master_dag_loop' retrieved from /opt/airflow/dags/MasterDagLoop.py
[2026-01-17T07:32:55.675+0000] {logging_mixin.py:188} INFO - [2026-01-17T07:32:55.675+0000] {dag.py:3089} INFO - Sync 1 DAGs
[2026-01-17T07:32:55.715+0000] {logging_mixin.py:188} INFO - [2026-01-17T07:32:55.715+0000] {dag.py:3947} INFO - Setting next_dagrun for master_dag_loop to 2026-01-17 07:31:00+00:00, run_after=2026-01-17 07:32:00+00:00
[2026-01-17T07:32:55.751+0000] {processor.py:183} INFO - Processing /opt/airflow/dags/MasterDagLoop.py took 0.167 seconds
[2026-01-17T07:33:26.175+0000] {processor.py:161} INFO - Started process (PID=1389) to work on /opt/airflow/dags/MasterDagLoop.py
[2026-01-17T07:33:26.177+0000] {processor.py:830} INFO - Processing file /opt/airflow/dags/MasterDagLoop.py for tasks to queue
[2026-01-17T07:33:26.178+0000] {logging_mixin.py:188} INFO - [2026-01-17T07:33:26.178+0000] {dagbag.py:545} INFO - Filling up the DagBag from /opt/airflow/dags/MasterDagLoop.py
[2026-01-17T07:33:26.319+0000] {processor.py:840} INFO - DAG(s) 'master_dag_loop' retrieved from /opt/airflow/dags/MasterDagLoop.py
[2026-01-17T07:33:26.355+0000] {logging_mixin.py:188} INFO - [2026-01-17T07:33:26.354+0000] {dag.py:3089} INFO - Sync 1 DAGs
[2026-01-17T07:33:26.395+0000] {logging_mixin.py:188} INFO - [2026-01-17T07:33:26.394+0000] {dag.py:3947} INFO - Setting next_dagrun for master_dag_loop to 2026-01-17 07:32:00+00:00, run_after=2026-01-17 07:33:00+00:00
[2026-01-17T07:33:26.423+0000] {processor.py:183} INFO - Processing /opt/airflow/dags/MasterDagLoop.py took 0.259 seconds
[2026-01-17T07:33:56.814+0000] {processor.py:161} INFO - Started process (PID=1399) to work on /opt/airflow/dags/MasterDagLoop.py
[2026-01-17T07:33:56.816+0000] {processor.py:830} INFO - Processing file /opt/airflow/dags/MasterDagLoop.py for tasks to queue
[2026-01-17T07:33:56.818+0000] {logging_mixin.py:188} INFO - [2026-01-17T07:33:56.817+0000] {dagbag.py:545} INFO - Filling up the DagBag from /opt/airflow/dags/MasterDagLoop.py
[2026-01-17T07:33:56.869+0000] {processor.py:840} INFO - DAG(s) 'master_dag_loop' retrieved from /opt/airflow/dags/MasterDagLoop.py
[2026-01-17T07:33:56.920+0000] {logging_mixin.py:188} INFO - [2026-01-17T07:33:56.920+0000] {dag.py:3089} INFO - Sync 1 DAGs
[2026-01-17T07:33:56.997+0000] {logging_mixin.py:188} INFO - [2026-01-17T07:33:56.995+0000] {dag.py:3947} INFO - Setting next_dagrun for master_dag_loop to 2026-01-17 07:32:00+00:00, run_after=2026-01-17 07:33:00+00:00
[2026-01-17T07:33:57.047+0000] {processor.py:183} INFO - Processing /opt/airflow/dags/MasterDagLoop.py took 0.243 seconds
[2026-01-17T07:34:27.480+0000] {processor.py:161} INFO - Started process (PID=1409) to work on /opt/airflow/dags/MasterDagLoop.py
[2026-01-17T07:34:27.482+0000] {processor.py:830} INFO - Processing file /opt/airflow/dags/MasterDagLoop.py for tasks to queue
[2026-01-17T07:34:27.484+0000] {logging_mixin.py:188} INFO - [2026-01-17T07:34:27.483+0000] {dagbag.py:545} INFO - Filling up the DagBag from /opt/airflow/dags/MasterDagLoop.py
[2026-01-17T07:34:27.526+0000] {processor.py:840} INFO - DAG(s) 'master_dag_loop' retrieved from /opt/airflow/dags/MasterDagLoop.py
[2026-01-17T07:34:27.558+0000] {logging_mixin.py:188} INFO - [2026-01-17T07:34:27.557+0000] {dag.py:3089} INFO - Sync 1 DAGs
[2026-01-17T07:34:27.598+0000] {logging_mixin.py:188} INFO - [2026-01-17T07:34:27.598+0000] {dag.py:3947} INFO - Setting next_dagrun for master_dag_loop to 2026-01-17 07:33:00+00:00, run_after=2026-01-17 07:34:00+00:00
[2026-01-17T07:34:27.625+0000] {processor.py:183} INFO - Processing /opt/airflow/dags/MasterDagLoop.py took 0.155 seconds
[2026-01-17T07:34:58.235+0000] {processor.py:161} INFO - Started process (PID=1419) to work on /opt/airflow/dags/MasterDagLoop.py
[2026-01-17T07:34:58.237+0000] {processor.py:830} INFO - Processing file /opt/airflow/dags/MasterDagLoop.py for tasks to queue
[2026-01-17T07:34:58.238+0000] {logging_mixin.py:188} INFO - [2026-01-17T07:34:58.238+0000] {dagbag.py:545} INFO - Filling up the DagBag from /opt/airflow/dags/MasterDagLoop.py
[2026-01-17T07:34:58.281+0000] {processor.py:840} INFO - DAG(s) 'master_dag_loop' retrieved from /opt/airflow/dags/MasterDagLoop.py
[2026-01-17T07:34:58.336+0000] {logging_mixin.py:188} INFO - [2026-01-17T07:34:58.335+0000] {dag.py:3089} INFO - Sync 1 DAGs
[2026-01-17T07:34:58.396+0000] {logging_mixin.py:188} INFO - [2026-01-17T07:34:58.396+0000] {dag.py:3947} INFO - Setting next_dagrun for master_dag_loop to 2026-01-17 07:33:00+00:00, run_after=2026-01-17 07:34:00+00:00
[2026-01-17T07:34:58.435+0000] {processor.py:183} INFO - Processing /opt/airflow/dags/MasterDagLoop.py took 0.214 seconds
[2026-01-17T07:35:28.679+0000] {processor.py:161} INFO - Started process (PID=1429) to work on /opt/airflow/dags/MasterDagLoop.py
[2026-01-17T07:35:28.681+0000] {processor.py:830} INFO - Processing file /opt/airflow/dags/MasterDagLoop.py for tasks to queue
[2026-01-17T07:35:28.684+0000] {logging_mixin.py:188} INFO - [2026-01-17T07:35:28.683+0000] {dagbag.py:545} INFO - Filling up the DagBag from /opt/airflow/dags/MasterDagLoop.py
[2026-01-17T07:35:28.738+0000] {processor.py:840} INFO - DAG(s) 'master_dag_loop' retrieved from /opt/airflow/dags/MasterDagLoop.py
[2026-01-17T07:35:28.781+0000] {logging_mixin.py:188} INFO - [2026-01-17T07:35:28.781+0000] {dag.py:3089} INFO - Sync 1 DAGs
[2026-01-17T07:35:28.834+0000] {logging_mixin.py:188} INFO - [2026-01-17T07:35:28.833+0000] {dag.py:3947} INFO - Setting next_dagrun for master_dag_loop to 2026-01-17 07:34:00+00:00, run_after=2026-01-17 07:35:00+00:00
[2026-01-17T07:35:28.873+0000] {processor.py:183} INFO - Processing /opt/airflow/dags/MasterDagLoop.py took 0.205 seconds
[2026-01-17T07:35:59.463+0000] {processor.py:161} INFO - Started process (PID=1439) to work on /opt/airflow/dags/MasterDagLoop.py
[2026-01-17T07:35:59.465+0000] {processor.py:830} INFO - Processing file /opt/airflow/dags/MasterDagLoop.py for tasks to queue
[2026-01-17T07:35:59.466+0000] {logging_mixin.py:188} INFO - [2026-01-17T07:35:59.466+0000] {dagbag.py:545} INFO - Filling up the DagBag from /opt/airflow/dags/MasterDagLoop.py
[2026-01-17T07:35:59.518+0000] {processor.py:840} INFO - DAG(s) 'master_dag_loop' retrieved from /opt/airflow/dags/MasterDagLoop.py
[2026-01-17T07:35:59.554+0000] {logging_mixin.py:188} INFO - [2026-01-17T07:35:59.554+0000] {dag.py:3089} INFO - Sync 1 DAGs
[2026-01-17T07:35:59.595+0000] {logging_mixin.py:188} INFO - [2026-01-17T07:35:59.595+0000] {dag.py:3947} INFO - Setting next_dagrun for master_dag_loop to 2026-01-17 07:34:00+00:00, run_after=2026-01-17 07:35:00+00:00
[2026-01-17T07:35:59.630+0000] {processor.py:183} INFO - Processing /opt/airflow/dags/MasterDagLoop.py took 0.177 seconds
[2026-01-17T07:36:29.859+0000] {processor.py:161} INFO - Started process (PID=1449) to work on /opt/airflow/dags/MasterDagLoop.py
[2026-01-17T07:36:29.861+0000] {processor.py:830} INFO - Processing file /opt/airflow/dags/MasterDagLoop.py for tasks to queue
[2026-01-17T07:36:29.864+0000] {logging_mixin.py:188} INFO - [2026-01-17T07:36:29.863+0000] {dagbag.py:545} INFO - Filling up the DagBag from /opt/airflow/dags/MasterDagLoop.py
[2026-01-17T07:36:29.927+0000] {processor.py:840} INFO - DAG(s) 'master_dag_loop' retrieved from /opt/airflow/dags/MasterDagLoop.py
[2026-01-17T07:36:29.979+0000] {logging_mixin.py:188} INFO - [2026-01-17T07:36:29.979+0000] {dag.py:3089} INFO - Sync 1 DAGs
[2026-01-17T07:36:30.030+0000] {logging_mixin.py:188} INFO - [2026-01-17T07:36:30.029+0000] {dag.py:3947} INFO - Setting next_dagrun for master_dag_loop to 2026-01-17 07:35:00+00:00, run_after=2026-01-17 07:36:00+00:00
[2026-01-17T07:36:30.064+0000] {processor.py:183} INFO - Processing /opt/airflow/dags/MasterDagLoop.py took 0.220 seconds
[2026-01-17T07:37:00.832+0000] {processor.py:161} INFO - Started process (PID=1459) to work on /opt/airflow/dags/MasterDagLoop.py
[2026-01-17T07:37:00.835+0000] {processor.py:830} INFO - Processing file /opt/airflow/dags/MasterDagLoop.py for tasks to queue
[2026-01-17T07:37:00.843+0000] {logging_mixin.py:188} INFO - [2026-01-17T07:37:00.842+0000] {dagbag.py:545} INFO - Filling up the DagBag from /opt/airflow/dags/MasterDagLoop.py
[2026-01-17T07:37:00.924+0000] {processor.py:840} INFO - DAG(s) 'master_dag_loop' retrieved from /opt/airflow/dags/MasterDagLoop.py
[2026-01-17T07:37:00.968+0000] {logging_mixin.py:188} INFO - [2026-01-17T07:37:00.968+0000] {dag.py:3089} INFO - Sync 1 DAGs
[2026-01-17T07:37:01.001+0000] {logging_mixin.py:188} INFO - [2026-01-17T07:37:01.001+0000] {dag.py:3947} INFO - Setting next_dagrun for master_dag_loop to 2026-01-17 07:36:00+00:00, run_after=2026-01-17 07:37:00+00:00
[2026-01-17T07:37:01.029+0000] {processor.py:183} INFO - Processing /opt/airflow/dags/MasterDagLoop.py took 0.215 seconds
[2026-01-17T07:37:31.274+0000] {processor.py:161} INFO - Started process (PID=1469) to work on /opt/airflow/dags/MasterDagLoop.py
[2026-01-17T07:37:31.277+0000] {processor.py:830} INFO - Processing file /opt/airflow/dags/MasterDagLoop.py for tasks to queue
[2026-01-17T07:37:31.280+0000] {logging_mixin.py:188} INFO - [2026-01-17T07:37:31.279+0000] {dagbag.py:545} INFO - Filling up the DagBag from /opt/airflow/dags/MasterDagLoop.py
[2026-01-17T07:37:31.345+0000] {processor.py:840} INFO - DAG(s) 'master_dag_loop' retrieved from /opt/airflow/dags/MasterDagLoop.py
[2026-01-17T07:37:31.423+0000] {logging_mixin.py:188} INFO - [2026-01-17T07:37:31.422+0000] {dag.py:3089} INFO - Sync 1 DAGs
[2026-01-17T07:37:31.562+0000] {logging_mixin.py:188} INFO - [2026-01-17T07:37:31.562+0000] {dag.py:3947} INFO - Setting next_dagrun for master_dag_loop to 2026-01-17 07:36:00+00:00, run_after=2026-01-17 07:37:00+00:00
[2026-01-17T07:37:31.617+0000] {processor.py:183} INFO - Processing /opt/airflow/dags/MasterDagLoop.py took 0.361 seconds
[2026-01-17T07:38:02.018+0000] {processor.py:161} INFO - Started process (PID=1479) to work on /opt/airflow/dags/MasterDagLoop.py
[2026-01-17T07:38:02.020+0000] {processor.py:830} INFO - Processing file /opt/airflow/dags/MasterDagLoop.py for tasks to queue
[2026-01-17T07:38:02.022+0000] {logging_mixin.py:188} INFO - [2026-01-17T07:38:02.021+0000] {dagbag.py:545} INFO - Filling up the DagBag from /opt/airflow/dags/MasterDagLoop.py
[2026-01-17T07:38:02.070+0000] {processor.py:840} INFO - DAG(s) 'master_dag_loop' retrieved from /opt/airflow/dags/MasterDagLoop.py
[2026-01-17T07:38:02.099+0000] {logging_mixin.py:188} INFO - [2026-01-17T07:38:02.099+0000] {dag.py:3089} INFO - Sync 1 DAGs
[2026-01-17T07:38:02.131+0000] {logging_mixin.py:188} INFO - [2026-01-17T07:38:02.131+0000] {dag.py:3947} INFO - Setting next_dagrun for master_dag_loop to 2026-01-17 07:37:00+00:00, run_after=2026-01-17 07:38:00+00:00
[2026-01-17T07:38:02.155+0000] {processor.py:183} INFO - Processing /opt/airflow/dags/MasterDagLoop.py took 0.145 seconds
[2026-01-17T07:38:32.616+0000] {processor.py:161} INFO - Started process (PID=1489) to work on /opt/airflow/dags/MasterDagLoop.py
[2026-01-17T07:38:32.618+0000] {processor.py:830} INFO - Processing file /opt/airflow/dags/MasterDagLoop.py for tasks to queue
[2026-01-17T07:38:32.619+0000] {logging_mixin.py:188} INFO - [2026-01-17T07:38:32.619+0000] {dagbag.py:545} INFO - Filling up the DagBag from /opt/airflow/dags/MasterDagLoop.py
[2026-01-17T07:38:32.657+0000] {processor.py:840} INFO - DAG(s) 'master_dag_loop' retrieved from /opt/airflow/dags/MasterDagLoop.py
[2026-01-17T07:38:32.690+0000] {logging_mixin.py:188} INFO - [2026-01-17T07:38:32.690+0000] {dag.py:3089} INFO - Sync 1 DAGs
[2026-01-17T07:38:32.727+0000] {logging_mixin.py:188} INFO - [2026-01-17T07:38:32.727+0000] {dag.py:3947} INFO - Setting next_dagrun for master_dag_loop to 2026-01-17 07:37:00+00:00, run_after=2026-01-17 07:38:00+00:00
[2026-01-17T07:38:32.760+0000] {processor.py:183} INFO - Processing /opt/airflow/dags/MasterDagLoop.py took 0.155 seconds
[2026-01-17T07:39:03.224+0000] {processor.py:161} INFO - Started process (PID=1499) to work on /opt/airflow/dags/MasterDagLoop.py
[2026-01-17T07:39:03.226+0000] {processor.py:830} INFO - Processing file /opt/airflow/dags/MasterDagLoop.py for tasks to queue
[2026-01-17T07:39:03.228+0000] {logging_mixin.py:188} INFO - [2026-01-17T07:39:03.227+0000] {dagbag.py:545} INFO - Filling up the DagBag from /opt/airflow/dags/MasterDagLoop.py
[2026-01-17T07:39:03.282+0000] {processor.py:840} INFO - DAG(s) 'master_dag_loop' retrieved from /opt/airflow/dags/MasterDagLoop.py
[2026-01-17T07:39:03.318+0000] {logging_mixin.py:188} INFO - [2026-01-17T07:39:03.318+0000] {dag.py:3089} INFO - Sync 1 DAGs
[2026-01-17T07:39:03.356+0000] {logging_mixin.py:188} INFO - [2026-01-17T07:39:03.356+0000] {dag.py:3947} INFO - Setting next_dagrun for master_dag_loop to 2026-01-17 07:38:00+00:00, run_after=2026-01-17 07:39:00+00:00
[2026-01-17T07:39:03.388+0000] {processor.py:183} INFO - Processing /opt/airflow/dags/MasterDagLoop.py took 0.175 seconds
[2026-01-17T07:39:33.775+0000] {processor.py:161} INFO - Started process (PID=1509) to work on /opt/airflow/dags/MasterDagLoop.py
[2026-01-17T07:39:33.776+0000] {processor.py:830} INFO - Processing file /opt/airflow/dags/MasterDagLoop.py for tasks to queue
[2026-01-17T07:39:33.777+0000] {logging_mixin.py:188} INFO - [2026-01-17T07:39:33.777+0000] {dagbag.py:545} INFO - Filling up the DagBag from /opt/airflow/dags/MasterDagLoop.py
[2026-01-17T07:39:33.822+0000] {processor.py:840} INFO - DAG(s) 'master_dag_loop' retrieved from /opt/airflow/dags/MasterDagLoop.py
[2026-01-17T07:39:33.853+0000] {logging_mixin.py:188} INFO - [2026-01-17T07:39:33.853+0000] {dag.py:3089} INFO - Sync 1 DAGs
[2026-01-17T07:39:33.888+0000] {logging_mixin.py:188} INFO - [2026-01-17T07:39:33.888+0000] {dag.py:3947} INFO - Setting next_dagrun for master_dag_loop to 2026-01-17 07:38:00+00:00, run_after=2026-01-17 07:39:00+00:00
[2026-01-17T07:39:33.927+0000] {processor.py:183} INFO - Processing /opt/airflow/dags/MasterDagLoop.py took 0.160 seconds
[2026-01-17T07:40:04.390+0000] {processor.py:161} INFO - Started process (PID=1519) to work on /opt/airflow/dags/MasterDagLoop.py
[2026-01-17T07:40:04.392+0000] {processor.py:830} INFO - Processing file /opt/airflow/dags/MasterDagLoop.py for tasks to queue
[2026-01-17T07:40:04.393+0000] {logging_mixin.py:188} INFO - [2026-01-17T07:40:04.393+0000] {dagbag.py:545} INFO - Filling up the DagBag from /opt/airflow/dags/MasterDagLoop.py
[2026-01-17T07:40:04.440+0000] {processor.py:840} INFO - DAG(s) 'master_dag_loop' retrieved from /opt/airflow/dags/MasterDagLoop.py
[2026-01-17T07:40:04.471+0000] {logging_mixin.py:188} INFO - [2026-01-17T07:40:04.471+0000] {dag.py:3089} INFO - Sync 1 DAGs
[2026-01-17T07:40:04.505+0000] {logging_mixin.py:188} INFO - [2026-01-17T07:40:04.505+0000] {dag.py:3947} INFO - Setting next_dagrun for master_dag_loop to 2026-01-17 07:39:00+00:00, run_after=2026-01-17 07:40:00+00:00
[2026-01-17T07:40:04.531+0000] {processor.py:183} INFO - Processing /opt/airflow/dags/MasterDagLoop.py took 0.150 seconds
[2026-01-17T07:40:35.019+0000] {processor.py:161} INFO - Started process (PID=1529) to work on /opt/airflow/dags/MasterDagLoop.py
[2026-01-17T07:40:35.021+0000] {processor.py:830} INFO - Processing file /opt/airflow/dags/MasterDagLoop.py for tasks to queue
[2026-01-17T07:40:35.022+0000] {logging_mixin.py:188} INFO - [2026-01-17T07:40:35.022+0000] {dagbag.py:545} INFO - Filling up the DagBag from /opt/airflow/dags/MasterDagLoop.py
[2026-01-17T07:40:35.072+0000] {processor.py:840} INFO - DAG(s) 'master_dag_loop' retrieved from /opt/airflow/dags/MasterDagLoop.py
[2026-01-17T07:40:35.104+0000] {logging_mixin.py:188} INFO - [2026-01-17T07:40:35.104+0000] {dag.py:3089} INFO - Sync 1 DAGs
[2026-01-17T07:40:35.145+0000] {logging_mixin.py:188} INFO - [2026-01-17T07:40:35.145+0000] {dag.py:3947} INFO - Setting next_dagrun for master_dag_loop to 2026-01-17 07:39:00+00:00, run_after=2026-01-17 07:40:00+00:00
[2026-01-17T07:40:35.176+0000] {processor.py:183} INFO - Processing /opt/airflow/dags/MasterDagLoop.py took 0.163 seconds
[2026-01-17T07:41:05.680+0000] {processor.py:161} INFO - Started process (PID=1539) to work on /opt/airflow/dags/MasterDagLoop.py
[2026-01-17T07:41:05.682+0000] {processor.py:830} INFO - Processing file /opt/airflow/dags/MasterDagLoop.py for tasks to queue
[2026-01-17T07:41:05.685+0000] {logging_mixin.py:188} INFO - [2026-01-17T07:41:05.684+0000] {dagbag.py:545} INFO - Filling up the DagBag from /opt/airflow/dags/MasterDagLoop.py
[2026-01-17T07:41:05.743+0000] {processor.py:840} INFO - DAG(s) 'master_dag_loop' retrieved from /opt/airflow/dags/MasterDagLoop.py
[2026-01-17T07:41:05.787+0000] {logging_mixin.py:188} INFO - [2026-01-17T07:41:05.787+0000] {dag.py:3089} INFO - Sync 1 DAGs
[2026-01-17T07:41:05.853+0000] {logging_mixin.py:188} INFO - [2026-01-17T07:41:05.853+0000] {dag.py:3947} INFO - Setting next_dagrun for master_dag_loop to 2026-01-17 07:40:00+00:00, run_after=2026-01-17 07:41:00+00:00
[2026-01-17T07:41:05.900+0000] {processor.py:183} INFO - Processing /opt/airflow/dags/MasterDagLoop.py took 0.231 seconds
[2026-01-17T07:41:30.009+0000] {processor.py:161} INFO - Started process (PID=1549) to work on /opt/airflow/dags/MasterDagLoop.py
[2026-01-17T07:41:30.011+0000] {processor.py:830} INFO - Processing file /opt/airflow/dags/MasterDagLoop.py for tasks to queue
[2026-01-17T07:41:30.013+0000] {logging_mixin.py:188} INFO - [2026-01-17T07:41:30.012+0000] {dagbag.py:545} INFO - Filling up the DagBag from /opt/airflow/dags/MasterDagLoop.py
[2026-01-17T07:41:30.082+0000] {processor.py:840} INFO - DAG(s) 'master_dag_loop' retrieved from /opt/airflow/dags/MasterDagLoop.py
[2026-01-17T07:41:30.346+0000] {logging_mixin.py:188} INFO - [2026-01-17T07:41:30.345+0000] {dag.py:3089} INFO - Sync 1 DAGs
[2026-01-17T07:41:30.378+0000] {logging_mixin.py:188} INFO - [2026-01-17T07:41:30.378+0000] {dag.py:3947} INFO - Setting next_dagrun for master_dag_loop to 2026-01-17 07:40:00+00:00, run_after=2026-01-17 07:41:00+00:00
[2026-01-17T07:41:30.418+0000] {processor.py:183} INFO - Processing /opt/airflow/dags/MasterDagLoop.py took 0.418 seconds
[2026-01-17T07:42:00.835+0000] {processor.py:161} INFO - Started process (PID=1559) to work on /opt/airflow/dags/MasterDagLoop.py
[2026-01-17T07:42:00.837+0000] {processor.py:830} INFO - Processing file /opt/airflow/dags/MasterDagLoop.py for tasks to queue
[2026-01-17T07:42:00.839+0000] {logging_mixin.py:188} INFO - [2026-01-17T07:42:00.838+0000] {dagbag.py:545} INFO - Filling up the DagBag from /opt/airflow/dags/MasterDagLoop.py
[2026-01-17T07:42:00.870+0000] {processor.py:840} INFO - DAG(s) 'master_dag_loop' retrieved from /opt/airflow/dags/MasterDagLoop.py
[2026-01-17T07:42:00.902+0000] {logging_mixin.py:188} INFO - [2026-01-17T07:42:00.902+0000] {dag.py:3089} INFO - Sync 1 DAGs
[2026-01-17T07:42:00.936+0000] {logging_mixin.py:188} INFO - [2026-01-17T07:42:00.936+0000] {dag.py:3947} INFO - Setting next_dagrun for master_dag_loop to 2026-01-17 07:41:00+00:00, run_after=2026-01-17 07:42:00+00:00
[2026-01-17T07:42:00.964+0000] {processor.py:183} INFO - Processing /opt/airflow/dags/MasterDagLoop.py took 0.138 seconds
[2026-01-17T07:42:31.368+0000] {processor.py:161} INFO - Started process (PID=1569) to work on /opt/airflow/dags/MasterDagLoop.py
[2026-01-17T07:42:31.370+0000] {processor.py:830} INFO - Processing file /opt/airflow/dags/MasterDagLoop.py for tasks to queue
[2026-01-17T07:42:31.372+0000] {logging_mixin.py:188} INFO - [2026-01-17T07:42:31.371+0000] {dagbag.py:545} INFO - Filling up the DagBag from /opt/airflow/dags/MasterDagLoop.py
[2026-01-17T07:42:31.413+0000] {processor.py:840} INFO - DAG(s) 'master_dag_loop' retrieved from /opt/airflow/dags/MasterDagLoop.py
[2026-01-17T07:42:31.452+0000] {logging_mixin.py:188} INFO - [2026-01-17T07:42:31.452+0000] {dag.py:3089} INFO - Sync 1 DAGs
[2026-01-17T07:42:31.506+0000] {logging_mixin.py:188} INFO - [2026-01-17T07:42:31.505+0000] {dag.py:3947} INFO - Setting next_dagrun for master_dag_loop to 2026-01-17 07:41:00+00:00, run_after=2026-01-17 07:42:00+00:00
[2026-01-17T07:42:31.537+0000] {processor.py:183} INFO - Processing /opt/airflow/dags/MasterDagLoop.py took 0.180 seconds
[2026-01-17T07:43:01.982+0000] {processor.py:161} INFO - Started process (PID=1579) to work on /opt/airflow/dags/MasterDagLoop.py
[2026-01-17T07:43:01.984+0000] {processor.py:830} INFO - Processing file /opt/airflow/dags/MasterDagLoop.py for tasks to queue
[2026-01-17T07:43:01.986+0000] {logging_mixin.py:188} INFO - [2026-01-17T07:43:01.986+0000] {dagbag.py:545} INFO - Filling up the DagBag from /opt/airflow/dags/MasterDagLoop.py
[2026-01-17T07:43:02.043+0000] {processor.py:840} INFO - DAG(s) 'master_dag_loop' retrieved from /opt/airflow/dags/MasterDagLoop.py
[2026-01-17T07:43:02.081+0000] {logging_mixin.py:188} INFO - [2026-01-17T07:43:02.080+0000] {dag.py:3089} INFO - Sync 1 DAGs
[2026-01-17T07:43:02.130+0000] {logging_mixin.py:188} INFO - [2026-01-17T07:43:02.130+0000] {dag.py:3947} INFO - Setting next_dagrun for master_dag_loop to 2026-01-17 07:42:00+00:00, run_after=2026-01-17 07:43:00+00:00
[2026-01-17T07:43:02.172+0000] {processor.py:183} INFO - Processing /opt/airflow/dags/MasterDagLoop.py took 0.198 seconds
[2026-01-17T07:43:32.299+0000] {processor.py:161} INFO - Started process (PID=1584) to work on /opt/airflow/dags/MasterDagLoop.py
[2026-01-17T07:43:32.302+0000] {processor.py:830} INFO - Processing file /opt/airflow/dags/MasterDagLoop.py for tasks to queue
[2026-01-17T07:43:32.304+0000] {logging_mixin.py:188} INFO - [2026-01-17T07:43:32.303+0000] {dagbag.py:545} INFO - Filling up the DagBag from /opt/airflow/dags/MasterDagLoop.py
[2026-01-17T07:43:32.365+0000] {processor.py:840} INFO - DAG(s) 'master_dag_loop' retrieved from /opt/airflow/dags/MasterDagLoop.py
[2026-01-17T07:43:32.407+0000] {logging_mixin.py:188} INFO - [2026-01-17T07:43:32.406+0000] {dag.py:3089} INFO - Sync 1 DAGs
[2026-01-17T07:43:32.443+0000] {logging_mixin.py:188} INFO - [2026-01-17T07:43:32.443+0000] {dag.py:3947} INFO - Setting next_dagrun for master_dag_loop to 2026-01-17 07:42:00+00:00, run_after=2026-01-17 07:43:00+00:00
[2026-01-17T07:43:32.475+0000] {processor.py:183} INFO - Processing /opt/airflow/dags/MasterDagLoop.py took 0.184 seconds
[2026-01-17T07:44:02.947+0000] {processor.py:161} INFO - Started process (PID=1589) to work on /opt/airflow/dags/MasterDagLoop.py
[2026-01-17T07:44:02.949+0000] {processor.py:830} INFO - Processing file /opt/airflow/dags/MasterDagLoop.py for tasks to queue
[2026-01-17T07:44:02.959+0000] {logging_mixin.py:188} INFO - [2026-01-17T07:44:02.954+0000] {dagbag.py:545} INFO - Filling up the DagBag from /opt/airflow/dags/MasterDagLoop.py
[2026-01-17T07:44:03.001+0000] {processor.py:840} INFO - DAG(s) 'master_dag_loop' retrieved from /opt/airflow/dags/MasterDagLoop.py
[2026-01-17T07:44:03.033+0000] {logging_mixin.py:188} INFO - [2026-01-17T07:44:03.033+0000] {dag.py:3089} INFO - Sync 1 DAGs
[2026-01-17T07:44:03.066+0000] {logging_mixin.py:188} INFO - [2026-01-17T07:44:03.066+0000] {dag.py:3947} INFO - Setting next_dagrun for master_dag_loop to 2026-01-17 07:43:00+00:00, run_after=2026-01-17 07:44:00+00:00
[2026-01-17T07:44:03.092+0000] {processor.py:183} INFO - Processing /opt/airflow/dags/MasterDagLoop.py took 0.154 seconds
[2026-01-17T07:44:33.264+0000] {processor.py:161} INFO - Started process (PID=1594) to work on /opt/airflow/dags/MasterDagLoop.py
[2026-01-17T07:44:33.266+0000] {processor.py:830} INFO - Processing file /opt/airflow/dags/MasterDagLoop.py for tasks to queue
[2026-01-17T07:44:33.267+0000] {logging_mixin.py:188} INFO - [2026-01-17T07:44:33.267+0000] {dagbag.py:545} INFO - Filling up the DagBag from /opt/airflow/dags/MasterDagLoop.py
[2026-01-17T07:44:33.316+0000] {processor.py:840} INFO - DAG(s) 'master_dag_loop' retrieved from /opt/airflow/dags/MasterDagLoop.py
[2026-01-17T07:44:33.355+0000] {logging_mixin.py:188} INFO - [2026-01-17T07:44:33.354+0000] {dag.py:3089} INFO - Sync 1 DAGs
[2026-01-17T07:44:33.390+0000] {logging_mixin.py:188} INFO - [2026-01-17T07:44:33.390+0000] {dag.py:3947} INFO - Setting next_dagrun for master_dag_loop to 2026-01-17 07:43:00+00:00, run_after=2026-01-17 07:44:00+00:00
[2026-01-17T07:44:33.422+0000] {processor.py:183} INFO - Processing /opt/airflow/dags/MasterDagLoop.py took 0.167 seconds
[2026-01-17T07:45:03.742+0000] {processor.py:161} INFO - Started process (PID=1599) to work on /opt/airflow/dags/MasterDagLoop.py
[2026-01-17T07:45:03.745+0000] {processor.py:830} INFO - Processing file /opt/airflow/dags/MasterDagLoop.py for tasks to queue
[2026-01-17T07:45:03.746+0000] {logging_mixin.py:188} INFO - [2026-01-17T07:45:03.746+0000] {dagbag.py:545} INFO - Filling up the DagBag from /opt/airflow/dags/MasterDagLoop.py
[2026-01-17T07:45:03.795+0000] {processor.py:840} INFO - DAG(s) 'master_dag_loop' retrieved from /opt/airflow/dags/MasterDagLoop.py
[2026-01-17T07:45:03.837+0000] {logging_mixin.py:188} INFO - [2026-01-17T07:45:03.837+0000] {dag.py:3089} INFO - Sync 1 DAGs
[2026-01-17T07:45:03.876+0000] {logging_mixin.py:188} INFO - [2026-01-17T07:45:03.876+0000] {dag.py:3947} INFO - Setting next_dagrun for master_dag_loop to 2026-01-17 07:44:00+00:00, run_after=2026-01-17 07:45:00+00:00
[2026-01-17T07:45:03.909+0000] {processor.py:183} INFO - Processing /opt/airflow/dags/MasterDagLoop.py took 0.174 seconds
[2026-01-17T07:45:20.927+0000] {processor.py:161} INFO - Started process (PID=1604) to work on /opt/airflow/dags/MasterDagLoop.py
[2026-01-17T07:45:20.929+0000] {processor.py:830} INFO - Processing file /opt/airflow/dags/MasterDagLoop.py for tasks to queue
[2026-01-17T07:45:20.931+0000] {logging_mixin.py:188} INFO - [2026-01-17T07:45:20.930+0000] {dagbag.py:545} INFO - Filling up the DagBag from /opt/airflow/dags/MasterDagLoop.py
[2026-01-17T07:45:20.996+0000] {processor.py:840} INFO - DAG(s) 'master_dag_loop' retrieved from /opt/airflow/dags/MasterDagLoop.py
[2026-01-17T07:45:21.038+0000] {logging_mixin.py:188} INFO - [2026-01-17T07:45:21.038+0000] {dag.py:3089} INFO - Sync 1 DAGs
[2026-01-17T07:45:21.079+0000] {logging_mixin.py:188} INFO - [2026-01-17T07:45:21.079+0000] {dag.py:3947} INFO - Setting next_dagrun for master_dag_loop to 2026-01-17 07:44:00+00:00, run_after=2026-01-17 07:45:00+00:00
[2026-01-17T07:45:21.120+0000] {processor.py:183} INFO - Processing /opt/airflow/dags/MasterDagLoop.py took 0.204 seconds
[2026-01-17T07:45:51.439+0000] {processor.py:161} INFO - Started process (PID=1609) to work on /opt/airflow/dags/MasterDagLoop.py
[2026-01-17T07:45:51.441+0000] {processor.py:830} INFO - Processing file /opt/airflow/dags/MasterDagLoop.py for tasks to queue
[2026-01-17T07:45:51.443+0000] {logging_mixin.py:188} INFO - [2026-01-17T07:45:51.442+0000] {dagbag.py:545} INFO - Filling up the DagBag from /opt/airflow/dags/MasterDagLoop.py
[2026-01-17T07:45:51.489+0000] {processor.py:840} INFO - DAG(s) 'master_dag_loop' retrieved from /opt/airflow/dags/MasterDagLoop.py
[2026-01-17T07:45:51.525+0000] {logging_mixin.py:188} INFO - [2026-01-17T07:45:51.524+0000] {dag.py:3089} INFO - Sync 1 DAGs
[2026-01-17T07:45:51.558+0000] {logging_mixin.py:188} INFO - [2026-01-17T07:45:51.558+0000] {dag.py:3947} INFO - Setting next_dagrun for master_dag_loop to 2026-01-17 07:44:00+00:00, run_after=2026-01-17 07:45:00+00:00
[2026-01-17T07:45:51.595+0000] {processor.py:183} INFO - Processing /opt/airflow/dags/MasterDagLoop.py took 0.164 seconds
[2026-01-17T07:46:21.772+0000] {processor.py:161} INFO - Started process (PID=1614) to work on /opt/airflow/dags/MasterDagLoop.py
[2026-01-17T07:46:21.775+0000] {processor.py:830} INFO - Processing file /opt/airflow/dags/MasterDagLoop.py for tasks to queue
[2026-01-17T07:46:21.777+0000] {logging_mixin.py:188} INFO - [2026-01-17T07:46:21.776+0000] {dagbag.py:545} INFO - Filling up the DagBag from /opt/airflow/dags/MasterDagLoop.py
[2026-01-17T07:46:21.825+0000] {processor.py:840} INFO - DAG(s) 'master_dag_loop' retrieved from /opt/airflow/dags/MasterDagLoop.py
[2026-01-17T07:46:21.859+0000] {logging_mixin.py:188} INFO - [2026-01-17T07:46:21.858+0000] {dag.py:3089} INFO - Sync 1 DAGs
[2026-01-17T07:46:21.897+0000] {logging_mixin.py:188} INFO - [2026-01-17T07:46:21.896+0000] {dag.py:3947} INFO - Setting next_dagrun for master_dag_loop to 2026-01-17 07:45:00+00:00, run_after=2026-01-17 07:46:00+00:00
[2026-01-17T07:46:21.929+0000] {processor.py:183} INFO - Processing /opt/airflow/dags/MasterDagLoop.py took 0.166 seconds
[2026-01-17T07:46:52.339+0000] {processor.py:161} INFO - Started process (PID=1624) to work on /opt/airflow/dags/MasterDagLoop.py
[2026-01-17T07:46:52.341+0000] {processor.py:830} INFO - Processing file /opt/airflow/dags/MasterDagLoop.py for tasks to queue
[2026-01-17T07:46:52.343+0000] {logging_mixin.py:188} INFO - [2026-01-17T07:46:52.343+0000] {dagbag.py:545} INFO - Filling up the DagBag from /opt/airflow/dags/MasterDagLoop.py
[2026-01-17T07:46:52.398+0000] {processor.py:840} INFO - DAG(s) 'master_dag_loop' retrieved from /opt/airflow/dags/MasterDagLoop.py
[2026-01-17T07:46:52.431+0000] {logging_mixin.py:188} INFO - [2026-01-17T07:46:52.430+0000] {dag.py:3089} INFO - Sync 1 DAGs
[2026-01-17T07:46:52.465+0000] {logging_mixin.py:188} INFO - [2026-01-17T07:46:52.465+0000] {dag.py:3947} INFO - Setting next_dagrun for master_dag_loop to 2026-01-17 07:45:00+00:00, run_after=2026-01-17 07:46:00+00:00
[2026-01-17T07:46:52.491+0000] {processor.py:183} INFO - Processing /opt/airflow/dags/MasterDagLoop.py took 0.160 seconds
[2026-01-17T07:47:22.870+0000] {processor.py:161} INFO - Started process (PID=1634) to work on /opt/airflow/dags/MasterDagLoop.py
[2026-01-17T07:47:22.872+0000] {processor.py:830} INFO - Processing file /opt/airflow/dags/MasterDagLoop.py for tasks to queue
[2026-01-17T07:47:22.874+0000] {logging_mixin.py:188} INFO - [2026-01-17T07:47:22.873+0000] {dagbag.py:545} INFO - Filling up the DagBag from /opt/airflow/dags/MasterDagLoop.py
[2026-01-17T07:47:22.926+0000] {processor.py:840} INFO - DAG(s) 'master_dag_loop' retrieved from /opt/airflow/dags/MasterDagLoop.py
[2026-01-17T07:47:22.968+0000] {logging_mixin.py:188} INFO - [2026-01-17T07:47:22.968+0000] {dag.py:3089} INFO - Sync 1 DAGs
[2026-01-17T07:47:23.004+0000] {logging_mixin.py:188} INFO - [2026-01-17T07:47:23.003+0000] {dag.py:3947} INFO - Setting next_dagrun for master_dag_loop to 2026-01-17 07:46:00+00:00, run_after=2026-01-17 07:47:00+00:00
[2026-01-17T07:47:23.042+0000] {processor.py:183} INFO - Processing /opt/airflow/dags/MasterDagLoop.py took 0.183 seconds
[2026-01-17T07:47:53.402+0000] {processor.py:161} INFO - Started process (PID=1644) to work on /opt/airflow/dags/MasterDagLoop.py
[2026-01-17T07:47:53.404+0000] {processor.py:830} INFO - Processing file /opt/airflow/dags/MasterDagLoop.py for tasks to queue
[2026-01-17T07:47:53.406+0000] {logging_mixin.py:188} INFO - [2026-01-17T07:47:53.405+0000] {dagbag.py:545} INFO - Filling up the DagBag from /opt/airflow/dags/MasterDagLoop.py
[2026-01-17T07:47:53.442+0000] {processor.py:840} INFO - DAG(s) 'master_dag_loop' retrieved from /opt/airflow/dags/MasterDagLoop.py
[2026-01-17T07:47:53.478+0000] {logging_mixin.py:188} INFO - [2026-01-17T07:47:53.477+0000] {dag.py:3089} INFO - Sync 1 DAGs
[2026-01-17T07:47:53.515+0000] {logging_mixin.py:188} INFO - [2026-01-17T07:47:53.515+0000] {dag.py:3947} INFO - Setting next_dagrun for master_dag_loop to 2026-01-17 07:46:00+00:00, run_after=2026-01-17 07:47:00+00:00
[2026-01-17T07:47:53.546+0000] {processor.py:183} INFO - Processing /opt/airflow/dags/MasterDagLoop.py took 0.154 seconds
[2026-01-17T07:48:23.942+0000] {processor.py:161} INFO - Started process (PID=1654) to work on /opt/airflow/dags/MasterDagLoop.py
[2026-01-17T07:48:23.944+0000] {processor.py:830} INFO - Processing file /opt/airflow/dags/MasterDagLoop.py for tasks to queue
[2026-01-17T07:48:23.946+0000] {logging_mixin.py:188} INFO - [2026-01-17T07:48:23.945+0000] {dagbag.py:545} INFO - Filling up the DagBag from /opt/airflow/dags/MasterDagLoop.py
[2026-01-17T07:48:24.003+0000] {processor.py:840} INFO - DAG(s) 'master_dag_loop' retrieved from /opt/airflow/dags/MasterDagLoop.py
[2026-01-17T07:48:24.053+0000] {logging_mixin.py:188} INFO - [2026-01-17T07:48:24.052+0000] {dag.py:3089} INFO - Sync 1 DAGs
[2026-01-17T07:48:24.095+0000] {logging_mixin.py:188} INFO - [2026-01-17T07:48:24.095+0000] {dag.py:3947} INFO - Setting next_dagrun for master_dag_loop to 2026-01-17 07:47:00+00:00, run_after=2026-01-17 07:48:00+00:00
[2026-01-17T07:48:24.131+0000] {processor.py:183} INFO - Processing /opt/airflow/dags/MasterDagLoop.py took 0.200 seconds
[2026-01-17T07:48:54.400+0000] {processor.py:161} INFO - Started process (PID=1664) to work on /opt/airflow/dags/MasterDagLoop.py
[2026-01-17T07:48:54.402+0000] {processor.py:830} INFO - Processing file /opt/airflow/dags/MasterDagLoop.py for tasks to queue
[2026-01-17T07:48:54.404+0000] {logging_mixin.py:188} INFO - [2026-01-17T07:48:54.403+0000] {dagbag.py:545} INFO - Filling up the DagBag from /opt/airflow/dags/MasterDagLoop.py
[2026-01-17T07:48:54.445+0000] {processor.py:840} INFO - DAG(s) 'master_dag_loop' retrieved from /opt/airflow/dags/MasterDagLoop.py
[2026-01-17T07:48:54.478+0000] {logging_mixin.py:188} INFO - [2026-01-17T07:48:54.478+0000] {dag.py:3089} INFO - Sync 1 DAGs
[2026-01-17T07:48:54.515+0000] {logging_mixin.py:188} INFO - [2026-01-17T07:48:54.514+0000] {dag.py:3947} INFO - Setting next_dagrun for master_dag_loop to 2026-01-17 07:47:00+00:00, run_after=2026-01-17 07:48:00+00:00
[2026-01-17T07:48:54.543+0000] {processor.py:183} INFO - Processing /opt/airflow/dags/MasterDagLoop.py took 0.152 seconds
[2026-01-17T07:49:24.900+0000] {processor.py:161} INFO - Started process (PID=1674) to work on /opt/airflow/dags/MasterDagLoop.py
[2026-01-17T07:49:24.903+0000] {processor.py:830} INFO - Processing file /opt/airflow/dags/MasterDagLoop.py for tasks to queue
[2026-01-17T07:49:24.904+0000] {logging_mixin.py:188} INFO - [2026-01-17T07:49:24.904+0000] {dagbag.py:545} INFO - Filling up the DagBag from /opt/airflow/dags/MasterDagLoop.py
[2026-01-17T07:49:24.962+0000] {processor.py:840} INFO - DAG(s) 'master_dag_loop' retrieved from /opt/airflow/dags/MasterDagLoop.py
[2026-01-17T07:49:25.006+0000] {logging_mixin.py:188} INFO - [2026-01-17T07:49:25.005+0000] {dag.py:3089} INFO - Sync 1 DAGs
[2026-01-17T07:49:25.042+0000] {logging_mixin.py:188} INFO - [2026-01-17T07:49:25.042+0000] {dag.py:3947} INFO - Setting next_dagrun for master_dag_loop to 2026-01-17 07:48:00+00:00, run_after=2026-01-17 07:49:00+00:00
[2026-01-17T07:49:25.076+0000] {processor.py:183} INFO - Processing /opt/airflow/dags/MasterDagLoop.py took 0.187 seconds
[2026-01-17T07:49:55.481+0000] {processor.py:161} INFO - Started process (PID=1684) to work on /opt/airflow/dags/MasterDagLoop.py
[2026-01-17T07:49:55.482+0000] {processor.py:830} INFO - Processing file /opt/airflow/dags/MasterDagLoop.py for tasks to queue
[2026-01-17T07:49:55.484+0000] {logging_mixin.py:188} INFO - [2026-01-17T07:49:55.483+0000] {dagbag.py:545} INFO - Filling up the DagBag from /opt/airflow/dags/MasterDagLoop.py
[2026-01-17T07:49:55.511+0000] {processor.py:840} INFO - DAG(s) 'master_dag_loop' retrieved from /opt/airflow/dags/MasterDagLoop.py
[2026-01-17T07:49:55.542+0000] {logging_mixin.py:188} INFO - [2026-01-17T07:49:55.542+0000] {dag.py:3089} INFO - Sync 1 DAGs
[2026-01-17T07:49:55.571+0000] {logging_mixin.py:188} INFO - [2026-01-17T07:49:55.571+0000] {dag.py:3947} INFO - Setting next_dagrun for master_dag_loop to 2026-01-17 07:48:00+00:00, run_after=2026-01-17 07:49:00+00:00
[2026-01-17T07:49:55.597+0000] {processor.py:183} INFO - Processing /opt/airflow/dags/MasterDagLoop.py took 0.124 seconds
[2026-01-17T07:50:25.984+0000] {processor.py:161} INFO - Started process (PID=1694) to work on /opt/airflow/dags/MasterDagLoop.py
[2026-01-17T07:50:25.987+0000] {processor.py:830} INFO - Processing file /opt/airflow/dags/MasterDagLoop.py for tasks to queue
[2026-01-17T07:50:25.988+0000] {logging_mixin.py:188} INFO - [2026-01-17T07:50:25.988+0000] {dagbag.py:545} INFO - Filling up the DagBag from /opt/airflow/dags/MasterDagLoop.py
[2026-01-17T07:50:26.030+0000] {processor.py:840} INFO - DAG(s) 'master_dag_loop' retrieved from /opt/airflow/dags/MasterDagLoop.py
[2026-01-17T07:50:26.068+0000] {logging_mixin.py:188} INFO - [2026-01-17T07:50:26.068+0000] {dag.py:3089} INFO - Sync 1 DAGs
[2026-01-17T07:50:26.106+0000] {logging_mixin.py:188} INFO - [2026-01-17T07:50:26.106+0000] {dag.py:3947} INFO - Setting next_dagrun for master_dag_loop to 2026-01-17 07:49:00+00:00, run_after=2026-01-17 07:50:00+00:00
[2026-01-17T07:50:26.141+0000] {processor.py:183} INFO - Processing /opt/airflow/dags/MasterDagLoop.py took 0.166 seconds
[2026-01-17T07:50:56.601+0000] {processor.py:161} INFO - Started process (PID=1704) to work on /opt/airflow/dags/MasterDagLoop.py
[2026-01-17T07:50:56.603+0000] {processor.py:830} INFO - Processing file /opt/airflow/dags/MasterDagLoop.py for tasks to queue
[2026-01-17T07:50:56.606+0000] {logging_mixin.py:188} INFO - [2026-01-17T07:50:56.605+0000] {dagbag.py:545} INFO - Filling up the DagBag from /opt/airflow/dags/MasterDagLoop.py
[2026-01-17T07:50:56.653+0000] {processor.py:840} INFO - DAG(s) 'master_dag_loop' retrieved from /opt/airflow/dags/MasterDagLoop.py
[2026-01-17T07:50:56.689+0000] {logging_mixin.py:188} INFO - [2026-01-17T07:50:56.689+0000] {dag.py:3089} INFO - Sync 1 DAGs
[2026-01-17T07:50:56.724+0000] {logging_mixin.py:188} INFO - [2026-01-17T07:50:56.724+0000] {dag.py:3947} INFO - Setting next_dagrun for master_dag_loop to 2026-01-17 07:49:00+00:00, run_after=2026-01-17 07:50:00+00:00
[2026-01-17T07:50:56.752+0000] {processor.py:183} INFO - Processing /opt/airflow/dags/MasterDagLoop.py took 0.161 seconds
[2026-01-17T07:51:27.145+0000] {processor.py:161} INFO - Started process (PID=1718) to work on /opt/airflow/dags/MasterDagLoop.py
[2026-01-17T07:51:27.146+0000] {processor.py:830} INFO - Processing file /opt/airflow/dags/MasterDagLoop.py for tasks to queue
[2026-01-17T07:51:27.148+0000] {logging_mixin.py:188} INFO - [2026-01-17T07:51:27.148+0000] {dagbag.py:545} INFO - Filling up the DagBag from /opt/airflow/dags/MasterDagLoop.py
[2026-01-17T07:51:27.200+0000] {processor.py:840} INFO - DAG(s) 'master_dag_loop' retrieved from /opt/airflow/dags/MasterDagLoop.py
[2026-01-17T07:51:27.240+0000] {logging_mixin.py:188} INFO - [2026-01-17T07:51:27.240+0000] {dag.py:3089} INFO - Sync 1 DAGs
[2026-01-17T07:51:27.294+0000] {logging_mixin.py:188} INFO - [2026-01-17T07:51:27.294+0000] {dag.py:3947} INFO - Setting next_dagrun for master_dag_loop to 2026-01-17 07:51:00+00:00, run_after=2026-01-17 07:52:00+00:00
[2026-01-17T07:51:27.344+0000] {processor.py:183} INFO - Processing /opt/airflow/dags/MasterDagLoop.py took 0.207 seconds
[2026-01-17T07:51:57.780+0000] {processor.py:161} INFO - Started process (PID=1728) to work on /opt/airflow/dags/MasterDagLoop.py
[2026-01-17T07:51:57.782+0000] {processor.py:830} INFO - Processing file /opt/airflow/dags/MasterDagLoop.py for tasks to queue
[2026-01-17T07:51:57.783+0000] {logging_mixin.py:188} INFO - [2026-01-17T07:51:57.783+0000] {dagbag.py:545} INFO - Filling up the DagBag from /opt/airflow/dags/MasterDagLoop.py
[2026-01-17T07:51:57.834+0000] {processor.py:840} INFO - DAG(s) 'master_dag_loop' retrieved from /opt/airflow/dags/MasterDagLoop.py
[2026-01-17T07:51:57.874+0000] {logging_mixin.py:188} INFO - [2026-01-17T07:51:57.874+0000] {dag.py:3089} INFO - Sync 1 DAGs
[2026-01-17T07:51:57.913+0000] {logging_mixin.py:188} INFO - [2026-01-17T07:51:57.913+0000] {dag.py:3947} INFO - Setting next_dagrun for master_dag_loop to 2026-01-17 07:51:00+00:00, run_after=2026-01-17 07:52:00+00:00
[2026-01-17T07:51:57.946+0000] {processor.py:183} INFO - Processing /opt/airflow/dags/MasterDagLoop.py took 0.176 seconds
[2026-01-17T07:52:11.172+0000] {processor.py:161} INFO - Started process (PID=1738) to work on /opt/airflow/dags/MasterDagLoop.py
[2026-01-17T07:52:11.174+0000] {processor.py:830} INFO - Processing file /opt/airflow/dags/MasterDagLoop.py for tasks to queue
[2026-01-17T07:52:11.176+0000] {logging_mixin.py:188} INFO - [2026-01-17T07:52:11.175+0000] {dagbag.py:545} INFO - Filling up the DagBag from /opt/airflow/dags/MasterDagLoop.py
[2026-01-17T07:52:11.250+0000] {processor.py:840} INFO - DAG(s) 'master_dag_loop' retrieved from /opt/airflow/dags/MasterDagLoop.py
[2026-01-17T07:52:11.281+0000] {logging_mixin.py:188} INFO - [2026-01-17T07:52:11.281+0000] {dag.py:3089} INFO - Sync 1 DAGs
[2026-01-17T07:52:11.317+0000] {logging_mixin.py:188} INFO - [2026-01-17T07:52:11.317+0000] {dag.py:3947} INFO - Setting next_dagrun for master_dag_loop to 2026-01-17 07:51:00+00:00, run_after=2026-01-17 07:52:00+00:00
[2026-01-17T07:52:11.353+0000] {processor.py:183} INFO - Processing /opt/airflow/dags/MasterDagLoop.py took 0.189 seconds
[2026-01-17T07:52:41.742+0000] {processor.py:161} INFO - Started process (PID=1752) to work on /opt/airflow/dags/MasterDagLoop.py
[2026-01-17T07:52:41.744+0000] {processor.py:830} INFO - Processing file /opt/airflow/dags/MasterDagLoop.py for tasks to queue
[2026-01-17T07:52:41.746+0000] {logging_mixin.py:188} INFO - [2026-01-17T07:52:41.745+0000] {dagbag.py:545} INFO - Filling up the DagBag from /opt/airflow/dags/MasterDagLoop.py
[2026-01-17T07:52:41.793+0000] {processor.py:840} INFO - DAG(s) 'master_dag_loop' retrieved from /opt/airflow/dags/MasterDagLoop.py
[2026-01-17T07:52:41.834+0000] {logging_mixin.py:188} INFO - [2026-01-17T07:52:41.834+0000] {dag.py:3089} INFO - Sync 1 DAGs
[2026-01-17T07:52:41.868+0000] {logging_mixin.py:188} INFO - [2026-01-17T07:52:41.868+0000] {dag.py:3947} INFO - Setting next_dagrun for master_dag_loop to 2026-01-17 07:52:00+00:00, run_after=2026-01-17 07:53:00+00:00
[2026-01-17T07:52:41.893+0000] {processor.py:183} INFO - Processing /opt/airflow/dags/MasterDagLoop.py took 0.162 seconds
[2026-01-17T07:53:12.295+0000] {processor.py:161} INFO - Started process (PID=1764) to work on /opt/airflow/dags/MasterDagLoop.py
[2026-01-17T07:53:12.297+0000] {processor.py:830} INFO - Processing file /opt/airflow/dags/MasterDagLoop.py for tasks to queue
[2026-01-17T07:53:12.300+0000] {logging_mixin.py:188} INFO - [2026-01-17T07:53:12.299+0000] {dagbag.py:545} INFO - Filling up the DagBag from /opt/airflow/dags/MasterDagLoop.py
[2026-01-17T07:53:12.361+0000] {processor.py:840} INFO - DAG(s) 'master_dag_loop' retrieved from /opt/airflow/dags/MasterDagLoop.py
[2026-01-17T07:53:12.401+0000] {logging_mixin.py:188} INFO - [2026-01-17T07:53:12.400+0000] {dag.py:3089} INFO - Sync 1 DAGs
[2026-01-17T07:53:12.439+0000] {logging_mixin.py:188} INFO - [2026-01-17T07:53:12.439+0000] {dag.py:3947} INFO - Setting next_dagrun for master_dag_loop to 2026-01-17 07:53:00+00:00, run_after=2026-01-17 07:54:00+00:00
[2026-01-17T07:53:12.474+0000] {processor.py:183} INFO - Processing /opt/airflow/dags/MasterDagLoop.py took 0.190 seconds
[2026-01-17T07:53:42.911+0000] {processor.py:161} INFO - Started process (PID=1774) to work on /opt/airflow/dags/MasterDagLoop.py
[2026-01-17T07:53:42.913+0000] {processor.py:830} INFO - Processing file /opt/airflow/dags/MasterDagLoop.py for tasks to queue
[2026-01-17T07:53:42.915+0000] {logging_mixin.py:188} INFO - [2026-01-17T07:53:42.914+0000] {dagbag.py:545} INFO - Filling up the DagBag from /opt/airflow/dags/MasterDagLoop.py
[2026-01-17T07:53:42.959+0000] {processor.py:840} INFO - DAG(s) 'master_dag_loop' retrieved from /opt/airflow/dags/MasterDagLoop.py
[2026-01-17T07:53:42.997+0000] {logging_mixin.py:188} INFO - [2026-01-17T07:53:42.997+0000] {dag.py:3089} INFO - Sync 1 DAGs
[2026-01-17T07:53:43.035+0000] {logging_mixin.py:188} INFO - [2026-01-17T07:53:43.034+0000] {dag.py:3947} INFO - Setting next_dagrun for master_dag_loop to 2026-01-17 07:53:00+00:00, run_after=2026-01-17 07:54:00+00:00
[2026-01-17T07:53:43.064+0000] {processor.py:183} INFO - Processing /opt/airflow/dags/MasterDagLoop.py took 0.162 seconds
[2026-01-17T07:54:13.442+0000] {processor.py:161} INFO - Started process (PID=1786) to work on /opt/airflow/dags/MasterDagLoop.py
[2026-01-17T07:54:13.443+0000] {processor.py:830} INFO - Processing file /opt/airflow/dags/MasterDagLoop.py for tasks to queue
[2026-01-17T07:54:13.445+0000] {logging_mixin.py:188} INFO - [2026-01-17T07:54:13.445+0000] {dagbag.py:545} INFO - Filling up the DagBag from /opt/airflow/dags/MasterDagLoop.py
[2026-01-17T07:54:13.483+0000] {processor.py:840} INFO - DAG(s) 'master_dag_loop' retrieved from /opt/airflow/dags/MasterDagLoop.py
[2026-01-17T07:54:13.516+0000] {logging_mixin.py:188} INFO - [2026-01-17T07:54:13.515+0000] {dag.py:3089} INFO - Sync 1 DAGs
[2026-01-17T07:54:13.551+0000] {logging_mixin.py:188} INFO - [2026-01-17T07:54:13.551+0000] {dag.py:3947} INFO - Setting next_dagrun for master_dag_loop to 2026-01-17 07:54:00+00:00, run_after=2026-01-17 07:55:00+00:00
[2026-01-17T07:54:13.584+0000] {processor.py:183} INFO - Processing /opt/airflow/dags/MasterDagLoop.py took 0.151 seconds
[2026-01-17T07:54:43.989+0000] {processor.py:161} INFO - Started process (PID=1796) to work on /opt/airflow/dags/MasterDagLoop.py
[2026-01-17T07:54:43.990+0000] {processor.py:830} INFO - Processing file /opt/airflow/dags/MasterDagLoop.py for tasks to queue
[2026-01-17T07:54:43.991+0000] {logging_mixin.py:188} INFO - [2026-01-17T07:54:43.991+0000] {dagbag.py:545} INFO - Filling up the DagBag from /opt/airflow/dags/MasterDagLoop.py
[2026-01-17T07:54:44.030+0000] {processor.py:840} INFO - DAG(s) 'master_dag_loop' retrieved from /opt/airflow/dags/MasterDagLoop.py
[2026-01-17T07:54:44.062+0000] {logging_mixin.py:188} INFO - [2026-01-17T07:54:44.062+0000] {dag.py:3089} INFO - Sync 1 DAGs
[2026-01-17T07:54:44.095+0000] {logging_mixin.py:188} INFO - [2026-01-17T07:54:44.094+0000] {dag.py:3947} INFO - Setting next_dagrun for master_dag_loop to 2026-01-17 07:54:00+00:00, run_after=2026-01-17 07:55:00+00:00
[2026-01-17T07:54:44.120+0000] {processor.py:183} INFO - Processing /opt/airflow/dags/MasterDagLoop.py took 0.138 seconds
[2026-01-17T07:55:14.561+0000] {processor.py:161} INFO - Started process (PID=1808) to work on /opt/airflow/dags/MasterDagLoop.py
[2026-01-17T07:55:14.563+0000] {processor.py:830} INFO - Processing file /opt/airflow/dags/MasterDagLoop.py for tasks to queue
[2026-01-17T07:55:14.564+0000] {logging_mixin.py:188} INFO - [2026-01-17T07:55:14.564+0000] {dagbag.py:545} INFO - Filling up the DagBag from /opt/airflow/dags/MasterDagLoop.py
[2026-01-17T07:55:14.596+0000] {processor.py:840} INFO - DAG(s) 'master_dag_loop' retrieved from /opt/airflow/dags/MasterDagLoop.py
[2026-01-17T07:55:14.636+0000] {logging_mixin.py:188} INFO - [2026-01-17T07:55:14.636+0000] {dag.py:3089} INFO - Sync 1 DAGs
[2026-01-17T07:55:14.675+0000] {logging_mixin.py:188} INFO - [2026-01-17T07:55:14.675+0000] {dag.py:3947} INFO - Setting next_dagrun for master_dag_loop to 2026-01-17 07:55:00+00:00, run_after=2026-01-17 07:56:00+00:00
[2026-01-17T07:55:14.705+0000] {processor.py:183} INFO - Processing /opt/airflow/dags/MasterDagLoop.py took 0.152 seconds
[2026-01-17T07:55:45.085+0000] {processor.py:161} INFO - Started process (PID=1818) to work on /opt/airflow/dags/MasterDagLoop.py
[2026-01-17T07:55:45.086+0000] {processor.py:830} INFO - Processing file /opt/airflow/dags/MasterDagLoop.py for tasks to queue
[2026-01-17T07:55:45.088+0000] {logging_mixin.py:188} INFO - [2026-01-17T07:55:45.087+0000] {dagbag.py:545} INFO - Filling up the DagBag from /opt/airflow/dags/MasterDagLoop.py
[2026-01-17T07:55:45.118+0000] {processor.py:840} INFO - DAG(s) 'master_dag_loop' retrieved from /opt/airflow/dags/MasterDagLoop.py
[2026-01-17T07:55:45.161+0000] {logging_mixin.py:188} INFO - [2026-01-17T07:55:45.161+0000] {dag.py:3089} INFO - Sync 1 DAGs
[2026-01-17T07:55:45.199+0000] {logging_mixin.py:188} INFO - [2026-01-17T07:55:45.199+0000] {dag.py:3947} INFO - Setting next_dagrun for master_dag_loop to 2026-01-17 07:55:00+00:00, run_after=2026-01-17 07:56:00+00:00
[2026-01-17T07:55:45.231+0000] {processor.py:183} INFO - Processing /opt/airflow/dags/MasterDagLoop.py took 0.154 seconds
[2026-01-17T07:56:15.691+0000] {processor.py:161} INFO - Started process (PID=1830) to work on /opt/airflow/dags/MasterDagLoop.py
[2026-01-17T07:56:15.693+0000] {processor.py:830} INFO - Processing file /opt/airflow/dags/MasterDagLoop.py for tasks to queue
[2026-01-17T07:56:15.694+0000] {logging_mixin.py:188} INFO - [2026-01-17T07:56:15.694+0000] {dagbag.py:545} INFO - Filling up the DagBag from /opt/airflow/dags/MasterDagLoop.py
[2026-01-17T07:56:15.738+0000] {processor.py:840} INFO - DAG(s) 'master_dag_loop' retrieved from /opt/airflow/dags/MasterDagLoop.py
[2026-01-17T07:56:15.776+0000] {logging_mixin.py:188} INFO - [2026-01-17T07:56:15.776+0000] {dag.py:3089} INFO - Sync 1 DAGs
[2026-01-17T07:56:15.817+0000] {logging_mixin.py:188} INFO - [2026-01-17T07:56:15.817+0000] {dag.py:3947} INFO - Setting next_dagrun for master_dag_loop to 2026-01-17 07:56:00+00:00, run_after=2026-01-17 07:57:00+00:00
[2026-01-17T07:56:15.847+0000] {processor.py:183} INFO - Processing /opt/airflow/dags/MasterDagLoop.py took 0.166 seconds
[2026-01-17T07:56:46.061+0000] {processor.py:161} INFO - Started process (PID=1845) to work on /opt/airflow/dags/MasterDagLoop.py
[2026-01-17T07:56:46.063+0000] {processor.py:830} INFO - Processing file /opt/airflow/dags/MasterDagLoop.py for tasks to queue
[2026-01-17T07:56:46.065+0000] {logging_mixin.py:188} INFO - [2026-01-17T07:56:46.064+0000] {dagbag.py:545} INFO - Filling up the DagBag from /opt/airflow/dags/MasterDagLoop.py
[2026-01-17T07:56:46.101+0000] {processor.py:840} INFO - DAG(s) 'master_dag_loop' retrieved from /opt/airflow/dags/MasterDagLoop.py
[2026-01-17T07:56:46.135+0000] {logging_mixin.py:188} INFO - [2026-01-17T07:56:46.135+0000] {dag.py:3089} INFO - Sync 1 DAGs
[2026-01-17T07:56:46.177+0000] {logging_mixin.py:188} INFO - [2026-01-17T07:56:46.177+0000] {dag.py:3947} INFO - Setting next_dagrun for master_dag_loop to 2026-01-17 07:56:00+00:00, run_after=2026-01-17 07:57:00+00:00
[2026-01-17T07:56:46.209+0000] {processor.py:183} INFO - Processing /opt/airflow/dags/MasterDagLoop.py took 0.155 seconds
[2026-01-17T07:57:16.689+0000] {processor.py:161} INFO - Started process (PID=1864) to work on /opt/airflow/dags/MasterDagLoop.py
[2026-01-17T07:57:16.690+0000] {processor.py:830} INFO - Processing file /opt/airflow/dags/MasterDagLoop.py for tasks to queue
[2026-01-17T07:57:16.692+0000] {logging_mixin.py:188} INFO - [2026-01-17T07:57:16.692+0000] {dagbag.py:545} INFO - Filling up the DagBag from /opt/airflow/dags/MasterDagLoop.py
[2026-01-17T07:57:16.746+0000] {processor.py:840} INFO - DAG(s) 'master_dag_loop' retrieved from /opt/airflow/dags/MasterDagLoop.py
[2026-01-17T07:57:16.782+0000] {logging_mixin.py:188} INFO - [2026-01-17T07:57:16.781+0000] {dag.py:3089} INFO - Sync 1 DAGs
[2026-01-17T07:57:16.816+0000] {logging_mixin.py:188} INFO - [2026-01-17T07:57:16.815+0000] {dag.py:3947} INFO - Setting next_dagrun for master_dag_loop to 2026-01-17 07:57:00+00:00, run_after=2026-01-17 07:58:00+00:00
[2026-01-17T07:57:16.839+0000] {processor.py:183} INFO - Processing /opt/airflow/dags/MasterDagLoop.py took 0.159 seconds
[2026-01-17T07:57:47.269+0000] {processor.py:161} INFO - Started process (PID=1879) to work on /opt/airflow/dags/MasterDagLoop.py
[2026-01-17T07:57:47.271+0000] {processor.py:830} INFO - Processing file /opt/airflow/dags/MasterDagLoop.py for tasks to queue
[2026-01-17T07:57:47.273+0000] {logging_mixin.py:188} INFO - [2026-01-17T07:57:47.272+0000] {dagbag.py:545} INFO - Filling up the DagBag from /opt/airflow/dags/MasterDagLoop.py
[2026-01-17T07:57:47.304+0000] {processor.py:840} INFO - DAG(s) 'master_dag_loop' retrieved from /opt/airflow/dags/MasterDagLoop.py
[2026-01-17T07:57:47.336+0000] {logging_mixin.py:188} INFO - [2026-01-17T07:57:47.336+0000] {dag.py:3089} INFO - Sync 1 DAGs
[2026-01-17T07:57:47.372+0000] {logging_mixin.py:188} INFO - [2026-01-17T07:57:47.371+0000] {dag.py:3947} INFO - Setting next_dagrun for master_dag_loop to 2026-01-17 07:57:00+00:00, run_after=2026-01-17 07:58:00+00:00
[2026-01-17T07:57:47.396+0000] {processor.py:183} INFO - Processing /opt/airflow/dags/MasterDagLoop.py took 0.135 seconds
[2026-01-17T07:58:18.028+0000] {processor.py:161} INFO - Started process (PID=1898) to work on /opt/airflow/dags/MasterDagLoop.py
[2026-01-17T07:58:18.030+0000] {processor.py:830} INFO - Processing file /opt/airflow/dags/MasterDagLoop.py for tasks to queue
[2026-01-17T07:58:18.031+0000] {logging_mixin.py:188} INFO - [2026-01-17T07:58:18.031+0000] {dagbag.py:545} INFO - Filling up the DagBag from /opt/airflow/dags/MasterDagLoop.py
[2026-01-17T07:58:18.078+0000] {processor.py:840} INFO - DAG(s) 'master_dag_loop' retrieved from /opt/airflow/dags/MasterDagLoop.py
[2026-01-17T07:58:18.115+0000] {logging_mixin.py:188} INFO - [2026-01-17T07:58:18.115+0000] {dag.py:3089} INFO - Sync 1 DAGs
[2026-01-17T07:58:18.149+0000] {logging_mixin.py:188} INFO - [2026-01-17T07:58:18.149+0000] {dag.py:3947} INFO - Setting next_dagrun for master_dag_loop to 2026-01-17 07:58:00+00:00, run_after=2026-01-17 07:59:00+00:00
[2026-01-17T07:58:18.176+0000] {processor.py:183} INFO - Processing /opt/airflow/dags/MasterDagLoop.py took 0.155 seconds
[2026-01-17T07:58:48.841+0000] {processor.py:161} INFO - Started process (PID=1913) to work on /opt/airflow/dags/MasterDagLoop.py
[2026-01-17T07:58:48.842+0000] {processor.py:830} INFO - Processing file /opt/airflow/dags/MasterDagLoop.py for tasks to queue
[2026-01-17T07:58:48.844+0000] {logging_mixin.py:188} INFO - [2026-01-17T07:58:48.843+0000] {dagbag.py:545} INFO - Filling up the DagBag from /opt/airflow/dags/MasterDagLoop.py
[2026-01-17T07:58:48.881+0000] {processor.py:840} INFO - DAG(s) 'master_dag_loop' retrieved from /opt/airflow/dags/MasterDagLoop.py
[2026-01-17T07:58:48.914+0000] {logging_mixin.py:188} INFO - [2026-01-17T07:58:48.913+0000] {dag.py:3089} INFO - Sync 1 DAGs
[2026-01-17T07:58:48.949+0000] {logging_mixin.py:188} INFO - [2026-01-17T07:58:48.949+0000] {dag.py:3947} INFO - Setting next_dagrun for master_dag_loop to 2026-01-17 07:58:00+00:00, run_after=2026-01-17 07:59:00+00:00
[2026-01-17T07:58:48.975+0000] {processor.py:183} INFO - Processing /opt/airflow/dags/MasterDagLoop.py took 0.144 seconds
[2026-01-17T07:59:19.445+0000] {processor.py:161} INFO - Started process (PID=1932) to work on /opt/airflow/dags/MasterDagLoop.py
[2026-01-17T07:59:19.447+0000] {processor.py:830} INFO - Processing file /opt/airflow/dags/MasterDagLoop.py for tasks to queue
[2026-01-17T07:59:19.450+0000] {logging_mixin.py:188} INFO - [2026-01-17T07:59:19.449+0000] {dagbag.py:545} INFO - Filling up the DagBag from /opt/airflow/dags/MasterDagLoop.py
[2026-01-17T07:59:19.499+0000] {processor.py:840} INFO - DAG(s) 'master_dag_loop' retrieved from /opt/airflow/dags/MasterDagLoop.py
[2026-01-17T07:59:19.533+0000] {logging_mixin.py:188} INFO - [2026-01-17T07:59:19.533+0000] {dag.py:3089} INFO - Sync 1 DAGs
[2026-01-17T07:59:19.571+0000] {logging_mixin.py:188} INFO - [2026-01-17T07:59:19.571+0000] {dag.py:3947} INFO - Setting next_dagrun for master_dag_loop to 2026-01-17 07:59:00+00:00, run_after=2026-01-17 08:00:00+00:00
[2026-01-17T07:59:19.606+0000] {processor.py:183} INFO - Processing /opt/airflow/dags/MasterDagLoop.py took 0.169 seconds
[2026-01-17T07:59:50.287+0000] {processor.py:161} INFO - Started process (PID=1947) to work on /opt/airflow/dags/MasterDagLoop.py
[2026-01-17T07:59:50.289+0000] {processor.py:830} INFO - Processing file /opt/airflow/dags/MasterDagLoop.py for tasks to queue
[2026-01-17T07:59:50.290+0000] {logging_mixin.py:188} INFO - [2026-01-17T07:59:50.290+0000] {dagbag.py:545} INFO - Filling up the DagBag from /opt/airflow/dags/MasterDagLoop.py
[2026-01-17T07:59:50.319+0000] {processor.py:840} INFO - DAG(s) 'master_dag_loop' retrieved from /opt/airflow/dags/MasterDagLoop.py
[2026-01-17T07:59:50.355+0000] {logging_mixin.py:188} INFO - [2026-01-17T07:59:50.354+0000] {dag.py:3089} INFO - Sync 1 DAGs
[2026-01-17T07:59:50.393+0000] {logging_mixin.py:188} INFO - [2026-01-17T07:59:50.393+0000] {dag.py:3947} INFO - Setting next_dagrun for master_dag_loop to 2026-01-17 07:59:00+00:00, run_after=2026-01-17 08:00:00+00:00
[2026-01-17T07:59:50.424+0000] {processor.py:183} INFO - Processing /opt/airflow/dags/MasterDagLoop.py took 0.147 seconds
[2026-01-17T08:00:21.032+0000] {processor.py:161} INFO - Started process (PID=1962) to work on /opt/airflow/dags/MasterDagLoop.py
[2026-01-17T08:00:21.035+0000] {processor.py:830} INFO - Processing file /opt/airflow/dags/MasterDagLoop.py for tasks to queue
[2026-01-17T08:00:21.037+0000] {logging_mixin.py:188} INFO - [2026-01-17T08:00:21.036+0000] {dagbag.py:545} INFO - Filling up the DagBag from /opt/airflow/dags/MasterDagLoop.py
[2026-01-17T08:00:21.074+0000] {processor.py:840} INFO - DAG(s) 'master_dag_loop' retrieved from /opt/airflow/dags/MasterDagLoop.py
[2026-01-17T08:00:21.110+0000] {logging_mixin.py:188} INFO - [2026-01-17T08:00:21.109+0000] {dag.py:3089} INFO - Sync 1 DAGs
[2026-01-17T08:00:21.158+0000] {logging_mixin.py:188} INFO - [2026-01-17T08:00:21.157+0000] {dag.py:3947} INFO - Setting next_dagrun for master_dag_loop to 2026-01-17 07:59:00+00:00, run_after=2026-01-17 08:00:00+00:00
[2026-01-17T08:00:21.200+0000] {processor.py:183} INFO - Processing /opt/airflow/dags/MasterDagLoop.py took 0.179 seconds
[2026-01-17T08:00:51.745+0000] {processor.py:161} INFO - Started process (PID=1977) to work on /opt/airflow/dags/MasterDagLoop.py
[2026-01-17T08:00:51.747+0000] {processor.py:830} INFO - Processing file /opt/airflow/dags/MasterDagLoop.py for tasks to queue
[2026-01-17T08:00:51.748+0000] {logging_mixin.py:188} INFO - [2026-01-17T08:00:51.748+0000] {dagbag.py:545} INFO - Filling up the DagBag from /opt/airflow/dags/MasterDagLoop.py
[2026-01-17T08:00:51.805+0000] {processor.py:840} INFO - DAG(s) 'master_dag_loop' retrieved from /opt/airflow/dags/MasterDagLoop.py
[2026-01-17T08:00:51.848+0000] {logging_mixin.py:188} INFO - [2026-01-17T08:00:51.847+0000] {dag.py:3089} INFO - Sync 1 DAGs
[2026-01-17T08:00:51.891+0000] {logging_mixin.py:188} INFO - [2026-01-17T08:00:51.891+0000] {dag.py:3947} INFO - Setting next_dagrun for master_dag_loop to 2026-01-17 07:59:00+00:00, run_after=2026-01-17 08:00:00+00:00
[2026-01-17T08:00:51.924+0000] {processor.py:183} INFO - Processing /opt/airflow/dags/MasterDagLoop.py took 0.192 seconds
