[2026-01-17T07:46:32.115+0000] {processor.py:161} INFO - Started process (PID=1619) to work on /opt/airflow/dags/select_dag.py
[2026-01-17T07:46:32.117+0000] {processor.py:830} INFO - Processing file /opt/airflow/dags/select_dag.py for tasks to queue
[2026-01-17T07:46:32.119+0000] {logging_mixin.py:188} INFO - [2026-01-17T07:46:32.118+0000] {dagbag.py:545} INFO - Filling up the DagBag from /opt/airflow/dags/select_dag.py
[2026-01-17T07:46:32.167+0000] {processor.py:840} INFO - DAG(s) 'postgres_select' retrieved from /opt/airflow/dags/select_dag.py
[2026-01-17T07:46:32.410+0000] {logging_mixin.py:188} INFO - [2026-01-17T07:46:32.409+0000] {dag.py:3089} INFO - Sync 1 DAGs
[2026-01-17T07:46:32.423+0000] {logging_mixin.py:188} INFO - [2026-01-17T07:46:32.423+0000] {dag.py:3947} INFO - Setting next_dagrun for postgres_select to None, run_after=None
[2026-01-17T07:46:32.456+0000] {processor.py:183} INFO - Processing /opt/airflow/dags/select_dag.py took 0.350 seconds
[2026-01-17T07:47:02.663+0000] {processor.py:161} INFO - Started process (PID=1629) to work on /opt/airflow/dags/select_dag.py
[2026-01-17T07:47:02.665+0000] {processor.py:830} INFO - Processing file /opt/airflow/dags/select_dag.py for tasks to queue
[2026-01-17T07:47:02.668+0000] {logging_mixin.py:188} INFO - [2026-01-17T07:47:02.667+0000] {dagbag.py:545} INFO - Filling up the DagBag from /opt/airflow/dags/select_dag.py
[2026-01-17T07:47:02.703+0000] {processor.py:840} INFO - DAG(s) 'postgres_select' retrieved from /opt/airflow/dags/select_dag.py
[2026-01-17T07:47:02.735+0000] {logging_mixin.py:188} INFO - [2026-01-17T07:47:02.735+0000] {dag.py:3089} INFO - Sync 1 DAGs
[2026-01-17T07:47:02.755+0000] {logging_mixin.py:188} INFO - [2026-01-17T07:47:02.754+0000] {dag.py:3947} INFO - Setting next_dagrun for postgres_select to None, run_after=None
[2026-01-17T07:47:02.779+0000] {processor.py:183} INFO - Processing /opt/airflow/dags/select_dag.py took 0.126 seconds
[2026-01-17T07:47:33.149+0000] {processor.py:161} INFO - Started process (PID=1639) to work on /opt/airflow/dags/select_dag.py
[2026-01-17T07:47:33.151+0000] {processor.py:830} INFO - Processing file /opt/airflow/dags/select_dag.py for tasks to queue
[2026-01-17T07:47:33.152+0000] {logging_mixin.py:188} INFO - [2026-01-17T07:47:33.152+0000] {dagbag.py:545} INFO - Filling up the DagBag from /opt/airflow/dags/select_dag.py
[2026-01-17T07:47:33.186+0000] {processor.py:840} INFO - DAG(s) 'postgres_select' retrieved from /opt/airflow/dags/select_dag.py
[2026-01-17T07:47:33.219+0000] {logging_mixin.py:188} INFO - [2026-01-17T07:47:33.219+0000] {dag.py:3089} INFO - Sync 1 DAGs
[2026-01-17T07:47:33.237+0000] {logging_mixin.py:188} INFO - [2026-01-17T07:47:33.236+0000] {dag.py:3947} INFO - Setting next_dagrun for postgres_select to None, run_after=None
[2026-01-17T07:47:33.261+0000] {processor.py:183} INFO - Processing /opt/airflow/dags/select_dag.py took 0.122 seconds
[2026-01-17T07:48:03.638+0000] {processor.py:161} INFO - Started process (PID=1649) to work on /opt/airflow/dags/select_dag.py
[2026-01-17T07:48:03.640+0000] {processor.py:830} INFO - Processing file /opt/airflow/dags/select_dag.py for tasks to queue
[2026-01-17T07:48:03.642+0000] {logging_mixin.py:188} INFO - [2026-01-17T07:48:03.642+0000] {dagbag.py:545} INFO - Filling up the DagBag from /opt/airflow/dags/select_dag.py
[2026-01-17T07:48:03.684+0000] {processor.py:840} INFO - DAG(s) 'postgres_select' retrieved from /opt/airflow/dags/select_dag.py
[2026-01-17T07:48:03.716+0000] {logging_mixin.py:188} INFO - [2026-01-17T07:48:03.716+0000] {dag.py:3089} INFO - Sync 1 DAGs
[2026-01-17T07:48:03.734+0000] {logging_mixin.py:188} INFO - [2026-01-17T07:48:03.734+0000] {dag.py:3947} INFO - Setting next_dagrun for postgres_select to None, run_after=None
[2026-01-17T07:48:03.760+0000] {processor.py:183} INFO - Processing /opt/airflow/dags/select_dag.py took 0.130 seconds
[2026-01-17T07:48:34.164+0000] {processor.py:161} INFO - Started process (PID=1659) to work on /opt/airflow/dags/select_dag.py
[2026-01-17T07:48:34.165+0000] {processor.py:830} INFO - Processing file /opt/airflow/dags/select_dag.py for tasks to queue
[2026-01-17T07:48:34.168+0000] {logging_mixin.py:188} INFO - [2026-01-17T07:48:34.167+0000] {dagbag.py:545} INFO - Filling up the DagBag from /opt/airflow/dags/select_dag.py
[2026-01-17T07:48:34.207+0000] {processor.py:840} INFO - DAG(s) 'postgres_select' retrieved from /opt/airflow/dags/select_dag.py
[2026-01-17T07:48:34.236+0000] {logging_mixin.py:188} INFO - [2026-01-17T07:48:34.236+0000] {dag.py:3089} INFO - Sync 1 DAGs
[2026-01-17T07:48:34.252+0000] {logging_mixin.py:188} INFO - [2026-01-17T07:48:34.251+0000] {dag.py:3947} INFO - Setting next_dagrun for postgres_select to None, run_after=None
[2026-01-17T07:48:34.275+0000] {processor.py:183} INFO - Processing /opt/airflow/dags/select_dag.py took 0.119 seconds
[2026-01-17T07:49:04.675+0000] {processor.py:161} INFO - Started process (PID=1669) to work on /opt/airflow/dags/select_dag.py
[2026-01-17T07:49:04.677+0000] {processor.py:830} INFO - Processing file /opt/airflow/dags/select_dag.py for tasks to queue
[2026-01-17T07:49:04.678+0000] {logging_mixin.py:188} INFO - [2026-01-17T07:49:04.678+0000] {dagbag.py:545} INFO - Filling up the DagBag from /opt/airflow/dags/select_dag.py
[2026-01-17T07:49:04.723+0000] {processor.py:840} INFO - DAG(s) 'postgres_select' retrieved from /opt/airflow/dags/select_dag.py
[2026-01-17T07:49:04.753+0000] {logging_mixin.py:188} INFO - [2026-01-17T07:49:04.753+0000] {dag.py:3089} INFO - Sync 1 DAGs
[2026-01-17T07:49:04.772+0000] {logging_mixin.py:188} INFO - [2026-01-17T07:49:04.772+0000] {dag.py:3947} INFO - Setting next_dagrun for postgres_select to None, run_after=None
[2026-01-17T07:49:04.802+0000] {processor.py:183} INFO - Processing /opt/airflow/dags/select_dag.py took 0.135 seconds
[2026-01-17T07:49:35.192+0000] {processor.py:161} INFO - Started process (PID=1679) to work on /opt/airflow/dags/select_dag.py
[2026-01-17T07:49:35.194+0000] {processor.py:830} INFO - Processing file /opt/airflow/dags/select_dag.py for tasks to queue
[2026-01-17T07:49:35.196+0000] {logging_mixin.py:188} INFO - [2026-01-17T07:49:35.196+0000] {dagbag.py:545} INFO - Filling up the DagBag from /opt/airflow/dags/select_dag.py
[2026-01-17T07:49:35.241+0000] {processor.py:840} INFO - DAG(s) 'postgres_select' retrieved from /opt/airflow/dags/select_dag.py
[2026-01-17T07:49:35.272+0000] {logging_mixin.py:188} INFO - [2026-01-17T07:49:35.272+0000] {dag.py:3089} INFO - Sync 1 DAGs
[2026-01-17T07:49:35.287+0000] {logging_mixin.py:188} INFO - [2026-01-17T07:49:35.287+0000] {dag.py:3947} INFO - Setting next_dagrun for postgres_select to None, run_after=None
[2026-01-17T07:49:35.316+0000] {processor.py:183} INFO - Processing /opt/airflow/dags/select_dag.py took 0.133 seconds
[2026-01-17T07:50:05.709+0000] {processor.py:161} INFO - Started process (PID=1689) to work on /opt/airflow/dags/select_dag.py
[2026-01-17T07:50:05.712+0000] {processor.py:830} INFO - Processing file /opt/airflow/dags/select_dag.py for tasks to queue
[2026-01-17T07:50:05.713+0000] {logging_mixin.py:188} INFO - [2026-01-17T07:50:05.713+0000] {dagbag.py:545} INFO - Filling up the DagBag from /opt/airflow/dags/select_dag.py
[2026-01-17T07:50:05.751+0000] {processor.py:840} INFO - DAG(s) 'postgres_select' retrieved from /opt/airflow/dags/select_dag.py
[2026-01-17T07:50:05.781+0000] {logging_mixin.py:188} INFO - [2026-01-17T07:50:05.780+0000] {dag.py:3089} INFO - Sync 1 DAGs
[2026-01-17T07:50:05.796+0000] {logging_mixin.py:188} INFO - [2026-01-17T07:50:05.796+0000] {dag.py:3947} INFO - Setting next_dagrun for postgres_select to None, run_after=None
[2026-01-17T07:50:05.824+0000] {processor.py:183} INFO - Processing /opt/airflow/dags/select_dag.py took 0.124 seconds
[2026-01-17T07:50:36.230+0000] {processor.py:161} INFO - Started process (PID=1699) to work on /opt/airflow/dags/select_dag.py
[2026-01-17T07:50:36.233+0000] {processor.py:830} INFO - Processing file /opt/airflow/dags/select_dag.py for tasks to queue
[2026-01-17T07:50:36.235+0000] {logging_mixin.py:188} INFO - [2026-01-17T07:50:36.234+0000] {dagbag.py:545} INFO - Filling up the DagBag from /opt/airflow/dags/select_dag.py
[2026-01-17T07:50:36.287+0000] {processor.py:840} INFO - DAG(s) 'postgres_select' retrieved from /opt/airflow/dags/select_dag.py
[2026-01-17T07:50:36.325+0000] {logging_mixin.py:188} INFO - [2026-01-17T07:50:36.324+0000] {dag.py:3089} INFO - Sync 1 DAGs
[2026-01-17T07:50:36.349+0000] {logging_mixin.py:188} INFO - [2026-01-17T07:50:36.349+0000] {dag.py:3947} INFO - Setting next_dagrun for postgres_select to None, run_after=None
[2026-01-17T07:50:36.382+0000] {processor.py:183} INFO - Processing /opt/airflow/dags/select_dag.py took 0.163 seconds
[2026-01-17T07:51:06.830+0000] {processor.py:161} INFO - Started process (PID=1713) to work on /opt/airflow/dags/select_dag.py
[2026-01-17T07:51:06.832+0000] {processor.py:830} INFO - Processing file /opt/airflow/dags/select_dag.py for tasks to queue
[2026-01-17T07:51:06.834+0000] {logging_mixin.py:188} INFO - [2026-01-17T07:51:06.833+0000] {dagbag.py:545} INFO - Filling up the DagBag from /opt/airflow/dags/select_dag.py
[2026-01-17T07:51:06.877+0000] {processor.py:840} INFO - DAG(s) 'postgres_select' retrieved from /opt/airflow/dags/select_dag.py
[2026-01-17T07:51:06.909+0000] {logging_mixin.py:188} INFO - [2026-01-17T07:51:06.909+0000] {dag.py:3089} INFO - Sync 1 DAGs
[2026-01-17T07:51:06.926+0000] {logging_mixin.py:188} INFO - [2026-01-17T07:51:06.926+0000] {dag.py:3947} INFO - Setting next_dagrun for postgres_select to None, run_after=None
[2026-01-17T07:51:06.957+0000] {processor.py:183} INFO - Processing /opt/airflow/dags/select_dag.py took 0.136 seconds
[2026-01-17T07:51:37.438+0000] {processor.py:161} INFO - Started process (PID=1723) to work on /opt/airflow/dags/select_dag.py
[2026-01-17T07:51:37.440+0000] {processor.py:830} INFO - Processing file /opt/airflow/dags/select_dag.py for tasks to queue
[2026-01-17T07:51:37.442+0000] {logging_mixin.py:188} INFO - [2026-01-17T07:51:37.442+0000] {dagbag.py:545} INFO - Filling up the DagBag from /opt/airflow/dags/select_dag.py
[2026-01-17T07:51:37.489+0000] {processor.py:840} INFO - DAG(s) 'postgres_select' retrieved from /opt/airflow/dags/select_dag.py
[2026-01-17T07:51:37.526+0000] {logging_mixin.py:188} INFO - [2026-01-17T07:51:37.526+0000] {dag.py:3089} INFO - Sync 1 DAGs
[2026-01-17T07:51:37.545+0000] {logging_mixin.py:188} INFO - [2026-01-17T07:51:37.544+0000] {dag.py:3947} INFO - Setting next_dagrun for postgres_select to None, run_after=None
[2026-01-17T07:51:37.577+0000] {processor.py:183} INFO - Processing /opt/airflow/dags/select_dag.py took 0.147 seconds
[2026-01-17T07:52:07.988+0000] {processor.py:161} INFO - Started process (PID=1733) to work on /opt/airflow/dags/select_dag.py
[2026-01-17T07:52:07.990+0000] {processor.py:830} INFO - Processing file /opt/airflow/dags/select_dag.py for tasks to queue
[2026-01-17T07:52:07.992+0000] {logging_mixin.py:188} INFO - [2026-01-17T07:52:07.991+0000] {dagbag.py:545} INFO - Filling up the DagBag from /opt/airflow/dags/select_dag.py
[2026-01-17T07:52:08.046+0000] {processor.py:840} INFO - DAG(s) 'postgres_select' retrieved from /opt/airflow/dags/select_dag.py
[2026-01-17T07:52:08.099+0000] {logging_mixin.py:188} INFO - [2026-01-17T07:52:08.099+0000] {dag.py:3089} INFO - Sync 1 DAGs
[2026-01-17T07:52:08.125+0000] {logging_mixin.py:188} INFO - [2026-01-17T07:52:08.125+0000] {dag.py:3947} INFO - Setting next_dagrun for postgres_select to None, run_after=None
[2026-01-17T07:52:08.167+0000] {processor.py:183} INFO - Processing /opt/airflow/dags/select_dag.py took 0.192 seconds
[2026-01-17T07:52:38.617+0000] {processor.py:161} INFO - Started process (PID=1747) to work on /opt/airflow/dags/select_dag.py
[2026-01-17T07:52:38.619+0000] {processor.py:830} INFO - Processing file /opt/airflow/dags/select_dag.py for tasks to queue
[2026-01-17T07:52:38.622+0000] {logging_mixin.py:188} INFO - [2026-01-17T07:52:38.622+0000] {dagbag.py:545} INFO - Filling up the DagBag from /opt/airflow/dags/select_dag.py
[2026-01-17T07:52:38.658+0000] {processor.py:840} INFO - DAG(s) 'postgres_select' retrieved from /opt/airflow/dags/select_dag.py
[2026-01-17T07:52:38.692+0000] {logging_mixin.py:188} INFO - [2026-01-17T07:52:38.691+0000] {dag.py:3089} INFO - Sync 1 DAGs
[2026-01-17T07:52:38.719+0000] {logging_mixin.py:188} INFO - [2026-01-17T07:52:38.718+0000] {dag.py:3947} INFO - Setting next_dagrun for postgres_select to None, run_after=None
[2026-01-17T07:52:38.757+0000] {processor.py:183} INFO - Processing /opt/airflow/dags/select_dag.py took 0.150 seconds
[2026-01-17T07:53:09.177+0000] {processor.py:161} INFO - Started process (PID=1759) to work on /opt/airflow/dags/select_dag.py
[2026-01-17T07:53:09.179+0000] {processor.py:830} INFO - Processing file /opt/airflow/dags/select_dag.py for tasks to queue
[2026-01-17T07:53:09.181+0000] {logging_mixin.py:188} INFO - [2026-01-17T07:53:09.180+0000] {dagbag.py:545} INFO - Filling up the DagBag from /opt/airflow/dags/select_dag.py
[2026-01-17T07:53:09.220+0000] {processor.py:840} INFO - DAG(s) 'postgres_select' retrieved from /opt/airflow/dags/select_dag.py
[2026-01-17T07:53:09.259+0000] {logging_mixin.py:188} INFO - [2026-01-17T07:53:09.259+0000] {dag.py:3089} INFO - Sync 1 DAGs
[2026-01-17T07:53:09.280+0000] {logging_mixin.py:188} INFO - [2026-01-17T07:53:09.280+0000] {dag.py:3947} INFO - Setting next_dagrun for postgres_select to None, run_after=None
[2026-01-17T07:53:09.313+0000] {processor.py:183} INFO - Processing /opt/airflow/dags/select_dag.py took 0.146 seconds
[2026-01-17T07:53:39.749+0000] {processor.py:161} INFO - Started process (PID=1769) to work on /opt/airflow/dags/select_dag.py
[2026-01-17T07:53:39.751+0000] {processor.py:830} INFO - Processing file /opt/airflow/dags/select_dag.py for tasks to queue
[2026-01-17T07:53:39.754+0000] {logging_mixin.py:188} INFO - [2026-01-17T07:53:39.753+0000] {dagbag.py:545} INFO - Filling up the DagBag from /opt/airflow/dags/select_dag.py
[2026-01-17T07:53:39.803+0000] {processor.py:840} INFO - DAG(s) 'postgres_select' retrieved from /opt/airflow/dags/select_dag.py
[2026-01-17T07:53:39.839+0000] {logging_mixin.py:188} INFO - [2026-01-17T07:53:39.839+0000] {dag.py:3089} INFO - Sync 1 DAGs
[2026-01-17T07:53:39.858+0000] {logging_mixin.py:188} INFO - [2026-01-17T07:53:39.858+0000] {dag.py:3947} INFO - Setting next_dagrun for postgres_select to None, run_after=None
[2026-01-17T07:53:39.897+0000] {processor.py:183} INFO - Processing /opt/airflow/dags/select_dag.py took 0.163 seconds
[2026-01-17T07:54:10.300+0000] {processor.py:161} INFO - Started process (PID=1781) to work on /opt/airflow/dags/select_dag.py
[2026-01-17T07:54:10.302+0000] {processor.py:830} INFO - Processing file /opt/airflow/dags/select_dag.py for tasks to queue
[2026-01-17T07:54:10.304+0000] {logging_mixin.py:188} INFO - [2026-01-17T07:54:10.304+0000] {dagbag.py:545} INFO - Filling up the DagBag from /opt/airflow/dags/select_dag.py
[2026-01-17T07:54:10.354+0000] {processor.py:840} INFO - DAG(s) 'postgres_select' retrieved from /opt/airflow/dags/select_dag.py
[2026-01-17T07:54:10.388+0000] {logging_mixin.py:188} INFO - [2026-01-17T07:54:10.387+0000] {dag.py:3089} INFO - Sync 1 DAGs
[2026-01-17T07:54:10.406+0000] {logging_mixin.py:188} INFO - [2026-01-17T07:54:10.405+0000] {dag.py:3947} INFO - Setting next_dagrun for postgres_select to None, run_after=None
[2026-01-17T07:54:10.434+0000] {processor.py:183} INFO - Processing /opt/airflow/dags/select_dag.py took 0.144 seconds
[2026-01-17T07:54:40.883+0000] {processor.py:161} INFO - Started process (PID=1791) to work on /opt/airflow/dags/select_dag.py
[2026-01-17T07:54:40.885+0000] {processor.py:830} INFO - Processing file /opt/airflow/dags/select_dag.py for tasks to queue
[2026-01-17T07:54:40.886+0000] {logging_mixin.py:188} INFO - [2026-01-17T07:54:40.886+0000] {dagbag.py:545} INFO - Filling up the DagBag from /opt/airflow/dags/select_dag.py
[2026-01-17T07:54:40.925+0000] {processor.py:840} INFO - DAG(s) 'postgres_select' retrieved from /opt/airflow/dags/select_dag.py
[2026-01-17T07:54:40.956+0000] {logging_mixin.py:188} INFO - [2026-01-17T07:54:40.955+0000] {dag.py:3089} INFO - Sync 1 DAGs
[2026-01-17T07:54:40.974+0000] {logging_mixin.py:188} INFO - [2026-01-17T07:54:40.974+0000] {dag.py:3947} INFO - Setting next_dagrun for postgres_select to None, run_after=None
[2026-01-17T07:54:41.003+0000] {processor.py:183} INFO - Processing /opt/airflow/dags/select_dag.py took 0.129 seconds
[2026-01-17T07:55:11.500+0000] {processor.py:161} INFO - Started process (PID=1803) to work on /opt/airflow/dags/select_dag.py
[2026-01-17T07:55:11.502+0000] {processor.py:830} INFO - Processing file /opt/airflow/dags/select_dag.py for tasks to queue
[2026-01-17T07:55:11.505+0000] {logging_mixin.py:188} INFO - [2026-01-17T07:55:11.504+0000] {dagbag.py:545} INFO - Filling up the DagBag from /opt/airflow/dags/select_dag.py
[2026-01-17T07:55:11.553+0000] {processor.py:840} INFO - DAG(s) 'postgres_select' retrieved from /opt/airflow/dags/select_dag.py
[2026-01-17T07:55:11.589+0000] {logging_mixin.py:188} INFO - [2026-01-17T07:55:11.588+0000] {dag.py:3089} INFO - Sync 1 DAGs
[2026-01-17T07:55:11.608+0000] {logging_mixin.py:188} INFO - [2026-01-17T07:55:11.607+0000] {dag.py:3947} INFO - Setting next_dagrun for postgres_select to None, run_after=None
[2026-01-17T07:55:11.633+0000] {processor.py:183} INFO - Processing /opt/airflow/dags/select_dag.py took 0.140 seconds
[2026-01-17T07:55:42.030+0000] {processor.py:161} INFO - Started process (PID=1813) to work on /opt/airflow/dags/select_dag.py
[2026-01-17T07:55:42.032+0000] {processor.py:830} INFO - Processing file /opt/airflow/dags/select_dag.py for tasks to queue
[2026-01-17T07:55:42.034+0000] {logging_mixin.py:188} INFO - [2026-01-17T07:55:42.033+0000] {dagbag.py:545} INFO - Filling up the DagBag from /opt/airflow/dags/select_dag.py
[2026-01-17T07:55:42.085+0000] {processor.py:840} INFO - DAG(s) 'postgres_select' retrieved from /opt/airflow/dags/select_dag.py
[2026-01-17T07:55:42.151+0000] {logging_mixin.py:188} INFO - [2026-01-17T07:55:42.151+0000] {dag.py:3089} INFO - Sync 1 DAGs
[2026-01-17T07:55:42.170+0000] {logging_mixin.py:188} INFO - [2026-01-17T07:55:42.170+0000] {dag.py:3947} INFO - Setting next_dagrun for postgres_select to None, run_after=None
[2026-01-17T07:55:42.201+0000] {processor.py:183} INFO - Processing /opt/airflow/dags/select_dag.py took 0.180 seconds
[2026-01-17T07:56:12.439+0000] {processor.py:161} INFO - Started process (PID=1825) to work on /opt/airflow/dags/select_dag.py
[2026-01-17T07:56:12.441+0000] {processor.py:830} INFO - Processing file /opt/airflow/dags/select_dag.py for tasks to queue
[2026-01-17T07:56:12.443+0000] {logging_mixin.py:188} INFO - [2026-01-17T07:56:12.443+0000] {dagbag.py:545} INFO - Filling up the DagBag from /opt/airflow/dags/select_dag.py
[2026-01-17T07:56:12.480+0000] {processor.py:840} INFO - DAG(s) 'postgres_select' retrieved from /opt/airflow/dags/select_dag.py
[2026-01-17T07:56:12.512+0000] {logging_mixin.py:188} INFO - [2026-01-17T07:56:12.512+0000] {dag.py:3089} INFO - Sync 1 DAGs
[2026-01-17T07:56:12.530+0000] {logging_mixin.py:188} INFO - [2026-01-17T07:56:12.530+0000] {dag.py:3947} INFO - Setting next_dagrun for postgres_select to None, run_after=None
[2026-01-17T07:56:12.556+0000] {processor.py:183} INFO - Processing /opt/airflow/dags/select_dag.py took 0.128 seconds
[2026-01-17T07:56:42.999+0000] {processor.py:161} INFO - Started process (PID=1840) to work on /opt/airflow/dags/select_dag.py
[2026-01-17T07:56:43.000+0000] {processor.py:830} INFO - Processing file /opt/airflow/dags/select_dag.py for tasks to queue
[2026-01-17T07:56:43.002+0000] {logging_mixin.py:188} INFO - [2026-01-17T07:56:43.002+0000] {dagbag.py:545} INFO - Filling up the DagBag from /opt/airflow/dags/select_dag.py
[2026-01-17T07:56:43.048+0000] {processor.py:840} INFO - DAG(s) 'postgres_select' retrieved from /opt/airflow/dags/select_dag.py
[2026-01-17T07:56:43.082+0000] {logging_mixin.py:188} INFO - [2026-01-17T07:56:43.081+0000] {dag.py:3089} INFO - Sync 1 DAGs
[2026-01-17T07:56:43.102+0000] {logging_mixin.py:188} INFO - [2026-01-17T07:56:43.101+0000] {dag.py:3947} INFO - Setting next_dagrun for postgres_select to None, run_after=None
[2026-01-17T07:56:43.131+0000] {processor.py:183} INFO - Processing /opt/airflow/dags/select_dag.py took 0.139 seconds
[2026-01-17T07:57:13.609+0000] {processor.py:161} INFO - Started process (PID=1859) to work on /opt/airflow/dags/select_dag.py
[2026-01-17T07:57:13.610+0000] {processor.py:830} INFO - Processing file /opt/airflow/dags/select_dag.py for tasks to queue
[2026-01-17T07:57:13.612+0000] {logging_mixin.py:188} INFO - [2026-01-17T07:57:13.611+0000] {dagbag.py:545} INFO - Filling up the DagBag from /opt/airflow/dags/select_dag.py
[2026-01-17T07:57:13.637+0000] {processor.py:840} INFO - DAG(s) 'postgres_select' retrieved from /opt/airflow/dags/select_dag.py
[2026-01-17T07:57:13.672+0000] {logging_mixin.py:188} INFO - [2026-01-17T07:57:13.672+0000] {dag.py:3089} INFO - Sync 1 DAGs
[2026-01-17T07:57:13.689+0000] {logging_mixin.py:188} INFO - [2026-01-17T07:57:13.689+0000] {dag.py:3947} INFO - Setting next_dagrun for postgres_select to None, run_after=None
[2026-01-17T07:57:13.714+0000] {processor.py:183} INFO - Processing /opt/airflow/dags/select_dag.py took 0.113 seconds
[2026-01-17T07:57:44.222+0000] {processor.py:161} INFO - Started process (PID=1874) to work on /opt/airflow/dags/select_dag.py
[2026-01-17T07:57:44.224+0000] {processor.py:830} INFO - Processing file /opt/airflow/dags/select_dag.py for tasks to queue
[2026-01-17T07:57:44.225+0000] {logging_mixin.py:188} INFO - [2026-01-17T07:57:44.225+0000] {dagbag.py:545} INFO - Filling up the DagBag from /opt/airflow/dags/select_dag.py
[2026-01-17T07:57:44.252+0000] {processor.py:840} INFO - DAG(s) 'postgres_select' retrieved from /opt/airflow/dags/select_dag.py
[2026-01-17T07:57:44.284+0000] {logging_mixin.py:188} INFO - [2026-01-17T07:57:44.284+0000] {dag.py:3089} INFO - Sync 1 DAGs
[2026-01-17T07:57:44.301+0000] {logging_mixin.py:188} INFO - [2026-01-17T07:57:44.301+0000] {dag.py:3947} INFO - Setting next_dagrun for postgres_select to None, run_after=None
[2026-01-17T07:57:44.326+0000] {processor.py:183} INFO - Processing /opt/airflow/dags/select_dag.py took 0.113 seconds
[2026-01-17T07:58:14.890+0000] {processor.py:161} INFO - Started process (PID=1893) to work on /opt/airflow/dags/select_dag.py
[2026-01-17T07:58:14.892+0000] {processor.py:830} INFO - Processing file /opt/airflow/dags/select_dag.py for tasks to queue
[2026-01-17T07:58:14.894+0000] {logging_mixin.py:188} INFO - [2026-01-17T07:58:14.894+0000] {dagbag.py:545} INFO - Filling up the DagBag from /opt/airflow/dags/select_dag.py
[2026-01-17T07:58:14.943+0000] {processor.py:840} INFO - DAG(s) 'postgres_select' retrieved from /opt/airflow/dags/select_dag.py
[2026-01-17T07:58:14.980+0000] {logging_mixin.py:188} INFO - [2026-01-17T07:58:14.980+0000] {dag.py:3089} INFO - Sync 1 DAGs
[2026-01-17T07:58:15.002+0000] {logging_mixin.py:188} INFO - [2026-01-17T07:58:15.002+0000] {dag.py:3947} INFO - Setting next_dagrun for postgres_select to None, run_after=None
[2026-01-17T07:58:15.033+0000] {processor.py:183} INFO - Processing /opt/airflow/dags/select_dag.py took 0.152 seconds
[2026-01-17T07:58:45.629+0000] {processor.py:161} INFO - Started process (PID=1908) to work on /opt/airflow/dags/select_dag.py
[2026-01-17T07:58:45.631+0000] {processor.py:830} INFO - Processing file /opt/airflow/dags/select_dag.py for tasks to queue
[2026-01-17T07:58:45.633+0000] {logging_mixin.py:188} INFO - [2026-01-17T07:58:45.633+0000] {dagbag.py:545} INFO - Filling up the DagBag from /opt/airflow/dags/select_dag.py
[2026-01-17T07:58:45.682+0000] {processor.py:840} INFO - DAG(s) 'postgres_select' retrieved from /opt/airflow/dags/select_dag.py
[2026-01-17T07:58:45.721+0000] {logging_mixin.py:188} INFO - [2026-01-17T07:58:45.721+0000] {dag.py:3089} INFO - Sync 1 DAGs
[2026-01-17T07:58:45.740+0000] {logging_mixin.py:188} INFO - [2026-01-17T07:58:45.739+0000] {dag.py:3947} INFO - Setting next_dagrun for postgres_select to None, run_after=None
[2026-01-17T07:58:45.772+0000] {processor.py:183} INFO - Processing /opt/airflow/dags/select_dag.py took 0.150 seconds
[2026-01-17T07:59:16.362+0000] {processor.py:161} INFO - Started process (PID=1927) to work on /opt/airflow/dags/select_dag.py
[2026-01-17T07:59:16.364+0000] {processor.py:830} INFO - Processing file /opt/airflow/dags/select_dag.py for tasks to queue
[2026-01-17T07:59:16.368+0000] {logging_mixin.py:188} INFO - [2026-01-17T07:59:16.367+0000] {dagbag.py:545} INFO - Filling up the DagBag from /opt/airflow/dags/select_dag.py
[2026-01-17T07:59:16.412+0000] {processor.py:840} INFO - DAG(s) 'postgres_select' retrieved from /opt/airflow/dags/select_dag.py
[2026-01-17T07:59:16.446+0000] {logging_mixin.py:188} INFO - [2026-01-17T07:59:16.446+0000] {dag.py:3089} INFO - Sync 1 DAGs
[2026-01-17T07:59:16.466+0000] {logging_mixin.py:188} INFO - [2026-01-17T07:59:16.465+0000] {dag.py:3947} INFO - Setting next_dagrun for postgres_select to None, run_after=None
[2026-01-17T07:59:16.498+0000] {processor.py:183} INFO - Processing /opt/airflow/dags/select_dag.py took 0.145 seconds
[2026-01-17T07:59:47.120+0000] {processor.py:161} INFO - Started process (PID=1942) to work on /opt/airflow/dags/select_dag.py
[2026-01-17T07:59:47.123+0000] {processor.py:830} INFO - Processing file /opt/airflow/dags/select_dag.py for tasks to queue
[2026-01-17T07:59:47.125+0000] {logging_mixin.py:188} INFO - [2026-01-17T07:59:47.125+0000] {dagbag.py:545} INFO - Filling up the DagBag from /opt/airflow/dags/select_dag.py
[2026-01-17T07:59:47.180+0000] {processor.py:840} INFO - DAG(s) 'postgres_select' retrieved from /opt/airflow/dags/select_dag.py
[2026-01-17T07:59:47.225+0000] {logging_mixin.py:188} INFO - [2026-01-17T07:59:47.224+0000] {dag.py:3089} INFO - Sync 1 DAGs
[2026-01-17T07:59:47.247+0000] {logging_mixin.py:188} INFO - [2026-01-17T07:59:47.247+0000] {dag.py:3947} INFO - Setting next_dagrun for postgres_select to None, run_after=None
[2026-01-17T07:59:47.285+0000] {processor.py:183} INFO - Processing /opt/airflow/dags/select_dag.py took 0.176 seconds
[2026-01-17T08:00:17.839+0000] {processor.py:161} INFO - Started process (PID=1957) to work on /opt/airflow/dags/select_dag.py
[2026-01-17T08:00:17.841+0000] {processor.py:830} INFO - Processing file /opt/airflow/dags/select_dag.py for tasks to queue
[2026-01-17T08:00:17.843+0000] {logging_mixin.py:188} INFO - [2026-01-17T08:00:17.842+0000] {dagbag.py:545} INFO - Filling up the DagBag from /opt/airflow/dags/select_dag.py
[2026-01-17T08:00:17.877+0000] {processor.py:840} INFO - DAG(s) 'postgres_select' retrieved from /opt/airflow/dags/select_dag.py
[2026-01-17T08:00:17.910+0000] {logging_mixin.py:188} INFO - [2026-01-17T08:00:17.910+0000] {dag.py:3089} INFO - Sync 1 DAGs
[2026-01-17T08:00:17.928+0000] {logging_mixin.py:188} INFO - [2026-01-17T08:00:17.928+0000] {dag.py:3947} INFO - Setting next_dagrun for postgres_select to None, run_after=None
[2026-01-17T08:00:17.956+0000] {processor.py:183} INFO - Processing /opt/airflow/dags/select_dag.py took 0.127 seconds
[2026-01-17T08:00:48.633+0000] {processor.py:161} INFO - Started process (PID=1972) to work on /opt/airflow/dags/select_dag.py
[2026-01-17T08:00:48.636+0000] {processor.py:830} INFO - Processing file /opt/airflow/dags/select_dag.py for tasks to queue
[2026-01-17T08:00:48.639+0000] {logging_mixin.py:188} INFO - [2026-01-17T08:00:48.638+0000] {dagbag.py:545} INFO - Filling up the DagBag from /opt/airflow/dags/select_dag.py
[2026-01-17T08:00:48.685+0000] {processor.py:840} INFO - DAG(s) 'postgres_select' retrieved from /opt/airflow/dags/select_dag.py
[2026-01-17T08:00:48.720+0000] {logging_mixin.py:188} INFO - [2026-01-17T08:00:48.720+0000] {dag.py:3089} INFO - Sync 1 DAGs
[2026-01-17T08:00:48.740+0000] {logging_mixin.py:188} INFO - [2026-01-17T08:00:48.740+0000] {dag.py:3947} INFO - Setting next_dagrun for postgres_select to None, run_after=None
[2026-01-17T08:00:48.775+0000] {processor.py:183} INFO - Processing /opt/airflow/dags/select_dag.py took 0.150 seconds
