[2026-01-17T07:56:33.319+0000] {processor.py:161} INFO - Started process (PID=1835) to work on /opt/airflow/dags/select_dag2.py
[2026-01-17T07:56:33.321+0000] {processor.py:830} INFO - Processing file /opt/airflow/dags/select_dag2.py for tasks to queue
[2026-01-17T07:56:33.323+0000] {logging_mixin.py:188} INFO - [2026-01-17T07:56:33.323+0000] {dagbag.py:545} INFO - Filling up the DagBag from /opt/airflow/dags/select_dag2.py
[2026-01-17T07:56:33.406+0000] {processor.py:840} INFO - DAG(s) 'select2' retrieved from /opt/airflow/dags/select_dag2.py
[2026-01-17T07:56:33.695+0000] {logging_mixin.py:188} INFO - [2026-01-17T07:56:33.694+0000] {override.py:1858} INFO - Created Permission View: can edit on DAG:select2
[2026-01-17T07:56:33.711+0000] {logging_mixin.py:188} INFO - [2026-01-17T07:56:33.710+0000] {override.py:1858} INFO - Created Permission View: can delete on DAG:select2
[2026-01-17T07:56:33.723+0000] {logging_mixin.py:188} INFO - [2026-01-17T07:56:33.723+0000] {override.py:1858} INFO - Created Permission View: can read on DAG:select2
[2026-01-17T07:56:33.725+0000] {logging_mixin.py:188} INFO - [2026-01-17T07:56:33.724+0000] {dag.py:3089} INFO - Sync 1 DAGs
[2026-01-17T07:56:33.740+0000] {logging_mixin.py:188} INFO - [2026-01-17T07:56:33.740+0000] {dag.py:3111} INFO - Creating ORM DAG for select2
[2026-01-17T07:56:33.742+0000] {logging_mixin.py:188} INFO - [2026-01-17T07:56:33.742+0000] {dag.py:3947} INFO - Setting next_dagrun for select2 to None, run_after=None
[2026-01-17T07:56:33.775+0000] {processor.py:183} INFO - Processing /opt/airflow/dags/select_dag2.py took 0.466 seconds
[2026-01-17T07:57:04.493+0000] {processor.py:161} INFO - Started process (PID=1854) to work on /opt/airflow/dags/select_dag2.py
[2026-01-17T07:57:04.495+0000] {processor.py:830} INFO - Processing file /opt/airflow/dags/select_dag2.py for tasks to queue
[2026-01-17T07:57:04.497+0000] {logging_mixin.py:188} INFO - [2026-01-17T07:57:04.496+0000] {dagbag.py:545} INFO - Filling up the DagBag from /opt/airflow/dags/select_dag2.py
[2026-01-17T07:57:04.544+0000] {processor.py:840} INFO - DAG(s) 'select2' retrieved from /opt/airflow/dags/select_dag2.py
[2026-01-17T07:57:04.577+0000] {logging_mixin.py:188} INFO - [2026-01-17T07:57:04.576+0000] {dag.py:3089} INFO - Sync 1 DAGs
[2026-01-17T07:57:04.595+0000] {logging_mixin.py:188} INFO - [2026-01-17T07:57:04.595+0000] {dag.py:3947} INFO - Setting next_dagrun for select2 to None, run_after=None
[2026-01-17T07:57:04.628+0000] {processor.py:183} INFO - Processing /opt/airflow/dags/select_dag2.py took 0.142 seconds
[2026-01-17T07:57:35.096+0000] {processor.py:161} INFO - Started process (PID=1869) to work on /opt/airflow/dags/select_dag2.py
[2026-01-17T07:57:35.098+0000] {processor.py:830} INFO - Processing file /opt/airflow/dags/select_dag2.py for tasks to queue
[2026-01-17T07:57:35.100+0000] {logging_mixin.py:188} INFO - [2026-01-17T07:57:35.099+0000] {dagbag.py:545} INFO - Filling up the DagBag from /opt/airflow/dags/select_dag2.py
[2026-01-17T07:57:35.135+0000] {processor.py:840} INFO - DAG(s) 'select2' retrieved from /opt/airflow/dags/select_dag2.py
[2026-01-17T07:57:35.165+0000] {logging_mixin.py:188} INFO - [2026-01-17T07:57:35.165+0000] {dag.py:3089} INFO - Sync 1 DAGs
[2026-01-17T07:57:35.183+0000] {logging_mixin.py:188} INFO - [2026-01-17T07:57:35.183+0000] {dag.py:3947} INFO - Setting next_dagrun for select2 to None, run_after=None
[2026-01-17T07:57:35.211+0000] {processor.py:183} INFO - Processing /opt/airflow/dags/select_dag2.py took 0.123 seconds
[2026-01-17T07:58:05.656+0000] {processor.py:161} INFO - Started process (PID=1888) to work on /opt/airflow/dags/select_dag2.py
[2026-01-17T07:58:05.658+0000] {processor.py:830} INFO - Processing file /opt/airflow/dags/select_dag2.py for tasks to queue
[2026-01-17T07:58:05.661+0000] {logging_mixin.py:188} INFO - [2026-01-17T07:58:05.661+0000] {dagbag.py:545} INFO - Filling up the DagBag from /opt/airflow/dags/select_dag2.py
[2026-01-17T07:58:05.703+0000] {processor.py:840} INFO - DAG(s) 'select2' retrieved from /opt/airflow/dags/select_dag2.py
[2026-01-17T07:58:05.736+0000] {logging_mixin.py:188} INFO - [2026-01-17T07:58:05.736+0000] {dag.py:3089} INFO - Sync 1 DAGs
[2026-01-17T07:58:05.758+0000] {logging_mixin.py:188} INFO - [2026-01-17T07:58:05.758+0000] {dag.py:3947} INFO - Setting next_dagrun for select2 to None, run_after=None
[2026-01-17T07:58:05.788+0000] {processor.py:183} INFO - Processing /opt/airflow/dags/select_dag2.py took 0.142 seconds
[2026-01-17T07:58:36.454+0000] {processor.py:161} INFO - Started process (PID=1903) to work on /opt/airflow/dags/select_dag2.py
[2026-01-17T07:58:36.456+0000] {processor.py:830} INFO - Processing file /opt/airflow/dags/select_dag2.py for tasks to queue
[2026-01-17T07:58:36.458+0000] {logging_mixin.py:188} INFO - [2026-01-17T07:58:36.457+0000] {dagbag.py:545} INFO - Filling up the DagBag from /opt/airflow/dags/select_dag2.py
[2026-01-17T07:58:36.501+0000] {processor.py:840} INFO - DAG(s) 'select2' retrieved from /opt/airflow/dags/select_dag2.py
[2026-01-17T07:58:36.543+0000] {logging_mixin.py:188} INFO - [2026-01-17T07:58:36.542+0000] {dag.py:3089} INFO - Sync 1 DAGs
[2026-01-17T07:58:36.563+0000] {logging_mixin.py:188} INFO - [2026-01-17T07:58:36.563+0000] {dag.py:3947} INFO - Setting next_dagrun for select2 to None, run_after=None
[2026-01-17T07:58:36.595+0000] {processor.py:183} INFO - Processing /opt/airflow/dags/select_dag2.py took 0.153 seconds
[2026-01-17T07:59:07.113+0000] {processor.py:161} INFO - Started process (PID=1922) to work on /opt/airflow/dags/select_dag2.py
[2026-01-17T07:59:07.114+0000] {processor.py:830} INFO - Processing file /opt/airflow/dags/select_dag2.py for tasks to queue
[2026-01-17T07:59:07.118+0000] {logging_mixin.py:188} INFO - [2026-01-17T07:59:07.117+0000] {dagbag.py:545} INFO - Filling up the DagBag from /opt/airflow/dags/select_dag2.py
[2026-01-17T07:59:07.150+0000] {processor.py:840} INFO - DAG(s) 'select2' retrieved from /opt/airflow/dags/select_dag2.py
[2026-01-17T07:59:07.183+0000] {logging_mixin.py:188} INFO - [2026-01-17T07:59:07.182+0000] {dag.py:3089} INFO - Sync 1 DAGs
[2026-01-17T07:59:07.201+0000] {logging_mixin.py:188} INFO - [2026-01-17T07:59:07.200+0000] {dag.py:3947} INFO - Setting next_dagrun for select2 to None, run_after=None
[2026-01-17T07:59:07.230+0000] {processor.py:183} INFO - Processing /opt/airflow/dags/select_dag2.py took 0.125 seconds
[2026-01-17T07:59:37.882+0000] {processor.py:161} INFO - Started process (PID=1937) to work on /opt/airflow/dags/select_dag2.py
[2026-01-17T07:59:37.884+0000] {processor.py:830} INFO - Processing file /opt/airflow/dags/select_dag2.py for tasks to queue
[2026-01-17T07:59:37.885+0000] {logging_mixin.py:188} INFO - [2026-01-17T07:59:37.885+0000] {dagbag.py:545} INFO - Filling up the DagBag from /opt/airflow/dags/select_dag2.py
[2026-01-17T07:59:37.937+0000] {processor.py:840} INFO - DAG(s) 'select2' retrieved from /opt/airflow/dags/select_dag2.py
[2026-01-17T07:59:37.984+0000] {logging_mixin.py:188} INFO - [2026-01-17T07:59:37.984+0000] {dag.py:3089} INFO - Sync 1 DAGs
[2026-01-17T07:59:38.009+0000] {logging_mixin.py:188} INFO - [2026-01-17T07:59:38.009+0000] {dag.py:3947} INFO - Setting next_dagrun for select2 to None, run_after=None
[2026-01-17T07:59:38.047+0000] {processor.py:183} INFO - Processing /opt/airflow/dags/select_dag2.py took 0.175 seconds
[2026-01-17T08:00:08.679+0000] {processor.py:161} INFO - Started process (PID=1952) to work on /opt/airflow/dags/select_dag2.py
[2026-01-17T08:00:08.680+0000] {processor.py:830} INFO - Processing file /opt/airflow/dags/select_dag2.py for tasks to queue
[2026-01-17T08:00:08.684+0000] {logging_mixin.py:188} INFO - [2026-01-17T08:00:08.683+0000] {dagbag.py:545} INFO - Filling up the DagBag from /opt/airflow/dags/select_dag2.py
[2026-01-17T08:00:08.732+0000] {processor.py:840} INFO - DAG(s) 'select2' retrieved from /opt/airflow/dags/select_dag2.py
[2026-01-17T08:00:08.767+0000] {logging_mixin.py:188} INFO - [2026-01-17T08:00:08.766+0000] {dag.py:3089} INFO - Sync 1 DAGs
[2026-01-17T08:00:08.790+0000] {logging_mixin.py:188} INFO - [2026-01-17T08:00:08.789+0000] {dag.py:3947} INFO - Setting next_dagrun for select2 to None, run_after=None
[2026-01-17T08:00:08.823+0000] {processor.py:183} INFO - Processing /opt/airflow/dags/select_dag2.py took 0.160 seconds
[2026-01-17T08:00:39.332+0000] {processor.py:161} INFO - Started process (PID=1967) to work on /opt/airflow/dags/select_dag2.py
[2026-01-17T08:00:39.334+0000] {processor.py:830} INFO - Processing file /opt/airflow/dags/select_dag2.py for tasks to queue
[2026-01-17T08:00:39.336+0000] {logging_mixin.py:188} INFO - [2026-01-17T08:00:39.335+0000] {dagbag.py:545} INFO - Filling up the DagBag from /opt/airflow/dags/select_dag2.py
[2026-01-17T08:00:39.381+0000] {processor.py:840} INFO - DAG(s) 'select2' retrieved from /opt/airflow/dags/select_dag2.py
[2026-01-17T08:00:39.417+0000] {logging_mixin.py:188} INFO - [2026-01-17T08:00:39.417+0000] {dag.py:3089} INFO - Sync 1 DAGs
[2026-01-17T08:00:39.439+0000] {logging_mixin.py:188} INFO - [2026-01-17T08:00:39.438+0000] {dag.py:3947} INFO - Setting next_dagrun for select2 to None, run_after=None
[2026-01-17T08:00:39.474+0000] {processor.py:183} INFO - Processing /opt/airflow/dags/select_dag2.py took 0.151 seconds
[2026-01-17T08:01:10.453+0000] {processor.py:161} INFO - Started process (PID=2038) to work on /opt/airflow/dags/select_dag2.py
[2026-01-17T08:01:10.455+0000] {processor.py:830} INFO - Processing file /opt/airflow/dags/select_dag2.py for tasks to queue
[2026-01-17T08:01:10.457+0000] {logging_mixin.py:188} INFO - [2026-01-17T08:01:10.456+0000] {dagbag.py:545} INFO - Filling up the DagBag from /opt/airflow/dags/select_dag2.py
[2026-01-17T08:01:10.509+0000] {processor.py:840} INFO - DAG(s) 'select2' retrieved from /opt/airflow/dags/select_dag2.py
[2026-01-17T08:01:10.593+0000] {logging_mixin.py:188} INFO - [2026-01-17T08:01:10.592+0000] {dag.py:3089} INFO - Sync 1 DAGs
[2026-01-17T08:01:10.639+0000] {logging_mixin.py:188} INFO - [2026-01-17T08:01:10.639+0000] {dag.py:3947} INFO - Setting next_dagrun for select2 to None, run_after=None
[2026-01-17T08:01:10.690+0000] {processor.py:183} INFO - Processing /opt/airflow/dags/select_dag2.py took 0.268 seconds
